# zsim stats
===
root: # Stats
 contention: # Contention simulation stats
  domain-0: # Domain stats
   time: 31376106005 # Weave simulation time
 time: # Simulator time breakdown
  init: 32413170814
  bound: 4364428911057
  weave: 40247829781
  ff: 3051280
 trigger: 20000 # Reason for this stats dump
 phase: 574765 # Simulated phases
 westmere: # Core stats
  westmere-0: # Core stats
   cycles: 5747652015 # Simulated unhalted cycles
   cCycles: 1065188968 # Cycles due to contention stalls
   instrs: 1721829475 # Simulated instructions
   uops: 2176824678 # Retired micro-ops
   bbls: 174265276 # Basic blocks
   approxInstrs: 126309721 # Instrs with approx uop decoding
   mispredBranches: 6388599 # Mispredicted branches
   condBranches: 111720384 # conditional branches
   fetchStalls: 18446744073038206484 # Fetch stalls
   decodeStalls: 509470865 # Decode stalls
   issueStalls: 41074991 # Issue stalls
 l1i: # Cache stats
  l1i-0: # Filter cache stats
   fhGETS: 170075317 # Filtered GETS hits
   fhGETX: 0 # Filtered GETX hits
   hGETS: 77597423 # GETS hits
   hGETX: 0 # GETX hits
   mGETS: 51381 # GETS misses
   mGETS_I: 51381 # GETS Instruction misses
   mGETS_D: 0 # GETS data misses
   mGETXIM: 0 # GETX I->M misses
   mGETXIM_I: 0 # GETX I->M Instruction misses
   mGETXIM_D: 0 # GETX I->M Data misses
   mGETXSM: 0 # GETX S->M misses (upgrade misses)
   mGETXSM_I: 0 # GETX S->M Instruction misses (upgrade misses)
   mGETXSM_D: 0 # GETX S->M Data misses (upgrade misses)
   PUTS: 0 # Clean evictions (from lower level)
   PUTX: 0 # Dirty evictions (from lower level)
   INV: 37470 # Invalidates (from upper level)
   INVX: 0 # Downgrades (from upper level)
   FWD: 0 # Forwards (from upper level)
   latGETnl: 6359906 # GET request latency on next level
   latGETnet: 0 # GET request latency on network to next level
 l1d: # Cache stats
  l1d-0: # Filter cache stats
   fhGETS: 333623806 # Filtered GETS hits
   fhGETX: 76487144 # Filtered GETX hits
   hGETS: 81233655 # GETS hits
   hGETX: 39622602 # GETX hits
   mGETS: 37713115 # GETS misses
   mGETS_I: 0 # GETS Instruction misses
   mGETS_D: 37713115 # GETS data misses
   mGETXIM: 8959 # GETX I->M misses
   mGETXIM_I: 0 # GETX I->M Instruction misses
   mGETXIM_D: 8959 # GETX I->M Data misses
   mGETXSM: 0 # GETX S->M misses (upgrade misses)
   mGETXSM_I: 0 # GETX S->M Instruction misses (upgrade misses)
   mGETXSM_D: 0 # GETX S->M Data misses (upgrade misses)
   PUTS: 0 # Clean evictions (from lower level)
   PUTX: 0 # Dirty evictions (from lower level)
   INV: 8052 # Invalidates (from upper level)
   INVX: 0 # Downgrades (from upper level)
   FWD: 0 # Forwards (from upper level)
   latGETnl: 4775768306 # GET request latency on next level
   latGETnet: 0 # GET request latency on network to next level
 l2: # Cache stats
  l2-0: # Cache stats
   hGETS: 1787951 # GETS hits
   hGETX: 5143 # GETX hits
   mGETS: 35976545 # GETS misses
   mGETS_I: 47587 # GETS Instruction misses
   mGETS_D: 35928958 # GETS data misses
   mGETXIM: 3816 # GETX I->M misses
   mGETXIM_I: 0 # GETX I->M Instruction misses
   mGETXIM_D: 3816 # GETX I->M Data misses
   mGETXSM: 0 # GETX S->M misses (upgrade misses)
   mGETXSM_I: 0 # GETX S->M Instruction misses (upgrade misses)
   mGETXSM_D: 0 # GETX S->M Data misses (upgrade misses)
   PUTS: 21469971 # Clean evictions (from lower level)
   PUTX: 16257578 # Dirty evictions (from lower level)
   INV: 244882 # Invalidates (from upper level)
   INVX: 0 # Downgrades (from upper level)
   FWD: 0 # Forwards (from upper level)
   latGETnl: 4328846752 # GET request latency on next level
   latGETnet: 0 # GET request latency on network to next level
 l3: # Cache stats
  l3-0: # Cache stats
   hGETS: 674700 # GETS hits
   hGETX: 381 # GETX hits
   mGETS: 35301845 # GETS misses
   mGETS_I: 0 # GETS Instruction misses
   mGETS_D: 0 # GETS data misses
   mGETXIM: 3435 # GETX I->M misses
   mGETXIM_I: 0 # GETX I->M Instruction misses
   mGETXIM_D: 0 # GETX I->M Data misses
   mGETXSM: 0 # GETX S->M misses (upgrade misses)
   mGETXSM_I: 0 # GETX S->M Instruction misses (upgrade misses)
   mGETXSM_D: 0 # GETX S->M Data misses (upgrade misses)
   PUTS: 20064876 # Clean evictions (from lower level)
   PUTX: 15666511 # Dirty evictions (from lower level)
   INV: 0 # Invalidates (from upper level)
   INVX: 0 # Downgrades (from upper level)
   FWD: 0 # Forwards (from upper level)
   latGETnl: 3177475200 # GET request latency on next level
   latGETnet: 0 # GET request latency on network to next level
 mem: # Memory controller stats
  mem-0: # Memory controller stats
   rd: 8824793 # Read requests
   wr: 3897343 # Write requests
   rdlat: 1183291525 # Total latency experienced by read requests
   wrlat: 549348756 # Total latency experienced by write requests
   rdhits: 1999 # Read row hits
   wrhits: 1229 # Write row hits
   mlh: # latency histogram for memory requests
    0: 0
    1: 0
    2: 0
    3: 0
    4: 0
    5: 0
    6: 0
    7: 0
    8: 0
    9: 0
    10: 0
    11: 11
    12: 110
    13: 8582013
    14: 110540
    15: 9415
    16: 2107
    17: 830
    18: 724
    19: 814
    20: 1187
    21: 996
    22: 1143
    23: 3102
    24: 18883
    25: 5466
    26: 3179
    27: 5407
    28: 5645
    29: 4557
    30: 5306
    31: 5315
    32: 6394
    33: 5698
    34: 4903
    35: 5145
    36: 4771
    37: 4838
    38: 4828
    39: 4516
    40: 5018
    41: 4775
    42: 4698
    43: 1514
    44: 91
    45: 32
    46: 65
    47: 474
    48: 123
    49: 30
    50: 34
    51: 29
    52: 21
    53: 30
    54: 15
    55: 0
    56: 0
    57: 0
    58: 0
    59: 1
    60: 0
    61: 0
    62: 0
    63: 0
    64: 0
    65: 0
    66: 0
    67: 0
    68: 0
    69: 0
    70: 0
    71: 0
    72: 0
    73: 0
    74: 0
    75: 0
    76: 0
    77: 0
    78: 0
    79: 0
    80: 0
    81: 0
    82: 0
    83: 0
    84: 0
    85: 0
    86: 0
    87: 0
    88: 0
    89: 0
    90: 0
    91: 0
    92: 0
    93: 0
    94: 0
    95: 0
    96: 0
    97: 0
    98: 0
    99: 0
  mem-1: # Memory controller stats
   rd: 8833671 # Read requests
   wr: 3900618 # Write requests
   rdlat: 1184720427 # Total latency experienced by read requests
   wrlat: 549898297 # Total latency experienced by write requests
   rdhits: 2028 # Read row hits
   wrhits: 1227 # Write row hits
   mlh: # latency histogram for memory requests
    0: 0
    1: 0
    2: 0
    3: 0
    4: 0
    5: 0
    6: 0
    7: 0
    8: 0
    9: 0
    10: 0
    11: 14
    12: 118
    13: 8589067
    14: 111107
    15: 9754
    16: 2115
    17: 805
    18: 659
    19: 883
    20: 1163
    21: 965
    22: 1110
    23: 3072
    24: 18930
    25: 5305
    26: 3181
    27: 5449
    28: 5676
    29: 4660
    30: 5281
    31: 5445
    32: 6566
    33: 5810
    34: 5010
    35: 5073
    36: 4930
    37: 4799
    38: 4881
    39: 4557
    40: 5194
    41: 4771
    42: 4951
    43: 1489
    44: 95
    45: 35
    46: 65
    47: 446
    48: 115
    49: 29
    50: 20
    51: 26
    52: 17
    53: 19
    54: 14
    55: 0
    56: 0
    57: 0
    58: 0
    59: 0
    60: 0
    61: 0
    62: 0
    63: 0
    64: 0
    65: 0
    66: 0
    67: 0
    68: 0
    69: 0
    70: 0
    71: 0
    72: 0
    73: 0
    74: 0
    75: 0
    76: 0
    77: 0
    78: 0
    79: 0
    80: 0
    81: 0
    82: 0
    83: 0
    84: 0
    85: 0
    86: 0
    87: 0
    88: 0
    89: 0
    90: 0
    91: 0
    92: 0
    93: 0
    94: 0
    95: 0
    96: 0
    97: 0
    98: 0
    99: 0
  mem-2: # Memory controller stats
   rd: 8808525 # Read requests
   wr: 3895844 # Write requests
   rdlat: 1181088414 # Total latency experienced by read requests
   wrlat: 549157819 # Total latency experienced by write requests
   rdhits: 1916 # Read row hits
   wrhits: 1270 # Write row hits
   mlh: # latency histogram for memory requests
    0: 0
    1: 0
    2: 0
    3: 0
    4: 0
    5: 0
    6: 0
    7: 0
    8: 0
    9: 0
    10: 0
    11: 27
    12: 109
    13: 8566233
    14: 110316
    15: 9470
    16: 2116
    17: 808
    18: 699
    19: 874
    20: 1136
    21: 1007
    22: 1142
    23: 2974
    24: 18876
    25: 5218
    26: 3245
    27: 5570
    28: 5716
    29: 4473
    30: 5154
    31: 5508
    32: 6331
    33: 5647
    34: 4965
    35: 5122
    36: 4771
    37: 4867
    38: 4792
    39: 4606
    40: 4974
    41: 4675
    42: 4761
    43: 1466
    44: 76
    45: 22
    46: 47
    47: 453
    48: 128
    49: 34
    50: 23
    51: 31
    52: 18
    53: 23
    54: 22
    55: 0
    56: 0
    57: 0
    58: 0
    59: 0
    60: 0
    61: 0
    62: 0
    63: 0
    64: 0
    65: 0
    66: 0
    67: 0
    68: 0
    69: 0
    70: 0
    71: 0
    72: 0
    73: 0
    74: 0
    75: 0
    76: 0
    77: 0
    78: 0
    79: 0
    80: 0
    81: 0
    82: 0
    83: 0
    84: 0
    85: 0
    86: 0
    87: 0
    88: 0
    89: 0
    90: 0
    91: 0
    92: 0
    93: 0
    94: 0
    95: 0
    96: 0
    97: 0
    98: 0
    99: 0
  mem-3: # Memory controller stats
   rd: 8838266 # Read requests
   wr: 3897813 # Write requests
   rdlat: 1185279493 # Total latency experienced by read requests
   wrlat: 549494927 # Total latency experienced by write requests
   rdhits: 2105 # Read row hits
   wrhits: 1205 # Write row hits
   mlh: # latency histogram for memory requests
    0: 0
    1: 0
    2: 0
    3: 0
    4: 0
    5: 0
    6: 0
    7: 0
    8: 0
    9: 0
    10: 0
    11: 28
    12: 121
    13: 8592749
    14: 112145
    15: 9718
    16: 2182
    17: 808
    18: 684
    19: 839
    20: 1112
    21: 1016
    22: 1113
    23: 2953
    24: 19103
    25: 5319
    26: 3166
    27: 5473
    28: 5845
    29: 4665
    30: 5316
    31: 5516
    32: 6443
    33: 5806
    34: 4920
    35: 4959
    36: 4896
    37: 4768
    38: 4792
    39: 4602
    40: 5069
    41: 4850
    42: 4920
    43: 1455
    44: 125
    45: 33
    46: 56
    47: 471
    48: 108
    49: 20
    50: 22
    51: 19
    52: 14
    53: 29
    54: 17
    55: 1
    56: 0
    57: 0
    58: 0
    59: 0
    60: 0
    61: 0
    62: 0
    63: 0
    64: 0
    65: 0
    66: 0
    67: 0
    68: 0
    69: 0
    70: 0
    71: 0
    72: 0
    73: 0
    74: 0
    75: 0
    76: 0
    77: 0
    78: 0
    79: 0
    80: 0
    81: 0
    82: 0
    83: 0
    84: 0
    85: 0
    86: 0
    87: 0
    88: 0
    89: 0
    90: 0
    91: 0
    92: 0
    93: 0
    94: 0
    95: 0
    96: 0
    97: 0
    98: 0
    99: 0
 sched: # Scheduler stats
  thCr: 9 # Threads created
  thFn: 9 # Threads finished
  schedEvs: 1805 # Schedule events
  waitEvs: 1804 # Wait events
  handoffEvs: 57 # Handoff events
  sleepEvs: 0 # Sleep events
  idlePhases: 0 # Phases with no thread active
  idlePeriods: 0 # Periods with no thread active
  occHist: # Occupancy histogram
   0: 0
   1: 574765
  rqSzHist: # Run queue size histogram
   0: 587
   1: 48804
   2: 133742
   3: 96679
   4: 73164
   5: 74184
   6: 73853
   7: 73752
   8: 0
   9: 0
   10: 0
   11: 0
   12: 0
   13: 0
   14: 0
   15: 0
   16: 0
 procCycles: # Per-process unhalted core cycles
  0: 5747652015
  1: 0
  2: 0
  3: 0
  4: 0
  5: 0
  6: 0
  7: 0
  8: 0
  9: 0
  10: 0
  11: 0
  12: 0
  13: 0
  14: 0
  15: 0
  16: 0
  17: 0
  18: 0
  19: 0
  20: 0
  21: 0
  22: 0
  23: 0
  24: 0
  25: 0
  26: 0
  27: 0
  28: 0
  29: 0
  30: 0
  31: 0
  32: 0
  33: 0
  34: 0
  35: 0
  36: 0
  37: 0
  38: 0
  39: 0
  40: 0
  41: 0
  42: 0
  43: 0
  44: 0
  45: 0
  46: 0
  47: 0
  48: 0
  49: 0
  50: 0
  51: 0
  52: 0
  53: 0
  54: 0
  55: 0
  56: 0
  57: 0
  58: 0
  59: 0
  60: 0
  61: 0
  62: 0
  63: 0
 procInstrs: # Per-process instructions
  0: 1721829475
  1: 0
  2: 0
  3: 0
  4: 0
  5: 0
  6: 0
  7: 0
  8: 0
  9: 0
  10: 0
  11: 0
  12: 0
  13: 0
  14: 0
  15: 0
  16: 0
  17: 0
  18: 0
  19: 0
  20: 0
  21: 0
  22: 0
  23: 0
  24: 0
  25: 0
  26: 0
  27: 0
  28: 0
  29: 0
  30: 0
  31: 0
  32: 0
  33: 0
  34: 0
  35: 0
  36: 0
  37: 0
  38: 0
  39: 0
  40: 0
  41: 0
  42: 0
  43: 0
  44: 0
  45: 0
  46: 0
  47: 0
  48: 0
  49: 0
  50: 0
  51: 0
  52: 0
  53: 0
  54: 0
  55: 0
  56: 0
  57: 0
  58: 0
  59: 0
  60: 0
  61: 0
  62: 0
  63: 0
 heartbeats: # Per-process heartbeats
  0: 0
  1: 0
  2: 0
  3: 0
  4: 0
  5: 0
  6: 0
  7: 0
  8: 0
  9: 0
  10: 0
  11: 0
  12: 0
  13: 0
  14: 0
  15: 0
  16: 0
  17: 0
  18: 0
  19: 0
  20: 0
  21: 0
  22: 0
  23: 0
  24: 0
  25: 0
  26: 0
  27: 0
  28: 0
  29: 0
  30: 0
  31: 0
  32: 0
  33: 0
  34: 0
  35: 0
  36: 0
  37: 0
  38: 0
  39: 0
  40: 0
  41: 0
  42: 0
  43: 0
  44: 0
  45: 0
  46: 0
  47: 0
  48: 0
  49: 0
  50: 0
  51: 0
  52: 0
  53: 0
  54: 0
  55: 0
  56: 0
  57: 0
  58: 0
  59: 0
  60: 0
  61: 0
  62: 0
  63: 0
===
