# zsim stats
===
root: # Stats
 contention: # Contention simulation stats
  domain-0: # Domain stats
   time: 330357753 # Weave simulation time
 time: # Simulator time breakdown
  init: 2774433386807
  bound: 16811609549
  weave: 542967287
  ff: 0
 trigger: 20000 # Reason for this stats dump
 phase: 18878 # Simulated phases
 westmere: # Core stats
  westmere-0: # Core stats
   cycles: 188780646 # Simulated unhalted cycles
   cCycles: 10028910 # Cycles due to contention stalls
   instrs: 100004664 # Simulated instructions
   uops: 132219624 # Retired micro-ops
   bbls: 1458010 # Basic blocks
   approxInstrs: 967591 # Instrs with approx uop decoding
   mispredBranches: 1057 # Mispredicted branches
   condBranches: 120268 # conditional branches
   fetchStalls: 18446744073593317650 # Fetch stalls
   decodeStalls: 167000112 # Decode stalls
   issueStalls: 2227913 # Issue stalls
 l1i: # Cache stats
  l1i-0: # Filter cache stats
   fhGETS: 1023740 # Filtered GETS hits
   fhGETX: 0 # Filtered GETX hits
   hGETS: 1025 # GETS hits
   hGETX: 0 # GETX hits
   mGETS: 9781023 # GETS misses
   mGETS_I: 9781023 # GETS Instruction misses
   mGETS_D: 0 # GETS data misses
   mGETXIM: 0 # GETX I->M misses
   mGETXIM_I: 0 # GETX I->M Instruction misses
   mGETXIM_D: 0 # GETX I->M Data misses
   mGETXSM: 0 # GETX S->M misses (upgrade misses)
   mGETXSM_I: 0 # GETX S->M Instruction misses (upgrade misses)
   mGETXSM_D: 0 # GETX S->M Data misses (upgrade misses)
   PUTS: 0 # Clean evictions (from lower level)
   PUTX: 0 # Dirty evictions (from lower level)
   INV: 729 # Invalidates (from upper level)
   INVX: 0 # Downgrades (from upper level)
   FWD: 0 # Forwards (from upper level)
   latGETnl: 117608160 # GET request latency on next level
   latGETnet: 0 # GET request latency on network to next level
 l1d: # Cache stats
  l1d-0: # Filter cache stats
   fhGETS: 35582817 # Filtered GETS hits
   fhGETX: 8964571 # Filtered GETX hits
   hGETS: 6503268 # GETS hits
   hGETX: 2236882 # GETX hits
   mGETS: 735289 # GETS misses
   mGETS_I: 0 # GETS Instruction misses
   mGETS_D: 735289 # GETS data misses
   mGETXIM: 147407 # GETX I->M misses
   mGETXIM_I: 0 # GETX I->M Instruction misses
   mGETXIM_D: 147407 # GETX I->M Data misses
   mGETXSM: 0 # GETX S->M misses (upgrade misses)
   mGETXSM_I: 0 # GETX S->M Instruction misses (upgrade misses)
   mGETXSM_D: 0 # GETX S->M Data misses (upgrade misses)
   PUTS: 0 # Clean evictions (from lower level)
   PUTX: 0 # Dirty evictions (from lower level)
   INV: 159 # Invalidates (from upper level)
   INVX: 0 # Downgrades (from upper level)
   FWD: 0 # Forwards (from upper level)
   latGETnl: 70492708 # GET request latency on next level
   latGETnet: 0 # GET request latency on network to next level
 l2: # Cache stats
  l2-0: # Cache stats
   hGETS: 10163370 # GETS hits
   hGETX: 7384 # GETX hits
   mGETS: 352942 # GETS misses
   mGETS_I: 1977 # GETS Instruction misses
   mGETS_D: 350965 # GETS data misses
   mGETXIM: 140023 # GETX I->M misses
   mGETXIM_I: 0 # GETX I->M Instruction misses
   mGETXIM_D: 140023 # GETX I->M Data misses
   mGETXSM: 0 # GETX S->M misses (upgrade misses)
   mGETXSM_I: 0 # GETX S->M Instruction misses (upgrade misses)
   mGETXSM_D: 0 # GETX S->M Data misses (upgrade misses)
   PUTS: 10513022 # Clean evictions (from lower level)
   PUTX: 149425 # Dirty evictions (from lower level)
   INV: 8573 # Invalidates (from upper level)
   INVX: 0 # Downgrades (from upper level)
   FWD: 0 # Forwards (from upper level)
   latGETnl: 60136240 # GET request latency on next level
   latGETnet: 0 # GET request latency on network to next level
 l3: # Cache stats
  l3-0: # Cache stats
   hGETS: 61 # GETS hits
   hGETX: 0 # GETX hits
   mGETS: 352881 # GETS misses
   mGETS_I: 0 # GETS Instruction misses
   mGETS_D: 0 # GETS data misses
   mGETXIM: 140023 # GETX I->M misses
   mGETXIM_I: 0 # GETX I->M Instruction misses
   mGETXIM_D: 0 # GETX I->M Data misses
   mGETXSM: 0 # GETX S->M misses (upgrade misses)
   mGETXSM_I: 0 # GETX S->M Instruction misses (upgrade misses)
   mGETXSM_D: 0 # GETX S->M Data misses (upgrade misses)
   PUTS: 342559 # Clean evictions (from lower level)
   PUTX: 137744 # Dirty evictions (from lower level)
   INV: 0 # Invalidates (from upper level)
   INVX: 0 # Downgrades (from upper level)
   FWD: 0 # Forwards (from upper level)
   latGETnl: 44361360 # GET request latency on next level
   latGETnet: 0 # GET request latency on network to next level
 mem: # Memory controller stats
  mem-0: # Memory controller stats
   rd: 123188 # Read requests
   wr: 34717 # Write requests
   rdlat: 17639601 # Total latency experienced by read requests
   wrlat: 5744218 # Total latency experienced by write requests
   rdhits: 12 # Read row hits
   wrhits: 110 # Write row hits
   mlh: # latency histogram for memory requests
    0: 0
    1: 0
    2: 0
    3: 0
    4: 0
    5: 0
    6: 0
    7: 0
    8: 0
    9: 0
    10: 0
    11: 0
    12: 0
    13: 81814
    14: 26305
    15: 4840
    16: 1671
    17: 574
    18: 414
    19: 1741
    20: 349
    21: 179
    22: 403
    23: 104
    24: 1621
    25: 1988
    26: 181
    27: 38
    28: 37
    29: 67
    30: 61
    31: 41
    32: 47
    33: 32
    34: 40
    35: 38
    36: 51
    37: 36
    38: 57
    39: 80
    40: 60
    41: 60
    42: 77
    43: 36
    44: 14
    45: 14
    46: 17
    47: 18
    48: 24
    49: 21
    50: 11
    51: 11
    52: 9
    53: 0
    54: 1
    55: 2
    56: 0
    57: 0
    58: 3
    59: 0
    60: 0
    61: 0
    62: 0
    63: 0
    64: 1
    65: 0
    66: 0
    67: 0
    68: 0
    69: 0
    70: 0
    71: 0
    72: 0
    73: 0
    74: 0
    75: 0
    76: 0
    77: 0
    78: 0
    79: 0
    80: 0
    81: 0
    82: 0
    83: 0
    84: 0
    85: 0
    86: 0
    87: 0
    88: 0
    89: 0
    90: 0
    91: 0
    92: 0
    93: 0
    94: 0
    95: 0
    96: 0
    97: 0
    98: 0
    99: 0
  mem-1: # Memory controller stats
   rd: 123248 # Read requests
   wr: 34747 # Write requests
   rdlat: 17654537 # Total latency experienced by read requests
   wrlat: 5751851 # Total latency experienced by write requests
   rdhits: 13 # Read row hits
   wrhits: 107 # Write row hits
   mlh: # latency histogram for memory requests
    0: 0
    1: 0
    2: 0
    3: 0
    4: 0
    5: 0
    6: 0
    7: 0
    8: 0
    9: 0
    10: 0
    11: 0
    12: 1
    13: 81984
    14: 26338
    15: 4803
    16: 1621
    17: 595
    18: 446
    19: 1694
    20: 291
    21: 183
    22: 421
    23: 78
    24: 1596
    25: 1970
    26: 167
    27: 46
    28: 40
    29: 49
    30: 34
    31: 43
    32: 48
    33: 42
    34: 46
    35: 42
    36: 57
    37: 45
    38: 57
    39: 71
    40: 60
    41: 69
    42: 60
    43: 46
    44: 30
    45: 17
    46: 24
    47: 32
    48: 24
    49: 19
    50: 15
    51: 7
    52: 10
    53: 3
    54: 7
    55: 9
    56: 2
    57: 0
    58: 4
    59: 1
    60: 0
    61: 0
    62: 1
    63: 0
    64: 0
    65: 0
    66: 0
    67: 0
    68: 0
    69: 0
    70: 0
    71: 0
    72: 0
    73: 0
    74: 0
    75: 0
    76: 0
    77: 0
    78: 0
    79: 0
    80: 0
    81: 0
    82: 0
    83: 0
    84: 0
    85: 0
    86: 0
    87: 0
    88: 0
    89: 0
    90: 0
    91: 0
    92: 0
    93: 0
    94: 0
    95: 0
    96: 0
    97: 0
    98: 0
    99: 0
  mem-2: # Memory controller stats
   rd: 123249 # Read requests
   wr: 34749 # Write requests
   rdlat: 17649837 # Total latency experienced by read requests
   wrlat: 5766464 # Total latency experienced by write requests
   rdhits: 5 # Read row hits
   wrhits: 130 # Write row hits
   mlh: # latency histogram for memory requests
    0: 0
    1: 0
    2: 0
    3: 0
    4: 0
    5: 0
    6: 0
    7: 0
    8: 0
    9: 0
    10: 0
    11: 0
    12: 0
    13: 82052
    14: 26371
    15: 4685
    16: 1613
    17: 596
    18: 385
    19: 1738
    20: 312
    21: 174
    22: 392
    23: 80
    24: 1636
    25: 1990
    26: 161
    27: 31
    28: 32
    29: 76
    30: 63
    31: 58
    32: 40
    33: 49
    34: 52
    35: 46
    36: 40
    37: 47
    38: 72
    39: 78
    40: 60
    41: 61
    42: 47
    43: 40
    44: 18
    45: 27
    46: 26
    47: 20
    48: 19
    49: 17
    50: 12
    51: 6
    52: 4
    53: 1
    54: 3
    55: 10
    56: 2
    57: 2
    58: 3
    59: 0
    60: 2
    61: 0
    62: 0
    63: 0
    64: 0
    65: 0
    66: 0
    67: 0
    68: 0
    69: 0
    70: 0
    71: 0
    72: 0
    73: 0
    74: 0
    75: 0
    76: 0
    77: 0
    78: 0
    79: 0
    80: 0
    81: 0
    82: 0
    83: 0
    84: 0
    85: 0
    86: 0
    87: 0
    88: 0
    89: 0
    90: 0
    91: 0
    92: 0
    93: 0
    94: 0
    95: 0
    96: 0
    97: 0
    98: 0
    99: 0
  mem-3: # Memory controller stats
   rd: 123219 # Read requests
   wr: 34728 # Write requests
   rdlat: 17647936 # Total latency experienced by read requests
   wrlat: 5762154 # Total latency experienced by write requests
   rdhits: 2 # Read row hits
   wrhits: 114 # Write row hits
   mlh: # latency histogram for memory requests
    0: 0
    1: 0
    2: 0
    3: 0
    4: 0
    5: 0
    6: 0
    7: 0
    8: 0
    9: 0
    10: 0
    11: 0
    12: 0
    13: 81962
    14: 26302
    15: 4766
    16: 1661
    17: 601
    18: 418
    19: 1724
    20: 339
    21: 145
    22: 396
    23: 77
    24: 1631
    25: 1969
    26: 163
    27: 29
    28: 25
    29: 68
    30: 40
    31: 64
    32: 63
    33: 45
    34: 46
    35: 52
    36: 52
    37: 52
    38: 72
    39: 83
    40: 53
    41: 67
    42: 57
    43: 34
    44: 18
    45: 14
    46: 17
    47: 22
    48: 33
    49: 14
    50: 9
    51: 4
    52: 12
    53: 2
    54: 5
    55: 7
    56: 1
    57: 0
    58: 3
    59: 0
    60: 2
    61: 0
    62: 0
    63: 0
    64: 0
    65: 0
    66: 0
    67: 0
    68: 0
    69: 0
    70: 0
    71: 0
    72: 0
    73: 0
    74: 0
    75: 0
    76: 0
    77: 0
    78: 0
    79: 0
    80: 0
    81: 0
    82: 0
    83: 0
    84: 0
    85: 0
    86: 0
    87: 0
    88: 0
    89: 0
    90: 0
    91: 0
    92: 0
    93: 0
    94: 0
    95: 0
    96: 0
    97: 0
    98: 0
    99: 0
 sched: # Scheduler stats
  thCr: 1 # Threads created
  thFn: 1 # Threads finished
  schedEvs: 1 # Schedule events
  waitEvs: 0 # Wait events
  handoffEvs: 0 # Handoff events
  sleepEvs: 0 # Sleep events
  idlePhases: 0 # Phases with no thread active
  idlePeriods: 0 # Periods with no thread active
  occHist: # Occupancy histogram
   0: 0
   1: 18878
  rqSzHist: # Run queue size histogram
   0: 18878
   1: 0
   2: 0
   3: 0
   4: 0
   5: 0
   6: 0
   7: 0
   8: 0
   9: 0
   10: 0
   11: 0
   12: 0
   13: 0
   14: 0
   15: 0
   16: 0
 procCycles: # Per-process unhalted core cycles
  0: 188780646
  1: 0
  2: 0
  3: 0
  4: 0
  5: 0
  6: 0
  7: 0
  8: 0
  9: 0
  10: 0
  11: 0
  12: 0
  13: 0
  14: 0
  15: 0
  16: 0
  17: 0
  18: 0
  19: 0
  20: 0
  21: 0
  22: 0
  23: 0
  24: 0
  25: 0
  26: 0
  27: 0
  28: 0
  29: 0
  30: 0
  31: 0
  32: 0
  33: 0
  34: 0
  35: 0
  36: 0
  37: 0
  38: 0
  39: 0
  40: 0
  41: 0
  42: 0
  43: 0
  44: 0
  45: 0
  46: 0
  47: 0
  48: 0
  49: 0
  50: 0
  51: 0
  52: 0
  53: 0
  54: 0
  55: 0
  56: 0
  57: 0
  58: 0
  59: 0
  60: 0
  61: 0
  62: 0
  63: 0
 procInstrs: # Per-process instructions
  0: 100004664
  1: 0
  2: 0
  3: 0
  4: 0
  5: 0
  6: 0
  7: 0
  8: 0
  9: 0
  10: 0
  11: 0
  12: 0
  13: 0
  14: 0
  15: 0
  16: 0
  17: 0
  18: 0
  19: 0
  20: 0
  21: 0
  22: 0
  23: 0
  24: 0
  25: 0
  26: 0
  27: 0
  28: 0
  29: 0
  30: 0
  31: 0
  32: 0
  33: 0
  34: 0
  35: 0
  36: 0
  37: 0
  38: 0
  39: 0
  40: 0
  41: 0
  42: 0
  43: 0
  44: 0
  45: 0
  46: 0
  47: 0
  48: 0
  49: 0
  50: 0
  51: 0
  52: 0
  53: 0
  54: 0
  55: 0
  56: 0
  57: 0
  58: 0
  59: 0
  60: 0
  61: 0
  62: 0
  63: 0
 heartbeats: # Per-process heartbeats
  0: 0
  1: 0
  2: 0
  3: 0
  4: 0
  5: 0
  6: 0
  7: 0
  8: 0
  9: 0
  10: 0
  11: 0
  12: 0
  13: 0
  14: 0
  15: 0
  16: 0
  17: 0
  18: 0
  19: 0
  20: 0
  21: 0
  22: 0
  23: 0
  24: 0
  25: 0
  26: 0
  27: 0
  28: 0
  29: 0
  30: 0
  31: 0
  32: 0
  33: 0
  34: 0
  35: 0
  36: 0
  37: 0
  38: 0
  39: 0
  40: 0
  41: 0
  42: 0
  43: 0
  44: 0
  45: 0
  46: 0
  47: 0
  48: 0
  49: 0
  50: 0
  51: 0
  52: 0
  53: 0
  54: 0
  55: 0
  56: 0
  57: 0
  58: 0
  59: 0
  60: 0
  61: 0
  62: 0
  63: 0
===
