# zsim stats
===
root: # Stats
 contention: # Contention simulation stats
  domain-0: # Domain stats
   time: 672519288 # Weave simulation time
 time: # Simulator time breakdown
  init: 2747105650461
  bound: 10031106620
  weave: 1203315894
  ff: 0
 trigger: 20000 # Reason for this stats dump
 phase: 8618 # Simulated phases
 westmere: # Core stats
  westmere-0: # Core stats
   cycles: 86181008 # Simulated unhalted cycles
   cCycles: 9998747 # Cycles due to contention stalls
   instrs: 100005003 # Simulated instructions
   uops: 132220035 # Retired micro-ops
   bbls: 1458015 # Basic blocks
   approxInstrs: 967601 # Instrs with approx uop decoding
   mispredBranches: 1057 # Mispredicted branches
   condBranches: 120269 # conditional branches
   fetchStalls: 18446744073709439195 # Fetch stalls
   decodeStalls: 38888072 # Decode stalls
   issueStalls: 1856349 # Issue stalls
 l1i: # Cache stats
  l1i-0: # Filter cache stats
   fhGETS: 1025321 # Filtered GETS hits
   fhGETX: 0 # Filtered GETX hits
   hGETS: 9781709 # GETS hits
   hGETX: 0 # GETX hits
   mGETS: 446 # GETS misses
   mGETS_I: 446 # GETS Instruction misses
   mGETS_D: 0 # GETS data misses
   mGETXIM: 0 # GETX I->M misses
   mGETXIM_I: 0 # GETX I->M Instruction misses
   mGETXIM_D: 0 # GETX I->M Data misses
   mGETXSM: 0 # GETX S->M misses (upgrade misses)
   mGETXSM_I: 0 # GETX S->M Instruction misses (upgrade misses)
   mGETXSM_D: 0 # GETX S->M Data misses (upgrade misses)
   PUTS: 0 # Clean evictions (from lower level)
   PUTX: 0 # Dirty evictions (from lower level)
   INV: 212 # Invalidates (from upper level)
   INVX: 0 # Downgrades (from upper level)
   FWD: 0 # Forwards (from upper level)
   latGETnl: 59764 # GET request latency on next level
   latGETnet: 0 # GET request latency on network to next level
 l1d: # Cache stats
  l1d-0: # Filter cache stats
   fhGETS: 39139943 # Filtered GETS hits
   fhGETX: 10350975 # Filtered GETX hits
   hGETS: 3203431 # GETS hits
   hGETX: 857955 # GETX hits
   mGETS: 478074 # GETS misses
   mGETS_I: 0 # GETS Instruction misses
   mGETS_D: 478074 # GETS data misses
   mGETXIM: 139995 # GETX I->M misses
   mGETXIM_I: 0 # GETX I->M Instruction misses
   mGETXIM_D: 139995 # GETX I->M Data misses
   mGETXSM: 0 # GETX S->M misses (upgrade misses)
   mGETXSM_I: 0 # GETX S->M Instruction misses (upgrade misses)
   mGETXSM_D: 0 # GETX S->M Data misses (upgrade misses)
   PUTS: 0 # Clean evictions (from lower level)
   PUTX: 0 # Dirty evictions (from lower level)
   INV: 46 # Invalidates (from upper level)
   INVX: 0 # Downgrades (from upper level)
   FWD: 0 # Forwards (from upper level)
   latGETnl: 66683342 # GET request latency on next level
   latGETnet: 0 # GET request latency on network to next level
 l2: # Cache stats
  l2-0: # Cache stats
   hGETS: 127187 # GETS hits
   hGETX: 0 # GETX hits
   mGETS: 351333 # GETS misses
   mGETS_I: 446 # GETS Instruction misses
   mGETS_D: 350887 # GETS data misses
   mGETXIM: 139995 # GETX I->M misses
   mGETXIM_I: 0 # GETX I->M Instruction misses
   mGETXIM_D: 139995 # GETX I->M Data misses
   mGETXSM: 0 # GETX S->M misses (upgrade misses)
   mGETXSM_I: 0 # GETX S->M Instruction misses (upgrade misses)
   mGETXSM_D: 0 # GETX S->M Data misses (upgrade misses)
   PUTS: 476541 # Clean evictions (from lower level)
   PUTX: 140458 # Dirty evictions (from lower level)
   INV: 22059 # Invalidates (from upper level)
   INVX: 0 # Downgrades (from upper level)
   FWD: 0 # Forwards (from upper level)
   latGETnl: 59320926 # GET request latency on next level
   latGETnet: 0 # GET request latency on network to next level
 l3: # Cache stats
  l3-0: # Cache stats
   hGETS: 3261 # GETS hits
   hGETX: 3640 # GETX hits
   mGETS: 348072 # GETS misses
   mGETS_I: 0 # GETS Instruction misses
   mGETS_D: 0 # GETS data misses
   mGETXIM: 136355 # GETX I->M misses
   mGETXIM_I: 0 # GETX I->M Instruction misses
   mGETXIM_D: 0 # GETX I->M Data misses
   mGETXSM: 0 # GETX S->M misses (upgrade misses)
   mGETXSM_I: 0 # GETX S->M Instruction misses (upgrade misses)
   mGETXSM_D: 0 # GETX S->M Data misses (upgrade misses)
   PUTS: 324635 # Clean evictions (from lower level)
   PUTX: 128250 # Dirty evictions (from lower level)
   INV: 0 # Invalidates (from upper level)
   INVX: 0 # Downgrades (from upper level)
   FWD: 0 # Forwards (from upper level)
   latGETnl: 43598430 # GET request latency on next level
   latGETnet: 0 # GET request latency on network to next level
 mem: # Memory controller stats
  mem-0: # Memory controller stats
   rd: 121089 # Read requests
   wr: 33829 # Write requests
   rdlat: 17644191 # Total latency experienced by read requests
   wrlat: 5490691 # Total latency experienced by write requests
   rdhits: 10 # Read row hits
   wrhits: 51 # Write row hits
   mlh: # latency histogram for memory requests
    0: 0
    1: 0
    2: 0
    3: 0
    4: 0
    5: 0
    6: 0
    7: 0
    8: 0
    9: 0
    10: 0
    11: 0
    12: 0
    13: 76386
    14: 22419
    15: 7975
    16: 1411
    17: 4343
    18: 895
    19: 1676
    20: 219
    21: 150
    22: 487
    23: 51
    24: 1374
    25: 2054
    26: 300
    27: 48
    28: 79
    29: 79
    30: 64
    31: 51
    32: 79
    33: 105
    34: 98
    35: 82
    36: 77
    37: 86
    38: 82
    39: 61
    40: 45
    41: 56
    42: 61
    43: 36
    44: 23
    45: 9
    46: 11
    47: 13
    48: 24
    49: 30
    50: 13
    51: 6
    52: 9
    53: 2
    54: 3
    55: 8
    56: 4
    57: 1
    58: 4
    59: 0
    60: 0
    61: 0
    62: 0
    63: 0
    64: 0
    65: 0
    66: 0
    67: 0
    68: 0
    69: 0
    70: 0
    71: 0
    72: 0
    73: 0
    74: 0
    75: 0
    76: 0
    77: 0
    78: 0
    79: 0
    80: 0
    81: 0
    82: 0
    83: 0
    84: 0
    85: 0
    86: 0
    87: 0
    88: 0
    89: 0
    90: 0
    91: 0
    92: 0
    93: 0
    94: 0
    95: 0
    96: 0
    97: 0
    98: 0
    99: 0
  mem-1: # Memory controller stats
   rd: 121098 # Read requests
   wr: 33833 # Write requests
   rdlat: 17639588 # Total latency experienced by read requests
   wrlat: 5503774 # Total latency experienced by write requests
   rdhits: 7 # Read row hits
   wrhits: 40 # Write row hits
   mlh: # latency histogram for memory requests
    0: 0
    1: 0
    2: 0
    3: 0
    4: 0
    5: 0
    6: 0
    7: 0
    8: 0
    9: 0
    10: 0
    11: 0
    12: 0
    13: 76383
    14: 22399
    15: 7963
    16: 1433
    17: 4336
    18: 925
    19: 1696
    20: 224
    21: 138
    22: 498
    23: 63
    24: 1407
    25: 2057
    26: 299
    27: 51
    28: 78
    29: 77
    30: 59
    31: 47
    32: 64
    33: 114
    34: 93
    35: 88
    36: 56
    37: 60
    38: 61
    39: 50
    40: 50
    41: 61
    42: 63
    43: 34
    44: 17
    45: 12
    46: 15
    47: 28
    48: 23
    49: 22
    50: 12
    51: 6
    52: 8
    53: 3
    54: 6
    55: 7
    56: 2
    57: 2
    58: 3
    59: 5
    60: 0
    61: 0
    62: 0
    63: 0
    64: 0
    65: 0
    66: 0
    67: 0
    68: 0
    69: 0
    70: 0
    71: 0
    72: 0
    73: 0
    74: 0
    75: 0
    76: 0
    77: 0
    78: 0
    79: 0
    80: 0
    81: 0
    82: 0
    83: 0
    84: 0
    85: 0
    86: 0
    87: 0
    88: 0
    89: 0
    90: 0
    91: 0
    92: 0
    93: 0
    94: 0
    95: 0
    96: 0
    97: 0
    98: 0
    99: 0
  mem-2: # Memory controller stats
   rd: 121133 # Read requests
   wr: 33836 # Write requests
   rdlat: 17674342 # Total latency experienced by read requests
   wrlat: 5490658 # Total latency experienced by write requests
   rdhits: 3 # Read row hits
   wrhits: 58 # Write row hits
   mlh: # latency histogram for memory requests
    0: 0
    1: 0
    2: 0
    3: 0
    4: 0
    5: 0
    6: 0
    7: 0
    8: 0
    9: 0
    10: 0
    11: 0
    12: 0
    13: 76205
    14: 22422
    15: 7974
    16: 1471
    17: 4349
    18: 917
    19: 1705
    20: 216
    21: 140
    22: 524
    23: 62
    24: 1384
    25: 2059
    26: 311
    27: 63
    28: 71
    29: 57
    30: 63
    31: 72
    32: 84
    33: 106
    34: 87
    35: 102
    36: 79
    37: 92
    38: 67
    39: 52
    40: 51
    41: 62
    42: 77
    43: 42
    44: 17
    45: 13
    46: 18
    47: 17
    48: 30
    49: 27
    50: 7
    51: 12
    52: 4
    53: 3
    54: 5
    55: 6
    56: 2
    57: 2
    58: 1
    59: 3
    60: 0
    61: 0
    62: 0
    63: 0
    64: 0
    65: 0
    66: 0
    67: 0
    68: 0
    69: 0
    70: 0
    71: 0
    72: 0
    73: 0
    74: 0
    75: 0
    76: 0
    77: 0
    78: 0
    79: 0
    80: 0
    81: 0
    82: 0
    83: 0
    84: 0
    85: 0
    86: 0
    87: 0
    88: 0
    89: 0
    90: 0
    91: 0
    92: 0
    93: 0
    94: 0
    95: 0
    96: 0
    97: 0
    98: 0
    99: 0
  mem-3: # Memory controller stats
   rd: 121104 # Read requests
   wr: 33824 # Write requests
   rdlat: 17643038 # Total latency experienced by read requests
   wrlat: 5476580 # Total latency experienced by write requests
   rdhits: 2 # Read row hits
   wrhits: 54 # Write row hits
   mlh: # latency histogram for memory requests
    0: 0
    1: 0
    2: 0
    3: 0
    4: 0
    5: 0
    6: 0
    7: 0
    8: 0
    9: 0
    10: 0
    11: 0
    12: 0
    13: 76320
    14: 22317
    15: 7993
    16: 1509
    17: 4329
    18: 938
    19: 1708
    20: 222
    21: 125
    22: 528
    23: 81
    24: 1409
    25: 2054
    26: 291
    27: 37
    28: 81
    29: 76
    30: 76
    31: 70
    32: 101
    33: 102
    34: 82
    35: 72
    36: 63
    37: 49
    38: 56
    39: 58
    40: 39
    41: 55
    42: 63
    43: 37
    44: 20
    45: 7
    46: 12
    47: 24
    48: 27
    49: 26
    50: 6
    51: 9
    52: 8
    53: 6
    54: 3
    55: 8
    56: 2
    57: 1
    58: 3
    59: 0
    60: 0
    61: 0
    62: 0
    63: 0
    64: 1
    65: 0
    66: 0
    67: 0
    68: 0
    69: 0
    70: 0
    71: 0
    72: 0
    73: 0
    74: 0
    75: 0
    76: 0
    77: 0
    78: 0
    79: 0
    80: 0
    81: 0
    82: 0
    83: 0
    84: 0
    85: 0
    86: 0
    87: 0
    88: 0
    89: 0
    90: 0
    91: 0
    92: 0
    93: 0
    94: 0
    95: 0
    96: 0
    97: 0
    98: 0
    99: 0
 sched: # Scheduler stats
  thCr: 1 # Threads created
  thFn: 1 # Threads finished
  schedEvs: 1 # Schedule events
  waitEvs: 0 # Wait events
  handoffEvs: 0 # Handoff events
  sleepEvs: 0 # Sleep events
  idlePhases: 0 # Phases with no thread active
  idlePeriods: 0 # Periods with no thread active
  occHist: # Occupancy histogram
   0: 0
   1: 8618
  rqSzHist: # Run queue size histogram
   0: 8618
   1: 0
   2: 0
   3: 0
   4: 0
   5: 0
   6: 0
   7: 0
   8: 0
   9: 0
   10: 0
   11: 0
   12: 0
   13: 0
   14: 0
   15: 0
   16: 0
 procCycles: # Per-process unhalted core cycles
  0: 86181008
  1: 0
  2: 0
  3: 0
  4: 0
  5: 0
  6: 0
  7: 0
  8: 0
  9: 0
  10: 0
  11: 0
  12: 0
  13: 0
  14: 0
  15: 0
  16: 0
  17: 0
  18: 0
  19: 0
  20: 0
  21: 0
  22: 0
  23: 0
  24: 0
  25: 0
  26: 0
  27: 0
  28: 0
  29: 0
  30: 0
  31: 0
  32: 0
  33: 0
  34: 0
  35: 0
  36: 0
  37: 0
  38: 0
  39: 0
  40: 0
  41: 0
  42: 0
  43: 0
  44: 0
  45: 0
  46: 0
  47: 0
  48: 0
  49: 0
  50: 0
  51: 0
  52: 0
  53: 0
  54: 0
  55: 0
  56: 0
  57: 0
  58: 0
  59: 0
  60: 0
  61: 0
  62: 0
  63: 0
 procInstrs: # Per-process instructions
  0: 100005003
  1: 0
  2: 0
  3: 0
  4: 0
  5: 0
  6: 0
  7: 0
  8: 0
  9: 0
  10: 0
  11: 0
  12: 0
  13: 0
  14: 0
  15: 0
  16: 0
  17: 0
  18: 0
  19: 0
  20: 0
  21: 0
  22: 0
  23: 0
  24: 0
  25: 0
  26: 0
  27: 0
  28: 0
  29: 0
  30: 0
  31: 0
  32: 0
  33: 0
  34: 0
  35: 0
  36: 0
  37: 0
  38: 0
  39: 0
  40: 0
  41: 0
  42: 0
  43: 0
  44: 0
  45: 0
  46: 0
  47: 0
  48: 0
  49: 0
  50: 0
  51: 0
  52: 0
  53: 0
  54: 0
  55: 0
  56: 0
  57: 0
  58: 0
  59: 0
  60: 0
  61: 0
  62: 0
  63: 0
 heartbeats: # Per-process heartbeats
  0: 0
  1: 0
  2: 0
  3: 0
  4: 0
  5: 0
  6: 0
  7: 0
  8: 0
  9: 0
  10: 0
  11: 0
  12: 0
  13: 0
  14: 0
  15: 0
  16: 0
  17: 0
  18: 0
  19: 0
  20: 0
  21: 0
  22: 0
  23: 0
  24: 0
  25: 0
  26: 0
  27: 0
  28: 0
  29: 0
  30: 0
  31: 0
  32: 0
  33: 0
  34: 0
  35: 0
  36: 0
  37: 0
  38: 0
  39: 0
  40: 0
  41: 0
  42: 0
  43: 0
  44: 0
  45: 0
  46: 0
  47: 0
  48: 0
  49: 0
  50: 0
  51: 0
  52: 0
  53: 0
  54: 0
  55: 0
  56: 0
  57: 0
  58: 0
  59: 0
  60: 0
  61: 0
  62: 0
  63: 0
===
