# zsim stats
===
root: # Stats
 contention: # Contention simulation stats
  domain-0: # Domain stats
   time: 1556189123 # Weave simulation time
 time: # Simulator time breakdown
  init: 477233034
  bound: 357714634647
  weave: 12528176796
  ff: 0
 trigger: 20000 # Reason for this stats dump
 phase: 322103 # Simulated phases
 westmere: # Core stats
  westmere-0: # Core stats
   cycles: 3221030003 # Simulated unhalted cycles
   cCycles: 195310 # Cycles due to contention stalls
   instrs: 5000000302 # Simulated instructions
   uops: 6003308562 # Retired micro-ops
   bbls: 670558601 # Basic blocks
   approxInstrs: 54968668 # Instrs with approx uop decoding
   mispredBranches: 14406295 # Mispredicted branches
   condBranches: 518899619 # conditional branches
   fetchStalls: 18446744073243331602 # Fetch stalls
   decodeStalls: 1364974979 # Decode stalls
   issueStalls: 107914234 # Issue stalls
 l1i: # Cache stats
  l1i-0: # Filter cache stats
   fhGETS: 726065043 # Filtered GETS hits
   fhGETX: 0 # Filtered GETX hits
   hGETS: 171428064 # GETS hits
   hGETX: 0 # GETX hits
   mGETS: 7283186 # GETS misses
   mGETS_I: 7283186 # GETS Instruction misses
   mGETS_D: 0 # GETS data misses
   mGETXIM: 0 # GETX I->M misses
   mGETXIM_I: 0 # GETX I->M Instruction misses
   mGETXIM_D: 0 # GETX I->M Data misses
   mGETXSM: 0 # GETX S->M misses (upgrade misses)
   mGETXSM_I: 0 # GETX S->M Instruction misses (upgrade misses)
   mGETXSM_D: 0 # GETX S->M Data misses (upgrade misses)
   PUTS: 0 # Clean evictions (from lower level)
   PUTX: 0 # Dirty evictions (from lower level)
   INV: 1 # Invalidates (from upper level)
   INVX: 0 # Downgrades (from upper level)
   FWD: 0 # Forwards (from upper level)
   latGETnl: 87481844 # GET request latency on next level
   latGETnet: 0 # GET request latency on network to next level
 l1d: # Cache stats
  l1d-0: # Filter cache stats
   fhGETS: 1175186644 # Filtered GETS hits
   fhGETX: 281225171 # Filtered GETX hits
   hGETS: 196545379 # GETS hits
   hGETX: 109039543 # GETX hits
   mGETS: 15500915 # GETS misses
   mGETS_I: 0 # GETS Instruction misses
   mGETS_D: 15500915 # GETS data misses
   mGETXIM: 16168004 # GETX I->M misses
   mGETXIM_I: 0 # GETX I->M Instruction misses
   mGETXIM_D: 16168004 # GETX I->M Data misses
   mGETXSM: 0 # GETX S->M misses (upgrade misses)
   mGETXSM_I: 0 # GETX S->M Instruction misses (upgrade misses)
   mGETXSM_D: 0 # GETX S->M Data misses (upgrade misses)
   PUTS: 0 # Clean evictions (from lower level)
   PUTX: 0 # Dirty evictions (from lower level)
   INV: 1 # Invalidates (from upper level)
   INVX: 0 # Downgrades (from upper level)
   FWD: 0 # Forwards (from upper level)
   latGETnl: 381884484 # GET request latency on next level
   latGETnet: 0 # GET request latency on network to next level
 l2: # Cache stats
  l2-0: # Cache stats
   hGETS: 22777585 # GETS hits
   hGETX: 16150216 # GETX hits
   mGETS: 6516 # GETS misses
   mGETS_I: 706 # GETS Instruction misses
   mGETS_D: 5810 # GETS data misses
   mGETXIM: 17788 # GETX I->M misses
   mGETXIM_I: 0 # GETX I->M Instruction misses
   mGETXIM_D: 17788 # GETX I->M Data misses
   mGETXSM: 0 # GETX S->M misses (upgrade misses)
   mGETXSM_I: 0 # GETX S->M Instruction misses (upgrade misses)
   mGETXSM_D: 0 # GETX S->M Data misses (upgrade misses)
   PUTS: 20697910 # Clean evictions (from lower level)
   PUTX: 18253809 # Dirty evictions (from lower level)
   INV: 3 # Invalidates (from upper level)
   INVX: 0 # Downgrades (from upper level)
   FWD: 0 # Forwards (from upper level)
   latGETnl: 1941068 # GET request latency on next level
   latGETnet: 0 # GET request latency on network to next level
 l3: # Cache stats
  l3-0: # Cache stats
   hGETS: 3707 # GETS hits
   hGETX: 7671 # GETX hits
   mGETS: 2809 # GETS misses
   mGETS_I: 0 # GETS Instruction misses
   mGETS_D: 0 # GETS data misses
   mGETXIM: 10117 # GETX I->M misses
   mGETXIM_I: 0 # GETX I->M Instruction misses
   mGETXIM_D: 0 # GETX I->M Data misses
   mGETXSM: 0 # GETX S->M misses (upgrade misses)
   mGETXSM_I: 0 # GETX S->M Instruction misses (upgrade misses)
   mGETXSM_D: 0 # GETX S->M Data misses (upgrade misses)
   PUTS: 953 # Clean evictions (from lower level)
   PUTX: 19252 # Dirty evictions (from lower level)
   INV: 0 # Invalidates (from upper level)
   INVX: 0 # Downgrades (from upper level)
   FWD: 0 # Forwards (from upper level)
   latGETnl: 1163340 # GET request latency on next level
   latGETnet: 0 # GET request latency on network to next level
 mem: # Memory controller stats
  mem-0: # Memory controller stats
   rd: 3264 # Read requests
   wr: 1116 # Write requests
   rdlat: 459393 # Total latency experienced by read requests
   wrlat: 194744 # Total latency experienced by write requests
   rdhits: 261 # Read row hits
   wrhits: 18 # Write row hits
   mlh: # latency histogram for memory requests
    0: 0
    1: 0
    2: 0
    3: 0
    4: 0
    5: 0
    6: 0
    7: 0
    8: 0
    9: 0
    10: 0
    11: 17
    12: 44
    13: 2392
    14: 293
    15: 138
    16: 121
    17: 71
    18: 43
    19: 47
    20: 32
    21: 16
    22: 9
    23: 10
    24: 6
    25: 1
    26: 1
    27: 1
    28: 0
    29: 5
    30: 2
    31: 1
    32: 0
    33: 1
    34: 1
    35: 0
    36: 2
    37: 3
    38: 3
    39: 0
    40: 2
    41: 0
    42: 1
    43: 1
    44: 0
    45: 0
    46: 0
    47: 0
    48: 0
    49: 0
    50: 0
    51: 0
    52: 0
    53: 0
    54: 0
    55: 0
    56: 0
    57: 0
    58: 0
    59: 0
    60: 0
    61: 0
    62: 0
    63: 0
    64: 0
    65: 0
    66: 0
    67: 0
    68: 0
    69: 0
    70: 0
    71: 0
    72: 0
    73: 0
    74: 0
    75: 0
    76: 0
    77: 0
    78: 0
    79: 0
    80: 0
    81: 0
    82: 0
    83: 0
    84: 0
    85: 0
    86: 0
    87: 0
    88: 0
    89: 0
    90: 0
    91: 0
    92: 0
    93: 0
    94: 0
    95: 0
    96: 0
    97: 0
    98: 0
    99: 0
  mem-1: # Memory controller stats
   rd: 3237 # Read requests
   wr: 1137 # Write requests
   rdlat: 452460 # Total latency experienced by read requests
   wrlat: 207140 # Total latency experienced by write requests
   rdhits: 177 # Read row hits
   wrhits: 26 # Write row hits
   mlh: # latency histogram for memory requests
    0: 0
    1: 0
    2: 0
    3: 0
    4: 0
    5: 0
    6: 0
    7: 0
    8: 0
    9: 0
    10: 0
    11: 15
    12: 65
    13: 2468
    14: 258
    15: 108
    16: 86
    17: 45
    18: 68
    19: 29
    20: 29
    21: 24
    22: 9
    23: 4
    24: 4
    25: 4
    26: 1
    27: 1
    28: 0
    29: 1
    30: 2
    31: 1
    32: 0
    33: 0
    34: 1
    35: 0
    36: 0
    37: 3
    38: 1
    39: 0
    40: 1
    41: 1
    42: 1
    43: 1
    44: 0
    45: 2
    46: 3
    47: 0
    48: 0
    49: 1
    50: 0
    51: 0
    52: 0
    53: 0
    54: 0
    55: 0
    56: 0
    57: 0
    58: 0
    59: 0
    60: 0
    61: 0
    62: 0
    63: 0
    64: 0
    65: 0
    66: 0
    67: 0
    68: 0
    69: 0
    70: 0
    71: 0
    72: 0
    73: 0
    74: 0
    75: 0
    76: 0
    77: 0
    78: 0
    79: 0
    80: 0
    81: 0
    82: 0
    83: 0
    84: 0
    85: 0
    86: 0
    87: 0
    88: 0
    89: 0
    90: 0
    91: 0
    92: 0
    93: 0
    94: 0
    95: 0
    96: 0
    97: 0
    98: 0
    99: 0
  mem-2: # Memory controller stats
   rd: 3223 # Read requests
   wr: 1081 # Write requests
   rdlat: 449207 # Total latency experienced by read requests
   wrlat: 193950 # Total latency experienced by write requests
   rdhits: 229 # Read row hits
   wrhits: 24 # Write row hits
   mlh: # latency histogram for memory requests
    0: 0
    1: 0
    2: 0
    3: 0
    4: 0
    5: 0
    6: 0
    7: 0
    8: 0
    9: 0
    10: 0
    11: 25
    12: 52
    13: 2409
    14: 269
    15: 151
    16: 107
    17: 54
    18: 44
    19: 33
    20: 24
    21: 24
    22: 5
    23: 6
    24: 2
    25: 1
    26: 1
    27: 0
    28: 2
    29: 0
    30: 1
    31: 1
    32: 0
    33: 1
    34: 1
    35: 1
    36: 2
    37: 2
    38: 1
    39: 0
    40: 1
    41: 1
    42: 2
    43: 0
    44: 0
    45: 0
    46: 0
    47: 0
    48: 0
    49: 0
    50: 0
    51: 0
    52: 0
    53: 0
    54: 0
    55: 0
    56: 0
    57: 0
    58: 0
    59: 0
    60: 0
    61: 0
    62: 0
    63: 0
    64: 0
    65: 0
    66: 0
    67: 0
    68: 0
    69: 0
    70: 0
    71: 0
    72: 0
    73: 0
    74: 0
    75: 0
    76: 0
    77: 0
    78: 0
    79: 0
    80: 0
    81: 0
    82: 0
    83: 0
    84: 0
    85: 0
    86: 0
    87: 0
    88: 0
    89: 0
    90: 0
    91: 0
    92: 0
    93: 0
    94: 0
    95: 0
    96: 0
    97: 0
    98: 0
    99: 0
  mem-3: # Memory controller stats
   rd: 3202 # Read requests
   wr: 1100 # Write requests
   rdlat: 452235 # Total latency experienced by read requests
   wrlat: 197935 # Total latency experienced by write requests
   rdhits: 167 # Read row hits
   wrhits: 25 # Write row hits
   mlh: # latency histogram for memory requests
    0: 0
    1: 0
    2: 0
    3: 0
    4: 0
    5: 0
    6: 0
    7: 0
    8: 0
    9: 0
    10: 0
    11: 4
    12: 55
    13: 2447
    14: 231
    15: 99
    16: 90
    17: 67
    18: 53
    19: 37
    20: 30
    21: 41
    22: 6
    23: 2
    24: 5
    25: 7
    26: 1
    27: 0
    28: 3
    29: 0
    30: 2
    31: 1
    32: 0
    33: 2
    34: 0
    35: 1
    36: 2
    37: 1
    38: 0
    39: 1
    40: 3
    41: 1
    42: 0
    43: 1
    44: 0
    45: 1
    46: 2
    47: 3
    48: 0
    49: 0
    50: 1
    51: 0
    52: 2
    53: 0
    54: 0
    55: 0
    56: 0
    57: 0
    58: 0
    59: 0
    60: 0
    61: 0
    62: 0
    63: 0
    64: 0
    65: 0
    66: 0
    67: 0
    68: 0
    69: 0
    70: 0
    71: 0
    72: 0
    73: 0
    74: 0
    75: 0
    76: 0
    77: 0
    78: 0
    79: 0
    80: 0
    81: 0
    82: 0
    83: 0
    84: 0
    85: 0
    86: 0
    87: 0
    88: 0
    89: 0
    90: 0
    91: 0
    92: 0
    93: 0
    94: 0
    95: 0
    96: 0
    97: 0
    98: 0
    99: 0
 sched: # Scheduler stats
  thCr: 9 # Threads created
  thFn: 0 # Threads finished
  schedEvs: 41 # Schedule events
  waitEvs: 40 # Wait events
  handoffEvs: 32 # Handoff events
  sleepEvs: 0 # Sleep events
  idlePhases: 0 # Phases with no thread active
  idlePeriods: 0 # Periods with no thread active
  occHist: # Occupancy histogram
   0: 0
   1: 322103
  rqSzHist: # Run queue size histogram
   0: 0
   1: 1
   2: 0
   3: 0
   4: 0
   5: 0
   6: 0
   7: 322102
   8: 0
   9: 0
   10: 0
   11: 0
   12: 0
   13: 0
   14: 0
   15: 0
   16: 0
 procCycles: # Per-process unhalted core cycles
  0: 3221030003
  1: 0
  2: 0
  3: 0
  4: 0
  5: 0
  6: 0
  7: 0
  8: 0
  9: 0
  10: 0
  11: 0
  12: 0
  13: 0
  14: 0
  15: 0
  16: 0
  17: 0
  18: 0
  19: 0
  20: 0
  21: 0
  22: 0
  23: 0
  24: 0
  25: 0
  26: 0
  27: 0
  28: 0
  29: 0
  30: 0
  31: 0
  32: 0
  33: 0
  34: 0
  35: 0
  36: 0
  37: 0
  38: 0
  39: 0
  40: 0
  41: 0
  42: 0
  43: 0
  44: 0
  45: 0
  46: 0
  47: 0
  48: 0
  49: 0
  50: 0
  51: 0
  52: 0
  53: 0
  54: 0
  55: 0
  56: 0
  57: 0
  58: 0
  59: 0
  60: 0
  61: 0
  62: 0
  63: 0
 procInstrs: # Per-process instructions
  0: 5000000302
  1: 0
  2: 0
  3: 0
  4: 0
  5: 0
  6: 0
  7: 0
  8: 0
  9: 0
  10: 0
  11: 0
  12: 0
  13: 0
  14: 0
  15: 0
  16: 0
  17: 0
  18: 0
  19: 0
  20: 0
  21: 0
  22: 0
  23: 0
  24: 0
  25: 0
  26: 0
  27: 0
  28: 0
  29: 0
  30: 0
  31: 0
  32: 0
  33: 0
  34: 0
  35: 0
  36: 0
  37: 0
  38: 0
  39: 0
  40: 0
  41: 0
  42: 0
  43: 0
  44: 0
  45: 0
  46: 0
  47: 0
  48: 0
  49: 0
  50: 0
  51: 0
  52: 0
  53: 0
  54: 0
  55: 0
  56: 0
  57: 0
  58: 0
  59: 0
  60: 0
  61: 0
  62: 0
  63: 0
 heartbeats: # Per-process heartbeats
  0: 0
  1: 0
  2: 0
  3: 0
  4: 0
  5: 0
  6: 0
  7: 0
  8: 0
  9: 0
  10: 0
  11: 0
  12: 0
  13: 0
  14: 0
  15: 0
  16: 0
  17: 0
  18: 0
  19: 0
  20: 0
  21: 0
  22: 0
  23: 0
  24: 0
  25: 0
  26: 0
  27: 0
  28: 0
  29: 0
  30: 0
  31: 0
  32: 0
  33: 0
  34: 0
  35: 0
  36: 0
  37: 0
  38: 0
  39: 0
  40: 0
  41: 0
  42: 0
  43: 0
  44: 0
  45: 0
  46: 0
  47: 0
  48: 0
  49: 0
  50: 0
  51: 0
  52: 0
  53: 0
  54: 0
  55: 0
  56: 0
  57: 0
  58: 0
  59: 0
  60: 0
  61: 0
  62: 0
  63: 0
===
