# zsim stats
===
root: # Stats
 contention: # Contention simulation stats
  domain-0: # Domain stats
   time: 213385001 # Weave simulation time
 time: # Simulator time breakdown
  init: 3355871023986
  bound: 4404312806
  weave: 315819090
  ff: 0
 trigger: 20000 # Reason for this stats dump
 phase: 6899 # Simulated phases
 westmere: # Core stats
  westmere-0: # Core stats
   cycles: 68990086 # Simulated unhalted cycles
   cCycles: 5198925 # Cycles due to contention stalls
   instrs: 100010595 # Simulated instructions
   uops: 109284582 # Retired micro-ops
   bbls: 11148947 # Basic blocks
   approxInstrs: 39564 # Instrs with approx uop decoding
   mispredBranches: 19742 # Mispredicted branches
   condBranches: 10986344 # conditional branches
   fetchStalls: 18446744073700249100 # Fetch stalls
   decodeStalls: 50536159 # Decode stalls
   issueStalls: 935296 # Issue stalls
 l1i: # Cache stats
  l1i-0: # Filter cache stats
   fhGETS: 11680628 # Filtered GETS hits
   fhGETX: 0 # Filtered GETX hits
   hGETS: 1081790 # GETS hits
   hGETX: 0 # GETX hits
   mGETS: 87694 # GETS misses
   mGETS_I: 87694 # GETS Instruction misses
   mGETS_D: 0 # GETS data misses
   mGETXIM: 0 # GETX I->M misses
   mGETXIM_I: 0 # GETX I->M Instruction misses
   mGETXIM_D: 0 # GETX I->M Data misses
   mGETXSM: 0 # GETX S->M misses (upgrade misses)
   mGETXSM_I: 0 # GETX S->M Instruction misses (upgrade misses)
   mGETXSM_D: 0 # GETX S->M Data misses (upgrade misses)
   PUTS: 0 # Clean evictions (from lower level)
   PUTX: 0 # Dirty evictions (from lower level)
   INV: 29467 # Invalidates (from upper level)
   INVX: 0 # Downgrades (from upper level)
   FWD: 0 # Forwards (from upper level)
   latGETnl: 9467868 # GET request latency on next level
   latGETnet: 0 # GET request latency on network to next level
 l1d: # Cache stats
  l1d-0: # Filter cache stats
   fhGETS: 21515770 # Filtered GETS hits
   fhGETX: 1743336 # Filtered GETX hits
   hGETS: 121327 # GETS hits
   hGETX: 176203 # GETX hits
   mGETS: 187039 # GETS misses
   mGETS_I: 0 # GETS Instruction misses
   mGETS_D: 187039 # GETS data misses
   mGETXIM: 22521 # GETX I->M misses
   mGETXIM_I: 0 # GETX I->M Instruction misses
   mGETXIM_D: 22521 # GETX I->M Data misses
   mGETXSM: 0 # GETX S->M misses (upgrade misses)
   mGETXSM_I: 0 # GETX S->M Instruction misses (upgrade misses)
   mGETXSM_D: 0 # GETX S->M Data misses (upgrade misses)
   PUTS: 0 # Clean evictions (from lower level)
   PUTX: 0 # Dirty evictions (from lower level)
   INV: 209448 # Invalidates (from upper level)
   INVX: 0 # Downgrades (from upper level)
   FWD: 0 # Forwards (from upper level)
   latGETnl: 22561790 # GET request latency on next level
   latGETnet: 0 # GET request latency on network to next level
 l2: # Cache stats
  l2-0: # Cache stats
   hGETS: 124 # GETS hits
   hGETX: 0 # GETX hits
   mGETS: 274609 # GETS misses
   mGETS_I: 87570 # GETS Instruction misses
   mGETS_D: 187039 # GETS data misses
   mGETXIM: 22521 # GETX I->M misses
   mGETXIM_I: 0 # GETX I->M Instruction misses
   mGETXIM_D: 22521 # GETX I->M Data misses
   mGETXSM: 0 # GETX S->M misses (upgrade misses)
   mGETXSM_I: 0 # GETX S->M Instruction misses (upgrade misses)
   mGETXSM_D: 0 # GETX S->M Data misses (upgrade misses)
   PUTS: 58211 # Clean evictions (from lower level)
   PUTX: 0 # Dirty evictions (from lower level)
   INV: 221 # Invalidates (from upper level)
   INVX: 0 # Downgrades (from upper level)
   FWD: 0 # Forwards (from upper level)
   latGETnl: 28462610 # GET request latency on next level
   latGETnet: 0 # GET request latency on network to next level
 l3: # Cache stats
  l3-0: # Cache stats
   hGETS: 80566 # GETS hits
   hGETX: 5959 # GETX hits
   mGETS: 194043 # GETS misses
   mGETS_I: 0 # GETS Instruction misses
   mGETS_D: 0 # GETS data misses
   mGETXIM: 16562 # GETX I->M misses
   mGETXIM_I: 0 # GETX I->M Instruction misses
   mGETXIM_D: 0 # GETX I->M Data misses
   mGETXSM: 0 # GETX S->M misses (upgrade misses)
   mGETXSM_I: 0 # GETX S->M Instruction misses (upgrade misses)
   mGETXSM_D: 0 # GETX S->M Data misses (upgrade misses)
   PUTS: 178957 # Clean evictions (from lower level)
   PUTX: 117824 # Dirty evictions (from lower level)
   INV: 0 # Invalidates (from upper level)
   INVX: 0 # Downgrades (from upper level)
   FWD: 0 # Forwards (from upper level)
   latGETnl: 18954450 # GET request latency on next level
   latGETnet: 0 # GET request latency on network to next level
 mem: # Memory controller stats
  mem-0: # Memory controller stats
   rd: 52253 # Read requests
   wr: 25392 # Write requests
   rdlat: 7126288 # Total latency experienced by read requests
   wrlat: 4110049 # Total latency experienced by write requests
   rdhits: 266 # Read row hits
   wrhits: 1091 # Write row hits
   mlh: # latency histogram for memory requests
    0: 0
    1: 0
    2: 0
    3: 0
    4: 0
    5: 0
    6: 0
    7: 0
    8: 0
    9: 0
    10: 0
    11: 1
    12: 1
    13: 45065
    14: 4248
    15: 1265
    16: 452
    17: 119
    18: 34
    19: 78
    20: 58
    21: 238
    22: 63
    23: 37
    24: 63
    25: 37
    26: 17
    27: 17
    28: 28
    29: 25
    30: 40
    31: 25
    32: 22
    33: 26
    34: 40
    35: 33
    36: 24
    37: 20
    38: 35
    39: 28
    40: 29
    41: 30
    42: 28
    43: 9
    44: 4
    45: 1
    46: 1
    47: 1
    48: 9
    49: 0
    50: 0
    51: 0
    52: 0
    53: 2
    54: 0
    55: 0
    56: 0
    57: 0
    58: 0
    59: 0
    60: 0
    61: 0
    62: 0
    63: 0
    64: 0
    65: 0
    66: 0
    67: 0
    68: 0
    69: 0
    70: 0
    71: 0
    72: 0
    73: 0
    74: 0
    75: 0
    76: 0
    77: 0
    78: 0
    79: 0
    80: 0
    81: 0
    82: 0
    83: 0
    84: 0
    85: 0
    86: 0
    87: 0
    88: 0
    89: 0
    90: 0
    91: 0
    92: 0
    93: 0
    94: 0
    95: 0
    96: 0
    97: 0
    98: 0
    99: 0
  mem-1: # Memory controller stats
   rd: 53806 # Read requests
   wr: 26394 # Write requests
   rdlat: 7325136 # Total latency experienced by read requests
   wrlat: 4161717 # Total latency experienced by write requests
   rdhits: 73 # Read row hits
   wrhits: 643 # Write row hits
   mlh: # latency histogram for memory requests
    0: 0
    1: 0
    2: 0
    3: 0
    4: 0
    5: 0
    6: 0
    7: 0
    8: 0
    9: 0
    10: 0
    11: 0
    12: 4
    13: 46441
    14: 4864
    15: 980
    16: 266
    17: 260
    18: 55
    19: 97
    20: 73
    21: 58
    22: 61
    23: 42
    24: 33
    25: 48
    26: 18
    27: 43
    28: 35
    29: 26
    30: 26
    31: 16
    32: 28
    33: 29
    34: 34
    35: 22
    36: 32
    37: 38
    38: 32
    39: 24
    40: 26
    41: 24
    42: 31
    43: 10
    44: 5
    45: 2
    46: 10
    47: 3
    48: 3
    49: 0
    50: 0
    51: 2
    52: 1
    53: 3
    54: 0
    55: 1
    56: 0
    57: 0
    58: 0
    59: 0
    60: 0
    61: 0
    62: 0
    63: 0
    64: 0
    65: 0
    66: 0
    67: 0
    68: 0
    69: 0
    70: 0
    71: 0
    72: 0
    73: 0
    74: 0
    75: 0
    76: 0
    77: 0
    78: 0
    79: 0
    80: 0
    81: 0
    82: 0
    83: 0
    84: 0
    85: 0
    86: 0
    87: 0
    88: 0
    89: 0
    90: 0
    91: 0
    92: 0
    93: 0
    94: 0
    95: 0
    96: 0
    97: 0
    98: 0
    99: 0
  mem-2: # Memory controller stats
   rd: 50581 # Read requests
   wr: 25989 # Write requests
   rdlat: 6939434 # Total latency experienced by read requests
   wrlat: 4199062 # Total latency experienced by write requests
   rdhits: 119 # Read row hits
   wrhits: 720 # Write row hits
   mlh: # latency histogram for memory requests
    0: 0
    1: 0
    2: 0
    3: 0
    4: 0
    5: 0
    6: 0
    7: 0
    8: 0
    9: 0
    10: 2
    11: 0
    12: 2
    13: 43073
    14: 4791
    15: 940
    16: 140
    17: 78
    18: 53
    19: 91
    20: 77
    21: 281
    22: 231
    23: 61
    24: 53
    25: 37
    26: 22
    27: 33
    28: 35
    29: 223
    30: 16
    31: 18
    32: 21
    33: 26
    34: 43
    35: 27
    36: 31
    37: 21
    38: 24
    39: 21
    40: 25
    41: 26
    42: 24
    43: 7
    44: 2
    45: 6
    46: 2
    47: 3
    48: 3
    49: 2
    50: 0
    51: 3
    52: 3
    53: 2
    54: 1
    55: 0
    56: 0
    57: 0
    58: 0
    59: 1
    60: 0
    61: 0
    62: 0
    63: 0
    64: 0
    65: 0
    66: 0
    67: 0
    68: 0
    69: 0
    70: 0
    71: 0
    72: 0
    73: 0
    74: 0
    75: 0
    76: 0
    77: 0
    78: 0
    79: 0
    80: 0
    81: 0
    82: 0
    83: 0
    84: 0
    85: 0
    86: 0
    87: 0
    88: 0
    89: 0
    90: 0
    91: 0
    92: 0
    93: 0
    94: 0
    95: 0
    96: 0
    97: 0
    98: 0
    99: 0
  mem-3: # Memory controller stats
   rd: 53965 # Read requests
   wr: 26055 # Write requests
   rdlat: 7395167 # Total latency experienced by read requests
   wrlat: 4214963 # Total latency experienced by write requests
   rdhits: 83 # Read row hits
   wrhits: 1062 # Write row hits
   mlh: # latency histogram for memory requests
    0: 0
    1: 0
    2: 0
    3: 0
    4: 0
    5: 0
    6: 0
    7: 0
    8: 0
    9: 0
    10: 0
    11: 0
    12: 0
    13: 46111
    14: 4466
    15: 1106
    16: 452
    17: 476
    18: 231
    19: 65
    20: 116
    21: 54
    22: 66
    23: 165
    24: 48
    25: 32
    26: 20
    27: 33
    28: 40
    29: 36
    30: 28
    31: 27
    32: 38
    33: 36
    34: 29
    35: 37
    36: 30
    37: 40
    38: 19
    39: 27
    40: 30
    41: 23
    42: 38
    43: 3
    44: 7
    45: 7
    46: 5
    47: 6
    48: 6
    49: 6
    50: 5
    51: 1
    52: 0
    53: 0
    54: 0
    55: 0
    56: 0
    57: 0
    58: 0
    59: 0
    60: 0
    61: 0
    62: 0
    63: 0
    64: 0
    65: 0
    66: 0
    67: 0
    68: 0
    69: 0
    70: 0
    71: 0
    72: 0
    73: 0
    74: 0
    75: 0
    76: 0
    77: 0
    78: 0
    79: 0
    80: 0
    81: 0
    82: 0
    83: 0
    84: 0
    85: 0
    86: 0
    87: 0
    88: 0
    89: 0
    90: 0
    91: 0
    92: 0
    93: 0
    94: 0
    95: 0
    96: 0
    97: 0
    98: 0
    99: 0
 sched: # Scheduler stats
  thCr: 1 # Threads created
  thFn: 1 # Threads finished
  schedEvs: 1 # Schedule events
  waitEvs: 0 # Wait events
  handoffEvs: 0 # Handoff events
  sleepEvs: 0 # Sleep events
  idlePhases: 0 # Phases with no thread active
  idlePeriods: 0 # Periods with no thread active
  occHist: # Occupancy histogram
   0: 0
   1: 6899
  rqSzHist: # Run queue size histogram
   0: 6899
   1: 0
   2: 0
   3: 0
   4: 0
   5: 0
   6: 0
   7: 0
   8: 0
   9: 0
   10: 0
   11: 0
   12: 0
   13: 0
   14: 0
   15: 0
   16: 0
 procCycles: # Per-process unhalted core cycles
  0: 68990086
  1: 0
  2: 0
  3: 0
  4: 0
  5: 0
  6: 0
  7: 0
  8: 0
  9: 0
  10: 0
  11: 0
  12: 0
  13: 0
  14: 0
  15: 0
  16: 0
  17: 0
  18: 0
  19: 0
  20: 0
  21: 0
  22: 0
  23: 0
  24: 0
  25: 0
  26: 0
  27: 0
  28: 0
  29: 0
  30: 0
  31: 0
  32: 0
  33: 0
  34: 0
  35: 0
  36: 0
  37: 0
  38: 0
  39: 0
  40: 0
  41: 0
  42: 0
  43: 0
  44: 0
  45: 0
  46: 0
  47: 0
  48: 0
  49: 0
  50: 0
  51: 0
  52: 0
  53: 0
  54: 0
  55: 0
  56: 0
  57: 0
  58: 0
  59: 0
  60: 0
  61: 0
  62: 0
  63: 0
 procInstrs: # Per-process instructions
  0: 100010595
  1: 0
  2: 0
  3: 0
  4: 0
  5: 0
  6: 0
  7: 0
  8: 0
  9: 0
  10: 0
  11: 0
  12: 0
  13: 0
  14: 0
  15: 0
  16: 0
  17: 0
  18: 0
  19: 0
  20: 0
  21: 0
  22: 0
  23: 0
  24: 0
  25: 0
  26: 0
  27: 0
  28: 0
  29: 0
  30: 0
  31: 0
  32: 0
  33: 0
  34: 0
  35: 0
  36: 0
  37: 0
  38: 0
  39: 0
  40: 0
  41: 0
  42: 0
  43: 0
  44: 0
  45: 0
  46: 0
  47: 0
  48: 0
  49: 0
  50: 0
  51: 0
  52: 0
  53: 0
  54: 0
  55: 0
  56: 0
  57: 0
  58: 0
  59: 0
  60: 0
  61: 0
  62: 0
  63: 0
 heartbeats: # Per-process heartbeats
  0: 0
  1: 0
  2: 0
  3: 0
  4: 0
  5: 0
  6: 0
  7: 0
  8: 0
  9: 0
  10: 0
  11: 0
  12: 0
  13: 0
  14: 0
  15: 0
  16: 0
  17: 0
  18: 0
  19: 0
  20: 0
  21: 0
  22: 0
  23: 0
  24: 0
  25: 0
  26: 0
  27: 0
  28: 0
  29: 0
  30: 0
  31: 0
  32: 0
  33: 0
  34: 0
  35: 0
  36: 0
  37: 0
  38: 0
  39: 0
  40: 0
  41: 0
  42: 0
  43: 0
  44: 0
  45: 0
  46: 0
  47: 0
  48: 0
  49: 0
  50: 0
  51: 0
  52: 0
  53: 0
  54: 0
  55: 0
  56: 0
  57: 0
  58: 0
  59: 0
  60: 0
  61: 0
  62: 0
  63: 0
===
