# zsim stats
===
root: # Stats
 contention: # Contention simulation stats
  domain-0: # Domain stats
   time: 4453432000 # Weave simulation time
 time: # Simulator time breakdown
  init: 3062553080
  bound: 454866540093
  weave: 11341210296
  ff: 21644954
 trigger: 20000 # Reason for this stats dump
 phase: 489351 # Simulated phases
 westmere: # Core stats
  westmere-0: # Core stats
   cycles: 4893511924 # Simulated unhalted cycles
   cCycles: 171086685 # Cycles due to contention stalls
   instrs: 4062699574 # Simulated instructions
   uops: 4975437288 # Retired micro-ops
   bbls: 390852158 # Basic blocks
   approxInstrs: 53336301 # Instrs with approx uop decoding
   mispredBranches: 1945150 # Mispredicted branches
   condBranches: 244662560 # conditional branches
   fetchStalls: 18446744071424805245 # Fetch stalls
   decodeStalls: 2394755924 # Decode stalls
   issueStalls: 67142163 # Issue stalls
 l1i: # Cache stats
  l1i-0: # Filter cache stats
   fhGETS: 158586287 # Filtered GETS hits
   fhGETX: 0 # Filtered GETX hits
   hGETS: 276832437 # GETS hits
   hGETX: 0 # GETX hits
   mGETS: 120010209 # GETS misses
   mGETS_I: 120010209 # GETS Instruction misses
   mGETS_D: 0 # GETS data misses
   mGETXIM: 0 # GETX I->M misses
   mGETXIM_I: 0 # GETX I->M Instruction misses
   mGETXIM_D: 0 # GETX I->M Data misses
   mGETXSM: 0 # GETX S->M misses (upgrade misses)
   mGETXSM_I: 0 # GETX S->M Instruction misses (upgrade misses)
   mGETXSM_D: 0 # GETX S->M Data misses (upgrade misses)
   PUTS: 0 # Clean evictions (from lower level)
   PUTX: 0 # Dirty evictions (from lower level)
   INV: 3234871 # Invalidates (from upper level)
   INVX: 0 # Downgrades (from upper level)
   FWD: 0 # Forwards (from upper level)
   latGETnl: 2321132428 # GET request latency on next level
   latGETnet: 0 # GET request latency on network to next level
 l1d: # Cache stats
  l1d-0: # Filter cache stats
   fhGETS: 778826590 # Filtered GETS hits
   fhGETX: 314202682 # Filtered GETX hits
   hGETS: 52098951 # GETS hits
   hGETX: 14509930 # GETX hits
   mGETS: 22032702 # GETS misses
   mGETS_I: 0 # GETS Instruction misses
   mGETS_D: 22032702 # GETS data misses
   mGETXIM: 895633 # GETX I->M misses
   mGETXIM_I: 0 # GETX I->M Instruction misses
   mGETXIM_D: 895633 # GETX I->M Data misses
   mGETXSM: 0 # GETX S->M misses (upgrade misses)
   mGETXSM_I: 0 # GETX S->M Instruction misses (upgrade misses)
   mGETXSM_D: 0 # GETX S->M Data misses (upgrade misses)
   PUTS: 0 # Clean evictions (from lower level)
   PUTX: 0 # Dirty evictions (from lower level)
   INV: 22927431 # Invalidates (from upper level)
   INVX: 0 # Downgrades (from upper level)
   FWD: 0 # Forwards (from upper level)
   latGETnl: 1522323920 # GET request latency on next level
   latGETnet: 0 # GET request latency on network to next level
 l2: # Cache stats
  l2-0: # Cache stats
   hGETS: 92529319 # GETS hits
   hGETX: 0 # GETX hits
   mGETS: 49513592 # GETS misses
   mGETS_I: 27480890 # GETS Instruction misses
   mGETS_D: 22032702 # GETS data misses
   mGETXIM: 895633 # GETX I->M misses
   mGETXIM_I: 0 # GETX I->M Instruction misses
   mGETXIM_D: 895633 # GETX I->M Data misses
   mGETXSM: 0 # GETX S->M misses (upgrade misses)
   mGETXSM_I: 0 # GETX S->M Instruction misses (upgrade misses)
   mGETXSM_D: 0 # GETX S->M Data misses (upgrade misses)
   PUTS: 116776130 # Clean evictions (from lower level)
   PUTX: 0 # Dirty evictions (from lower level)
   INV: 4694 # Invalidates (from upper level)
   INVX: 0 # Downgrades (from upper level)
   FWD: 0 # Forwards (from upper level)
   latGETnl: 2128193820 # GET request latency on next level
   latGETnet: 0 # GET request latency on network to next level
 l3: # Cache stats
  l3-0: # Cache stats
   hGETS: 44201418 # GETS hits
   hGETX: 484489 # GETX hits
   mGETS: 5312174 # GETS misses
   mGETS_I: 0 # GETS Instruction misses
   mGETS_D: 0 # GETS data misses
   mGETXIM: 411144 # GETX I->M misses
   mGETXIM_I: 0 # GETX I->M Instruction misses
   mGETXIM_D: 0 # GETX I->M Data misses
   mGETXSM: 0 # GETX S->M misses (upgrade misses)
   mGETXSM_I: 0 # GETX S->M Instruction misses (upgrade misses)
   mGETXSM_D: 0 # GETX S->M Data misses (upgrade misses)
   PUTS: 49268075 # Clean evictions (from lower level)
   PUTX: 1136328 # Dirty evictions (from lower level)
   INV: 0 # Invalidates (from upper level)
   INVX: 0 # Downgrades (from upper level)
   FWD: 0 # Forwards (from upper level)
   latGETnl: 515098620 # GET request latency on next level
   latGETnet: 0 # GET request latency on network to next level
 mem: # Memory controller stats
  mem-0: # Memory controller stats
   rd: 1433947 # Read requests
   wr: 103564 # Write requests
   rdlat: 212159442 # Total latency experienced by read requests
   wrlat: 14899269 # Total latency experienced by write requests
   rdhits: 307360 # Read row hits
   wrhits: 0 # Write row hits
   mlh: # latency histogram for memory requests
    0: 0
    1: 0
    2: 0
    3: 0
    4: 0
    5: 0
    6: 0
    7: 0
    8: 0
    9: 0
    10: 0
    11: 535
    12: 277
    13: 911871
    14: 106480
    15: 94685
    16: 13373
    17: 94766
    18: 95792
    19: 80687
    20: 15711
    21: 929
    22: 838
    23: 766
    24: 760
    25: 781
    26: 741
    27: 794
    28: 735
    29: 716
    30: 747
    31: 713
    32: 737
    33: 784
    34: 774
    35: 747
    36: 756
    37: 834
    38: 809
    39: 774
    40: 821
    41: 849
    42: 752
    43: 452
    44: 283
    45: 236
    46: 179
    47: 129
    48: 348
    49: 363
    50: 272
    51: 114
    52: 159
    53: 78
    54: 0
    55: 0
    56: 0
    57: 0
    58: 0
    59: 0
    60: 0
    61: 0
    62: 0
    63: 0
    64: 0
    65: 0
    66: 0
    67: 0
    68: 0
    69: 0
    70: 0
    71: 0
    72: 0
    73: 0
    74: 0
    75: 0
    76: 0
    77: 0
    78: 0
    79: 0
    80: 0
    81: 0
    82: 0
    83: 0
    84: 0
    85: 0
    86: 0
    87: 0
    88: 0
    89: 0
    90: 0
    91: 0
    92: 0
    93: 0
    94: 0
    95: 0
    96: 0
    97: 0
    98: 0
    99: 0
  mem-1: # Memory controller stats
   rd: 1447002 # Read requests
   wr: 102725 # Write requests
   rdlat: 213951302 # Total latency experienced by read requests
   wrlat: 14666188 # Total latency experienced by write requests
   rdhits: 312579 # Read row hits
   wrhits: 0 # Write row hits
   mlh: # latency histogram for memory requests
    0: 0
    1: 0
    2: 0
    3: 0
    4: 0
    5: 0
    6: 0
    7: 0
    8: 0
    9: 0
    10: 0
    11: 1709
    12: 4488
    13: 918289
    14: 105539
    15: 95449
    16: 11024
    17: 96461
    18: 96951
    19: 82506
    20: 14722
    21: 843
    22: 872
    23: 968
    24: 839
    25: 772
    26: 747
    27: 763
    28: 752
    29: 786
    30: 762
    31: 736
    32: 775
    33: 756
    34: 760
    35: 770
    36: 779
    37: 799
    38: 745
    39: 788
    40: 735
    41: 833
    42: 736
    43: 416
    44: 251
    45: 241
    46: 166
    47: 111
    48: 355
    49: 361
    50: 276
    51: 125
    52: 168
    53: 78
    54: 0
    55: 0
    56: 0
    57: 0
    58: 0
    59: 0
    60: 0
    61: 0
    62: 0
    63: 0
    64: 0
    65: 0
    66: 0
    67: 0
    68: 0
    69: 0
    70: 0
    71: 0
    72: 0
    73: 0
    74: 0
    75: 0
    76: 0
    77: 0
    78: 0
    79: 0
    80: 0
    81: 0
    82: 0
    83: 0
    84: 0
    85: 0
    86: 0
    87: 0
    88: 0
    89: 0
    90: 0
    91: 0
    92: 0
    93: 0
    94: 0
    95: 0
    96: 0
    97: 0
    98: 0
    99: 0
  mem-2: # Memory controller stats
   rd: 1412370 # Read requests
   wr: 102591 # Write requests
   rdlat: 208321205 # Total latency experienced by read requests
   wrlat: 14482285 # Total latency experienced by write requests
   rdhits: 312901 # Read row hits
   wrhits: 0 # Write row hits
   mlh: # latency histogram for memory requests
    0: 0
    1: 0
    2: 0
    3: 0
    4: 0
    5: 0
    6: 0
    7: 0
    8: 0
    9: 0
    10: 0
    11: 6288
    12: 136
    13: 892750
    14: 113813
    15: 100677
    16: 15421
    17: 87131
    18: 87979
    19: 74703
    20: 13787
    21: 781
    22: 715
    23: 795
    24: 803
    25: 833
    26: 803
    27: 855
    28: 831
    29: 812
    30: 791
    31: 746
    32: 781
    33: 785
    34: 721
    35: 723
    36: 733
    37: 728
    38: 765
    39: 769
    40: 714
    41: 794
    42: 777
    43: 433
    44: 305
    45: 302
    46: 207
    47: 154
    48: 355
    49: 342
    50: 244
    51: 95
    52: 128
    53: 65
    54: 0
    55: 0
    56: 0
    57: 0
    58: 0
    59: 0
    60: 0
    61: 0
    62: 0
    63: 0
    64: 0
    65: 0
    66: 0
    67: 0
    68: 0
    69: 0
    70: 0
    71: 0
    72: 0
    73: 0
    74: 0
    75: 0
    76: 0
    77: 0
    78: 0
    79: 0
    80: 0
    81: 0
    82: 0
    83: 0
    84: 0
    85: 0
    86: 0
    87: 0
    88: 0
    89: 0
    90: 0
    91: 0
    92: 0
    93: 0
    94: 0
    95: 0
    96: 0
    97: 0
    98: 0
    99: 0
  mem-3: # Memory controller stats
   rd: 1429983 # Read requests
   wr: 102479 # Write requests
   rdlat: 211030182 # Total latency experienced by read requests
   wrlat: 14493335 # Total latency experienced by write requests
   rdhits: 306645 # Read row hits
   wrhits: 0 # Write row hits
   mlh: # latency histogram for memory requests
    0: 0
    1: 0
    2: 0
    3: 0
    4: 0
    5: 0
    6: 0
    7: 0
    8: 0
    9: 0
    10: 0
    11: 0
    12: 127
    13: 913550
    14: 111021
    15: 97767
    16: 14978
    17: 90452
    18: 91230
    19: 77215
    20: 14593
    21: 736
    22: 738
    23: 716
    24: 732
    25: 735
    26: 742
    27: 769
    28: 784
    29: 763
    30: 737
    31: 714
    32: 764
    33: 763
    34: 713
    35: 713
    36: 757
    37: 781
    38: 767
    39: 767
    40: 714
    41: 777
    42: 769
    43: 426
    44: 254
    45: 247
    46: 173
    47: 124
    48: 370
    49: 379
    50: 260
    51: 124
    52: 164
    53: 78
    54: 0
    55: 0
    56: 0
    57: 0
    58: 0
    59: 0
    60: 0
    61: 0
    62: 0
    63: 0
    64: 0
    65: 0
    66: 0
    67: 0
    68: 0
    69: 0
    70: 0
    71: 0
    72: 0
    73: 0
    74: 0
    75: 0
    76: 0
    77: 0
    78: 0
    79: 0
    80: 0
    81: 0
    82: 0
    83: 0
    84: 0
    85: 0
    86: 0
    87: 0
    88: 0
    89: 0
    90: 0
    91: 0
    92: 0
    93: 0
    94: 0
    95: 0
    96: 0
    97: 0
    98: 0
    99: 0
 sched: # Scheduler stats
  thCr: 9 # Threads created
  thFn: 9 # Threads finished
  schedEvs: 58 # Schedule events
  waitEvs: 57 # Wait events
  handoffEvs: 48 # Handoff events
  sleepEvs: 0 # Sleep events
  idlePhases: 0 # Phases with no thread active
  idlePeriods: 0 # Periods with no thread active
  occHist: # Occupancy histogram
   0: 0
   1: 489351
  rqSzHist: # Run queue size histogram
   0: 5
   1: 560
   2: 800
   3: 991
   4: 1264
   5: 1351
   6: 1200
   7: 483180
   8: 0
   9: 0
   10: 0
   11: 0
   12: 0
   13: 0
   14: 0
   15: 0
   16: 0
 procCycles: # Per-process unhalted core cycles
  0: 4893511924
  1: 0
  2: 0
  3: 0
  4: 0
  5: 0
  6: 0
  7: 0
  8: 0
  9: 0
  10: 0
  11: 0
  12: 0
  13: 0
  14: 0
  15: 0
  16: 0
  17: 0
  18: 0
  19: 0
  20: 0
  21: 0
  22: 0
  23: 0
  24: 0
  25: 0
  26: 0
  27: 0
  28: 0
  29: 0
  30: 0
  31: 0
  32: 0
  33: 0
  34: 0
  35: 0
  36: 0
  37: 0
  38: 0
  39: 0
  40: 0
  41: 0
  42: 0
  43: 0
  44: 0
  45: 0
  46: 0
  47: 0
  48: 0
  49: 0
  50: 0
  51: 0
  52: 0
  53: 0
  54: 0
  55: 0
  56: 0
  57: 0
  58: 0
  59: 0
  60: 0
  61: 0
  62: 0
  63: 0
 procInstrs: # Per-process instructions
  0: 4062699574
  1: 0
  2: 0
  3: 0
  4: 0
  5: 0
  6: 0
  7: 0
  8: 0
  9: 0
  10: 0
  11: 0
  12: 0
  13: 0
  14: 0
  15: 0
  16: 0
  17: 0
  18: 0
  19: 0
  20: 0
  21: 0
  22: 0
  23: 0
  24: 0
  25: 0
  26: 0
  27: 0
  28: 0
  29: 0
  30: 0
  31: 0
  32: 0
  33: 0
  34: 0
  35: 0
  36: 0
  37: 0
  38: 0
  39: 0
  40: 0
  41: 0
  42: 0
  43: 0
  44: 0
  45: 0
  46: 0
  47: 0
  48: 0
  49: 0
  50: 0
  51: 0
  52: 0
  53: 0
  54: 0
  55: 0
  56: 0
  57: 0
  58: 0
  59: 0
  60: 0
  61: 0
  62: 0
  63: 0
 heartbeats: # Per-process heartbeats
  0: 0
  1: 0
  2: 0
  3: 0
  4: 0
  5: 0
  6: 0
  7: 0
  8: 0
  9: 0
  10: 0
  11: 0
  12: 0
  13: 0
  14: 0
  15: 0
  16: 0
  17: 0
  18: 0
  19: 0
  20: 0
  21: 0
  22: 0
  23: 0
  24: 0
  25: 0
  26: 0
  27: 0
  28: 0
  29: 0
  30: 0
  31: 0
  32: 0
  33: 0
  34: 0
  35: 0
  36: 0
  37: 0
  38: 0
  39: 0
  40: 0
  41: 0
  42: 0
  43: 0
  44: 0
  45: 0
  46: 0
  47: 0
  48: 0
  49: 0
  50: 0
  51: 0
  52: 0
  53: 0
  54: 0
  55: 0
  56: 0
  57: 0
  58: 0
  59: 0
  60: 0
  61: 0
  62: 0
  63: 0
===
