# zsim stats
===
root: # Stats
 contention: # Contention simulation stats
  domain-0: # Domain stats
   time: 5970111437 # Weave simulation time
 time: # Simulator time breakdown
  init: 2976998147
  bound: 1250476801241
  weave: 11058729363
  ff: 0
 trigger: 20000 # Reason for this stats dump
 phase: 359095 # Simulated phases
 westmere: # Core stats
  westmere-0: # Core stats
   cycles: 3590950702 # Simulated unhalted cycles
   cCycles: 122460928 # Cycles due to contention stalls
   instrs: 5000002717 # Simulated instructions
   uops: 5260828643 # Retired micro-ops
   bbls: 726498654 # Basic blocks
   approxInstrs: 357 # Instrs with approx uop decoding
   mispredBranches: 31750011 # Mispredicted branches
   condBranches: 701177424 # conditional branches
   fetchStalls: 18446744072974254137 # Fetch stalls
   decodeStalls: 2287473597 # Decode stalls
   issueStalls: 38697758 # Issue stalls
 l1i: # Cache stats
  l1i-0: # Filter cache stats
   fhGETS: 983456014 # Filtered GETS hits
   fhGETX: 0 # Filtered GETX hits
   hGETS: 17983170 # GETS hits
   hGETX: 0 # GETX hits
   mGETS: 1737 # GETS misses
   mGETS_I: 1737 # GETS Instruction misses
   mGETS_D: 0 # GETS data misses
   mGETXIM: 0 # GETX I->M misses
   mGETXIM_I: 0 # GETX I->M Instruction misses
   mGETXIM_D: 0 # GETX I->M Data misses
   mGETXSM: 0 # GETX S->M misses (upgrade misses)
   mGETXSM_I: 0 # GETX S->M Instruction misses (upgrade misses)
   mGETXSM_D: 0 # GETX S->M Data misses (upgrade misses)
   PUTS: 0 # Clean evictions (from lower level)
   PUTX: 0 # Dirty evictions (from lower level)
   INV: 1625 # Invalidates (from upper level)
   INVX: 0 # Downgrades (from upper level)
   FWD: 0 # Forwards (from upper level)
   latGETnl: 232758 # GET request latency on next level
   latGETnet: 0 # GET request latency on network to next level
 l1d: # Cache stats
  l1d-0: # Filter cache stats
   fhGETS: 1242993528 # Filtered GETS hits
   fhGETX: 209378503 # Filtered GETX hits
   hGETS: 76758514 # GETS hits
   hGETX: 14674397 # GETX hits
   mGETS: 5188142 # GETS misses
   mGETS_I: 0 # GETS Instruction misses
   mGETS_D: 5188142 # GETS data misses
   mGETXIM: 1411042 # GETX I->M misses
   mGETXIM_I: 0 # GETX I->M Instruction misses
   mGETXIM_D: 1411042 # GETX I->M Data misses
   mGETXSM: 0 # GETX S->M misses (upgrade misses)
   mGETXSM_I: 0 # GETX S->M Instruction misses (upgrade misses)
   mGETXSM_D: 0 # GETX S->M Data misses (upgrade misses)
   PUTS: 0 # Clean evictions (from lower level)
   PUTX: 0 # Dirty evictions (from lower level)
   INV: 158 # Invalidates (from upper level)
   INVX: 0 # Downgrades (from upper level)
   FWD: 0 # Forwards (from upper level)
   latGETnl: 694344416 # GET request latency on next level
   latGETnet: 0 # GET request latency on network to next level
 l2: # Cache stats
  l2-0: # Cache stats
   hGETS: 1465084 # GETS hits
   hGETX: 34816 # GETX hits
   mGETS: 3724795 # GETS misses
   mGETS_I: 1737 # GETS Instruction misses
   mGETS_D: 3723058 # GETS data misses
   mGETXIM: 1376226 # GETX I->M misses
   mGETXIM_I: 0 # GETX I->M Instruction misses
   mGETXIM_D: 1376226 # GETX I->M Data misses
   mGETXSM: 0 # GETX S->M misses (upgrade misses)
   mGETXSM_I: 0 # GETX S->M Instruction misses (upgrade misses)
   mGETXSM_D: 0 # GETX S->M Data misses (upgrade misses)
   PUTS: 3420937 # Clean evictions (from lower level)
   PUTX: 3177065 # Dirty evictions (from lower level)
   INV: 65098 # Invalidates (from upper level)
   INVX: 0 # Downgrades (from upper level)
   FWD: 0 # Forwards (from upper level)
   latGETnl: 615366122 # GET request latency on next level
   latGETnet: 0 # GET request latency on network to next level
 l3: # Cache stats
  l3-0: # Cache stats
   hGETS: 75320 # GETS hits
   hGETX: 1996 # GETX hits
   mGETS: 3649475 # GETS misses
   mGETS_I: 0 # GETS Instruction misses
   mGETS_D: 0 # GETS data misses
   mGETXIM: 1374230 # GETX I->M misses
   mGETXIM_I: 0 # GETX I->M Instruction misses
   mGETXIM_D: 0 # GETX I->M Data misses
   mGETXSM: 0 # GETX S->M misses (upgrade misses)
   mGETXSM_I: 0 # GETX S->M Instruction misses (upgrade misses)
   mGETXSM_D: 0 # GETX S->M Data misses (upgrade misses)
   PUTS: 2476987 # Clean evictions (from lower level)
   PUTX: 2542570 # Dirty evictions (from lower level)
   INV: 0 # Invalidates (from upper level)
   INVX: 0 # Downgrades (from upper level)
   FWD: 0 # Forwards (from upper level)
   latGETnl: 452133450 # GET request latency on next level
   latGETnet: 0 # GET request latency on network to next level
 mem: # Memory controller stats
  mem-0: # Memory controller stats
   rd: 1259671 # Read requests
   wr: 635292 # Write requests
   rdlat: 169670025 # Total latency experienced by read requests
   wrlat: 93756273 # Total latency experienced by write requests
   rdhits: 30 # Read row hits
   wrhits: 666 # Write row hits
   mlh: # latency histogram for memory requests
    0: 0
    1: 0
    2: 0
    3: 0
    4: 0
    5: 0
    6: 0
    7: 0
    8: 0
    9: 0
    10: 0
    11: 0
    12: 8
    13: 1198342
    14: 26097
    15: 11748
    16: 4251
    17: 705
    18: 593
    19: 584
    20: 712
    21: 658
    22: 651
    23: 983
    24: 1213
    25: 869
    26: 549
    27: 582
    28: 689
    29: 613
    30: 761
    31: 689
    32: 739
    33: 786
    34: 981
    35: 740
    36: 727
    37: 664
    38: 638
    39: 697
    40: 639
    41: 671
    42: 621
    43: 229
    44: 32
    45: 44
    46: 70
    47: 57
    48: 24
    49: 4
    50: 2
    51: 1
    52: 4
    53: 3
    54: 1
    55: 0
    56: 0
    57: 0
    58: 0
    59: 0
    60: 0
    61: 0
    62: 0
    63: 0
    64: 0
    65: 0
    66: 0
    67: 0
    68: 0
    69: 0
    70: 0
    71: 0
    72: 0
    73: 0
    74: 0
    75: 0
    76: 0
    77: 0
    78: 0
    79: 0
    80: 0
    81: 0
    82: 0
    83: 0
    84: 0
    85: 0
    86: 0
    87: 0
    88: 0
    89: 0
    90: 0
    91: 0
    92: 0
    93: 0
    94: 0
    95: 0
    96: 0
    97: 0
    98: 0
    99: 0
  mem-1: # Memory controller stats
   rd: 1253040 # Read requests
   wr: 636527 # Write requests
   rdlat: 168624408 # Total latency experienced by read requests
   wrlat: 93625992 # Total latency experienced by write requests
   rdhits: 16 # Read row hits
   wrhits: 642 # Write row hits
   mlh: # latency histogram for memory requests
    0: 0
    1: 0
    2: 0
    3: 0
    4: 0
    5: 0
    6: 0
    7: 0
    8: 0
    9: 0
    10: 0
    11: 2
    12: 3
    13: 1195403
    14: 24350
    15: 10888
    16: 4112
    17: 549
    18: 557
    19: 605
    20: 666
    21: 591
    22: 657
    23: 826
    24: 965
    25: 712
    26: 518
    27: 569
    28: 678
    29: 651
    30: 751
    31: 612
    32: 737
    33: 768
    34: 1040
    35: 758
    36: 690
    37: 673
    38: 662
    39: 708
    40: 612
    41: 653
    42: 623
    43: 259
    44: 31
    45: 40
    46: 56
    47: 42
    48: 20
    49: 1
    50: 0
    51: 1
    52: 1
    53: 0
    54: 0
    55: 0
    56: 0
    57: 0
    58: 0
    59: 0
    60: 0
    61: 0
    62: 0
    63: 0
    64: 0
    65: 0
    66: 0
    67: 0
    68: 0
    69: 0
    70: 0
    71: 0
    72: 0
    73: 0
    74: 0
    75: 0
    76: 0
    77: 0
    78: 0
    79: 0
    80: 0
    81: 0
    82: 0
    83: 0
    84: 0
    85: 0
    86: 0
    87: 0
    88: 0
    89: 0
    90: 0
    91: 0
    92: 0
    93: 0
    94: 0
    95: 0
    96: 0
    97: 0
    98: 0
    99: 0
  mem-2: # Memory controller stats
   rd: 1258719 # Read requests
   wr: 634575 # Write requests
   rdlat: 169426216 # Total latency experienced by read requests
   wrlat: 93500691 # Total latency experienced by write requests
   rdhits: 32 # Read row hits
   wrhits: 625 # Write row hits
   mlh: # latency histogram for memory requests
    0: 0
    1: 0
    2: 0
    3: 0
    4: 0
    5: 0
    6: 0
    7: 0
    8: 0
    9: 0
    10: 0
    11: 2
    12: 12
    13: 1201840
    14: 22870
    15: 10885
    16: 4310
    17: 587
    18: 564
    19: 620
    20: 711
    21: 601
    22: 733
    23: 1002
    24: 983
    25: 695
    26: 569
    27: 597
    28: 696
    29: 636
    30: 775
    31: 699
    32: 803
    33: 806
    34: 901
    35: 785
    36: 641
    37: 698
    38: 687
    39: 711
    40: 602
    41: 606
    42: 617
    43: 248
    44: 33
    45: 34
    46: 62
    47: 67
    48: 20
    49: 1
    50: 8
    51: 1
    52: 0
    53: 0
    54: 1
    55: 0
    56: 0
    57: 0
    58: 0
    59: 0
    60: 0
    61: 0
    62: 0
    63: 0
    64: 0
    65: 0
    66: 0
    67: 0
    68: 0
    69: 0
    70: 0
    71: 0
    72: 0
    73: 0
    74: 0
    75: 0
    76: 0
    77: 0
    78: 0
    79: 0
    80: 0
    81: 0
    82: 0
    83: 0
    84: 0
    85: 0
    86: 0
    87: 0
    88: 0
    89: 0
    90: 0
    91: 0
    92: 0
    93: 0
    94: 0
    95: 0
    96: 0
    97: 0
    98: 0
    99: 0
  mem-3: # Memory controller stats
   rd: 1252275 # Read requests
   wr: 634660 # Write requests
   rdlat: 168649174 # Total latency experienced by read requests
   wrlat: 93692316 # Total latency experienced by write requests
   rdhits: 27 # Read row hits
   wrhits: 632 # Write row hits
   mlh: # latency histogram for memory requests
    0: 0
    1: 0
    2: 0
    3: 0
    4: 0
    5: 0
    6: 0
    7: 0
    8: 0
    9: 0
    10: 0
    11: 1
    12: 7
    13: 1192188
    14: 26157
    15: 10606
    16: 4217
    17: 628
    18: 518
    19: 568
    20: 733
    21: 631
    22: 806
    23: 951
    24: 1061
    25: 766
    26: 598
    27: 541
    28: 699
    29: 666
    30: 829
    31: 672
    32: 775
    33: 775
    34: 936
    35: 822
    36: 726
    37: 698
    38: 681
    39: 701
    40: 632
    41: 616
    42: 603
    43: 252
    44: 33
    45: 52
    46: 53
    47: 51
    48: 14
    49: 5
    50: 3
    51: 2
    52: 1
    53: 0
    54: 1
    55: 0
    56: 0
    57: 0
    58: 0
    59: 0
    60: 0
    61: 0
    62: 0
    63: 0
    64: 0
    65: 0
    66: 0
    67: 0
    68: 0
    69: 0
    70: 0
    71: 0
    72: 0
    73: 0
    74: 0
    75: 0
    76: 0
    77: 0
    78: 0
    79: 0
    80: 0
    81: 0
    82: 0
    83: 0
    84: 0
    85: 0
    86: 0
    87: 0
    88: 0
    89: 0
    90: 0
    91: 0
    92: 0
    93: 0
    94: 0
    95: 0
    96: 0
    97: 0
    98: 0
    99: 0
 sched: # Scheduler stats
  thCr: 9 # Threads created
  thFn: 0 # Threads finished
  schedEvs: 298 # Schedule events
  waitEvs: 297 # Wait events
  handoffEvs: 35 # Handoff events
  sleepEvs: 0 # Sleep events
  idlePhases: 0 # Phases with no thread active
  idlePeriods: 0 # Periods with no thread active
  occHist: # Occupancy histogram
   0: 0
   1: 359095
  rqSzHist: # Run queue size histogram
   0: 5344
   1: 17761
   2: 17108
   3: 85306
   4: 131730
   5: 93192
   6: 8594
   7: 60
   8: 0
   9: 0
   10: 0
   11: 0
   12: 0
   13: 0
   14: 0
   15: 0
   16: 0
 procCycles: # Per-process unhalted core cycles
  0: 3590950702
  1: 0
  2: 0
  3: 0
  4: 0
  5: 0
  6: 0
  7: 0
  8: 0
  9: 0
  10: 0
  11: 0
  12: 0
  13: 0
  14: 0
  15: 0
  16: 0
  17: 0
  18: 0
  19: 0
  20: 0
  21: 0
  22: 0
  23: 0
  24: 0
  25: 0
  26: 0
  27: 0
  28: 0
  29: 0
  30: 0
  31: 0
  32: 0
  33: 0
  34: 0
  35: 0
  36: 0
  37: 0
  38: 0
  39: 0
  40: 0
  41: 0
  42: 0
  43: 0
  44: 0
  45: 0
  46: 0
  47: 0
  48: 0
  49: 0
  50: 0
  51: 0
  52: 0
  53: 0
  54: 0
  55: 0
  56: 0
  57: 0
  58: 0
  59: 0
  60: 0
  61: 0
  62: 0
  63: 0
 procInstrs: # Per-process instructions
  0: 5000002717
  1: 0
  2: 0
  3: 0
  4: 0
  5: 0
  6: 0
  7: 0
  8: 0
  9: 0
  10: 0
  11: 0
  12: 0
  13: 0
  14: 0
  15: 0
  16: 0
  17: 0
  18: 0
  19: 0
  20: 0
  21: 0
  22: 0
  23: 0
  24: 0
  25: 0
  26: 0
  27: 0
  28: 0
  29: 0
  30: 0
  31: 0
  32: 0
  33: 0
  34: 0
  35: 0
  36: 0
  37: 0
  38: 0
  39: 0
  40: 0
  41: 0
  42: 0
  43: 0
  44: 0
  45: 0
  46: 0
  47: 0
  48: 0
  49: 0
  50: 0
  51: 0
  52: 0
  53: 0
  54: 0
  55: 0
  56: 0
  57: 0
  58: 0
  59: 0
  60: 0
  61: 0
  62: 0
  63: 0
 heartbeats: # Per-process heartbeats
  0: 0
  1: 0
  2: 0
  3: 0
  4: 0
  5: 0
  6: 0
  7: 0
  8: 0
  9: 0
  10: 0
  11: 0
  12: 0
  13: 0
  14: 0
  15: 0
  16: 0
  17: 0
  18: 0
  19: 0
  20: 0
  21: 0
  22: 0
  23: 0
  24: 0
  25: 0
  26: 0
  27: 0
  28: 0
  29: 0
  30: 0
  31: 0
  32: 0
  33: 0
  34: 0
  35: 0
  36: 0
  37: 0
  38: 0
  39: 0
  40: 0
  41: 0
  42: 0
  43: 0
  44: 0
  45: 0
  46: 0
  47: 0
  48: 0
  49: 0
  50: 0
  51: 0
  52: 0
  53: 0
  54: 0
  55: 0
  56: 0
  57: 0
  58: 0
  59: 0
  60: 0
  61: 0
  62: 0
  63: 0
===
