# zsim stats
===
root: # Stats
 contention: # Contention simulation stats
  domain-0: # Domain stats
   time: 34395183095 # Weave simulation time
 time: # Simulator time breakdown
  init: 30796626942
  bound: 4376102712551
  weave: 43739610781
  ff: 7479042
 trigger: 20000 # Reason for this stats dump
 phase: 715563 # Simulated phases
 westmere: # Core stats
  westmere-0: # Core stats
   cycles: 7155631728 # Simulated unhalted cycles
   cCycles: 1164551221 # Cycles due to contention stalls
   instrs: 1721773139 # Simulated instructions
   uops: 2176750051 # Retired micro-ops
   bbls: 174258814 # Basic blocks
   approxInstrs: 126302234 # Instrs with approx uop decoding
   mispredBranches: 6390916 # Mispredicted branches
   condBranches: 111715759 # conditional branches
   fetchStalls: 18446744071447924718 # Fetch stalls
   decodeStalls: 2081609148 # Decode stalls
   issueStalls: 49166334 # Issue stalls
 l1i: # Cache stats
  l1i-0: # Filter cache stats
   fhGETS: 131038644 # Filtered GETS hits
   fhGETX: 0 # Filtered GETX hits
   hGETS: 56983080 # GETS hits
   hGETX: 0 # GETX hits
   mGETS: 53065521 # GETS misses
   mGETS_I: 53065521 # GETS Instruction misses
   mGETS_D: 0 # GETS data misses
   mGETXIM: 0 # GETX I->M misses
   mGETXIM_I: 0 # GETX I->M Instruction misses
   mGETXIM_D: 0 # GETX I->M Data misses
   mGETXSM: 0 # GETX S->M misses (upgrade misses)
   mGETXSM_I: 0 # GETX S->M Instruction misses (upgrade misses)
   mGETXSM_D: 0 # GETX S->M Data misses (upgrade misses)
   PUTS: 0 # Clean evictions (from lower level)
   PUTX: 0 # Dirty evictions (from lower level)
   INV: 3702141 # Invalidates (from upper level)
   INVX: 0 # Downgrades (from upper level)
   FWD: 0 # Forwards (from upper level)
   latGETnl: 1922402152 # GET request latency on next level
   latGETnet: 0 # GET request latency on network to next level
 l1d: # Cache stats
  l1d-0: # Filter cache stats
   fhGETS: 382921240 # Filtered GETS hits
   fhGETX: 89014637 # Filtered GETX hits
   hGETS: 23766920 # GETS hits
   hGETX: 25863379 # GETX hits
   mGETS: 45862963 # GETS misses
   mGETS_I: 0 # GETS Instruction misses
   mGETS_D: 45862963 # GETS data misses
   mGETXIM: 1240170 # GETX I->M misses
   mGETXIM_I: 0 # GETX I->M Instruction misses
   mGETXIM_D: 1240170 # GETX I->M Data misses
   mGETXSM: 0 # GETX S->M misses (upgrade misses)
   mGETXSM_I: 0 # GETX S->M Instruction misses (upgrade misses)
   mGETXSM_D: 0 # GETX S->M Data misses (upgrade misses)
   PUTS: 0 # Clean evictions (from lower level)
   PUTX: 0 # Dirty evictions (from lower level)
   INV: 47103016 # Invalidates (from upper level)
   INVX: 0 # Downgrades (from upper level)
   FWD: 0 # Forwards (from upper level)
   latGETnl: 5494723052 # GET request latency on next level
   latGETnet: 0 # GET request latency on network to next level
 l2: # Cache stats
  l2-0: # Cache stats
   hGETS: 17885536 # GETS hits
   hGETX: 0 # GETX hits
   mGETS: 81042948 # GETS misses
   mGETS_I: 35179985 # GETS Instruction misses
   mGETS_D: 45862963 # GETS data misses
   mGETXIM: 1240170 # GETX I->M misses
   mGETXIM_I: 0 # GETX I->M Instruction misses
   mGETXIM_D: 1240170 # GETX I->M Data misses
   mGETXSM: 0 # GETX S->M misses (upgrade misses)
   mGETXSM_I: 0 # GETX S->M Instruction misses (upgrade misses)
   mGETXSM_D: 0 # GETX S->M Data misses (upgrade misses)
   PUTS: 49363353 # Clean evictions (from lower level)
   PUTX: 17 # Dirty evictions (from lower level)
   INV: 205148 # Invalidates (from upper level)
   INVX: 0 # Downgrades (from upper level)
   FWD: 0 # Forwards (from upper level)
   latGETnl: 6215101356 # GET request latency on next level
   latGETnet: 0 # GET request latency on network to next level
 l3: # Cache stats
  l3-0: # Cache stats
   hGETS: 41267002 # GETS hits
   hGETX: 1215654 # GETX hits
   mGETS: 39775946 # GETS misses
   mGETS_I: 0 # GETS Instruction misses
   mGETS_D: 0 # GETS data misses
   mGETXIM: 24516 # GETX I->M misses
   mGETXIM_I: 0 # GETX I->M Instruction misses
   mGETXIM_D: 0 # GETX I->M Data misses
   mGETXSM: 0 # GETX S->M misses (upgrade misses)
   mGETXSM_I: 0 # GETX S->M Instruction misses (upgrade misses)
   mGETXSM_D: 0 # GETX S->M Data misses (upgrade misses)
   PUTS: 62757923 # Clean evictions (from lower level)
   PUTX: 19319919 # Dirty evictions (from lower level)
   INV: 0 # Invalidates (from upper level)
   INVX: 0 # Downgrades (from upper level)
   FWD: 0 # Forwards (from upper level)
   latGETnl: 3582041580 # GET request latency on next level
   latGETnet: 0 # GET request latency on network to next level
 mem: # Memory controller stats
  mem-0: # Memory controller stats
   rd: 9897773 # Read requests
   wr: 4073969 # Write requests
   rdlat: 1327648728 # Total latency experienced by read requests
   wrlat: 575927213 # Total latency experienced by write requests
   rdhits: 3955 # Read row hits
   wrhits: 1620 # Write row hits
   mlh: # latency histogram for memory requests
    0: 0
    1: 0
    2: 0
    3: 0
    4: 0
    5: 0
    6: 0
    7: 0
    8: 0
    9: 0
    10: 0
    11: 160
    12: 1020
    13: 9582670
    14: 162581
    15: 11160
    16: 3502
    17: 1237
    18: 1569
    19: 1348
    20: 1535
    21: 1466
    22: 1447
    23: 3598
    24: 20242
    25: 6046
    26: 3751
    27: 6150
    28: 6427
    29: 5261
    30: 5912
    31: 6121
    32: 6950
    33: 6353
    34: 5388
    35: 5676
    36: 5411
    37: 5428
    38: 5262
    39: 5173
    40: 5549
    41: 5291
    42: 5427
    43: 1610
    44: 109
    45: 48
    46: 85
    47: 515
    48: 145
    49: 32
    50: 33
    51: 27
    52: 20
    53: 18
    54: 18
    55: 1
    56: 0
    57: 0
    58: 0
    59: 1
    60: 0
    61: 0
    62: 0
    63: 0
    64: 0
    65: 0
    66: 0
    67: 0
    68: 0
    69: 0
    70: 0
    71: 0
    72: 0
    73: 0
    74: 0
    75: 0
    76: 0
    77: 0
    78: 0
    79: 0
    80: 0
    81: 0
    82: 0
    83: 0
    84: 0
    85: 0
    86: 0
    87: 0
    88: 0
    89: 0
    90: 0
    91: 0
    92: 0
    93: 0
    94: 0
    95: 0
    96: 0
    97: 0
    98: 0
    99: 0
  mem-1: # Memory controller stats
   rd: 9869858 # Read requests
   wr: 4097742 # Write requests
   rdlat: 1323971822 # Total latency experienced by read requests
   wrlat: 578867739 # Total latency experienced by write requests
   rdhits: 2994 # Read row hits
   wrhits: 1555 # Write row hits
   mlh: # latency histogram for memory requests
    0: 0
    1: 0
    2: 0
    3: 0
    4: 0
    5: 0
    6: 0
    7: 0
    8: 0
    9: 0
    10: 0
    11: 37
    12: 729
    13: 9572641
    14: 141889
    15: 12544
    16: 3766
    17: 1381
    18: 1841
    19: 1448
    20: 1527
    21: 1845
    22: 1999
    23: 3790
    24: 20675
    25: 5887
    26: 3746
    27: 6051
    28: 6465
    29: 5150
    30: 5882
    31: 6048
    32: 6949
    33: 6391
    34: 5349
    35: 5746
    36: 5337
    37: 5321
    38: 5354
    39: 4903
    40: 5494
    41: 5380
    42: 5597
    43: 1618
    44: 122
    45: 57
    46: 84
    47: 525
    48: 148
    49: 31
    50: 35
    51: 20
    52: 27
    53: 15
    54: 12
    55: 0
    56: 0
    57: 0
    58: 0
    59: 2
    60: 0
    61: 0
    62: 0
    63: 0
    64: 0
    65: 0
    66: 0
    67: 0
    68: 0
    69: 0
    70: 0
    71: 0
    72: 0
    73: 0
    74: 0
    75: 0
    76: 0
    77: 0
    78: 0
    79: 0
    80: 0
    81: 0
    82: 0
    83: 0
    84: 0
    85: 0
    86: 0
    87: 0
    88: 0
    89: 0
    90: 0
    91: 0
    92: 0
    93: 0
    94: 0
    95: 0
    96: 0
    97: 0
    98: 0
    99: 0
  mem-2: # Memory controller stats
   rd: 10081719 # Read requests
   wr: 4080249 # Write requests
   rdlat: 1352023907 # Total latency experienced by read requests
   wrlat: 576518634 # Total latency experienced by write requests
   rdhits: 3524 # Read row hits
   wrhits: 1544 # Write row hits
   mlh: # latency histogram for memory requests
    0: 0
    1: 0
    2: 0
    3: 0
    4: 0
    5: 0
    6: 0
    7: 0
    8: 0
    9: 0
    10: 0
    11: 389
    12: 908
    13: 9791704
    14: 133099
    15: 12346
    16: 3700
    17: 1297
    18: 2130
    19: 1437
    20: 1557
    21: 1561
    22: 1567
    23: 3623
    24: 20516
    25: 5979
    26: 3708
    27: 6355
    28: 6484
    29: 5235
    30: 5957
    31: 6265
    32: 6954
    33: 6617
    34: 5528
    35: 5825
    36: 5510
    37: 5513
    38: 5387
    39: 5275
    40: 5593
    41: 5397
    42: 5588
    43: 1696
    44: 112
    45: 50
    46: 111
    47: 487
    48: 125
    49: 29
    50: 21
    51: 23
    52: 15
    53: 24
    54: 18
    55: 1
    56: 0
    57: 0
    58: 0
    59: 2
    60: 1
    61: 0
    62: 0
    63: 0
    64: 0
    65: 0
    66: 0
    67: 0
    68: 0
    69: 0
    70: 0
    71: 0
    72: 0
    73: 0
    74: 0
    75: 0
    76: 0
    77: 0
    78: 0
    79: 0
    80: 0
    81: 0
    82: 0
    83: 0
    84: 0
    85: 0
    86: 0
    87: 0
    88: 0
    89: 0
    90: 0
    91: 0
    92: 0
    93: 0
    94: 0
    95: 0
    96: 0
    97: 0
    98: 0
    99: 0
  mem-3: # Memory controller stats
   rd: 9951091 # Read requests
   wr: 4088049 # Write requests
   rdlat: 1334972287 # Total latency experienced by read requests
   wrlat: 577595002 # Total latency experienced by write requests
   rdhits: 3456 # Read row hits
   wrhits: 1503 # Write row hits
   mlh: # latency histogram for memory requests
    0: 0
    1: 0
    2: 0
    3: 0
    4: 0
    5: 0
    6: 0
    7: 0
    8: 0
    9: 0
    10: 0
    11: 159
    12: 893
    13: 9643726
    14: 150260
    15: 13650
    16: 3776
    17: 1252
    18: 1595
    19: 1380
    20: 1627
    21: 1481
    22: 1459
    23: 3555
    24: 20973
    25: 6158
    26: 3734
    27: 6247
    28: 6436
    29: 5236
    30: 5952
    31: 6140
    32: 6978
    33: 6441
    34: 5443
    35: 5761
    36: 5448
    37: 5461
    38: 5363
    39: 5152
    40: 5585
    41: 5431
    42: 5527
    43: 1716
    44: 146
    45: 43
    46: 79
    47: 553
    48: 138
    49: 38
    50: 15
    51: 27
    52: 15
    53: 22
    54: 17
    55: 2
    56: 1
    57: 0
    58: 0
    59: 0
    60: 0
    61: 0
    62: 0
    63: 0
    64: 0
    65: 0
    66: 0
    67: 0
    68: 0
    69: 0
    70: 0
    71: 0
    72: 0
    73: 0
    74: 0
    75: 0
    76: 0
    77: 0
    78: 0
    79: 0
    80: 0
    81: 0
    82: 0
    83: 0
    84: 0
    85: 0
    86: 0
    87: 0
    88: 0
    89: 0
    90: 0
    91: 0
    92: 0
    93: 0
    94: 0
    95: 0
    96: 0
    97: 0
    98: 0
    99: 0
 sched: # Scheduler stats
  thCr: 9 # Threads created
  thFn: 9 # Threads finished
  schedEvs: 1804 # Schedule events
  waitEvs: 1803 # Wait events
  handoffEvs: 71 # Handoff events
  sleepEvs: 0 # Sleep events
  idlePhases: 0 # Phases with no thread active
  idlePeriods: 0 # Periods with no thread active
  occHist: # Occupancy histogram
   0: 0
   1: 715563
  rqSzHist: # Run queue size histogram
   0: 698
   1: 52435
   2: 162430
   3: 127949
   4: 93276
   5: 92822
   6: 93072
   7: 92881
   8: 0
   9: 0
   10: 0
   11: 0
   12: 0
   13: 0
   14: 0
   15: 0
   16: 0
 procCycles: # Per-process unhalted core cycles
  0: 7155631728
  1: 0
  2: 0
  3: 0
  4: 0
  5: 0
  6: 0
  7: 0
  8: 0
  9: 0
  10: 0
  11: 0
  12: 0
  13: 0
  14: 0
  15: 0
  16: 0
  17: 0
  18: 0
  19: 0
  20: 0
  21: 0
  22: 0
  23: 0
  24: 0
  25: 0
  26: 0
  27: 0
  28: 0
  29: 0
  30: 0
  31: 0
  32: 0
  33: 0
  34: 0
  35: 0
  36: 0
  37: 0
  38: 0
  39: 0
  40: 0
  41: 0
  42: 0
  43: 0
  44: 0
  45: 0
  46: 0
  47: 0
  48: 0
  49: 0
  50: 0
  51: 0
  52: 0
  53: 0
  54: 0
  55: 0
  56: 0
  57: 0
  58: 0
  59: 0
  60: 0
  61: 0
  62: 0
  63: 0
 procInstrs: # Per-process instructions
  0: 1721773139
  1: 0
  2: 0
  3: 0
  4: 0
  5: 0
  6: 0
  7: 0
  8: 0
  9: 0
  10: 0
  11: 0
  12: 0
  13: 0
  14: 0
  15: 0
  16: 0
  17: 0
  18: 0
  19: 0
  20: 0
  21: 0
  22: 0
  23: 0
  24: 0
  25: 0
  26: 0
  27: 0
  28: 0
  29: 0
  30: 0
  31: 0
  32: 0
  33: 0
  34: 0
  35: 0
  36: 0
  37: 0
  38: 0
  39: 0
  40: 0
  41: 0
  42: 0
  43: 0
  44: 0
  45: 0
  46: 0
  47: 0
  48: 0
  49: 0
  50: 0
  51: 0
  52: 0
  53: 0
  54: 0
  55: 0
  56: 0
  57: 0
  58: 0
  59: 0
  60: 0
  61: 0
  62: 0
  63: 0
 heartbeats: # Per-process heartbeats
  0: 0
  1: 0
  2: 0
  3: 0
  4: 0
  5: 0
  6: 0
  7: 0
  8: 0
  9: 0
  10: 0
  11: 0
  12: 0
  13: 0
  14: 0
  15: 0
  16: 0
  17: 0
  18: 0
  19: 0
  20: 0
  21: 0
  22: 0
  23: 0
  24: 0
  25: 0
  26: 0
  27: 0
  28: 0
  29: 0
  30: 0
  31: 0
  32: 0
  33: 0
  34: 0
  35: 0
  36: 0
  37: 0
  38: 0
  39: 0
  40: 0
  41: 0
  42: 0
  43: 0
  44: 0
  45: 0
  46: 0
  47: 0
  48: 0
  49: 0
  50: 0
  51: 0
  52: 0
  53: 0
  54: 0
  55: 0
  56: 0
  57: 0
  58: 0
  59: 0
  60: 0
  61: 0
  62: 0
  63: 0
===
