[H] Starting zsim, built Tue Dec  5 00:57:23 CST 2023 (rev no git repo)
[H] Creating global segment, 1024 MBs
[H] Global segment shmid = 11599877
[H] Deadlock detection ON
[S 0] Started instance
[S 0] Started RR scheduler, quantum=10000 phases
[S 0] mem-0: domain 0, 4 ranks/ch 8 banks/rank, tech DDR3-1333-CL10, boundLat 90 rd / 40 wr
[S 0] mem-0: Address mapping rank:col:bank row 63:15 col 12:3 rank 14:13 bank 2:0
[S 0] mem-1: domain 0, 4 ranks/ch 8 banks/rank, tech DDR3-1333-CL10, boundLat 90 rd / 40 wr
[S 0] mem-1: Address mapping rank:col:bank row 63:15 col 12:3 rank 14:13 bank 2:0
[S 0] mem-2: domain 0, 4 ranks/ch 8 banks/rank, tech DDR3-1333-CL10, boundLat 90 rd / 40 wr
[S 0] mem-2: Address mapping rank:col:bank row 63:15 col 12:3 rank 14:13 bank 2:0
[S 0] mem-3: domain 0, 4 ranks/ch 8 banks/rank, tech DDR3-1333-CL10, boundLat 90 rd / 40 wr
[S 0] mem-3: Address mapping rank:col:bank row 63:15 col 12:3 rank 14:13 bank 2:0
[S 0] Hierarchy: [ l1i-0 l1d-0 ] -> l2-0
[S 0] Hierarchy: [ l2-0 ] -> l3-0
[S 0] Initialized system
[S 0] HDF5 backend: Opening ./outputs/LRU/canneal_8c_simlarge/zsim.h5
[S 0] HDF5 backend: Created table, 5896 bytes/record, 178 records/write
[S 0] HDF5 backend: Opening ./outputs/LRU/canneal_8c_simlarge/zsim-ev.h5
[S 0] HDF5 backend: Created table, 5896 bytes/record, 23 records/write
[S 0] HDF5 backend: Opening ./outputs/LRU/canneal_8c_simlarge/zsim-cmp.h5
[S 0] HDF5 backend: Created table, 3352 bytes/record, 1 records/write
[S 0] Initialization complete
[H] Attached to global heap
[S 0] Started process, PID 170010
[S 0] procMask: 0x0
[S 0] [0] Adjusting clocks, domain 0, de-ffwd 0
[S 0] vDSO info initialized
[S 0] Started scheduler watchdog thread
[S 0] Started contention simulation thread 0
[S 0] FF thread 0 starting
[S 0] FF control Thread TID 170021
PARSEC Benchmark Suite Version 2.1
[HOOKS] PARSEC Hooks Version 1.2
Threadcount: 8
15000 swaps per temperature step
start temperature: 2000
netlist filename: /home/grads/a/aniruddhasharma/csce_614/TermProject/casim-csce614/benchmarks/parsec-2.1/inputs/canneal/400000.nets
number of temperature steps: 128
locs created
locs assigned
Just saw element: 100000
[H] Some fast-forwarding is going on, not doing deadlock detection (a: 1, ff: 1, sff: 0)
Just saw element: 200000
[H] Some fast-forwarding is going on, not doing deadlock detection (a: 1, ff: 1, sff: 0)
Just saw element: 300000
Just saw element: 400000
netlist created. 400000 elements.
[HOOKS] Entering ROI
[S 0] ROI_BEGIN, exiting fast-forward
[S 0] [0] Adjusting clocks, domain 0, de-ffwd 1
[S 0] Thread 0 starting
[S 0] Thread 4 starting
[S 0] Thread 5 starting
[S 0] Thread 6 starting
[S 0] Thread 7 starting
[S 0] Thread 8 starting
[S 0] Thread 9 starting
[S 0] Thread 10 starting
[S 0] Thread 11 starting
[S 0] Detected possible stall due to fake leaves (1 current)
[S 0]  [0/0] futex (202) @ 0x472772
[S 0] Blacklisting from future fake leaves: [0] futex @ 0x472772 | arg0 0x7fffd12f09d0 arg1 0x0
[S 0] Detected possible stall due to fake leaves (1 current)
[S 0]  [0/4] futex (202) @ 0x4733ba
[S 0] Blacklisting from future fake leaves: [0] futex @ 0x4733ba | arg0 0x7fffffffd6b8 arg1 0x80
[S 0] WARN: waitUntilQueued for pid 0 tid 6 timed out
[S 0] WARN: waitUntilQueued for pid 0 tid 7 timed out
[S 0] WARN: waitUntilQueued for pid 0 tid 8 timed out
[S 0] WARN: waitUntilQueued for pid 0 tid 9 timed out
[S 0] WARN: waitUntilQueued for pid 0 tid 10 timed out
[S 0] WARN: waitUntilQueued for pid 0 tid 11 timed out
[S 0] Detected possible stall due to fake leaves (1 current)
[S 0]  [0/11] futex (202) @ 0x47393a
[S 0] Blacklisting from future fake leaves: [0] futex @ 0x47393a | arg0 0x7fffffffd6bc arg1 0x80
[S 0] WARN: waitUntilQueued for pid 0 tid 9 timed out
[S 0] WARN: waitUntilQueued for pid 0 tid 10 timed out
[S 0] WARN: waitUntilQueued for pid 0 tid 11 timed out
[S 0] WARN: waitUntilQueued for pid 0 tid 4 timed out
[S 0] WARN: waitUntilQueued for pid 0 tid 5 timed out
[S 0] WARN: waitUntilQueued for pid 0 tid 6 timed out
[H] WARN: Stalled for 20 secs so far
[S 0] WARN: waitUntilQueued for pid 0 tid 7 timed out
[S 0] WARN: waitUntilQueued for pid 0 tid 8 timed out
[S 0] Time slice ended, context-switched 1 threads, runQueue size 5, available 0
[S 0]  State:   7r
[S 0] WARN: waitUntilQueued for pid 0 tid 11 timed out
[S 0] WARN: waitUntilQueued for pid 0 tid 9 timed out
[S 0] WARN: waitUntilQueued for pid 0 tid 8 timed out
[S 0] WARN: waitUntilQueued for pid 0 tid 5 timed out
[S 0] WARN: waitUntilQueued for pid 0 tid 10 timed out
[S 0] WARN: waitUntilQueued for pid 0 tid 6 timed out
[S 0] WARN: waitUntilQueued for pid 0 tid 4 timed out
[S 0] WARN: waitUntilQueued for pid 0 tid 10 timed out
[S 0] WARN: waitUntilQueued for pid 0 tid 11 timed out
[S 0] WARN: waitUntilQueued for pid 0 tid 4 timed out
[S 0] WARN: waitUntilQueued for pid 0 tid 6 timed out
[S 0] WARN: waitUntilQueued for pid 0 tid 7 timed out
[S 0] WARN: waitUntilQueued for pid 0 tid 8 timed out
[S 0] WARN: waitUntilQueued for pid 0 tid 5 timed out
[H] WARN: Stalled for 20 secs so far
[S 0] WARN: waitUntilQueued for pid 0 tid 9 timed out
[S 0] Time slice ended, context-switched 1 threads, runQueue size 2, available 0
[S 0]  State:   7r
[S 0] WARN: waitUntilQueued for pid 0 tid 11 timed out
[S 0] WARN: waitUntilQueued for pid 0 tid 8 timed out
[S 0] WARN: waitUntilQueued for pid 0 tid 9 timed out
[S 0] WARN: waitUntilQueued for pid 0 tid 5 timed out
[S 0] WARN: waitUntilQueued for pid 0 tid 6 timed out
[S 0] WARN: waitUntilQueued for pid 0 tid 10 timed out
[S 0] WARN: waitUntilQueued for pid 0 tid 4 timed out
[S 0] WARN: waitUntilQueued for pid 0 tid 7 timed out
[S 0] WARN: waitUntilQueued for pid 0 tid 6 timed out
[S 0] WARN: waitUntilQueued for pid 0 tid 4 timed out
[S 0] WARN: waitUntilQueued for pid 0 tid 10 timed out
[S 0] WARN: waitUntilQueued for pid 0 tid 9 timed out
[S 0] WARN: waitUntilQueued for pid 0 tid 5 timed out
[S 0] WARN: waitUntilQueued for pid 0 tid 8 timed out
[H] WARN: Stalled for 20 secs so far
[S 0] WARN: waitUntilQueued for pid 0 tid 11 timed out
[S 0] Time slice ended, context-switched 1 threads, runQueue size 0, available 0
[S 0]  State:   7r
[S 0] WARN: waitUntilQueued for pid 0 tid 11 timed out
[S 0] WARN: waitUntilQueued for pid 0 tid 8 timed out
[S 0] WARN: waitUntilQueued for pid 0 tid 6 timed out
[S 0] WARN: waitUntilQueued for pid 0 tid 10 timed out
[S 0] WARN: waitUntilQueued for pid 0 tid 9 timed out
[H] WARN: Stalled for 20 secs so far
[S 0] WARN: waitUntilQueued for pid 0 tid 4 timed out
[S 0] WARN: waitUntilQueued for pid 0 tid 11 timed out
[S 0] WARN: waitUntilQueued for pid 0 tid 8 timed out
[S 0] WARN: waitUntilQueued for pid 0 tid 4 timed out
[S 0] WARN: waitUntilQueued for pid 0 tid 9 timed out
[S 0] WARN: waitUntilQueued for pid 0 tid 5 timed out
[S 0] WARN: waitUntilQueued for pid 0 tid 10 timed out
[H] WARN: Stalled for 20 secs so far
[S 0] WARN: waitUntilQueued for pid 0 tid 7 timed out
[S 0] WARN: waitUntilQueued for pid 0 tid 6 timed out
[S 0] WARN: waitUntilQueued for pid 0 tid 11 timed out
[S 0] WARN: waitUntilQueued for pid 0 tid 6 timed out
[S 0] WARN: waitUntilQueued for pid 0 tid 7 timed out
[S 0] WARN: waitUntilQueued for pid 0 tid 5 timed out
[H] WARN: Stalled for 20 secs so far
[S 0] WARN: waitUntilQueued for pid 0 tid 10 timed out
[S 0] WARN: waitUntilQueued for pid 0 tid 9 timed out
[S 0] WARN: waitUntilQueued for pid 0 tid 4 timed out
[S 0] Time slice ended, context-switched 1 threads, runQueue size 6, available 0
[S 0]  State:   4r
[S 0] WARN: waitUntilQueued for pid 0 tid 6 timed out
[S 0] WARN: waitUntilQueued for pid 0 tid 7 timed out
[S 0] WARN: waitUntilQueued for pid 0 tid 9 timed out
[S 0] WARN: waitUntilQueued for pid 0 tid 8 timed out
[S 0] WARN: waitUntilQueued for pid 0 tid 11 timed out
[S 0] WARN: waitUntilQueued for pid 0 tid 10 timed out
[S 0] WARN: waitUntilQueued for pid 0 tid 10 timed out
[S 0] WARN: waitUntilQueued for pid 0 tid 8 timed out
[S 0] WARN: waitUntilQueued for pid 0 tid 5 timed out
[S 0] WARN: waitUntilQueued for pid 0 tid 6 timed out
[S 0] WARN: waitUntilQueued for pid 0 tid 11 timed out
[S 0] WARN: waitUntilQueued for pid 0 tid 4 timed out
[S 0] WARN: waitUntilQueued for pid 0 tid 7 timed out
[H] WARN: Stalled for 20 secs so far
[S 0] WARN: waitUntilQueued for pid 0 tid 9 timed out
[S 0] Time slice ended, context-switched 1 threads, runQueue size 3, available 0
[S 0]  State:  10r
[S 0] WARN: waitUntilQueued for pid 0 tid 11 timed out
[S 0] WARN: waitUntilQueued for pid 0 tid 5 timed out
[S 0] WARN: waitUntilQueued for pid 0 tid 9 timed out
[S 0] WARN: waitUntilQueued for pid 0 tid 7 timed out
[S 0] WARN: waitUntilQueued for pid 0 tid 4 timed out
[S 0] WARN: waitUntilQueued for pid 0 tid 8 timed out
[S 0] WARN: waitUntilQueued for pid 0 tid 6 timed out
[S 0] WARN: waitUntilQueued for pid 0 tid 5 timed out
[S 0] WARN: waitUntilQueued for pid 0 tid 7 timed out
[S 0] WARN: waitUntilQueued for pid 0 tid 6 timed out
[S 0] WARN: waitUntilQueued for pid 0 tid 8 timed out
[S 0] WARN: waitUntilQueued for pid 0 tid 10 timed out
[S 0] WARN: waitUntilQueued for pid 0 tid 4 timed out
[S 0] WARN: waitUntilQueued for pid 0 tid 11 timed out
[H] WARN: Stalled for 20 secs so far
[S 0] WARN: waitUntilQueued for pid 0 tid 9 timed out
[S 0] Time slice ended, context-switched 1 threads, runQueue size 1, available 0
[S 0]  State:   7r
[S 0] WARN: waitUntilQueued for pid 0 tid 4 timed out
[S 0] WARN: waitUntilQueued for pid 0 tid 10 timed out
[S 0] WARN: waitUntilQueued for pid 0 tid 9 timed out
[S 0] WARN: waitUntilQueued for pid 0 tid 11 timed out
[S 0] WARN: waitUntilQueued for pid 0 tid 5 timed out
[H] WARN: Stalled for 20 secs so far
[S 0] WARN: waitUntilQueued for pid 0 tid 6 timed out
[S 0] WARN: waitUntilQueued for pid 0 tid 8 timed out
[S 0] WARN: waitUntilQueued for pid 0 tid 9 timed out
[S 0] WARN: waitUntilQueued for pid 0 tid 10 timed out
[S 0] WARN: waitUntilQueued for pid 0 tid 8 timed out
[S 0] WARN: waitUntilQueued for pid 0 tid 6 timed out
[S 0] WARN: waitUntilQueued for pid 0 tid 7 timed out
[S 0] WARN: waitUntilQueued for pid 0 tid 4 timed out
[S 0] WARN: waitUntilQueued for pid 0 tid 5 timed out
[S 0] WARN: waitUntilQueued for pid 0 tid 6 timed out
[S 0] Time slice ended, context-switched 1 threads, runQueue size 1, available 0
[S 0]  State:   6r
[S 0] WARN: waitUntilQueued for pid 0 tid 5 timed out
[S 0] WARN: waitUntilQueued for pid 0 tid 4 timed out
[S 0] WARN: waitUntilQueued for pid 0 tid 9 timed out
[S 0] WARN: waitUntilQueued for pid 0 tid 10 timed out
[S 0] WARN: waitUntilQueued for pid 0 tid 8 timed out
[H] WARN: Stalled for 20 secs so far
[S 0] WARN: waitUntilQueued for pid 0 tid 7 timed out
[S 0] WARN: waitUntilQueued for pid 0 tid 4 timed out
[S 0] WARN: waitUntilQueued for pid 0 tid 6 timed out
[S 0] WARN: waitUntilQueued for pid 0 tid 7 timed out
[S 0] WARN: waitUntilQueued for pid 0 tid 8 timed out
[S 0] WARN: waitUntilQueued for pid 0 tid 9 timed out
[S 0] WARN: waitUntilQueued for pid 0 tid 5 timed out
[H] WARN: Stalled for 20 secs so far
[S 0] WARN: waitUntilQueued for pid 0 tid 10 timed out
[S 0] WARN: waitUntilQueued for pid 0 tid 11 timed out
[S 0] WARN: waitUntilQueued for pid 0 tid 5 timed out
[S 0] WARN: waitUntilQueued for pid 0 tid 9 timed out
[S 0] WARN: waitUntilQueued for pid 0 tid 11 timed out
[S 0] WARN: waitUntilQueued for pid 0 tid 10 timed out
[S 0] WARN: waitUntilQueued for pid 0 tid 8 timed out
[S 0] WARN: waitUntilQueued for pid 0 tid 4 timed out
[S 0] WARN: waitUntilQueued for pid 0 tid 6 timed out
[H] WARN: Stalled for 20 secs so far
[S 0] WARN: waitUntilQueued for pid 0 tid 7 timed out
[S 0] Time slice ended, context-switched 1 threads, runQueue size 5, available 0
[S 0]  State:   6r
[S 0] WARN: waitUntilQueued for pid 0 tid 4 timed out
[S 0] WARN: waitUntilQueued for pid 0 tid 9 timed out
[S 0] WARN: waitUntilQueued for pid 0 tid 7 timed out
[S 0] WARN: waitUntilQueued for pid 0 tid 11 timed out
[S 0] WARN: waitUntilQueued for pid 0 tid 10 timed out
[H] WARN: Stalled for 20 secs so far
[S 0] WARN: waitUntilQueued for pid 0 tid 8 timed out
[S 0] WARN: waitUntilQueued for pid 0 tid 5 timed out
[S 0] WARN: waitUntilQueued for pid 0 tid 7 timed out
[S 0] WARN: waitUntilQueued for pid 0 tid 6 timed out
[S 0] WARN: waitUntilQueued for pid 0 tid 5 timed out
[S 0] WARN: waitUntilQueued for pid 0 tid 8 timed out
[S 0] WARN: waitUntilQueued for pid 0 tid 10 timed out
[S 0] WARN: waitUntilQueued for pid 0 tid 4 timed out
[S 0] WARN: waitUntilQueued for pid 0 tid 11 timed out
[H] WARN: Stalled for 20 secs so far
[S 0] WARN: waitUntilQueued for pid 0 tid 9 timed out
[S 0] Time slice ended, context-switched 1 threads, runQueue size 3, available 0
[S 0]  State:   7r
[S 0] WARN: waitUntilQueued for pid 0 tid 4 timed out
[S 0] WARN: waitUntilQueued for pid 0 tid 6 timed out
[S 0] WARN: waitUntilQueued for pid 0 tid 9 timed out
[S 0] WARN: waitUntilQueued for pid 0 tid 11 timed out
[S 0] WARN: waitUntilQueued for pid 0 tid 8 timed out
[S 0] WARN: waitUntilQueued for pid 0 tid 5 timed out
[H] WARN: Stalled for 20 secs so far
[S 0] WARN: waitUntilQueued for pid 0 tid 10 timed out
[S 0] WARN: waitUntilQueued for pid 0 tid 6 timed out
[S 0] WARN: waitUntilQueued for pid 0 tid 9 timed out
[S 0] WARN: waitUntilQueued for pid 0 tid 10 timed out
[S 0] WARN: waitUntilQueued for pid 0 tid 5 timed out
[S 0] WARN: waitUntilQueued for pid 0 tid 11 timed out
[S 0] WARN: waitUntilQueued for pid 0 tid 4 timed out
[S 0] WARN: waitUntilQueued for pid 0 tid 7 timed out
[H] WARN: Stalled for 20 secs so far
[S 0] WARN: waitUntilQueued for pid 0 tid 8 timed out
[S 0] Time slice ended, context-switched 1 threads, runQueue size 0, available 0
[S 0]  State:  10r
[S 0] WARN: waitUntilQueued for pid 0 tid 8 timed out
[S 0] WARN: waitUntilQueued for pid 0 tid 7 timed out
[S 0] WARN: waitUntilQueued for pid 0 tid 6 timed out
[S 0] WARN: waitUntilQueued for pid 0 tid 4 timed out
[S 0] WARN: waitUntilQueued for pid 0 tid 11 timed out
[S 0] WARN: waitUntilQueued for pid 0 tid 9 timed out
[S 0] WARN: waitUntilQueued for pid 0 tid 8 timed out
[S 0] WARN: waitUntilQueued for pid 0 tid 7 timed out
[S 0] WARN: waitUntilQueued for pid 0 tid 9 timed out
[S 0] WARN: waitUntilQueued for pid 0 tid 11 timed out
[S 0] WARN: waitUntilQueued for pid 0 tid 10 timed out
[S 0] WARN: waitUntilQueued for pid 0 tid 5 timed out
[S 0] WARN: waitUntilQueued for pid 0 tid 6 timed out
[S 0] WARN: waitUntilQueued for pid 0 tid 8 timed out
[S 0] WARN: waitUntilQueued for pid 0 tid 11 timed out
[S 0] WARN: waitUntilQueued for pid 0 tid 6 timed out
[S 0] WARN: waitUntilQueued for pid 0 tid 4 timed out
[S 0] WARN: waitUntilQueued for pid 0 tid 7 timed out
[S 0] WARN: waitUntilQueued for pid 0 tid 10 timed out
[H] WARN: Stalled for 20 secs so far
[S 0] WARN: waitUntilQueued for pid 0 tid 5 timed out
[S 0] WARN: waitUntilQueued for pid 0 tid 9 timed out
[S 0] Time slice ended, context-switched 1 threads, runQueue size 6, available 0
[S 0]  State:   9r
[S 0] WARN: waitUntilQueued for pid 0 tid 11 timed out
[S 0] WARN: waitUntilQueued for pid 0 tid 4 timed out
[S 0] WARN: waitUntilQueued for pid 0 tid 5 timed out
[S 0] WARN: waitUntilQueued for pid 0 tid 6 timed out
[S 0] WARN: waitUntilQueued for pid 0 tid 10 timed out
[S 0] WARN: waitUntilQueued for pid 0 tid 8 timed out
[S 0] WARN: waitUntilQueued for pid 0 tid 7 timed out
[S 0] WARN: waitUntilQueued for pid 0 tid 10 timed out
[S 0] WARN: waitUntilQueued for pid 0 tid 9 timed out
[S 0] WARN: waitUntilQueued for pid 0 tid 8 timed out
[S 0] WARN: waitUntilQueued for pid 0 tid 5 timed out
[S 0] WARN: waitUntilQueued for pid 0 tid 11 timed out
[S 0] WARN: waitUntilQueued for pid 0 tid 4 timed out
[S 0] WARN: waitUntilQueued for pid 0 tid 6 timed out
[S 0] Time slice ended, context-switched 1 threads, runQueue size 3, available 0
[S 0]  State:  10r
[S 0] WARN: waitUntilQueued for pid 0 tid 7 timed out
[S 0] WARN: waitUntilQueued for pid 0 tid 11 timed out
[S 0] WARN: waitUntilQueued for pid 0 tid 6 timed out
[S 0] WARN: waitUntilQueued for pid 0 tid 4 timed out
[S 0] WARN: waitUntilQueued for pid 0 tid 9 timed out
[H] WARN: Stalled for 20 secs so far
[S 0] WARN: waitUntilQueued for pid 0 tid 5 timed out
[S 0] WARN: waitUntilQueued for pid 0 tid 8 timed out
[S 0] WARN: waitUntilQueued for pid 0 tid 10 timed out
[S 0] WARN: waitUntilQueued for pid 0 tid 7 timed out
[S 0] WARN: waitUntilQueued for pid 0 tid 8 timed out
[S 0] WARN: waitUntilQueued for pid 0 tid 5 timed out
[S 0] WARN: waitUntilQueued for pid 0 tid 11 timed out
[S 0] WARN: waitUntilQueued for pid 0 tid 6 timed out
[S 0] WARN: waitUntilQueued for pid 0 tid 9 timed out
[H] WARN: Stalled for 20 secs so far
[S 0] WARN: waitUntilQueued for pid 0 tid 4 timed out
[S 0] Time slice ended, context-switched 1 threads, runQueue size 1, available 0
[S 0]  State:   7r
[S 0] WARN: waitUntilQueued for pid 0 tid 8 timed out
[S 0] WARN: waitUntilQueued for pid 0 tid 6 timed out
[S 0] WARN: waitUntilQueued for pid 0 tid 4 timed out
[S 0] WARN: waitUntilQueued for pid 0 tid 9 timed out
[S 0] WARN: waitUntilQueued for pid 0 tid 10 timed out
[S 0] WARN: waitUntilQueued for pid 0 tid 5 timed out
[S 0] WARN: waitUntilQueued for pid 0 tid 10 timed out
[S 0] WARN: waitUntilQueued for pid 0 tid 7 timed out
[S 0] WARN: waitUntilQueued for pid 0 tid 5 timed out
[S 0] WARN: waitUntilQueued for pid 0 tid 11 timed out
[S 0] WARN: waitUntilQueued for pid 0 tid 8 timed out
[S 0] WARN: waitUntilQueued for pid 0 tid 4 timed out
[S 0] WARN: waitUntilQueued for pid 0 tid 9 timed out
[S 0] WARN: waitUntilQueued for pid 0 tid 7 timed out
[S 0] WARN: waitUntilQueued for pid 0 tid 5 timed out
[S 0] WARN: waitUntilQueued for pid 0 tid 9 timed out
[S 0] WARN: waitUntilQueued for pid 0 tid 4 timed out
[S 0] WARN: waitUntilQueued for pid 0 tid 10 timed out
[S 0] WARN: waitUntilQueued for pid 0 tid 8 timed out
[H] WARN: Stalled for 20 secs so far
[S 0] WARN: waitUntilQueued for pid 0 tid 11 timed out
[S 0] WARN: waitUntilQueued for pid 0 tid 6 timed out
[S 0] Time slice ended, context-switched 1 threads, runQueue size 6, available 0
[S 0]  State:   6r
[S 0] WARN: waitUntilQueued for pid 0 tid 9 timed out
[S 0] WARN: waitUntilQueued for pid 0 tid 10 timed out
[S 0] WARN: waitUntilQueued for pid 0 tid 11 timed out
[S 0] WARN: waitUntilQueued for pid 0 tid 5 timed out
[S 0] WARN: waitUntilQueued for pid 0 tid 8 timed out
[S 0] WARN: waitUntilQueued for pid 0 tid 4 timed out
[H] WARN: Stalled for 20 secs so far
[S 0] WARN: waitUntilQueued for pid 0 tid 7 timed out
[S 0] WARN: waitUntilQueued for pid 0 tid 6 timed out
[S 0] WARN: waitUntilQueued for pid 0 tid 5 timed out
[S 0] WARN: waitUntilQueued for pid 0 tid 7 timed out
[S 0] WARN: waitUntilQueued for pid 0 tid 4 timed out
[S 0] WARN: waitUntilQueued for pid 0 tid 9 timed out
[S 0] WARN: waitUntilQueued for pid 0 tid 10 timed out
[S 0] WARN: waitUntilQueued for pid 0 tid 11 timed out
[S 0] Time slice ended, context-switched 1 threads, runQueue size 4, available 0
[S 0]  State:   6r
[S 0] WARN: waitUntilQueued for pid 0 tid 8 timed out
[S 0] WARN: waitUntilQueued for pid 0 tid 4 timed out
[S 0] WARN: waitUntilQueued for pid 0 tid 11 timed out
[S 0] WARN: waitUntilQueued for pid 0 tid 10 timed out
[S 0] WARN: waitUntilQueued for pid 0 tid 7 timed out
[H] WARN: Stalled for 20 secs so far
[S 0] WARN: waitUntilQueued for pid 0 tid 5 timed out
[S 0] WARN: waitUntilQueued for pid 0 tid 9 timed out
[S 0] WARN: waitUntilQueued for pid 0 tid 4 timed out
[S 0] WARN: waitUntilQueued for pid 0 tid 7 timed out
[S 0] WARN: waitUntilQueued for pid 0 tid 9 timed out
[S 0] WARN: waitUntilQueued for pid 0 tid 5 timed out
[S 0] WARN: waitUntilQueued for pid 0 tid 6 timed out
[S 0] WARN: waitUntilQueued for pid 0 tid 10 timed out
[S 0] WARN: waitUntilQueued for pid 0 tid 8 timed out
[H] WARN: Stalled for 20 secs so far
[S 0] WARN: waitUntilQueued for pid 0 tid 11 timed out
[S 0] Time slice ended, context-switched 1 threads, runQueue size 2, available 0
[S 0]  State:   4r
[S 0] WARN: waitUntilQueued for pid 0 tid 5 timed out
[S 0] WARN: waitUntilQueued for pid 0 tid 10 timed out
[S 0] WARN: waitUntilQueued for pid 0 tid 11 timed out
[S 0] WARN: waitUntilQueued for pid 0 tid 8 timed out
[S 0] WARN: waitUntilQueued for pid 0 tid 9 timed out
[S 0] WARN: waitUntilQueued for pid 0 tid 7 timed out
[H] WARN: Stalled for 20 secs so far
[S 0] WARN: waitUntilQueued for pid 0 tid 6 timed out
[S 0] WARN: waitUntilQueued for pid 0 tid 11 timed out
[S 0] WARN: waitUntilQueued for pid 0 tid 4 timed out
[S 0] WARN: waitUntilQueued for pid 0 tid 6 timed out
[S 0] WARN: waitUntilQueued for pid 0 tid 7 timed out
[S 0] WARN: waitUntilQueued for pid 0 tid 5 timed out
[S 0] WARN: waitUntilQueued for pid 0 tid 9 timed out
[S 0] WARN: waitUntilQueued for pid 0 tid 10 timed out
[H] WARN: Stalled for 20 secs so far
[S 0] WARN: waitUntilQueued for pid 0 tid 8 timed out
[S 0] WARN: waitUntilQueued for pid 0 tid 7 timed out
[S 0] Time slice ended, context-switched 1 threads, runQueue size 1, available 0
[S 0]  State:   7r
[S 0] WARN: waitUntilQueued for pid 0 tid 8 timed out
[S 0] WARN: waitUntilQueued for pid 0 tid 10 timed out
[S 0] WARN: waitUntilQueued for pid 0 tid 11 timed out
[S 0] WARN: waitUntilQueued for pid 0 tid 4 timed out
[S 0] WARN: waitUntilQueued for pid 0 tid 9 timed out
[S 0] WARN: waitUntilQueued for pid 0 tid 5 timed out
[S 0] WARN: waitUntilQueued for pid 0 tid 7 timed out
[S 0] WARN: waitUntilQueued for pid 0 tid 11 timed out
[S 0] WARN: waitUntilQueued for pid 0 tid 5 timed out
[S 0] WARN: waitUntilQueued for pid 0 tid 9 timed out
[S 0] WARN: waitUntilQueued for pid 0 tid 10 timed out
[H] WARN: Stalled for 20 secs so far
[S 0] WARN: waitUntilQueued for pid 0 tid 8 timed out
[S 0] WARN: waitUntilQueued for pid 0 tid 4 timed out
[S 0] WARN: waitUntilQueued for pid 0 tid 6 timed out
[S 0] WARN: waitUntilQueued for pid 0 tid 5 timed out
[S 0] WARN: waitUntilQueued for pid 0 tid 10 timed out
[S 0] WARN: waitUntilQueued for pid 0 tid 6 timed out
[S 0] WARN: waitUntilQueued for pid 0 tid 4 timed out
[S 0] WARN: waitUntilQueued for pid 0 tid 11 timed out
[S 0] WARN: waitUntilQueued for pid 0 tid 8 timed out
[H] WARN: Stalled for 20 secs so far
[S 0] WARN: waitUntilQueued for pid 0 tid 7 timed out
[S 0] WARN: waitUntilQueued for pid 0 tid 9 timed out
[S 0] Time slice ended, context-switched 1 threads, runQueue size 5, available 0
[S 0]  State:   7r
[S 0] WARN: waitUntilQueued for pid 0 tid 11 timed out
[S 0] WARN: waitUntilQueued for pid 0 tid 8 timed out
[S 0] WARN: waitUntilQueued for pid 0 tid 9 timed out
[S 0] WARN: waitUntilQueued for pid 0 tid 5 timed out
[S 0] WARN: waitUntilQueued for pid 0 tid 4 timed out
[S 0] WARN: waitUntilQueued for pid 0 tid 6 timed out
[S 0] WARN: waitUntilQueued for pid 0 tid 10 timed out
[S 0] WARN: waitUntilQueued for pid 0 tid 9 timed out
[S 0] WARN: waitUntilQueued for pid 0 tid 4 timed out
[S 0] WARN: waitUntilQueued for pid 0 tid 10 timed out
[S 0] WARN: waitUntilQueued for pid 0 tid 6 timed out
[S 0] WARN: waitUntilQueued for pid 0 tid 11 timed out
[S 0] WARN: waitUntilQueued for pid 0 tid 5 timed out
[H] WARN: Stalled for 20 secs so far
[S 0] WARN: waitUntilQueued for pid 0 tid 7 timed out
[S 0] WARN: waitUntilQueued for pid 0 tid 8 timed out
[S 0] Time slice ended, context-switched 1 threads, runQueue size 2, available 0
[S 0]  State:   4r
[S 0] WARN: waitUntilQueued for pid 0 tid 6 timed out
[S 0] WARN: waitUntilQueued for pid 0 tid 5 timed out
[S 0] WARN: waitUntilQueued for pid 0 tid 8 timed out
[S 0] WARN: waitUntilQueued for pid 0 tid 7 timed out
[S 0] WARN: waitUntilQueued for pid 0 tid 10 timed out
[S 0] WARN: waitUntilQueued for pid 0 tid 11 timed out
[S 0] WARN: waitUntilQueued for pid 0 tid 9 timed out
[S 0] WARN: waitUntilQueued for pid 0 tid 4 timed out
[S 0] WARN: waitUntilQueued for pid 0 tid 7 timed out
[S 0] WARN: waitUntilQueued for pid 0 tid 9 timed out
[S 0] WARN: waitUntilQueued for pid 0 tid 11 timed out
[S 0] WARN: waitUntilQueued for pid 0 tid 6 timed out
[S 0] WARN: waitUntilQueued for pid 0 tid 5 timed out
[H] WARN: Stalled for 20 secs so far
[S 0] WARN: waitUntilQueued for pid 0 tid 8 timed out
[S 0] WARN: waitUntilQueued for pid 0 tid 10 timed out
[S 0] Time slice ended, context-switched 1 threads, runQueue size 0, available 0
[S 0]  State:   6r
[S 0] WARN: waitUntilQueued for pid 0 tid 10 timed out
[S 0] WARN: waitUntilQueued for pid 0 tid 8 timed out
[S 0] WARN: waitUntilQueued for pid 0 tid 5 timed out
[S 0] WARN: waitUntilQueued for pid 0 tid 11 timed out
[S 0] WARN: waitUntilQueued for pid 0 tid 7 timed out
[H] WARN: Stalled for 20 secs so far
[S 0] WARN: waitUntilQueued for pid 0 tid 9 timed out
[S 0] WARN: waitUntilQueued for pid 0 tid 8 timed out
[S 0] WARN: waitUntilQueued for pid 0 tid 6 timed out
[S 0] WARN: waitUntilQueued for pid 0 tid 9 timed out
[S 0] WARN: waitUntilQueued for pid 0 tid 7 timed out
[S 0] WARN: waitUntilQueued for pid 0 tid 4 timed out
[H] WARN: Stalled for 20 secs so far
[S 0] WARN: waitUntilQueued for pid 0 tid 11 timed out
[S 0] WARN: waitUntilQueued for pid 0 tid 10 timed out
[S 0] WARN: waitUntilQueued for pid 0 tid 5 timed out
[S 0] WARN: waitUntilQueued for pid 0 tid 11 timed out
[S 0] WARN: waitUntilQueued for pid 0 tid 6 timed out
[S 0] WARN: waitUntilQueued for pid 0 tid 5 timed out
[S 0] WARN: waitUntilQueued for pid 0 tid 10 timed out
[S 0] WARN: waitUntilQueued for pid 0 tid 8 timed out
[S 0] WARN: waitUntilQueued for pid 0 tid 7 timed out
[H] WARN: Stalled for 20 secs so far
[S 0] WARN: waitUntilQueued for pid 0 tid 9 timed out
[S 0] WARN: waitUntilQueued for pid 0 tid 4 timed out
[S 0] Time slice ended, context-switched 1 threads, runQueue size 6, available 0
[S 0]  State:   4r
[S 0] WARN: waitUntilQueued for pid 0 tid 10 timed out
[S 0] WARN: waitUntilQueued for pid 0 tid 6 timed out
[S 0] WARN: waitUntilQueued for pid 0 tid 9 timed out
[S 0] WARN: waitUntilQueued for pid 0 tid 11 timed out
[S 0] WARN: waitUntilQueued for pid 0 tid 7 timed out
[S 0] WARN: waitUntilQueued for pid 0 tid 8 timed out
[S 0] WARN: waitUntilQueued for pid 0 tid 5 timed out
[S 0] WARN: waitUntilQueued for pid 0 tid 6 timed out
[S 0] WARN: waitUntilQueued for pid 0 tid 4 timed out
[S 0] WARN: waitUntilQueued for pid 0 tid 5 timed out
[S 0] WARN: waitUntilQueued for pid 0 tid 8 timed out
[S 0] WARN: waitUntilQueued for pid 0 tid 10 timed out
[S 0] WARN: waitUntilQueued for pid 0 tid 9 timed out
[H] WARN: Stalled for 20 secs so far
[S 0] WARN: waitUntilQueued for pid 0 tid 11 timed out
[S 0] WARN: waitUntilQueued for pid 0 tid 7 timed out
[S 0] Time slice ended, context-switched 1 threads, runQueue size 3, available 0
[S 0]  State:   5r
[S 0] WARN: waitUntilQueued for pid 0 tid 8 timed out
[S 0] WARN: waitUntilQueued for pid 0 tid 9 timed out
[S 0] WARN: waitUntilQueued for pid 0 tid 7 timed out
[S 0] WARN: waitUntilQueued for pid 0 tid 4 timed out
[S 0] WARN: waitUntilQueued for pid 0 tid 10 timed out
[S 0] WARN: waitUntilQueued for pid 0 tid 6 timed out
[S 0] WARN: waitUntilQueued for pid 0 tid 5 timed out
[S 0] WARN: waitUntilQueued for pid 0 tid 7 timed out
[S 0] WARN: waitUntilQueued for pid 0 tid 6 timed out
[S 0] WARN: waitUntilQueued for pid 0 tid 10 timed out
[S 0] WARN: waitUntilQueued for pid 0 tid 8 timed out
[H] WARN: Stalled for 20 secs so far
[S 0] WARN: waitUntilQueued for pid 0 tid 4 timed out
[S 0] WARN: waitUntilQueued for pid 0 tid 11 timed out
[S 0] WARN: waitUntilQueued for pid 0 tid 9 timed out
[S 0] Time slice ended, context-switched 1 threads, runQueue size 1, available 0
[S 0]  State:  10r
[S 0] WARN: waitUntilQueued for pid 0 tid 8 timed out
[S 0] WARN: waitUntilQueued for pid 0 tid 6 timed out
[S 0] WARN: waitUntilQueued for pid 0 tid 9 timed out
[S 0] WARN: waitUntilQueued for pid 0 tid 11 timed out
[S 0] WARN: waitUntilQueued for pid 0 tid 7 timed out
[S 0] WARN: waitUntilQueued for pid 0 tid 4 timed out
[H] WARN: Stalled for 20 secs so far
[S 0] WARN: waitUntilQueued for pid 0 tid 5 timed out
[S 0] WARN: waitUntilQueued for pid 0 tid 11 timed out
[S 0] WARN: waitUntilQueued for pid 0 tid 6 timed out
[S 0] WARN: waitUntilQueued for pid 0 tid 5 timed out
[S 0] WARN: waitUntilQueued for pid 0 tid 4 timed out
[S 0] WARN: waitUntilQueued for pid 0 tid 9 timed out
[S 0] WARN: waitUntilQueued for pid 0 tid 8 timed out
[H] WARN: Stalled for 20 secs so far
[S 0] WARN: waitUntilQueued for pid 0 tid 10 timed out
[S 0] WARN: waitUntilQueued for pid 0 tid 7 timed out
[S 0] WARN: waitUntilQueued for pid 0 tid 9 timed out
[S 0] WARN: waitUntilQueued for pid 0 tid 11 timed out
[S 0] WARN: waitUntilQueued for pid 0 tid 7 timed out
[S 0] WARN: waitUntilQueued for pid 0 tid 10 timed out
[S 0] WARN: waitUntilQueued for pid 0 tid 6 timed out
[S 0] WARN: waitUntilQueued for pid 0 tid 8 timed out
[S 0] WARN: waitUntilQueued for pid 0 tid 4 timed out
[H] WARN: Stalled for 20 secs so far
[S 0] WARN: waitUntilQueued for pid 0 tid 5 timed out
[S 0] Time slice ended, context-switched 1 threads, runQueue size 6, available 0
[S 0]  State:   5r
[S 0] WARN: waitUntilQueued for pid 0 tid 10 timed out
[S 0] WARN: waitUntilQueued for pid 0 tid 6 timed out
[S 0] WARN: waitUntilQueued for pid 0 tid 4 timed out
[S 0] WARN: waitUntilQueued for pid 0 tid 9 timed out
[S 0] WARN: waitUntilQueued for pid 0 tid 11 timed out
[S 0] WARN: waitUntilQueued for pid 0 tid 8 timed out
[S 0] WARN: waitUntilQueued for pid 0 tid 7 timed out
[S 0] WARN: waitUntilQueued for pid 0 tid 11 timed out
[S 0] WARN: waitUntilQueued for pid 0 tid 4 timed out
[S 0] WARN: waitUntilQueued for pid 0 tid 7 timed out
[S 0] WARN: waitUntilQueued for pid 0 tid 8 timed out
[S 0] WARN: waitUntilQueued for pid 0 tid 5 timed out
[S 0] WARN: waitUntilQueued for pid 0 tid 6 timed out
[S 0] WARN: waitUntilQueued for pid 0 tid 9 timed out
[H] WARN: Stalled for 20 secs so far
[S 0] WARN: waitUntilQueued for pid 0 tid 10 timed out
[S 0] Time slice ended, context-switched 1 threads, runQueue size 4, available 0
[S 0]  State:   4r
[S 0] WARN: waitUntilQueued for pid 0 tid 5 timed out
[S 0] WARN: waitUntilQueued for pid 0 tid 6 timed out
[S 0] WARN: waitUntilQueued for pid 0 tid 10 timed out
[S 0] WARN: waitUntilQueued for pid 0 tid 9 timed out
[S 0] WARN: waitUntilQueued for pid 0 tid 8 timed out
[H] WARN: Stalled for 20 secs so far
[S 0] WARN: waitUntilQueued for pid 0 tid 11 timed out
[S 0] WARN: waitUntilQueued for pid 0 tid 7 timed out
[S 0] WARN: waitUntilQueued for pid 0 tid 4 timed out
[S 0] WARN: waitUntilQueued for pid 0 tid 9 timed out
[S 0] WARN: waitUntilQueued for pid 0 tid 7 timed out
[S 0] WARN: waitUntilQueued for pid 0 tid 11 timed out
[S 0] WARN: waitUntilQueued for pid 0 tid 6 timed out
[S 0] WARN: waitUntilQueued for pid 0 tid 8 timed out
[S 0] WARN: waitUntilQueued for pid 0 tid 10 timed out
[H] WARN: Stalled for 20 secs so far
[S 0] WARN: waitUntilQueued for pid 0 tid 5 timed out
[S 0] Time slice ended, context-switched 1 threads, runQueue size 2, available 0
[S 0]  State:   4r
[S 0] WARN: waitUntilQueued for pid 0 tid 9 timed out
[S 0] WARN: waitUntilQueued for pid 0 tid 8 timed out
[S 0] WARN: waitUntilQueued for pid 0 tid 5 timed out
[S 0] WARN: waitUntilQueued for pid 0 tid 10 timed out
[S 0] WARN: waitUntilQueued for pid 0 tid 7 timed out
[H] WARN: Stalled for 20 secs so far
[S 0] WARN: waitUntilQueued for pid 0 tid 11 timed out
[S 0] WARN: waitUntilQueued for pid 0 tid 6 timed out
[S 0] WARN: waitUntilQueued for pid 0 tid 5 timed out
[S 0] WARN: waitUntilQueued for pid 0 tid 9 timed out
[S 0] WARN: waitUntilQueued for pid 0 tid 6 timed out
[S 0] WARN: waitUntilQueued for pid 0 tid 4 timed out
[S 0] WARN: waitUntilQueued for pid 0 tid 7 timed out
[S 0] WARN: waitUntilQueued for pid 0 tid 8 timed out
[S 0] WARN: waitUntilQueued for pid 0 tid 10 timed out
[S 0] WARN: waitUntilQueued for pid 0 tid 4 timed out
[S 0] Time slice ended, context-switched 1 threads, runQueue size 1, available 0
[S 0]  State:   4r
[S 0] WARN: waitUntilQueued for pid 0 tid 10 timed out
[S 0] WARN: waitUntilQueued for pid 0 tid 8 timed out
[S 0] WARN: waitUntilQueued for pid 0 tid 9 timed out
[S 0] WARN: waitUntilQueued for pid 0 tid 7 timed out
[S 0] WARN: waitUntilQueued for pid 0 tid 5 timed out
[S 0] WARN: waitUntilQueued for pid 0 tid 6 timed out
[S 0] WARN: waitUntilQueued for pid 0 tid 4 timed out
[S 0] WARN: waitUntilQueued for pid 0 tid 7 timed out
[S 0] WARN: waitUntilQueued for pid 0 tid 6 timed out
[S 0] WARN: waitUntilQueued for pid 0 tid 5 timed out
[S 0] WARN: waitUntilQueued for pid 0 tid 8 timed out
[S 0] WARN: waitUntilQueued for pid 0 tid 9 timed out
[H] WARN: Stalled for 20 secs so far
[S 0] WARN: waitUntilQueued for pid 0 tid 10 timed out
[S 0] WARN: waitUntilQueued for pid 0 tid 11 timed out
[S 0] WARN: waitUntilQueued for pid 0 tid 6 timed out
[S 0] WARN: waitUntilQueued for pid 0 tid 9 timed out
[S 0] WARN: waitUntilQueued for pid 0 tid 11 timed out
[S 0] WARN: waitUntilQueued for pid 0 tid 10 timed out
[S 0] WARN: waitUntilQueued for pid 0 tid 7 timed out
[S 0] WARN: waitUntilQueued for pid 0 tid 5 timed out
[S 0] WARN: waitUntilQueued for pid 0 tid 4 timed out
[H] WARN: Stalled for 20 secs so far
[S 0] WARN: waitUntilQueued for pid 0 tid 8 timed out
[S 0] Time slice ended, context-switched 1 threads, runQueue size 5, available 0
[S 0]  State:   4r
[S 0] WARN: waitUntilQueued for pid 0 tid 9 timed out
[S 0] WARN: waitUntilQueued for pid 0 tid 5 timed out
[S 0] WARN: waitUntilQueued for pid 0 tid 8 timed out
[S 0] WARN: waitUntilQueued for pid 0 tid 6 timed out
[S 0] WARN: waitUntilQueued for pid 0 tid 7 timed out
[H] WARN: Stalled for 20 secs so far
[S 0] WARN: waitUntilQueued for pid 0 tid 11 timed out
[S 0] WARN: waitUntilQueued for pid 0 tid 10 timed out
[S 0] WARN: waitUntilQueued for pid 0 tid 5 timed out
[S 0] WARN: waitUntilQueued for pid 0 tid 8 timed out
[S 0] WARN: waitUntilQueued for pid 0 tid 10 timed out
[S 0] WARN: waitUntilQueued for pid 0 tid 11 timed out
[S 0] WARN: waitUntilQueued for pid 0 tid 9 timed out
[S 0] WARN: waitUntilQueued for pid 0 tid 6 timed out
[S 0] WARN: waitUntilQueued for pid 0 tid 4 timed out
[H] WARN: Stalled for 20 secs so far
[S 0] WARN: waitUntilQueued for pid 0 tid 7 timed out
[S 0] Time slice ended, context-switched 1 threads, runQueue size 2, available 0
[S 0]  State:  10r
[S 0] WARN: waitUntilQueued for pid 0 tid 11 timed out
[S 0] WARN: waitUntilQueued for pid 0 tid 8 timed out
[S 0] WARN: waitUntilQueued for pid 0 tid 7 timed out
[S 0] WARN: waitUntilQueued for pid 0 tid 4 timed out
[S 0] WARN: waitUntilQueued for pid 0 tid 5 timed out
[S 0] WARN: waitUntilQueued for pid 0 tid 6 timed out
[H] WARN: Stalled for 20 secs so far
[S 0] WARN: waitUntilQueued for pid 0 tid 9 timed out
[S 0] WARN: waitUntilQueued for pid 0 tid 10 timed out
[S 0] WARN: waitUntilQueued for pid 0 tid 11 timed out
[S 0] WARN: waitUntilQueued for pid 0 tid 9 timed out
[S 0] WARN: waitUntilQueued for pid 0 tid 6 timed out
[S 0] WARN: waitUntilQueued for pid 0 tid 8 timed out
[H] WARN: Stalled for 20 secs so far
[S 0] WARN: waitUntilQueued for pid 0 tid 7 timed out
[S 0] WARN: waitUntilQueued for pid 0 tid 4 timed out
[S 0] WARN: waitUntilQueued for pid 0 tid 5 timed out
[S 0] Time slice ended, context-switched 1 threads, runQueue size 0, available 0
[S 0]  State:  10r
[S 0] WARN: waitUntilQueued for pid 0 tid 5 timed out
[S 0] WARN: waitUntilQueued for pid 0 tid 4 timed out
[S 0] WARN: waitUntilQueued for pid 0 tid 6 timed out
[S 0] WARN: waitUntilQueued for pid 0 tid 8 timed out
[S 0] WARN: waitUntilQueued for pid 0 tid 9 timed out
[S 0] WARN: waitUntilQueued for pid 0 tid 7 timed out
[S 0] WARN: waitUntilQueued for pid 0 tid 10 timed out
[S 0] WARN: waitUntilQueued for pid 0 tid 7 timed out
[S 0] WARN: waitUntilQueued for pid 0 tid 8 timed out
[S 0] WARN: waitUntilQueued for pid 0 tid 9 timed out
[S 0] WARN: waitUntilQueued for pid 0 tid 4 timed out
[S 0] WARN: waitUntilQueued for pid 0 tid 6 timed out
[S 0] WARN: waitUntilQueued for pid 0 tid 5 timed out
[S 0] WARN: waitUntilQueued for pid 0 tid 10 timed out
[S 0] WARN: waitUntilQueued for pid 0 tid 4 timed out
[S 0] WARN: waitUntilQueued for pid 0 tid 5 timed out
[S 0] WARN: waitUntilQueued for pid 0 tid 6 timed out
[S 0] WARN: waitUntilQueued for pid 0 tid 7 timed out
[S 0] WARN: waitUntilQueued for pid 0 tid 8 timed out
[H] WARN: Stalled for 20 secs so far
[S 0] WARN: waitUntilQueued for pid 0 tid 9 timed out
[S 0] WARN: waitUntilQueued for pid 0 tid 11 timed out
[S 0] Time slice ended, context-switched 1 threads, runQueue size 6, available 0
[S 0]  State:  11r
[S 0] WARN: waitUntilQueued for pid 0 tid 10 timed out
[S 0] WARN: waitUntilQueued for pid 0 tid 7 timed out
[S 0] WARN: waitUntilQueued for pid 0 tid 9 timed out
[S 0] WARN: waitUntilQueued for pid 0 tid 4 timed out
[S 0] WARN: waitUntilQueued for pid 0 tid 8 timed out
[S 0] WARN: waitUntilQueued for pid 0 tid 6 timed out
[S 0] WARN: waitUntilQueued for pid 0 tid 9 timed out
[S 0] WARN: waitUntilQueued for pid 0 tid 11 timed out
[S 0] WARN: waitUntilQueued for pid 0 tid 6 timed out
[S 0] WARN: waitUntilQueued for pid 0 tid 5 timed out
[S 0] WARN: waitUntilQueued for pid 0 tid 10 timed out
[S 0] WARN: waitUntilQueued for pid 0 tid 7 timed out
[S 0] WARN: waitUntilQueued for pid 0 tid 4 timed out
[H] WARN: Stalled for 20 secs so far
[S 0] WARN: waitUntilQueued for pid 0 tid 8 timed out
[S 0] Time slice ended, context-switched 1 threads, runQueue size 3, available 0
[S 0]  State:  10r
[S 0] WARN: waitUntilQueued for pid 0 tid 7 timed out
[S 0] WARN: waitUntilQueued for pid 0 tid 6 timed out
[S 0] WARN: waitUntilQueued for pid 0 tid 8 timed out
[S 0] WARN: waitUntilQueued for pid 0 tid 4 timed out
[S 0] WARN: waitUntilQueued for pid 0 tid 9 timed out
[S 0] WARN: waitUntilQueued for pid 0 tid 5 timed out
[H] WARN: Stalled for 20 secs so far
[S 0] WARN: waitUntilQueued for pid 0 tid 11 timed out
[S 0] WARN: waitUntilQueued for pid 0 tid 4 timed out
[S 0] WARN: waitUntilQueued for pid 0 tid 9 timed out
[S 0] WARN: waitUntilQueued for pid 0 tid 11 timed out
[S 0] WARN: waitUntilQueued for pid 0 tid 5 timed out
[S 0] WARN: waitUntilQueued for pid 0 tid 10 timed out
[H] WARN: Stalled for 20 secs so far
[S 0] WARN: waitUntilQueued for pid 0 tid 6 timed out
[S 0] WARN: waitUntilQueued for pid 0 tid 8 timed out
[H] WARN: Stalled for 30 secs so far
[S 0] WARN: waitUntilQueued for pid 0 tid 7 timed out
[S 0] Time slice ended, context-switched 1 threads, runQueue size 1, available 0
[S 0]  State:   5r
[S 0] WARN: waitUntilQueued for pid 0 tid 11 timed out
[S 0] WARN: waitUntilQueued for pid 0 tid 9 timed out
[S 0] WARN: waitUntilQueued for pid 0 tid 7 timed out
[S 0] WARN: waitUntilQueued for pid 0 tid 8 timed out
[S 0] WARN: waitUntilQueued for pid 0 tid 4 timed out
[S 0] WARN: waitUntilQueued for pid 0 tid 6 timed out
[H] WARN: Stalled for 20 secs so far
[S 0] WARN: waitUntilQueued for pid 0 tid 10 timed out
[S 0] WARN: waitUntilQueued for pid 0 tid 11 timed out
[S 0] WARN: waitUntilQueued for pid 0 tid 7 timed out
[S 0] WARN: waitUntilQueued for pid 0 tid 10 timed out
[S 0] WARN: waitUntilQueued for pid 0 tid 6 timed out
[S 0] WARN: waitUntilQueued for pid 0 tid 4 timed out
[H] WARN: Stalled for 20 secs so far
[S 0] WARN: waitUntilQueued for pid 0 tid 5 timed out
[S 0] WARN: waitUntilQueued for pid 0 tid 9 timed out
[S 0] WARN: waitUntilQueued for pid 0 tid 8 timed out
[S 0] WARN: waitUntilQueued for pid 0 tid 5 timed out
[S 0] WARN: waitUntilQueued for pid 0 tid 8 timed out
[S 0] WARN: waitUntilQueued for pid 0 tid 9 timed out
[S 0] WARN: waitUntilQueued for pid 0 tid 11 timed out
[S 0] WARN: waitUntilQueued for pid 0 tid 10 timed out
[S 0] WARN: waitUntilQueued for pid 0 tid 6 timed out
[H] WARN: Stalled for 20 secs so far
[S 0] WARN: waitUntilQueued for pid 0 tid 7 timed out
[S 0] Time slice ended, context-switched 1 threads, runQueue size 6, available 0
[S 0]  State:   7r
[S 0] WARN: waitUntilQueued for pid 0 tid 9 timed out
[S 0] WARN: waitUntilQueued for pid 0 tid 10 timed out
[S 0] WARN: waitUntilQueued for pid 0 tid 6 timed out
[S 0] WARN: waitUntilQueued for pid 0 tid 4 timed out
[S 0] WARN: waitUntilQueued for pid 0 tid 5 timed out
[S 0] WARN: waitUntilQueued for pid 0 tid 8 timed out
[H] WARN: Stalled for 20 secs so far
[S 0] WARN: waitUntilQueued for pid 0 tid 11 timed out
[S 0] WARN: waitUntilQueued for pid 0 tid 5 timed out
[S 0] WARN: waitUntilQueued for pid 0 tid 6 timed out
[S 0] WARN: waitUntilQueued for pid 0 tid 11 timed out
[S 0] WARN: waitUntilQueued for pid 0 tid 8 timed out
[S 0] WARN: waitUntilQueued for pid 0 tid 7 timed out
[H] WARN: Stalled for 20 secs so far
[S 0] WARN: waitUntilQueued for pid 0 tid 10 timed out
[S 0] WARN: waitUntilQueued for pid 0 tid 9 timed out
[S 0] WARN: waitUntilQueued for pid 0 tid 4 timed out
[S 0] Time slice ended, context-switched 1 threads, runQueue size 4, available 0
[S 0]  State:   5r
[S 0] WARN: waitUntilQueued for pid 0 tid 7 timed out
[S 0] WARN: waitUntilQueued for pid 0 tid 11 timed out
[S 0] WARN: waitUntilQueued for pid 0 tid 4 timed out
[S 0] WARN: waitUntilQueued for pid 0 tid 9 timed out
[S 0] WARN: waitUntilQueued for pid 0 tid 8 timed out
[S 0] WARN: waitUntilQueued for pid 0 tid 6 timed out
[H] WARN: Stalled for 20 secs so far
[S 0] WARN: waitUntilQueued for pid 0 tid 10 timed out
[S 0] WARN: waitUntilQueued for pid 0 tid 5 timed out
[S 0] WARN: waitUntilQueued for pid 0 tid 8 timed out
[S 0] WARN: waitUntilQueued for pid 0 tid 10 timed out
[S 0] WARN: waitUntilQueued for pid 0 tid 6 timed out
[S 0] WARN: waitUntilQueued for pid 0 tid 7 timed out
[H] WARN: Stalled for 20 secs so far
[S 0] WARN: waitUntilQueued for pid 0 tid 4 timed out
[S 0] WARN: waitUntilQueued for pid 0 tid 11 timed out
[S 0] WARN: waitUntilQueued for pid 0 tid 9 timed out
[S 0] Time slice ended, context-switched 1 threads, runQueue size 2, available 0
[S 0]  State:  10r
[S 0] WARN: waitUntilQueued for pid 0 tid 4 timed out
[S 0] WARN: waitUntilQueued for pid 0 tid 7 timed out
[S 0] WARN: waitUntilQueued for pid 0 tid 9 timed out
[S 0] WARN: waitUntilQueued for pid 0 tid 11 timed out
[S 0] WARN: waitUntilQueued for pid 0 tid 5 timed out
[S 0] WARN: waitUntilQueued for pid 0 tid 8 timed out
[H] WARN: Stalled for 20 secs so far
[S 0] WARN: waitUntilQueued for pid 0 tid 6 timed out
[S 0] WARN: waitUntilQueued for pid 0 tid 11 timed out
[S 0] WARN: waitUntilQueued for pid 0 tid 10 timed out
[S 0] WARN: waitUntilQueued for pid 0 tid 6 timed out
[S 0] WARN: waitUntilQueued for pid 0 tid 8 timed out
[S 0] WARN: waitUntilQueued for pid 0 tid 4 timed out
[S 0] WARN: waitUntilQueued for pid 0 tid 7 timed out
[H] WARN: Stalled for 20 secs so far
[S 0] WARN: waitUntilQueued for pid 0 tid 9 timed out
[S 0] WARN: waitUntilQueued for pid 0 tid 5 timed out
[S 0] WARN: waitUntilQueued for pid 0 tid 8 timed out
[S 0] Time slice ended, context-switched 1 threads, runQueue size 1, available 0
[S 0]  State:   8r
[S 0] WARN: waitUntilQueued for pid 0 tid 5 timed out
[S 0] WARN: waitUntilQueued for pid 0 tid 9 timed out
[S 0] WARN: waitUntilQueued for pid 0 tid 11 timed out
[S 0] WARN: waitUntilQueued for pid 0 tid 7 timed out
[S 0] WARN: waitUntilQueued for pid 0 tid 10 timed out
[S 0] WARN: waitUntilQueued for pid 0 tid 4 timed out
[S 0] WARN: waitUntilQueued for pid 0 tid 9 timed out
[S 0] WARN: waitUntilQueued for pid 0 tid 8 timed out
[S 0] WARN: waitUntilQueued for pid 0 tid 10 timed out
[S 0] WARN: waitUntilQueued for pid 0 tid 5 timed out
[S 0] WARN: waitUntilQueued for pid 0 tid 6 timed out
[S 0] WARN: waitUntilQueued for pid 0 tid 7 timed out
[S 0] WARN: waitUntilQueued for pid 0 tid 11 timed out
[S 0] WARN: waitUntilQueued for pid 0 tid 9 timed out
[S 0] WARN: waitUntilQueued for pid 0 tid 5 timed out
[S 0] WARN: waitUntilQueued for pid 0 tid 11 timed out
[S 0] WARN: waitUntilQueued for pid 0 tid 7 timed out
[S 0] WARN: waitUntilQueued for pid 0 tid 4 timed out
[H] WARN: Stalled for 20 secs so far
[S 0] WARN: waitUntilQueued for pid 0 tid 10 timed out
[S 0] WARN: waitUntilQueued for pid 0 tid 6 timed out
[S 0] WARN: waitUntilQueued for pid 0 tid 8 timed out
[S 0] Time slice ended, context-switched 1 threads, runQueue size 5, available 0
[S 0]  State:   6r
[S 0] WARN: waitUntilQueued for pid 0 tid 5 timed out
[S 0] WARN: waitUntilQueued for pid 0 tid 9 timed out
[S 0] WARN: waitUntilQueued for pid 0 tid 8 timed out
[S 0] WARN: waitUntilQueued for pid 0 tid 11 timed out
[S 0] WARN: waitUntilQueued for pid 0 tid 7 timed out
[S 0] WARN: waitUntilQueued for pid 0 tid 10 timed out
[H] WARN: Stalled for 20 secs so far
[S 0] WARN: waitUntilQueued for pid 0 tid 4 timed out
[S 0] WARN: waitUntilQueued for pid 0 tid 6 timed out
[S 0] WARN: waitUntilQueued for pid 0 tid 7 timed out
[S 0] WARN: waitUntilQueued for pid 0 tid 4 timed out
[S 0] WARN: waitUntilQueued for pid 0 tid 10 timed out
[S 0] WARN: waitUntilQueued for pid 0 tid 5 timed out
[S 0] WARN: waitUntilQueued for pid 0 tid 9 timed out
[H] WARN: Stalled for 20 secs so far
[S 0] WARN: waitUntilQueued for pid 0 tid 8 timed out
[S 0] WARN: waitUntilQueued for pid 0 tid 11 timed out
[S 0] Time slice ended, context-switched 1 threads, runQueue size 2, available 0
[S 0]  State:   5r
[S 0] WARN: waitUntilQueued for pid 0 tid 4 timed out
[S 0] WARN: waitUntilQueued for pid 0 tid 10 timed out
[S 0] WARN: waitUntilQueued for pid 0 tid 11 timed out
[S 0] WARN: waitUntilQueued for pid 0 tid 8 timed out
[S 0] WARN: waitUntilQueued for pid 0 tid 9 timed out
[S 0] WARN: waitUntilQueued for pid 0 tid 6 timed out
[S 0] WARN: waitUntilQueued for pid 0 tid 7 timed out
[S 0] WARN: waitUntilQueued for pid 0 tid 8 timed out
[S 0] WARN: waitUntilQueued for pid 0 tid 11 timed out
[S 0] WARN: waitUntilQueued for pid 0 tid 7 timed out
[S 0] WARN: waitUntilQueued for pid 0 tid 6 timed out
[S 0] WARN: waitUntilQueued for pid 0 tid 5 timed out
[S 0] WARN: waitUntilQueued for pid 0 tid 10 timed out
[H] WARN: Stalled for 20 secs so far
[S 0] WARN: waitUntilQueued for pid 0 tid 9 timed out
[S 0] WARN: waitUntilQueued for pid 0 tid 4 timed out
[S 0] Time slice ended, context-switched 1 threads, runQueue size 0, available 0
[S 0]  State:  10r
[S 0] WARN: waitUntilQueued for pid 0 tid 4 timed out
[S 0] WARN: waitUntilQueued for pid 0 tid 9 timed out
[S 0] WARN: waitUntilQueued for pid 0 tid 5 timed out
[S 0] WARN: waitUntilQueued for pid 0 tid 8 timed out
[H] WARN: Stalled for 20 secs so far
[S 0] WARN: waitUntilQueued for pid 0 tid 6 timed out
[S 0] WARN: waitUntilQueued for pid 0 tid 7 timed out
[S 0] WARN: waitUntilQueued for pid 0 tid 8 timed out
[S 0] WARN: waitUntilQueued for pid 0 tid 5 timed out
[S 0] WARN: waitUntilQueued for pid 0 tid 7 timed out
[S 0] WARN: waitUntilQueued for pid 0 tid 6 timed out
[S 0] WARN: waitUntilQueued for pid 0 tid 10 timed out
[S 0] WARN: waitUntilQueued for pid 0 tid 4 timed out
[S 0] WARN: waitUntilQueued for pid 0 tid 11 timed out
[H] WARN: Stalled for 20 secs so far
[S 0] WARN: waitUntilQueued for pid 0 tid 9 timed out
[S 0] WARN: waitUntilQueued for pid 0 tid 6 timed out
[S 0] WARN: waitUntilQueued for pid 0 tid 4 timed out
[S 0] WARN: waitUntilQueued for pid 0 tid 9 timed out
[S 0] WARN: waitUntilQueued for pid 0 tid 11 timed out
[S 0] WARN: waitUntilQueued for pid 0 tid 8 timed out
[S 0] WARN: waitUntilQueued for pid 0 tid 5 timed out
[H] WARN: Stalled for 20 secs so far
[S 0] WARN: waitUntilQueued for pid 0 tid 10 timed out
[S 0] WARN: waitUntilQueued for pid 0 tid 7 timed out
[S 0] Time slice ended, context-switched 1 threads, runQueue size 5, available 0
[S 0]  State:  10r
[S 0] WARN: waitUntilQueued for pid 0 tid 4 timed out
[S 0] WARN: waitUntilQueued for pid 0 tid 5 timed out
[S 0] WARN: waitUntilQueued for pid 0 tid 7 timed out
[S 0] WARN: waitUntilQueued for pid 0 tid 6 timed out
[S 0] WARN: waitUntilQueued for pid 0 tid 11 timed out
[S 0] WARN: waitUntilQueued for pid 0 tid 9 timed out
[S 0] WARN: waitUntilQueued for pid 0 tid 8 timed out
[S 0] WARN: waitUntilQueued for pid 0 tid 5 timed out
[S 0] WARN: waitUntilQueued for pid 0 tid 10 timed out
[S 0] WARN: waitUntilQueued for pid 0 tid 8 timed out
[S 0] WARN: waitUntilQueued for pid 0 tid 9 timed out
[S 0] WARN: waitUntilQueued for pid 0 tid 7 timed out
[S 0] WARN: waitUntilQueued for pid 0 tid 6 timed out
[S 0] WARN: waitUntilQueued for pid 0 tid 11 timed out
[S 0] Time slice ended, context-switched 1 threads, runQueue size 3, available 0
[S 0]  State:  10r
[S 0] WARN: waitUntilQueued for pid 0 tid 7 timed out
[S 0] WARN: waitUntilQueued for pid 0 tid 4 timed out
[S 0] WARN: waitUntilQueued for pid 0 tid 11 timed out
[S 0] WARN: waitUntilQueued for pid 0 tid 6 timed out
[S 0] WARN: waitUntilQueued for pid 0 tid 5 timed out
[S 0] WARN: waitUntilQueued for pid 0 tid 8 timed out
[H] WARN: Stalled for 20 secs so far
[S 0] WARN: waitUntilQueued for pid 0 tid 9 timed out
[S 0] WARN: waitUntilQueued for pid 0 tid 11 timed out
[S 0] WARN: waitUntilQueued for pid 0 tid 4 timed out
[S 0] WARN: waitUntilQueued for pid 0 tid 9 timed out
[S 0] WARN: waitUntilQueued for pid 0 tid 8 timed out
[S 0] WARN: waitUntilQueued for pid 0 tid 7 timed out
[S 0] WARN: waitUntilQueued for pid 0 tid 5 timed out
[S 0] WARN: waitUntilQueued for pid 0 tid 10 timed out
[H] WARN: Stalled for 20 secs so far
[S 0] WARN: waitUntilQueued for pid 0 tid 6 timed out
[S 0] Time slice ended, context-switched 1 threads, runQueue size 1, available 0
[S 0]  State:   4r
[S 0] WARN: waitUntilQueued for pid 0 tid 5 timed out
[S 0] WARN: waitUntilQueued for pid 0 tid 7 timed out
[S 0] WARN: waitUntilQueued for pid 0 tid 6 timed out
[S 0] WARN: waitUntilQueued for pid 0 tid 10 timed out
[S 0] WARN: waitUntilQueued for pid 0 tid 11 timed out
[S 0] WARN: waitUntilQueued for pid 0 tid 9 timed out
[H] WARN: Stalled for 20 secs so far
[S 0] WARN: waitUntilQueued for pid 0 tid 8 timed out
[S 0] WARN: waitUntilQueued for pid 0 tid 6 timed out
[S 0] WARN: waitUntilQueued for pid 0 tid 4 timed out
[S 0] WARN: waitUntilQueued for pid 0 tid 8 timed out
[S 0] WARN: waitUntilQueued for pid 0 tid 9 timed out
[S 0] WARN: waitUntilQueued for pid 0 tid 5 timed out
[H] WARN: Stalled for 20 secs so far
[S 0] WARN: waitUntilQueued for pid 0 tid 10 timed out
[S 0] WARN: waitUntilQueued for pid 0 tid 7 timed out
[S 0] WARN: waitUntilQueued for pid 0 tid 11 timed out
[S 0] WARN: waitUntilQueued for pid 0 tid 4 timed out
[S 0] WARN: waitUntilQueued for pid 0 tid 8 timed out
[S 0] WARN: waitUntilQueued for pid 0 tid 11 timed out
[S 0] WARN: waitUntilQueued for pid 0 tid 7 timed out
[S 0] WARN: waitUntilQueued for pid 0 tid 6 timed out
[S 0] WARN: waitUntilQueued for pid 0 tid 5 timed out
[H] WARN: Stalled for 20 secs so far
[S 0] WARN: waitUntilQueued for pid 0 tid 9 timed out
[S 0] WARN: waitUntilQueued for pid 0 tid 10 timed out
[S 0] Time slice ended, context-switched 1 threads, runQueue size 6, available 0
[S 0]  State:  10r
[S 0] WARN: waitUntilQueued for pid 0 tid 7 timed out
[S 0] WARN: waitUntilQueued for pid 0 tid 6 timed out
[S 0] WARN: waitUntilQueued for pid 0 tid 9 timed out
[S 0] WARN: waitUntilQueued for pid 0 tid 11 timed out
[S 0] WARN: waitUntilQueued for pid 0 tid 8 timed out
[S 0] WARN: waitUntilQueued for pid 0 tid 4 timed out
[S 0] WARN: waitUntilQueued for pid 0 tid 5 timed out
[S 0] WARN: waitUntilQueued for pid 0 tid 9 timed out
[S 0] WARN: waitUntilQueued for pid 0 tid 7 timed out
[S 0] WARN: waitUntilQueued for pid 0 tid 5 timed out
[S 0] WARN: waitUntilQueued for pid 0 tid 4 timed out
[S 0] WARN: waitUntilQueued for pid 0 tid 10 timed out
[S 0] WARN: waitUntilQueued for pid 0 tid 6 timed out
[H] WARN: Stalled for 20 secs so far
[S 0] WARN: waitUntilQueued for pid 0 tid 11 timed out
[S 0] WARN: waitUntilQueued for pid 0 tid 8 timed out
[S 0] Time slice ended, context-switched 1 threads, runQueue size 4, available 0
[S 0]  State:   9r
[S 0] WARN: waitUntilQueued for pid 0 tid 6 timed out
[S 0] WARN: waitUntilQueued for pid 0 tid 10 timed out
[S 0] WARN: waitUntilQueued for pid 0 tid 8 timed out
[S 0] WARN: waitUntilQueued for pid 0 tid 11 timed out
[S 0] WARN: waitUntilQueued for pid 0 tid 7 timed out
[S 0] WARN: waitUntilQueued for pid 0 tid 5 timed out
[S 0] WARN: waitUntilQueued for pid 0 tid 4 timed out
[S 0] WARN: waitUntilQueued for pid 0 tid 8 timed out
[S 0] WARN: waitUntilQueued for pid 0 tid 9 timed out
[S 0] WARN: waitUntilQueued for pid 0 tid 4 timed out
[S 0] WARN: waitUntilQueued for pid 0 tid 5 timed out
[S 0] WARN: waitUntilQueued for pid 0 tid 6 timed out
[S 0] WARN: waitUntilQueued for pid 0 tid 7 timed out
[S 0] WARN: waitUntilQueued for pid 0 tid 10 timed out
[H] WARN: Stalled for 20 secs so far
[S 0] WARN: waitUntilQueued for pid 0 tid 11 timed out
[S 0] Time slice ended, context-switched 1 threads, runQueue size 1, available 0
[S 0]  State:   8r
[S 0] WARN: waitUntilQueued for pid 0 tid 4 timed out
[S 0] WARN: waitUntilQueued for pid 0 tid 6 timed out
[S 0] WARN: waitUntilQueued for pid 0 tid 11 timed out
[S 0] WARN: waitUntilQueued for pid 0 tid 10 timed out
[S 0] WARN: waitUntilQueued for pid 0 tid 5 timed out
[S 0] WARN: waitUntilQueued for pid 0 tid 9 timed out
[S 0] WARN: waitUntilQueued for pid 0 tid 7 timed out
[S 0] WARN: waitUntilQueued for pid 0 tid 6 timed out
[S 0] WARN: waitUntilQueued for pid 0 tid 7 timed out
[S 0] WARN: waitUntilQueued for pid 0 tid 9 timed out
[S 0] WARN: waitUntilQueued for pid 0 tid 8 timed out
[S 0] WARN: waitUntilQueued for pid 0 tid 11 timed out
[S 0] WARN: waitUntilQueued for pid 0 tid 10 timed out
[S 0] WARN: waitUntilQueued for pid 0 tid 5 timed out
[S 0] WARN: waitUntilQueued for pid 0 tid 9 timed out
[S 0] Time slice ended, context-switched 1 threads, runQueue size 1, available 0
[S 0]  State:   9r
[S 0] WARN: waitUntilQueued for pid 0 tid 5 timed out
[S 0] WARN: waitUntilQueued for pid 0 tid 10 timed out
[S 0] WARN: waitUntilQueued for pid 0 tid 6 timed out
[S 0] WARN: waitUntilQueued for pid 0 tid 11 timed out
[S 0] WARN: waitUntilQueued for pid 0 tid 8 timed out
[H] WARN: Stalled for 20 secs so far
[S 0] WARN: waitUntilQueued for pid 0 tid 4 timed out
[S 0] WARN: waitUntilQueued for pid 0 tid 6 timed out
[S 0] WARN: waitUntilQueued for pid 0 tid 9 timed out
[S 0] WARN: waitUntilQueued for pid 0 tid 4 timed out
[S 0] WARN: waitUntilQueued for pid 0 tid 8 timed out
[S 0] WARN: waitUntilQueued for pid 0 tid 5 timed out
[S 0] WARN: waitUntilQueued for pid 0 tid 10 timed out
[H] WARN: Stalled for 20 secs so far
[S 0] WARN: waitUntilQueued for pid 0 tid 7 timed out
[S 0] WARN: waitUntilQueued for pid 0 tid 11 timed out
[S 0] WARN: waitUntilQueued for pid 0 tid 4 timed out
[S 0] WARN: waitUntilQueued for pid 0 tid 5 timed out
[S 0] WARN: waitUntilQueued for pid 0 tid 11 timed out
[S 0] WARN: waitUntilQueued for pid 0 tid 7 timed out
[S 0] WARN: waitUntilQueued for pid 0 tid 9 timed out
[S 0] WARN: waitUntilQueued for pid 0 tid 8 timed out
[S 0] WARN: waitUntilQueued for pid 0 tid 6 timed out
[H] WARN: Stalled for 20 secs so far
[S 0] WARN: waitUntilQueued for pid 0 tid 10 timed out
[S 0] Time slice ended, context-switched 1 threads, runQueue size 4, available 0
[S 0]  State:   4r
[S 0] WARN: waitUntilQueued for pid 0 tid 7 timed out
[S 0] WARN: waitUntilQueued for pid 0 tid 11 timed out
[S 0] WARN: waitUntilQueued for pid 0 tid 10 timed out
[S 0] WARN: waitUntilQueued for pid 0 tid 6 timed out
[S 0] WARN: waitUntilQueued for pid 0 tid 5 timed out
[S 0] WARN: waitUntilQueued for pid 0 tid 8 timed out
[S 0] WARN: waitUntilQueued for pid 0 tid 9 timed out
[S 0] WARN: waitUntilQueued for pid 0 tid 6 timed out
[S 0] WARN: waitUntilQueued for pid 0 tid 5 timed out
[S 0] WARN: waitUntilQueued for pid 0 tid 9 timed out
[S 0] WARN: waitUntilQueued for pid 0 tid 8 timed out
[S 0] WARN: waitUntilQueued for pid 0 tid 7 timed out
[S 0] WARN: waitUntilQueued for pid 0 tid 11 timed out
[S 0] WARN: waitUntilQueued for pid 0 tid 4 timed out
[H] WARN: Stalled for 20 secs so far
[S 0] WARN: waitUntilQueued for pid 0 tid 10 timed out
[S 0] Time slice ended, context-switched 1 threads, runQueue size 2, available 0
[S 0]  State:   6r
[S 0] WARN: waitUntilQueued for pid 0 tid 8 timed out
[S 0] WARN: waitUntilQueued for pid 0 tid 7 timed out
[S 0] WARN: waitUntilQueued for pid 0 tid 10 timed out
[S 0] WARN: waitUntilQueued for pid 0 tid 4 timed out
[S 0] WARN: waitUntilQueued for pid 0 tid 11 timed out
[H] WARN: Stalled for 20 secs so far
[S 0] WARN: waitUntilQueued for pid 0 tid 5 timed out
[S 0] WARN: waitUntilQueued for pid 0 tid 9 timed out
[S 0] WARN: waitUntilQueued for pid 0 tid 4 timed out
[S 0] WARN: waitUntilQueued for pid 0 tid 11 timed out
[S 0] WARN: waitUntilQueued for pid 0 tid 9 timed out
[S 0] WARN: waitUntilQueued for pid 0 tid 5 timed out
[S 0] WARN: waitUntilQueued for pid 0 tid 8 timed out
[S 0] WARN: waitUntilQueued for pid 0 tid 10 timed out
[S 0] WARN: waitUntilQueued for pid 0 tid 6 timed out
[H] WARN: Stalled for 20 secs so far
[S 0] WARN: waitUntilQueued for pid 0 tid 7 timed out
[S 0] Time slice ended, context-switched 1 threads, runQueue size 0, available 0
[S 0]  State:  11r
[S 0] WARN: waitUntilQueued for pid 0 tid 7 timed out
[S 0] WARN: waitUntilQueued for pid 0 tid 6 timed out
[S 0] WARN: waitUntilQueued for pid 0 tid 4 timed out
[S 0] WARN: waitUntilQueued for pid 0 tid 10 timed out
[S 0] WARN: waitUntilQueued for pid 0 tid 8 timed out
[S 0] WARN: waitUntilQueued for pid 0 tid 5 timed out
[S 0] WARN: waitUntilQueued for pid 0 tid 7 timed out
[S 0] WARN: waitUntilQueued for pid 0 tid 10 timed out
[S 0] WARN: waitUntilQueued for pid 0 tid 5 timed out
[S 0] WARN: waitUntilQueued for pid 0 tid 8 timed out
[S 0] WARN: waitUntilQueued for pid 0 tid 9 timed out
[S 0] WARN: waitUntilQueued for pid 0 tid 11 timed out
[H] WARN: Stalled for 20 secs so far
[S 0] WARN: waitUntilQueued for pid 0 tid 4 timed out
[S 0] WARN: waitUntilQueued for pid 0 tid 6 timed out
[S 0] WARN: waitUntilQueued for pid 0 tid 5 timed out
[S 0] WARN: waitUntilQueued for pid 0 tid 10 timed out
[S 0] WARN: waitUntilQueued for pid 0 tid 6 timed out
[S 0] WARN: waitUntilQueued for pid 0 tid 4 timed out
[S 0] WARN: waitUntilQueued for pid 0 tid 7 timed out
[S 0] WARN: waitUntilQueued for pid 0 tid 8 timed out
[S 0] WARN: waitUntilQueued for pid 0 tid 11 timed out
[H] WARN: Stalled for 20 secs so far
[S 0] WARN: waitUntilQueued for pid 0 tid 9 timed out
[S 0] Time slice ended, context-switched 1 threads, runQueue size 5, available 0
[S 0]  State:  11r
[S 0] WARN: waitUntilQueued for pid 0 tid 10 timed out
[S 0] WARN: waitUntilQueued for pid 0 tid 8 timed out
[S 0] WARN: waitUntilQueued for pid 0 tid 9 timed out
[S 0] WARN: waitUntilQueued for pid 0 tid 5 timed out
[S 0] WARN: waitUntilQueued for pid 0 tid 6 timed out
[H] WARN: Stalled for 20 secs so far
[S 0] WARN: waitUntilQueued for pid 0 tid 4 timed out
[S 0] WARN: waitUntilQueued for pid 0 tid 7 timed out
[S 0] WARN: waitUntilQueued for pid 0 tid 6 timed out
[S 0] WARN: waitUntilQueued for pid 0 tid 7 timed out
[S 0] WARN: waitUntilQueued for pid 0 tid 4 timed out
[S 0] WARN: waitUntilQueued for pid 0 tid 11 timed out
[S 0] WARN: waitUntilQueued for pid 0 tid 10 timed out
[S 0] WARN: waitUntilQueued for pid 0 tid 9 timed out
[S 0] WARN: waitUntilQueued for pid 0 tid 5 timed out
[S 0] Time slice ended, context-switched 1 threads, runQueue size 3, available 0
[S 0]  State:  10r
[S 0] WARN: waitUntilQueued for pid 0 tid 7 timed out
[S 0] WARN: waitUntilQueued for pid 0 tid 4 timed out
[S 0] WARN: waitUntilQueued for pid 0 tid 5 timed out
[S 0] WARN: waitUntilQueued for pid 0 tid 9 timed out
[S 0] WARN: waitUntilQueued for pid 0 tid 8 timed out
[S 0] WARN: waitUntilQueued for pid 0 tid 6 timed out
[S 0] WARN: waitUntilQueued for pid 0 tid 11 timed out
[S 0] WARN: waitUntilQueued for pid 0 tid 9 timed out
[S 0] WARN: waitUntilQueued for pid 0 tid 10 timed out
[S 0] WARN: waitUntilQueued for pid 0 tid 11 timed out
[S 0] WARN: waitUntilQueued for pid 0 tid 6 timed out
[S 0] WARN: waitUntilQueued for pid 0 tid 7 timed out
[S 0] WARN: waitUntilQueued for pid 0 tid 8 timed out
[H] WARN: Stalled for 20 secs so far
[S 0] WARN: waitUntilQueued for pid 0 tid 5 timed out
[S 0] WARN: waitUntilQueued for pid 0 tid 4 timed out
[S 0] Time slice ended, context-switched 1 threads, runQueue size 0, available 0
[S 0]  State:   8r
[S 0] WARN: waitUntilQueued for pid 0 tid 4 timed out
[S 0] WARN: waitUntilQueued for pid 0 tid 5 timed out
[S 0] WARN: waitUntilQueued for pid 0 tid 6 timed out
[S 0] WARN: waitUntilQueued for pid 0 tid 11 timed out
[S 0] WARN: waitUntilQueued for pid 0 tid 7 timed out
[S 0] WARN: waitUntilQueued for pid 0 tid 5 timed out
[S 0] WARN: waitUntilQueued for pid 0 tid 4 timed out
[S 0] WARN: waitUntilQueued for pid 0 tid 7 timed out
[S 0] WARN: waitUntilQueued for pid 0 tid 10 timed out
[S 0] WARN: waitUntilQueued for pid 0 tid 6 timed out
[S 0] WARN: waitUntilQueued for pid 0 tid 9 timed out
[S 0] WARN: waitUntilQueued for pid 0 tid 8 timed out
[S 0] WARN: waitUntilQueued for pid 0 tid 4 timed out
[S 0] WARN: waitUntilQueued for pid 0 tid 6 timed out
[S 0] WARN: waitUntilQueued for pid 0 tid 8 timed out
[S 0] WARN: waitUntilQueued for pid 0 tid 9 timed out
[S 0] WARN: waitUntilQueued for pid 0 tid 11 timed out
[S 0] WARN: waitUntilQueued for pid 0 tid 7 timed out
[H] WARN: Stalled for 20 secs so far
[S 0] WARN: waitUntilQueued for pid 0 tid 10 timed out
[S 0] WARN: waitUntilQueued for pid 0 tid 5 timed out
[S 0] Time slice ended, context-switched 1 threads, runQueue size 6, available 0
[S 0]  State:   5r
[S 0] WARN: waitUntilQueued for pid 0 tid 7 timed out
[S 0] WARN: waitUntilQueued for pid 0 tid 9 timed out
[S 0] WARN: waitUntilQueued for pid 0 tid 10 timed out
[S 0] WARN: waitUntilQueued for pid 0 tid 4 timed out
[S 0] WARN: waitUntilQueued for pid 0 tid 6 timed out
[S 0] WARN: waitUntilQueued for pid 0 tid 11 timed out
[H] WARN: Stalled for 20 secs so far
[S 0] WARN: waitUntilQueued for pid 0 tid 8 timed out
[S 0] WARN: waitUntilQueued for pid 0 tid 4 timed out
[S 0] WARN: waitUntilQueued for pid 0 tid 9 timed out
[S 0] WARN: waitUntilQueued for pid 0 tid 8 timed out
[S 0] WARN: waitUntilQueued for pid 0 tid 11 timed out
[S 0] WARN: waitUntilQueued for pid 0 tid 7 timed out
[S 0] WARN: waitUntilQueued for pid 0 tid 10 timed out
[S 0] WARN: waitUntilQueued for pid 0 tid 6 timed out
[S 0] Time slice ended, context-switched 1 threads, runQueue size 4, available 0
[S 0]  State:   4r
[S 0] WARN: waitUntilQueued for pid 0 tid 9 timed out
[S 0] WARN: waitUntilQueued for pid 0 tid 11 timed out
[S 0] WARN: waitUntilQueued for pid 0 tid 6 timed out
[S 0] WARN: waitUntilQueued for pid 0 tid 10 timed out
[S 0] WARN: waitUntilQueued for pid 0 tid 5 timed out
[H] WARN: Stalled for 20 secs so far
[S 0] WARN: waitUntilQueued for pid 0 tid 8 timed out
[S 0] WARN: waitUntilQueued for pid 0 tid 7 timed out
[S 0] WARN: waitUntilQueued for pid 0 tid 10 timed out
[S 0] WARN: waitUntilQueued for pid 0 tid 5 timed out
[S 0] WARN: waitUntilQueued for pid 0 tid 7 timed out
[S 0] WARN: waitUntilQueued for pid 0 tid 8 timed out
[S 0] WARN: waitUntilQueued for pid 0 tid 9 timed out
[S 0] WARN: waitUntilQueued for pid 0 tid 11 timed out
[S 0] WARN: waitUntilQueued for pid 0 tid 6 timed out
[H] WARN: Stalled for 20 secs so far
[S 0] WARN: waitUntilQueued for pid 0 tid 4 timed out
[S 0] WARN: waitUntilQueued for pid 0 tid 6 timed out
[S 0] Thread 4 finished
[S 0] WARN: External futex wakes? (0/0)
[S 0] WARN: waitUntilQueued for pid 0 tid 10 timed out
[S 0] Thread 6 finished
[S 0] WARN: waitUntilQueued for pid 0 tid 5 timed out
[S 0] Thread 10 finished
[S 0] WARN: waitUntilQueued for pid 0 tid 7 timed out
[S 0] Thread 5 finished
[S 0] WARN: waitUntilQueued for pid 0 tid 8 timed out
[S 0] Thread 7 finished
[S 0] WARN: waitUntilQueued for pid 0 tid 9 timed out
[S 0] Thread 8 finished
[H] WARN: Stalled for 20 secs so far
[S 0] WARN: waitUntilQueued for pid 0 tid 11 timed out
[S 0] Thread 9 finished
[S 0] WARN: waitUntilQueued for pid 0 tid 0 timed out
[S 0] Thread 11 finished
[ZSIM-HOOKS] ROI begin
[HOOKS] Leaving ROI
[S 0] ROI_END, entering fast-forward
[S 0] Thread 0 entering fast-forward
[ZSIM-HOOKS] ROI end
Final routing is: 6.90104e+08
[HOOKS] Total time spent in ROI: 2.322s
[HOOKS] Terminating
[S 0] Shadow/NOP thread 0 finished
[S 0] Finished, code 0
[S 0] Dumping termination stats
[S 0] Finished scheduler watchdog thread
[H] Child 170010 done
[H] All children done, exiting
