[H] Starting zsim, built Tue Dec  5 23:41:00 CST 2023 (rev no git repo)
[H] Creating global segment, 1024 MBs
[H] Global segment shmid = 11599923
[H] Deadlock detection ON
[S 0] Started instance
[S 0] Started RR scheduler, quantum=10000 phases
[S 0] mem-0: domain 0, 4 ranks/ch 8 banks/rank, tech DDR3-1333-CL10, boundLat 90 rd / 40 wr
[S 0] mem-0: Address mapping rank:col:bank row 63:15 col 12:3 rank 14:13 bank 2:0
[S 0] mem-1: domain 0, 4 ranks/ch 8 banks/rank, tech DDR3-1333-CL10, boundLat 90 rd / 40 wr
[S 0] mem-1: Address mapping rank:col:bank row 63:15 col 12:3 rank 14:13 bank 2:0
[S 0] mem-2: domain 0, 4 ranks/ch 8 banks/rank, tech DDR3-1333-CL10, boundLat 90 rd / 40 wr
[S 0] mem-2: Address mapping rank:col:bank row 63:15 col 12:3 rank 14:13 bank 2:0
[S 0] mem-3: domain 0, 4 ranks/ch 8 banks/rank, tech DDR3-1333-CL10, boundLat 90 rd / 40 wr
[S 0] mem-3: Address mapping rank:col:bank row 63:15 col 12:3 rank 14:13 bank 2:0
[S 0] Hierarchy: [ l1i-0 l1d-0 ] -> l2-0
[S 0] Hierarchy: [ l2-0 ] -> l3-0
[S 0] Initialized system
[S 0] HDF5 backend: Opening ./outputs/LRU/freqmine_8c_simlarge/zsim.h5
[S 0] HDF5 backend: Created table, 5896 bytes/record, 178 records/write
[S 0] HDF5 backend: Opening ./outputs/LRU/freqmine_8c_simlarge/zsim-ev.h5
[S 0] HDF5 backend: Created table, 5896 bytes/record, 23 records/write
[S 0] HDF5 backend: Opening ./outputs/LRU/freqmine_8c_simlarge/zsim-cmp.h5
[S 0] HDF5 backend: Created table, 3352 bytes/record, 1 records/write
[S 0] Initialization complete
[H] Attached to global heap
[S 0] Started process, PID 22751
[S 0] procMask: 0x0
[S 0] [0] Adjusting clocks, domain 0, de-ffwd 0
[S 0] vDSO info initialized
[S 0] Started contention simulation thread 0
[S 0] Started scheduler watchdog thread
[S 0] FF control Thread TID 22756
[S 0] FF thread 0 starting
[S 0] [0] Post-patching SYS_sched_getaffinity size 128 cpuset 0x7fffffffd630
PARSEC Benchmark Suite Version 2.1
[HOOKS] PARSEC Hooks Version 1.2
usage: /home/grads/n/nishankbansal/csce614_project_6/EMISSARY/benchmarks/parsec-2.1/bin/freqmine <infile> <MINSUP> <nthreads> [<outfile>]
[S 0] Shadow/NOP thread 0 finished
[S 0] Finished, code 1
[S 0] Dumping termination stats
[H] Child 22751 done
[H] All children done, exiting
