[H] Starting zsim, built Tue Dec  5 23:41:00 CST 2023 (rev no git repo)
[H] Creating global segment, 1024 MBs
[H] Global segment shmid = 11599872
[H] Deadlock detection ON
[S 0] Started instance
[S 0] Started RR scheduler, quantum=10000 phases
[S 0] mem-0: domain 0, 4 ranks/ch 8 banks/rank, tech DDR3-1333-CL10, boundLat 90 rd / 40 wr
[S 0] mem-0: Address mapping rank:col:bank row 63:15 col 12:3 rank 14:13 bank 2:0
[S 0] mem-1: domain 0, 4 ranks/ch 8 banks/rank, tech DDR3-1333-CL10, boundLat 90 rd / 40 wr
[S 0] mem-1: Address mapping rank:col:bank row 63:15 col 12:3 rank 14:13 bank 2:0
[S 0] mem-2: domain 0, 4 ranks/ch 8 banks/rank, tech DDR3-1333-CL10, boundLat 90 rd / 40 wr
[S 0] mem-2: Address mapping rank:col:bank row 63:15 col 12:3 rank 14:13 bank 2:0
[S 0] mem-3: domain 0, 4 ranks/ch 8 banks/rank, tech DDR3-1333-CL10, boundLat 90 rd / 40 wr
[S 0] mem-3: Address mapping rank:col:bank row 63:15 col 12:3 rank 14:13 bank 2:0
[S 0] Hierarchy: [ l1i-0 l1d-0 ] -> l2-0
[S 0] Hierarchy: [ l2-0 ] -> l3-0
[S 0] Initialized system
[S 0] HDF5 backend: Opening ./outputs/LRU/blackscholes_8c_simlarge/zsim.h5
[S 0] HDF5 backend: Created table, 5896 bytes/record, 178 records/write
[S 0] HDF5 backend: Opening ./outputs/LRU/blackscholes_8c_simlarge/zsim-ev.h5
[S 0] HDF5 backend: Created table, 5896 bytes/record, 23 records/write
[S 0] HDF5 backend: Opening ./outputs/LRU/blackscholes_8c_simlarge/zsim-cmp.h5
[S 0] HDF5 backend: Created table, 3352 bytes/record, 1 records/write
[S 0] Initialization complete
[H] Attached to global heap
[S 0] Started process, PID 134089
[S 0] procMask: 0x0
[S 0] [0] Adjusting clocks, domain 0, de-ffwd 0
[S 0] vDSO info initialized
[S 0] Started contention simulation thread 0
[S 0] Started scheduler watchdog thread
[S 0] FF control Thread TID 134098
[S 0] FF thread 0 starting
PARSEC Benchmark Suite Version 2.1
[HOOKS] PARSEC Hooks Version 1.2
Num of Options: 65536
Num of Runs: 100
Size of data: 2621440
[HOOKS] Entering ROI
[S 0] ROI_BEGIN, exiting fast-forward
[S 0] [0] Adjusting clocks, domain 0, de-ffwd 1
[S 0] Thread 0 starting
[S 0] Thread 4 starting
[S 0] Thread 5 starting
[S 0] Thread 6 starting
[S 0] Thread 7 starting
[S 0] Thread 8 starting
[S 0] Thread 9 starting
[S 0] Thread 10 starting
[S 0] Thread 11 starting
[S 0] Detected possible stall due to fake leaves (1 current)
[S 0]  [0/0] futex (202) @ 0x412562
[S 0] Blacklisting from future fake leaves: [0] futex @ 0x412562 | arg0 0x7fffd31789d0 arg1 0x0
[S 0] Time slice ended, context-switched 1 threads, runQueue size 6, available 0
[S 0]  State:   4r
[S 0] Time slice ended, context-switched 1 threads, runQueue size 6, available 0
[S 0]  State:   5r
[S 0] Time slice ended, context-switched 1 threads, runQueue size 6, available 0
[S 0]  State:   6r
[S 0] Time slice ended, context-switched 1 threads, runQueue size 6, available 0
[S 0]  State:   7r
[S 0] Time slice ended, context-switched 1 threads, runQueue size 6, available 0
[S 0]  State:   8r
[S 0] Time slice ended, context-switched 1 threads, runQueue size 6, available 0
[S 0]  State:   9r
[S 0] Time slice ended, context-switched 1 threads, runQueue size 6, available 0
[S 0]  State:  10r
[S 0] Time slice ended, context-switched 1 threads, runQueue size 6, available 0
[S 0]  State:  11r
[S 0] Time slice ended, context-switched 1 threads, runQueue size 6, available 0
[S 0]  State:   4r
[S 0] Time slice ended, context-switched 1 threads, runQueue size 6, available 0
[S 0]  State:   5r
[S 0] Time slice ended, context-switched 1 threads, runQueue size 6, available 0
[S 0]  State:   6r
[S 0] Time slice ended, context-switched 1 threads, runQueue size 6, available 0
[S 0]  State:   7r
[S 0] Time slice ended, context-switched 1 threads, runQueue size 6, available 0
[S 0]  State:   8r
[S 0] Time slice ended, context-switched 1 threads, runQueue size 6, available 0
[S 0]  State:   9r
[S 0] Time slice ended, context-switched 1 threads, runQueue size 6, available 0
[S 0]  State:  10r
[S 0] Time slice ended, context-switched 1 threads, runQueue size 6, available 0
[S 0]  State:  11r
[S 0] Time slice ended, context-switched 1 threads, runQueue size 6, available 0
[S 0]  State:   4r
[S 0] Time slice ended, context-switched 1 threads, runQueue size 6, available 0
[S 0]  State:   5r
[S 0] Time slice ended, context-switched 1 threads, runQueue size 6, available 0
[S 0]  State:   6r
[S 0] Time slice ended, context-switched 1 threads, runQueue size 6, available 0
[S 0]  State:   7r
[S 0] Time slice ended, context-switched 1 threads, runQueue size 6, available 0
[S 0]  State:   8r
[S 0] Time slice ended, context-switched 1 threads, runQueue size 6, available 0
[S 0]  State:   9r
[S 0] Time slice ended, context-switched 1 threads, runQueue size 6, available 0
[S 0]  State:  10r
[S 0] Time slice ended, context-switched 1 threads, runQueue size 6, available 0
[S 0]  State:  11r
[S 0] Time slice ended, context-switched 1 threads, runQueue size 6, available 0
[S 0]  State:   4r
[S 0] Time slice ended, context-switched 1 threads, runQueue size 6, available 0
[S 0]  State:   5r
[S 0] Time slice ended, context-switched 1 threads, runQueue size 6, available 0
[S 0]  State:   6r
[S 0] Time slice ended, context-switched 1 threads, runQueue size 6, available 0
[S 0]  State:   7r
[S 0] Time slice ended, context-switched 1 threads, runQueue size 6, available 0
[S 0]  State:   8r
[S 0] Time slice ended, context-switched 1 threads, runQueue size 6, available 0
[S 0]  State:   9r
[S 0] Time slice ended, context-switched 1 threads, runQueue size 6, available 0
[S 0]  State:  10r
[S 0] Time slice ended, context-switched 1 threads, runQueue size 6, available 0
[S 0]  State:  11r
[S 0] Time slice ended, context-switched 1 threads, runQueue size 6, available 0
[S 0]  State:   4r
[S 0] Time slice ended, context-switched 1 threads, runQueue size 6, available 0
[S 0]  State:   5r
[S 0] Time slice ended, context-switched 1 threads, runQueue size 6, available 0
[S 0]  State:   6r
[S 0] Time slice ended, context-switched 1 threads, runQueue size 6, available 0
[S 0]  State:   7r
[S 0] Time slice ended, context-switched 1 threads, runQueue size 6, available 0
[S 0]  State:   8r
[S 0] Time slice ended, context-switched 1 threads, runQueue size 6, available 0
[S 0]  State:   9r
[S 0] Time slice ended, context-switched 1 threads, runQueue size 6, available 0
[S 0]  State:  10r
[S 0] Time slice ended, context-switched 1 threads, runQueue size 6, available 0
[S 0]  State:  11r
[S 0] Time slice ended, context-switched 1 threads, runQueue size 6, available 0
[S 0]  State:   4r
[S 0] Time slice ended, context-switched 1 threads, runQueue size 6, available 0
[S 0]  State:   5r
[S 0] Time slice ended, context-switched 1 threads, runQueue size 6, available 0
[S 0]  State:   6r
[S 0] Time slice ended, context-switched 1 threads, runQueue size 6, available 0
[S 0]  State:   7r
[S 0] Time slice ended, context-switched 1 threads, runQueue size 6, available 0
[S 0]  State:   8r
[S 0] Time slice ended, context-switched 1 threads, runQueue size 6, available 0
[S 0]  State:   9r
[S 0] Time slice ended, context-switched 1 threads, runQueue size 6, available 0
[S 0]  State:  10r
[S 0] Time slice ended, context-switched 1 threads, runQueue size 6, available 0
[S 0]  State:  11r
[S 0] Thread 4 finished
[S 0] WARN: External futex wakes? (0/0)
[S 0] Time slice ended, context-switched 1 threads, runQueue size 6, available 0
[S 0]  State:   5r
[S 0] Thread 6 finished
[S 0] Time slice ended, context-switched 1 threads, runQueue size 5, available 0
[S 0]  State:   7r
[S 0] Thread 8 finished
[S 0] Time slice ended, context-switched 1 threads, runQueue size 4, available 0
[S 0]  State:   9r
[S 0] Thread 10 finished
[S 0] Time slice ended, context-switched 1 threads, runQueue size 3, available 0
[S 0]  State:  11r
[S 0] Thread 5 finished
[S 0] WARN: External futex wakes? (0/0)
[S 0] Thread 7 finished
[S 0] Thread 9 finished
[S 0] Thread 11 finished
[ZSIM-HOOKS] ROI begin
[HOOKS] Leaving ROI
[S 0] ROI_END, entering fast-forward
[S 0] Thread 0 entering fast-forward
[ZSIM-HOOKS] ROI end
[HOOKS] Total time spent in ROI: 2.199s
[HOOKS] Terminating
[S 0] Shadow/NOP thread 0 finished
[S 0] Finished, code 0
[S 0] Dumping termination stats
[S 0] Finished scheduler watchdog thread
[H] Child 134089 done
[H] All children done, exiting
