# zsim stats
===
root: # Stats
 contention: # Contention simulation stats
  domain-0: # Domain stats
   time: 363403615 # Weave simulation time
 time: # Simulator time breakdown
  init: 2725291580515
  bound: 9993993103
  weave: 525365961
  ff: 0
 trigger: 20000 # Reason for this stats dump
 phase: 8618 # Simulated phases
 westmere: # Core stats
  westmere-0: # Core stats
   cycles: 86181008 # Simulated unhalted cycles
   cCycles: 9998493 # Cycles due to contention stalls
   instrs: 100005633 # Simulated instructions
   uops: 132220882 # Retired micro-ops
   bbls: 1458024 # Basic blocks
   approxInstrs: 967603 # Instrs with approx uop decoding
   mispredBranches: 1057 # Mispredicted branches
   condBranches: 120269 # conditional branches
   fetchStalls: 18446744073709439196 # Fetch stalls
   decodeStalls: 38889031 # Decode stalls
   issueStalls: 1856525 # Issue stalls
 l1i: # Cache stats
  l1i-0: # Filter cache stats
   fhGETS: 1025327 # Filtered GETS hits
   fhGETX: 0 # Filtered GETX hits
   hGETS: 9781775 # GETS hits
   hGETX: 0 # GETX hits
   mGETS: 446 # GETS misses
   mGETS_I: 446 # GETS Instruction misses
   mGETS_D: 0 # GETS data misses
   mGETXIM: 0 # GETX I->M misses
   mGETXIM_I: 0 # GETX I->M Instruction misses
   mGETXIM_D: 0 # GETX I->M Data misses
   mGETXSM: 0 # GETX S->M misses (upgrade misses)
   mGETXSM_I: 0 # GETX S->M Instruction misses (upgrade misses)
   mGETXSM_D: 0 # GETX S->M Data misses (upgrade misses)
   PUTS: 0 # Clean evictions (from lower level)
   PUTX: 0 # Dirty evictions (from lower level)
   INV: 212 # Invalidates (from upper level)
   INVX: 0 # Downgrades (from upper level)
   FWD: 0 # Forwards (from upper level)
   latGETnl: 59764 # GET request latency on next level
   latGETnet: 0 # GET request latency on network to next level
 l1d: # Cache stats
  l1d-0: # Filter cache stats
   fhGETS: 39140236 # Filtered GETS hits
   fhGETX: 10351041 # Filtered GETX hits
   hGETS: 3203434 # GETS hits
   hGETX: 857947 # GETX hits
   mGETS: 478067 # GETS misses
   mGETS_I: 0 # GETS Instruction misses
   mGETS_D: 478067 # GETS data misses
   mGETXIM: 140004 # GETX I->M misses
   mGETXIM_I: 0 # GETX I->M Instruction misses
   mGETXIM_D: 140004 # GETX I->M Data misses
   mGETXSM: 0 # GETX S->M misses (upgrade misses)
   mGETXSM_I: 0 # GETX S->M Instruction misses (upgrade misses)
   mGETXSM_D: 0 # GETX S->M Data misses (upgrade misses)
   PUTS: 0 # Clean evictions (from lower level)
   PUTX: 0 # Dirty evictions (from lower level)
   INV: 46 # Invalidates (from upper level)
   INVX: 0 # Downgrades (from upper level)
   FWD: 0 # Forwards (from upper level)
   latGETnl: 66683520 # GET request latency on next level
   latGETnet: 0 # GET request latency on network to next level
 l2: # Cache stats
  l2-0: # Cache stats
   hGETS: 127187 # GETS hits
   hGETX: 0 # GETX hits
   mGETS: 351326 # GETS misses
   mGETS_I: 446 # GETS Instruction misses
   mGETS_D: 350880 # GETS data misses
   mGETXIM: 140004 # GETX I->M misses
   mGETXIM_I: 0 # GETX I->M Instruction misses
   mGETXIM_D: 140004 # GETX I->M Data misses
   mGETXSM: 0 # GETX S->M misses (upgrade misses)
   mGETXSM_I: 0 # GETX S->M Instruction misses (upgrade misses)
   mGETXSM_D: 0 # GETX S->M Data misses (upgrade misses)
   PUTS: 476543 # Clean evictions (from lower level)
   PUTX: 140458 # Dirty evictions (from lower level)
   INV: 22059 # Invalidates (from upper level)
   INVX: 0 # Downgrades (from upper level)
   FWD: 0 # Forwards (from upper level)
   latGETnl: 59321080 # GET request latency on next level
   latGETnet: 0 # GET request latency on network to next level
 l3: # Cache stats
  l3-0: # Cache stats
   hGETS: 3261 # GETS hits
   hGETX: 3641 # GETX hits
   mGETS: 348065 # GETS misses
   mGETS_I: 0 # GETS Instruction misses
   mGETS_D: 0 # GETS data misses
   mGETXIM: 136363 # GETX I->M misses
   mGETXIM_I: 0 # GETX I->M Instruction misses
   mGETXIM_D: 0 # GETX I->M Data misses
   mGETXSM: 0 # GETX S->M misses (upgrade misses)
   mGETXSM_I: 0 # GETX S->M Instruction misses (upgrade misses)
   mGETXSM_D: 0 # GETX S->M Data misses (upgrade misses)
   PUTS: 324637 # Clean evictions (from lower level)
   PUTX: 128250 # Dirty evictions (from lower level)
   INV: 0 # Invalidates (from upper level)
   INVX: 0 # Downgrades (from upper level)
   FWD: 0 # Forwards (from upper level)
   latGETnl: 43598520 # GET request latency on next level
   latGETnet: 0 # GET request latency on network to next level
 mem: # Memory controller stats
  mem-0: # Memory controller stats
   rd: 121090 # Read requests
   wr: 33829 # Write requests
   rdlat: 17644534 # Total latency experienced by read requests
   wrlat: 5489848 # Total latency experienced by write requests
   rdhits: 10 # Read row hits
   wrhits: 51 # Write row hits
   mlh: # latency histogram for memory requests
    0: 0
    1: 0
    2: 0
    3: 0
    4: 0
    5: 0
    6: 0
    7: 0
    8: 0
    9: 0
    10: 0
    11: 0
    12: 0
    13: 76369
    14: 22418
    15: 7984
    16: 1414
    17: 4347
    18: 891
    19: 1676
    20: 223
    21: 151
    22: 488
    23: 54
    24: 1377
    25: 2054
    26: 301
    27: 51
    28: 81
    29: 79
    30: 60
    31: 50
    32: 77
    33: 107
    34: 97
    35: 78
    36: 74
    37: 86
    38: 81
    39: 67
    40: 50
    41: 53
    42: 59
    43: 32
    44: 20
    45: 8
    46: 10
    47: 13
    48: 28
    49: 30
    50: 14
    51: 7
    52: 9
    53: 2
    54: 3
    55: 8
    56: 4
    57: 1
    58: 4
    59: 0
    60: 0
    61: 0
    62: 0
    63: 0
    64: 0
    65: 0
    66: 0
    67: 0
    68: 0
    69: 0
    70: 0
    71: 0
    72: 0
    73: 0
    74: 0
    75: 0
    76: 0
    77: 0
    78: 0
    79: 0
    80: 0
    81: 0
    82: 0
    83: 0
    84: 0
    85: 0
    86: 0
    87: 0
    88: 0
    89: 0
    90: 0
    91: 0
    92: 0
    93: 0
    94: 0
    95: 0
    96: 0
    97: 0
    98: 0
    99: 0
  mem-1: # Memory controller stats
   rd: 121098 # Read requests
   wr: 33833 # Write requests
   rdlat: 17643364 # Total latency experienced by read requests
   wrlat: 5505262 # Total latency experienced by write requests
   rdhits: 8 # Read row hits
   wrhits: 40 # Write row hits
   mlh: # latency histogram for memory requests
    0: 0
    1: 0
    2: 0
    3: 0
    4: 0
    5: 0
    6: 0
    7: 0
    8: 0
    9: 0
    10: 0
    11: 0
    12: 0
    13: 76379
    14: 22401
    15: 7953
    16: 1437
    17: 4328
    18: 929
    19: 1695
    20: 222
    21: 141
    22: 499
    23: 62
    24: 1407
    25: 2056
    26: 294
    27: 52
    28: 78
    29: 79
    30: 58
    31: 50
    32: 64
    33: 115
    34: 90
    35: 84
    36: 58
    37: 61
    38: 63
    39: 53
    40: 51
    41: 62
    42: 64
    43: 34
    44: 20
    45: 14
    46: 16
    47: 30
    48: 23
    49: 22
    50: 12
    51: 6
    52: 8
    53: 3
    54: 6
    55: 7
    56: 2
    57: 2
    58: 3
    59: 5
    60: 0
    61: 0
    62: 0
    63: 0
    64: 0
    65: 0
    66: 0
    67: 0
    68: 0
    69: 0
    70: 0
    71: 0
    72: 0
    73: 0
    74: 0
    75: 0
    76: 0
    77: 0
    78: 0
    79: 0
    80: 0
    81: 0
    82: 0
    83: 0
    84: 0
    85: 0
    86: 0
    87: 0
    88: 0
    89: 0
    90: 0
    91: 0
    92: 0
    93: 0
    94: 0
    95: 0
    96: 0
    97: 0
    98: 0
    99: 0
  mem-2: # Memory controller stats
   rd: 121133 # Read requests
   wr: 33836 # Write requests
   rdlat: 17669097 # Total latency experienced by read requests
   wrlat: 5488886 # Total latency experienced by write requests
   rdhits: 3 # Read row hits
   wrhits: 58 # Write row hits
   mlh: # latency histogram for memory requests
    0: 0
    1: 0
    2: 0
    3: 0
    4: 0
    5: 0
    6: 0
    7: 0
    8: 0
    9: 0
    10: 0
    11: 0
    12: 0
    13: 76234
    14: 22425
    15: 7969
    16: 1470
    17: 4356
    18: 914
    19: 1704
    20: 212
    21: 134
    22: 528
    23: 63
    24: 1382
    25: 2057
    26: 311
    27: 64
    28: 68
    29: 57
    30: 64
    31: 68
    32: 81
    33: 109
    34: 85
    35: 100
    36: 79
    37: 88
    38: 68
    39: 54
    40: 51
    41: 59
    42: 72
    43: 41
    44: 15
    45: 11
    46: 17
    47: 19
    48: 31
    49: 28
    50: 7
    51: 12
    52: 4
    53: 3
    54: 5
    55: 6
    56: 2
    57: 2
    58: 1
    59: 3
    60: 0
    61: 0
    62: 0
    63: 0
    64: 0
    65: 0
    66: 0
    67: 0
    68: 0
    69: 0
    70: 0
    71: 0
    72: 0
    73: 0
    74: 0
    75: 0
    76: 0
    77: 0
    78: 0
    79: 0
    80: 0
    81: 0
    82: 0
    83: 0
    84: 0
    85: 0
    86: 0
    87: 0
    88: 0
    89: 0
    90: 0
    91: 0
    92: 0
    93: 0
    94: 0
    95: 0
    96: 0
    97: 0
    98: 0
    99: 0
  mem-3: # Memory controller stats
   rd: 121104 # Read requests
   wr: 33824 # Write requests
   rdlat: 17648574 # Total latency experienced by read requests
   wrlat: 5477967 # Total latency experienced by write requests
   rdhits: 2 # Read row hits
   wrhits: 54 # Write row hits
   mlh: # latency histogram for memory requests
    0: 0
    1: 0
    2: 0
    3: 0
    4: 0
    5: 0
    6: 0
    7: 0
    8: 0
    9: 0
    10: 0
    11: 0
    12: 0
    13: 76328
    14: 22308
    15: 7981
    16: 1512
    17: 4322
    18: 938
    19: 1710
    20: 225
    21: 124
    22: 527
    23: 80
    24: 1409
    25: 2054
    26: 292
    27: 40
    28: 83
    29: 75
    30: 73
    31: 61
    32: 99
    33: 99
    34: 80
    35: 68
    36: 63
    37: 51
    38: 58
    39: 58
    40: 43
    41: 59
    42: 67
    43: 41
    44: 23
    45: 9
    46: 14
    47: 27
    48: 30
    49: 26
    50: 6
    51: 9
    52: 8
    53: 6
    54: 3
    55: 8
    56: 2
    57: 1
    58: 3
    59: 0
    60: 0
    61: 0
    62: 0
    63: 0
    64: 1
    65: 0
    66: 0
    67: 0
    68: 0
    69: 0
    70: 0
    71: 0
    72: 0
    73: 0
    74: 0
    75: 0
    76: 0
    77: 0
    78: 0
    79: 0
    80: 0
    81: 0
    82: 0
    83: 0
    84: 0
    85: 0
    86: 0
    87: 0
    88: 0
    89: 0
    90: 0
    91: 0
    92: 0
    93: 0
    94: 0
    95: 0
    96: 0
    97: 0
    98: 0
    99: 0
 sched: # Scheduler stats
  thCr: 1 # Threads created
  thFn: 1 # Threads finished
  schedEvs: 1 # Schedule events
  waitEvs: 0 # Wait events
  handoffEvs: 0 # Handoff events
  sleepEvs: 0 # Sleep events
  idlePhases: 0 # Phases with no thread active
  idlePeriods: 0 # Periods with no thread active
  occHist: # Occupancy histogram
   0: 0
   1: 8618
  rqSzHist: # Run queue size histogram
   0: 8618
   1: 0
   2: 0
   3: 0
   4: 0
   5: 0
   6: 0
   7: 0
   8: 0
   9: 0
   10: 0
   11: 0
   12: 0
   13: 0
   14: 0
   15: 0
   16: 0
 procCycles: # Per-process unhalted core cycles
  0: 86181008
  1: 0
  2: 0
  3: 0
  4: 0
  5: 0
  6: 0
  7: 0
  8: 0
  9: 0
  10: 0
  11: 0
  12: 0
  13: 0
  14: 0
  15: 0
  16: 0
  17: 0
  18: 0
  19: 0
  20: 0
  21: 0
  22: 0
  23: 0
  24: 0
  25: 0
  26: 0
  27: 0
  28: 0
  29: 0
  30: 0
  31: 0
  32: 0
  33: 0
  34: 0
  35: 0
  36: 0
  37: 0
  38: 0
  39: 0
  40: 0
  41: 0
  42: 0
  43: 0
  44: 0
  45: 0
  46: 0
  47: 0
  48: 0
  49: 0
  50: 0
  51: 0
  52: 0
  53: 0
  54: 0
  55: 0
  56: 0
  57: 0
  58: 0
  59: 0
  60: 0
  61: 0
  62: 0
  63: 0
 procInstrs: # Per-process instructions
  0: 100005633
  1: 0
  2: 0
  3: 0
  4: 0
  5: 0
  6: 0
  7: 0
  8: 0
  9: 0
  10: 0
  11: 0
  12: 0
  13: 0
  14: 0
  15: 0
  16: 0
  17: 0
  18: 0
  19: 0
  20: 0
  21: 0
  22: 0
  23: 0
  24: 0
  25: 0
  26: 0
  27: 0
  28: 0
  29: 0
  30: 0
  31: 0
  32: 0
  33: 0
  34: 0
  35: 0
  36: 0
  37: 0
  38: 0
  39: 0
  40: 0
  41: 0
  42: 0
  43: 0
  44: 0
  45: 0
  46: 0
  47: 0
  48: 0
  49: 0
  50: 0
  51: 0
  52: 0
  53: 0
  54: 0
  55: 0
  56: 0
  57: 0
  58: 0
  59: 0
  60: 0
  61: 0
  62: 0
  63: 0
 heartbeats: # Per-process heartbeats
  0: 0
  1: 0
  2: 0
  3: 0
  4: 0
  5: 0
  6: 0
  7: 0
  8: 0
  9: 0
  10: 0
  11: 0
  12: 0
  13: 0
  14: 0
  15: 0
  16: 0
  17: 0
  18: 0
  19: 0
  20: 0
  21: 0
  22: 0
  23: 0
  24: 0
  25: 0
  26: 0
  27: 0
  28: 0
  29: 0
  30: 0
  31: 0
  32: 0
  33: 0
  34: 0
  35: 0
  36: 0
  37: 0
  38: 0
  39: 0
  40: 0
  41: 0
  42: 0
  43: 0
  44: 0
  45: 0
  46: 0
  47: 0
  48: 0
  49: 0
  50: 0
  51: 0
  52: 0
  53: 0
  54: 0
  55: 0
  56: 0
  57: 0
  58: 0
  59: 0
  60: 0
  61: 0
  62: 0
  63: 0
===
