# zsim stats
===
root: # Stats
 contention: # Contention simulation stats
  domain-0: # Domain stats
   time: 13158801868 # Weave simulation time
 time: # Simulator time breakdown
  init: 1421456008
  bound: 669628430133
  weave: 30668857980
  ff: 0
 trigger: 20000 # Reason for this stats dump
 phase: 304177 # Simulated phases
 westmere: # Core stats
  westmere-0: # Core stats
   cycles: 3041770046 # Simulated unhalted cycles
   cCycles: 74660407 # Cycles due to contention stalls
   instrs: 5000010651 # Simulated instructions
   uops: 5822969679 # Retired micro-ops
   bbls: 365967626 # Basic blocks
   approxInstrs: 772115599 # Instrs with approx uop decoding
   mispredBranches: 26240022 # Mispredicted branches
   condBranches: 205418436 # conditional branches
   fetchStalls: 18446744072971991060 # Fetch stalls
   decodeStalls: 1936069056 # Decode stalls
   issueStalls: 215767473 # Issue stalls
 l1i: # Cache stats
  l1i-0: # Filter cache stats
   fhGETS: 514476662 # Filtered GETS hits
   fhGETX: 0 # Filtered GETX hits
   hGETS: 107648292 # GETS hits
   hGETX: 0 # GETX hits
   mGETS: 35217186 # GETS misses
   mGETS_I: 35217186 # GETS Instruction misses
   mGETS_D: 0 # GETS data misses
   mGETXIM: 0 # GETX I->M misses
   mGETXIM_I: 0 # GETX I->M Instruction misses
   mGETXIM_D: 0 # GETX I->M Data misses
   mGETXSM: 0 # GETX S->M misses (upgrade misses)
   mGETXSM_I: 0 # GETX S->M Instruction misses (upgrade misses)
   mGETXSM_D: 0 # GETX S->M Data misses (upgrade misses)
   PUTS: 0 # Clean evictions (from lower level)
   PUTX: 0 # Dirty evictions (from lower level)
   INV: 17401 # Invalidates (from upper level)
   INVX: 0 # Downgrades (from upper level)
   FWD: 0 # Forwards (from upper level)
   latGETnl: 446672856 # GET request latency on next level
   latGETnet: 0 # GET request latency on network to next level
 l1d: # Cache stats
  l1d-0: # Filter cache stats
   fhGETS: 1190083866 # Filtered GETS hits
   fhGETX: 369139512 # Filtered GETX hits
   hGETS: 122615661 # GETS hits
   hGETX: 34006887 # GETX hits
   mGETS: 30634600 # GETS misses
   mGETS_I: 0 # GETS Instruction misses
   mGETS_D: 30634600 # GETS data misses
   mGETXIM: 3780712 # GETX I->M misses
   mGETXIM_I: 0 # GETX I->M Instruction misses
   mGETXIM_D: 3780712 # GETX I->M Data misses
   mGETXSM: 0 # GETX S->M misses (upgrade misses)
   mGETXSM_I: 0 # GETX S->M Instruction misses (upgrade misses)
   mGETXSM_D: 0 # GETX S->M Data misses (upgrade misses)
   PUTS: 0 # Clean evictions (from lower level)
   PUTX: 0 # Dirty evictions (from lower level)
   INV: 9683 # Invalidates (from upper level)
   INVX: 0 # Downgrades (from upper level)
   FWD: 0 # Forwards (from upper level)
   latGETnl: 1136331686 # GET request latency on next level
   latGETnet: 0 # GET request latency on network to next level
 l2: # Cache stats
  l2-0: # Cache stats
   hGETS: 60014380 # GETS hits
   hGETX: 2589660 # GETX hits
   mGETS: 5837406 # GETS misses
   mGETS_I: 273237 # GETS Instruction misses
   mGETS_D: 5564169 # GETS data misses
   mGETXIM: 1191052 # GETX I->M misses
   mGETXIM_I: 0 # GETX I->M Instruction misses
   mGETXIM_D: 1191052 # GETX I->M Data misses
   mGETXSM: 0 # GETX S->M misses (upgrade misses)
   mGETXSM_I: 0 # GETX S->M Instruction misses (upgrade misses)
   mGETXSM_D: 0 # GETX S->M Data misses (upgrade misses)
   PUTS: 64430349 # Clean evictions (from lower level)
   PUTX: 5173529 # Dirty evictions (from lower level)
   INV: 287929 # Invalidates (from upper level)
   INVX: 0 # Downgrades (from upper level)
   FWD: 0 # Forwards (from upper level)
   latGETnl: 747414566 # GET request latency on next level
   latGETnet: 0 # GET request latency on network to next level
 l3: # Cache stats
  l3-0: # Cache stats
   hGETS: 1212959 # GETS hits
   hGETX: 9900 # GETX hits
   mGETS: 4624447 # GETS misses
   mGETS_I: 0 # GETS Instruction misses
   mGETS_D: 0 # GETS data misses
   mGETXIM: 1181152 # GETX I->M misses
   mGETXIM_I: 0 # GETX I->M Instruction misses
   mGETXIM_D: 0 # GETX I->M Data misses
   mGETXSM: 0 # GETX S->M misses (upgrade misses)
   mGETXSM_I: 0 # GETX S->M Instruction misses (upgrade misses)
   mGETXSM_D: 0 # GETX S->M Data misses (upgrade misses)
   PUTS: 5216662 # Clean evictions (from lower level)
   PUTX: 1507483 # Dirty evictions (from lower level)
   INV: 0 # Invalidates (from upper level)
   INVX: 0 # Downgrades (from upper level)
   FWD: 0 # Forwards (from upper level)
   latGETnl: 522503910 # GET request latency on next level
   latGETnet: 0 # GET request latency on network to next level
 mem: # Memory controller stats
  mem-0: # Memory controller stats
   rd: 1451826 # Read requests
   wr: 387647 # Write requests
   rdlat: 200201558 # Total latency experienced by read requests
   wrlat: 63468597 # Total latency experienced by write requests
   rdhits: 60899 # Read row hits
   wrhits: 8214 # Write row hits
   mlh: # latency histogram for memory requests
    0: 0
    1: 0
    2: 0
    3: 0
    4: 0
    5: 0
    6: 0
    7: 0
    8: 0
    9: 0
    10: 0
    11: 767
    12: 13397
    13: 1168377
    14: 169501
    15: 34076
    16: 15779
    17: 14571
    18: 4214
    19: 4640
    20: 2640
    21: 2187
    22: 1144
    23: 1974
    24: 1678
    25: 1447
    26: 827
    27: 684
    28: 772
    29: 798
    30: 804
    31: 989
    32: 778
    33: 781
    34: 807
    35: 829
    36: 949
    37: 894
    38: 840
    39: 835
    40: 807
    41: 798
    42: 806
    43: 402
    44: 151
    45: 121
    46: 155
    47: 248
    48: 222
    49: 61
    50: 22
    51: 26
    52: 8
    53: 11
    54: 3
    55: 2
    56: 0
    57: 0
    58: 2
    59: 2
    60: 0
    61: 0
    62: 0
    63: 0
    64: 0
    65: 0
    66: 0
    67: 0
    68: 0
    69: 0
    70: 0
    71: 0
    72: 0
    73: 0
    74: 0
    75: 0
    76: 0
    77: 0
    78: 0
    79: 0
    80: 0
    81: 0
    82: 0
    83: 0
    84: 0
    85: 0
    86: 0
    87: 0
    88: 0
    89: 0
    90: 0
    91: 0
    92: 0
    93: 0
    94: 0
    95: 0
    96: 0
    97: 0
    98: 0
    99: 0
  mem-1: # Memory controller stats
   rd: 1452130 # Read requests
   wr: 387346 # Write requests
   rdlat: 200261008 # Total latency experienced by read requests
   wrlat: 63503044 # Total latency experienced by write requests
   rdhits: 61082 # Read row hits
   wrhits: 8128 # Write row hits
   mlh: # latency histogram for memory requests
    0: 0
    1: 0
    2: 0
    3: 0
    4: 0
    5: 0
    6: 0
    7: 0
    8: 0
    9: 0
    10: 0
    11: 692
    12: 13808
    13: 1167821
    14: 168099
    15: 35422
    16: 15874
    17: 14884
    18: 4267
    19: 4727
    20: 2796
    21: 2102
    22: 1192
    23: 2031
    24: 1693
    25: 1385
    26: 828
    27: 624
    28: 737
    29: 784
    30: 774
    31: 1008
    32: 797
    33: 776
    34: 811
    35: 834
    36: 922
    37: 902
    38: 883
    39: 865
    40: 764
    41: 812
    42: 813
    43: 413
    44: 145
    45: 112
    46: 159
    47: 248
    48: 202
    49: 45
    50: 25
    51: 16
    52: 20
    53: 10
    54: 2
    55: 2
    56: 0
    57: 2
    58: 0
    59: 0
    60: 0
    61: 0
    62: 0
    63: 0
    64: 1
    65: 0
    66: 0
    67: 0
    68: 1
    69: 0
    70: 0
    71: 0
    72: 0
    73: 0
    74: 0
    75: 0
    76: 0
    77: 0
    78: 0
    79: 0
    80: 0
    81: 0
    82: 0
    83: 0
    84: 0
    85: 0
    86: 0
    87: 0
    88: 0
    89: 0
    90: 0
    91: 0
    92: 0
    93: 0
    94: 0
    95: 0
    96: 0
    97: 0
    98: 0
    99: 0
  mem-2: # Memory controller stats
   rd: 1451657 # Read requests
   wr: 387128 # Write requests
   rdlat: 200152784 # Total latency experienced by read requests
   wrlat: 63414847 # Total latency experienced by write requests
   rdhits: 61101 # Read row hits
   wrhits: 8153 # Write row hits
   mlh: # latency histogram for memory requests
    0: 0
    1: 0
    2: 0
    3: 0
    4: 0
    5: 0
    6: 0
    7: 0
    8: 0
    9: 0
    10: 0
    11: 762
    12: 13768
    13: 1168592
    14: 168806
    15: 34352
    16: 15698
    17: 14731
    18: 4307
    19: 4547
    20: 2652
    21: 2024
    22: 1064
    23: 1980
    24: 1693
    25: 1369
    26: 836
    27: 647
    28: 720
    29: 773
    30: 755
    31: 1015
    32: 834
    33: 725
    34: 791
    35: 811
    36: 904
    37: 881
    38: 908
    39: 885
    40: 781
    41: 773
    42: 783
    43: 391
    44: 162
    45: 117
    46: 174
    47: 295
    48: 226
    49: 53
    50: 24
    51: 21
    52: 7
    53: 8
    54: 6
    55: 2
    56: 1
    57: 1
    58: 2
    59: 0
    60: 0
    61: 0
    62: 0
    63: 0
    64: 0
    65: 0
    66: 0
    67: 0
    68: 0
    69: 0
    70: 0
    71: 0
    72: 0
    73: 0
    74: 0
    75: 0
    76: 0
    77: 0
    78: 0
    79: 0
    80: 0
    81: 0
    82: 0
    83: 0
    84: 0
    85: 0
    86: 0
    87: 0
    88: 0
    89: 0
    90: 0
    91: 0
    92: 0
    93: 0
    94: 0
    95: 0
    96: 0
    97: 0
    98: 0
    99: 0
  mem-3: # Memory controller stats
   rd: 1449986 # Read requests
   wr: 386976 # Write requests
   rdlat: 199884701 # Total latency experienced by read requests
   wrlat: 63340783 # Total latency experienced by write requests
   rdhits: 61033 # Read row hits
   wrhits: 8164 # Write row hits
   mlh: # latency histogram for memory requests
    0: 0
    1: 0
    2: 0
    3: 0
    4: 0
    5: 0
    6: 0
    7: 0
    8: 0
    9: 0
    10: 0
    11: 764
    12: 13473
    13: 1167787
    14: 167191
    15: 35124
    16: 15776
    17: 14777
    18: 4295
    19: 4639
    20: 2697
    21: 2085
    22: 1105
    23: 1973
    24: 1643
    25: 1412
    26: 856
    27: 669
    28: 718
    29: 803
    30: 784
    31: 963
    32: 840
    33: 785
    34: 829
    35: 790
    36: 913
    37: 825
    38: 895
    39: 815
    40: 767
    41: 790
    42: 846
    43: 393
    44: 160
    45: 91
    46: 161
    47: 252
    48: 188
    49: 46
    50: 21
    51: 12
    52: 12
    53: 15
    54: 4
    55: 2
    56: 0
    57: 0
    58: 0
    59: 0
    60: 0
    61: 0
    62: 0
    63: 0
    64: 0
    65: 0
    66: 0
    67: 0
    68: 0
    69: 0
    70: 0
    71: 0
    72: 0
    73: 0
    74: 0
    75: 0
    76: 0
    77: 0
    78: 0
    79: 0
    80: 0
    81: 0
    82: 0
    83: 0
    84: 0
    85: 0
    86: 0
    87: 0
    88: 0
    89: 0
    90: 0
    91: 0
    92: 0
    93: 0
    94: 0
    95: 0
    96: 0
    97: 0
    98: 0
    99: 0
 sched: # Scheduler stats
  thCr: 73 # Threads created
  thFn: 69 # Threads finished
  schedEvs: 138 # Schedule events
  waitEvs: 136 # Wait events
  handoffEvs: 30 # Handoff events
  sleepEvs: 0 # Sleep events
  idlePhases: 0 # Phases with no thread active
  idlePeriods: 0 # Periods with no thread active
  occHist: # Occupancy histogram
   0: 0
   1: 304177
  rqSzHist: # Run queue size histogram
   0: 59
   1: 206542
   2: 96793
   3: 783
   4: 0
   5: 0
   6: 0
   7: 0
   8: 0
   9: 0
   10: 0
   11: 0
   12: 0
   13: 0
   14: 0
   15: 0
   16: 0
 procCycles: # Per-process unhalted core cycles
  0: 3041770046
  1: 0
  2: 0
  3: 0
  4: 0
  5: 0
  6: 0
  7: 0
  8: 0
  9: 0
  10: 0
  11: 0
  12: 0
  13: 0
  14: 0
  15: 0
  16: 0
  17: 0
  18: 0
  19: 0
  20: 0
  21: 0
  22: 0
  23: 0
  24: 0
  25: 0
  26: 0
  27: 0
  28: 0
  29: 0
  30: 0
  31: 0
  32: 0
  33: 0
  34: 0
  35: 0
  36: 0
  37: 0
  38: 0
  39: 0
  40: 0
  41: 0
  42: 0
  43: 0
  44: 0
  45: 0
  46: 0
  47: 0
  48: 0
  49: 0
  50: 0
  51: 0
  52: 0
  53: 0
  54: 0
  55: 0
  56: 0
  57: 0
  58: 0
  59: 0
  60: 0
  61: 0
  62: 0
  63: 0
 procInstrs: # Per-process instructions
  0: 5000010651
  1: 0
  2: 0
  3: 0
  4: 0
  5: 0
  6: 0
  7: 0
  8: 0
  9: 0
  10: 0
  11: 0
  12: 0
  13: 0
  14: 0
  15: 0
  16: 0
  17: 0
  18: 0
  19: 0
  20: 0
  21: 0
  22: 0
  23: 0
  24: 0
  25: 0
  26: 0
  27: 0
  28: 0
  29: 0
  30: 0
  31: 0
  32: 0
  33: 0
  34: 0
  35: 0
  36: 0
  37: 0
  38: 0
  39: 0
  40: 0
  41: 0
  42: 0
  43: 0
  44: 0
  45: 0
  46: 0
  47: 0
  48: 0
  49: 0
  50: 0
  51: 0
  52: 0
  53: 0
  54: 0
  55: 0
  56: 0
  57: 0
  58: 0
  59: 0
  60: 0
  61: 0
  62: 0
  63: 0
 heartbeats: # Per-process heartbeats
  0: 0
  1: 0
  2: 0
  3: 0
  4: 0
  5: 0
  6: 0
  7: 0
  8: 0
  9: 0
  10: 0
  11: 0
  12: 0
  13: 0
  14: 0
  15: 0
  16: 0
  17: 0
  18: 0
  19: 0
  20: 0
  21: 0
  22: 0
  23: 0
  24: 0
  25: 0
  26: 0
  27: 0
  28: 0
  29: 0
  30: 0
  31: 0
  32: 0
  33: 0
  34: 0
  35: 0
  36: 0
  37: 0
  38: 0
  39: 0
  40: 0
  41: 0
  42: 0
  43: 0
  44: 0
  45: 0
  46: 0
  47: 0
  48: 0
  49: 0
  50: 0
  51: 0
  52: 0
  53: 0
  54: 0
  55: 0
  56: 0
  57: 0
  58: 0
  59: 0
  60: 0
  61: 0
  62: 0
  63: 0
===
