# zsim stats
===
root: # Stats
 contention: # Contention simulation stats
  domain-0: # Domain stats
   time: 1836034746 # Weave simulation time
 time: # Simulator time breakdown
  init: 3334092538746
  bound: 8608554108
  weave: 2051677335
  ff: 0
 trigger: 20000 # Reason for this stats dump
 phase: 17099 # Simulated phases
 westmere: # Core stats
  westmere-0: # Core stats
   cycles: 170992103 # Simulated unhalted cycles
   cCycles: 40638675 # Cycles due to contention stalls
   instrs: 100000069 # Simulated instructions
   uops: 109165177 # Retired micro-ops
   bbls: 17938869 # Basic blocks
   approxInstrs: 0 # Instrs with approx uop decoding
   mispredBranches: 70573 # Mispredicted branches
   condBranches: 17938828 # conditional branches
   fetchStalls: 18446744073695644948 # Fetch stalls
   decodeStalls: 14546369 # Decode stalls
   issueStalls: 1091322 # Issue stalls
 l1i: # Cache stats
  l1i-0: # Filter cache stats
   fhGETS: 17971422 # Filtered GETS hits
   fhGETX: 0 # Filtered GETX hits
   hGETS: 253759 # GETS hits
   hGETX: 0 # GETX hits
   mGETS: 57511 # GETS misses
   mGETS_I: 57511 # GETS Instruction misses
   mGETS_D: 0 # GETS data misses
   mGETXIM: 0 # GETX I->M misses
   mGETXIM_I: 0 # GETX I->M Instruction misses
   mGETXIM_D: 0 # GETX I->M Data misses
   mGETXSM: 0 # GETX S->M misses (upgrade misses)
   mGETXSM_I: 0 # GETX S->M Instruction misses (upgrade misses)
   mGETXSM_D: 0 # GETX S->M Data misses (upgrade misses)
   PUTS: 0 # Clean evictions (from lower level)
   PUTX: 0 # Dirty evictions (from lower level)
   INV: 57506 # Invalidates (from upper level)
   INVX: 0 # Downgrades (from upper level)
   FWD: 0 # Forwards (from upper level)
   latGETnl: 3526154 # GET request latency on next level
   latGETnet: 0 # GET request latency on network to next level
 l1d: # Cache stats
  l1d-0: # Filter cache stats
   fhGETS: 27393077 # Filtered GETS hits
   fhGETX: 1857432 # Filtered GETX hits
   hGETS: 136464 # GETS hits
   hGETX: 1016190 # GETX hits
   mGETS: 2524456 # GETS misses
   mGETS_I: 0 # GETS Instruction misses
   mGETS_D: 2524456 # GETS data misses
   mGETXIM: 16 # GETX I->M misses
   mGETXIM_I: 0 # GETX I->M Instruction misses
   mGETXIM_D: 16 # GETX I->M Data misses
   mGETXSM: 0 # GETX S->M misses (upgrade misses)
   mGETXSM_I: 0 # GETX S->M Instruction misses (upgrade misses)
   mGETXSM_D: 0 # GETX S->M Data misses (upgrade misses)
   PUTS: 0 # Clean evictions (from lower level)
   PUTX: 0 # Dirty evictions (from lower level)
   INV: 2524349 # Invalidates (from upper level)
   INVX: 0 # Downgrades (from upper level)
   FWD: 0 # Forwards (from upper level)
   latGETnl: 336484108 # GET request latency on next level
   latGETnet: 0 # GET request latency on network to next level
 l2: # Cache stats
  l2-0: # Cache stats
   hGETS: 0 # GETS hits
   hGETX: 0 # GETX hits
   mGETS: 2581967 # GETS misses
   mGETS_I: 57511 # GETS Instruction misses
   mGETS_D: 2524456 # GETS data misses
   mGETXIM: 16 # GETX I->M misses
   mGETXIM_I: 0 # GETX I->M Instruction misses
   mGETXIM_D: 16 # GETX I->M Data misses
   mGETXSM: 0 # GETX S->M misses (upgrade misses)
   mGETXSM_I: 0 # GETX S->M Instruction misses (upgrade misses)
   mGETXSM_D: 0 # GETX S->M Data misses (upgrade misses)
   PUTS: 0 # Clean evictions (from lower level)
   PUTX: 0 # Dirty evictions (from lower level)
   INV: 0 # Invalidates (from upper level)
   INVX: 0 # Downgrades (from upper level)
   FWD: 0 # Forwards (from upper level)
   latGETnl: 309026466 # GET request latency on next level
   latGETnet: 0 # GET request latency on network to next level
 l3: # Cache stats
  l3-0: # Cache stats
   hGETS: 66394 # GETS hits
   hGETX: 0 # GETX hits
   mGETS: 2515573 # GETS misses
   mGETS_I: 0 # GETS Instruction misses
   mGETS_D: 0 # GETS data misses
   mGETXIM: 16 # GETX I->M misses
   mGETXIM_I: 0 # GETX I->M Instruction misses
   mGETXIM_D: 0 # GETX I->M Data misses
   mGETXSM: 0 # GETX S->M misses (upgrade misses)
   mGETXSM_I: 0 # GETX S->M Instruction misses (upgrade misses)
   mGETXSM_D: 0 # GETX S->M Data misses (upgrade misses)
   PUTS: 1579640 # Clean evictions (from lower level)
   PUTX: 1002215 # Dirty evictions (from lower level)
   INV: 0 # Invalidates (from upper level)
   INVX: 0 # Downgrades (from upper level)
   FWD: 0 # Forwards (from upper level)
   latGETnl: 226403010 # GET request latency on next level
   latGETnet: 0 # GET request latency on network to next level
 mem: # Memory controller stats
  mem-0: # Memory controller stats
   rd: 628323 # Read requests
   wr: 251172 # Write requests
   rdlat: 85823296 # Total latency experienced by read requests
   wrlat: 35615139 # Total latency experienced by write requests
   rdhits: 0 # Read row hits
   wrhits: 6 # Write row hits
   mlh: # latency histogram for memory requests
    0: 0
    1: 0
    2: 0
    3: 0
    4: 0
    5: 0
    6: 0
    7: 0
    8: 0
    9: 0
    10: 0
    11: 0
    12: 0
    13: 575794
    14: 6749
    15: 7479
    16: 8637
    17: 2690
    18: 6390
    19: 7104
    20: 850
    21: 2479
    22: 2889
    23: 372
    24: 316
    25: 283
    26: 353
    27: 448
    28: 339
    29: 258
    30: 297
    31: 316
    32: 347
    33: 270
    34: 330
    35: 356
    36: 423
    37: 329
    38: 352
    39: 440
    40: 358
    41: 400
    42: 381
    43: 125
    44: 51
    45: 60
    46: 25
    47: 7
    48: 9
    49: 10
    50: 3
    51: 2
    52: 2
    53: 0
    54: 0
    55: 0
    56: 0
    57: 0
    58: 0
    59: 0
    60: 0
    61: 0
    62: 0
    63: 0
    64: 0
    65: 0
    66: 0
    67: 0
    68: 0
    69: 0
    70: 0
    71: 0
    72: 0
    73: 0
    74: 0
    75: 0
    76: 0
    77: 0
    78: 0
    79: 0
    80: 0
    81: 0
    82: 0
    83: 0
    84: 0
    85: 0
    86: 0
    87: 0
    88: 0
    89: 0
    90: 0
    91: 0
    92: 0
    93: 0
    94: 0
    95: 0
    96: 0
    97: 0
    98: 0
    99: 0
  mem-1: # Memory controller stats
   rd: 628160 # Read requests
   wr: 250347 # Write requests
   rdlat: 85759523 # Total latency experienced by read requests
   wrlat: 35847193 # Total latency experienced by write requests
   rdhits: 0 # Read row hits
   wrhits: 3 # Write row hits
   mlh: # latency histogram for memory requests
    0: 0
    1: 0
    2: 0
    3: 0
    4: 0
    5: 0
    6: 0
    7: 0
    8: 0
    9: 0
    10: 0
    11: 0
    12: 0
    13: 573083
    14: 6500
    15: 9657
    16: 12294
    17: 3829
    18: 5099
    19: 5874
    20: 457
    21: 1958
    22: 1883
    23: 572
    24: 356
    25: 336
    26: 347
    27: 461
    28: 317
    29: 283
    30: 296
    31: 289
    32: 325
    33: 283
    34: 307
    35: 345
    36: 370
    37: 346
    38: 407
    39: 450
    40: 360
    41: 391
    42: 418
    43: 125
    44: 40
    45: 43
    46: 20
    47: 16
    48: 10
    49: 5
    50: 3
    51: 2
    52: 2
    53: 1
    54: 0
    55: 0
    56: 0
    57: 0
    58: 0
    59: 0
    60: 0
    61: 0
    62: 0
    63: 0
    64: 0
    65: 0
    66: 0
    67: 0
    68: 0
    69: 0
    70: 0
    71: 0
    72: 0
    73: 0
    74: 0
    75: 0
    76: 0
    77: 0
    78: 0
    79: 0
    80: 0
    81: 0
    82: 0
    83: 0
    84: 0
    85: 0
    86: 0
    87: 0
    88: 0
    89: 0
    90: 0
    91: 0
    92: 0
    93: 0
    94: 0
    95: 0
    96: 0
    97: 0
    98: 0
    99: 0
  mem-2: # Memory controller stats
   rd: 629709 # Read requests
   wr: 250349 # Write requests
   rdlat: 84344959 # Total latency experienced by read requests
   wrlat: 35864886 # Total latency experienced by write requests
   rdhits: 0 # Read row hits
   wrhits: 417 # Write row hits
   mlh: # latency histogram for memory requests
    0: 0
    1: 0
    2: 0
    3: 0
    4: 0
    5: 0
    6: 0
    7: 0
    8: 0
    9: 0
    10: 0
    11: 0
    12: 0
    13: 609152
    14: 5028
    15: 2478
    16: 3329
    17: 578
    18: 847
    19: 788
    20: 251
    21: 233
    22: 133
    23: 196
    24: 242
    25: 211
    26: 336
    27: 521
    28: 330
    29: 270
    30: 306
    31: 315
    32: 361
    33: 272
    34: 318
    35: 353
    36: 405
    37: 366
    38: 334
    39: 375
    40: 423
    41: 387
    42: 370
    43: 120
    44: 34
    45: 24
    46: 7
    47: 8
    48: 6
    49: 2
    50: 0
    51: 0
    52: 0
    53: 0
    54: 0
    55: 0
    56: 0
    57: 0
    58: 0
    59: 0
    60: 0
    61: 0
    62: 0
    63: 0
    64: 0
    65: 0
    66: 0
    67: 0
    68: 0
    69: 0
    70: 0
    71: 0
    72: 0
    73: 0
    74: 0
    75: 0
    76: 0
    77: 0
    78: 0
    79: 0
    80: 0
    81: 0
    82: 0
    83: 0
    84: 0
    85: 0
    86: 0
    87: 0
    88: 0
    89: 0
    90: 0
    91: 0
    92: 0
    93: 0
    94: 0
    95: 0
    96: 0
    97: 0
    98: 0
    99: 0
  mem-3: # Memory controller stats
   rd: 629362 # Read requests
   wr: 250346 # Write requests
   rdlat: 85171847 # Total latency experienced by read requests
   wrlat: 36052898 # Total latency experienced by write requests
   rdhits: 0 # Read row hits
   wrhits: 76 # Write row hits
   mlh: # latency histogram for memory requests
    0: 0
    1: 0
    2: 0
    3: 0
    4: 0
    5: 0
    6: 0
    7: 0
    8: 0
    9: 0
    10: 0
    11: 0
    12: 0
    13: 590653
    14: 4951
    15: 3207
    16: 10770
    17: 2029
    18: 4561
    19: 4428
    20: 430
    21: 871
    22: 513
    23: 297
    24: 254
    25: 204
    26: 351
    27: 473
    28: 333
    29: 275
    30: 310
    31: 316
    32: 296
    33: 297
    34: 288
    35: 363
    36: 422
    37: 358
    38: 351
    39: 401
    40: 391
    41: 414
    42: 321
    43: 118
    44: 54
    45: 24
    46: 14
    47: 10
    48: 8
    49: 3
    50: 3
    51: 0
    52: 0
    53: 0
    54: 0
    55: 0
    56: 0
    57: 0
    58: 0
    59: 0
    60: 0
    61: 0
    62: 0
    63: 0
    64: 0
    65: 0
    66: 0
    67: 0
    68: 0
    69: 0
    70: 0
    71: 0
    72: 0
    73: 0
    74: 0
    75: 0
    76: 0
    77: 0
    78: 0
    79: 0
    80: 0
    81: 0
    82: 0
    83: 0
    84: 0
    85: 0
    86: 0
    87: 0
    88: 0
    89: 0
    90: 0
    91: 0
    92: 0
    93: 0
    94: 0
    95: 0
    96: 0
    97: 0
    98: 0
    99: 0
 sched: # Scheduler stats
  thCr: 1 # Threads created
  thFn: 1 # Threads finished
  schedEvs: 1 # Schedule events
  waitEvs: 0 # Wait events
  handoffEvs: 0 # Handoff events
  sleepEvs: 0 # Sleep events
  idlePhases: 0 # Phases with no thread active
  idlePeriods: 0 # Periods with no thread active
  occHist: # Occupancy histogram
   0: 0
   1: 17099
  rqSzHist: # Run queue size histogram
   0: 17099
   1: 0
   2: 0
   3: 0
   4: 0
   5: 0
   6: 0
   7: 0
   8: 0
   9: 0
   10: 0
   11: 0
   12: 0
   13: 0
   14: 0
   15: 0
   16: 0
 procCycles: # Per-process unhalted core cycles
  0: 170992103
  1: 0
  2: 0
  3: 0
  4: 0
  5: 0
  6: 0
  7: 0
  8: 0
  9: 0
  10: 0
  11: 0
  12: 0
  13: 0
  14: 0
  15: 0
  16: 0
  17: 0
  18: 0
  19: 0
  20: 0
  21: 0
  22: 0
  23: 0
  24: 0
  25: 0
  26: 0
  27: 0
  28: 0
  29: 0
  30: 0
  31: 0
  32: 0
  33: 0
  34: 0
  35: 0
  36: 0
  37: 0
  38: 0
  39: 0
  40: 0
  41: 0
  42: 0
  43: 0
  44: 0
  45: 0
  46: 0
  47: 0
  48: 0
  49: 0
  50: 0
  51: 0
  52: 0
  53: 0
  54: 0
  55: 0
  56: 0
  57: 0
  58: 0
  59: 0
  60: 0
  61: 0
  62: 0
  63: 0
 procInstrs: # Per-process instructions
  0: 100000069
  1: 0
  2: 0
  3: 0
  4: 0
  5: 0
  6: 0
  7: 0
  8: 0
  9: 0
  10: 0
  11: 0
  12: 0
  13: 0
  14: 0
  15: 0
  16: 0
  17: 0
  18: 0
  19: 0
  20: 0
  21: 0
  22: 0
  23: 0
  24: 0
  25: 0
  26: 0
  27: 0
  28: 0
  29: 0
  30: 0
  31: 0
  32: 0
  33: 0
  34: 0
  35: 0
  36: 0
  37: 0
  38: 0
  39: 0
  40: 0
  41: 0
  42: 0
  43: 0
  44: 0
  45: 0
  46: 0
  47: 0
  48: 0
  49: 0
  50: 0
  51: 0
  52: 0
  53: 0
  54: 0
  55: 0
  56: 0
  57: 0
  58: 0
  59: 0
  60: 0
  61: 0
  62: 0
  63: 0
 heartbeats: # Per-process heartbeats
  0: 0
  1: 0
  2: 0
  3: 0
  4: 0
  5: 0
  6: 0
  7: 0
  8: 0
  9: 0
  10: 0
  11: 0
  12: 0
  13: 0
  14: 0
  15: 0
  16: 0
  17: 0
  18: 0
  19: 0
  20: 0
  21: 0
  22: 0
  23: 0
  24: 0
  25: 0
  26: 0
  27: 0
  28: 0
  29: 0
  30: 0
  31: 0
  32: 0
  33: 0
  34: 0
  35: 0
  36: 0
  37: 0
  38: 0
  39: 0
  40: 0
  41: 0
  42: 0
  43: 0
  44: 0
  45: 0
  46: 0
  47: 0
  48: 0
  49: 0
  50: 0
  51: 0
  52: 0
  53: 0
  54: 0
  55: 0
  56: 0
  57: 0
  58: 0
  59: 0
  60: 0
  61: 0
  62: 0
  63: 0
===
