# zsim stats
===
root: # Stats
 contention: # Contention simulation stats
  domain-0: # Domain stats
   time: 15639432792 # Weave simulation time
 time: # Simulator time breakdown
  init: 440901722
  bound: 50122312544510
  weave: 35391173086
  ff: 0
 trigger: 20000 # Reason for this stats dump
 phase: 439259 # Simulated phases
 westmere: # Core stats
  westmere-0: # Core stats
   cycles: 4392590003 # Simulated unhalted cycles
   cCycles: 345500355 # Cycles due to contention stalls
   instrs: 5000016495 # Simulated instructions
   uops: 5282303890 # Retired micro-ops
   bbls: 903419851 # Basic blocks
   approxInstrs: 504307 # Instrs with approx uop decoding
   mispredBranches: 531914 # Mispredicted branches
   condBranches: 874090641 # conditional branches
   fetchStalls: 18446744073633759656 # Fetch stalls
   decodeStalls: 89873711 # Decode stalls
   issueStalls: 14762307 # Issue stalls
 l1i: # Cache stats
  l1i-0: # Filter cache stats
   fhGETS: 976881102 # Filtered GETS hits
   fhGETX: 0 # Filtered GETX hits
   hGETS: 493468 # GETS hits
   hGETX: 0 # GETX hits
   mGETS: 5674 # GETS misses
   mGETS_I: 5674 # GETS Instruction misses
   mGETS_D: 0 # GETS data misses
   mGETXIM: 0 # GETX I->M misses
   mGETXIM_I: 0 # GETX I->M Instruction misses
   mGETXIM_D: 0 # GETX I->M Data misses
   mGETXSM: 0 # GETX S->M misses (upgrade misses)
   mGETXSM_I: 0 # GETX S->M Instruction misses (upgrade misses)
   mGETXSM_D: 0 # GETX S->M Data misses (upgrade misses)
   PUTS: 0 # Clean evictions (from lower level)
   PUTX: 0 # Dirty evictions (from lower level)
   INV: 5465 # Invalidates (from upper level)
   INVX: 0 # Downgrades (from upper level)
   FWD: 0 # Forwards (from upper level)
   latGETnl: 760194 # GET request latency on next level
   latGETnet: 0 # GET request latency on network to next level
 l1d: # Cache stats
  l1d-0: # Filter cache stats
   fhGETS: 1735043050 # Filtered GETS hits
   fhGETX: 436285167 # Filtered GETX hits
   hGETS: 31364688 # GETS hits
   hGETX: 693907 # GETX hits
   mGETS: 17630262 # GETS misses
   mGETS_I: 0 # GETS Instruction misses
   mGETS_D: 17630262 # GETS data misses
   mGETXIM: 194661 # GETX I->M misses
   mGETXIM_I: 0 # GETX I->M Instruction misses
   mGETXIM_D: 194661 # GETX I->M Data misses
   mGETXSM: 0 # GETX S->M misses (upgrade misses)
   mGETXSM_I: 0 # GETX S->M Instruction misses (upgrade misses)
   mGETXSM_D: 0 # GETX S->M Data misses (upgrade misses)
   PUTS: 0 # Clean evictions (from lower level)
   PUTX: 0 # Dirty evictions (from lower level)
   INV: 417 # Invalidates (from upper level)
   INVX: 0 # Downgrades (from upper level)
   FWD: 0 # Forwards (from upper level)
   latGETnl: 2241681984 # GET request latency on next level
   latGETnet: 0 # GET request latency on network to next level
 l2: # Cache stats
  l2-0: # Cache stats
   hGETS: 460357 # GETS hits
   hGETX: 9858 # GETX hits
   mGETS: 17175579 # GETS misses
   mGETS_I: 5673 # GETS Instruction misses
   mGETS_D: 17169906 # GETS data misses
   mGETXIM: 184803 # GETX I->M misses
   mGETXIM_I: 0 # GETX I->M Instruction misses
   mGETXIM_D: 184803 # GETX I->M Data misses
   mGETXSM: 0 # GETX S->M misses (upgrade misses)
   mGETXSM_I: 0 # GETX S->M Instruction misses (upgrade misses)
   mGETXSM_D: 0 # GETX S->M Data misses (upgrade misses)
   PUTS: 17410972 # Clean evictions (from lower level)
   PUTX: 412557 # Dirty evictions (from lower level)
   INV: 69851 # Invalidates (from upper level)
   INVX: 0 # Downgrades (from upper level)
   FWD: 0 # Forwards (from upper level)
   latGETnl: 2028475014 # GET request latency on next level
   latGETnet: 0 # GET request latency on network to next level
 l3: # Cache stats
  l3-0: # Cache stats
   hGETS: 989121 # GETS hits
   hGETX: 5230 # GETX hits
   mGETS: 16186458 # GETS misses
   mGETS_I: 0 # GETS Instruction misses
   mGETS_D: 0 # GETS data misses
   mGETXIM: 179573 # GETX I->M misses
   mGETXIM_I: 0 # GETX I->M Instruction misses
   mGETXIM_D: 0 # GETX I->M Data misses
   mGETXSM: 0 # GETX S->M misses (upgrade misses)
   mGETXSM_I: 0 # GETX S->M Instruction misses (upgrade misses)
   mGETXSM_D: 0 # GETX S->M Data misses (upgrade misses)
   PUTS: 16938809 # Clean evictions (from lower level)
   PUTX: 335339 # Dirty evictions (from lower level)
   INV: 0 # Invalidates (from upper level)
   INVX: 0 # Downgrades (from upper level)
   FWD: 0 # Forwards (from upper level)
   latGETnl: 1472942790 # GET request latency on next level
   latGETnet: 0 # GET request latency on network to next level
 mem: # Memory controller stats
  mem-0: # Memory controller stats
   rd: 4851353 # Read requests
   wr: 80013 # Write requests
   rdlat: 648568276 # Total latency experienced by read requests
   wrlat: 11822130 # Total latency experienced by write requests
   rdhits: 42209 # Read row hits
   wrhits: 127 # Write row hits
   mlh: # latency histogram for memory requests
    0: 0
    1: 0
    2: 0
    3: 0
    4: 0
    5: 0
    6: 0
    7: 0
    8: 0
    9: 0
    10: 0
    11: 716
    12: 36390
    13: 4717752
    14: 16397
    15: 1161
    16: 1139
    17: 1406
    18: 1160
    19: 1203
    20: 1274
    21: 1741
    22: 5771
    23: 6747
    24: 8845
    25: 2576
    26: 3040
    27: 2772
    28: 2629
    29: 2163
    30: 2659
    31: 2863
    32: 2817
    33: 2725
    34: 2306
    35: 2769
    36: 2811
    37: 2746
    38: 2244
    39: 2608
    40: 2821
    41: 2855
    42: 2350
    43: 605
    44: 20
    45: 651
    46: 283
    47: 227
    48: 17
    49: 24
    50: 20
    51: 11
    52: 21
    53: 12
    54: 4
    55: 0
    56: 0
    57: 0
    58: 1
    59: 1
    60: 0
    61: 0
    62: 0
    63: 0
    64: 0
    65: 0
    66: 0
    67: 0
    68: 0
    69: 0
    70: 0
    71: 0
    72: 0
    73: 0
    74: 0
    75: 0
    76: 0
    77: 0
    78: 0
    79: 0
    80: 0
    81: 0
    82: 0
    83: 0
    84: 0
    85: 0
    86: 0
    87: 0
    88: 0
    89: 0
    90: 0
    91: 0
    92: 0
    93: 0
    94: 0
    95: 0
    96: 0
    97: 0
    98: 0
    99: 0
  mem-1: # Memory controller stats
   rd: 3837427 # Read requests
   wr: 78022 # Write requests
   rdlat: 513658758 # Total latency experienced by read requests
   wrlat: 11475780 # Total latency experienced by write requests
   rdhits: 135 # Read row hits
   wrhits: 112 # Write row hits
   mlh: # latency histogram for memory requests
    0: 0
    1: 0
    2: 0
    3: 0
    4: 0
    5: 0
    6: 0
    7: 0
    8: 0
    9: 0
    10: 0
    11: 2
    12: 1
    13: 3774466
    14: 3271
    15: 1393
    16: 1385
    17: 1033
    18: 1262
    19: 1533
    20: 1442
    21: 1816
    22: 2143
    23: 5517
    24: 3759
    25: 2065
    26: 1958
    27: 2211
    28: 2285
    29: 2122
    30: 2090
    31: 1988
    32: 2144
    33: 2159
    34: 2181
    35: 1783
    36: 2159
    37: 2188
    38: 2112
    39: 2036
    40: 1947
    41: 2144
    42: 2067
    43: 559
    44: 10
    45: 7
    46: 105
    47: 36
    48: 5
    49: 12
    50: 5
    51: 6
    52: 3
    53: 15
    54: 1
    55: 0
    56: 0
    57: 0
    58: 0
    59: 0
    60: 1
    61: 0
    62: 0
    63: 0
    64: 0
    65: 0
    66: 0
    67: 0
    68: 0
    69: 0
    70: 0
    71: 0
    72: 0
    73: 0
    74: 0
    75: 0
    76: 0
    77: 0
    78: 0
    79: 0
    80: 0
    81: 0
    82: 0
    83: 0
    84: 0
    85: 0
    86: 0
    87: 0
    88: 0
    89: 0
    90: 0
    91: 0
    92: 0
    93: 0
    94: 0
    95: 0
    96: 0
    97: 0
    98: 0
    99: 0
  mem-2: # Memory controller stats
   rd: 3838057 # Read requests
   wr: 78615 # Write requests
   rdlat: 513159307 # Total latency experienced by read requests
   wrlat: 11343751 # Total latency experienced by write requests
   rdhits: 37 # Read row hits
   wrhits: 108 # Write row hits
   mlh: # latency histogram for memory requests
    0: 0
    1: 0
    2: 0
    3: 0
    4: 0
    5: 0
    6: 0
    7: 0
    8: 0
    9: 0
    10: 0
    11: 1
    12: 0
    13: 3784587
    14: 2171
    15: 1149
    16: 1065
    17: 1091
    18: 1197
    19: 1345
    20: 1008
    21: 1342
    22: 1544
    23: 1514
    24: 1808
    25: 1888
    26: 2041
    27: 2243
    28: 2093
    29: 1963
    30: 2277
    31: 2193
    32: 2257
    33: 2165
    34: 2057
    35: 2046
    36: 2108
    37: 2127
    38: 1933
    39: 2133
    40: 1999
    41: 2101
    42: 1944
    43: 654
    44: 1
    45: 0
    46: 3
    47: 4
    48: 0
    49: 0
    50: 0
    51: 0
    52: 0
    53: 0
    54: 2
    55: 1
    56: 0
    57: 0
    58: 1
    59: 0
    60: 1
    61: 0
    62: 0
    63: 0
    64: 0
    65: 0
    66: 0
    67: 0
    68: 0
    69: 0
    70: 0
    71: 0
    72: 0
    73: 0
    74: 0
    75: 0
    76: 0
    77: 0
    78: 0
    79: 0
    80: 0
    81: 0
    82: 0
    83: 0
    84: 0
    85: 0
    86: 0
    87: 0
    88: 0
    89: 0
    90: 0
    91: 0
    92: 0
    93: 0
    94: 0
    95: 0
    96: 0
    97: 0
    98: 0
    99: 0
  mem-3: # Memory controller stats
   rd: 3839194 # Read requests
   wr: 78376 # Write requests
   rdlat: 513279774 # Total latency experienced by read requests
   wrlat: 11307088 # Total latency experienced by write requests
   rdhits: 44 # Read row hits
   wrhits: 101 # Write row hits
   mlh: # latency histogram for memory requests
    0: 0
    1: 0
    2: 0
    3: 0
    4: 0
    5: 0
    6: 0
    7: 0
    8: 0
    9: 0
    10: 0
    11: 1
    12: 0
    13: 3776429
    14: 3546
    15: 2302
    16: 2093
    17: 2014
    18: 2273
    19: 2071
    20: 1993
    21: 2401
    22: 2285
    23: 2011
    24: 1852
    25: 1961
    26: 1911
    27: 2746
    28: 1989
    29: 1849
    30: 2102
    31: 2027
    32: 2196
    33: 1999
    34: 2041
    35: 2034
    36: 2237
    37: 1999
    38: 1920
    39: 2233
    40: 2092
    41: 2040
    42: 1865
    43: 661
    44: 4
    45: 1
    46: 3
    47: 3
    48: 0
    49: 1
    50: 0
    51: 0
    52: 0
    53: 2
    54: 5
    55: 0
    56: 0
    57: 0
    58: 0
    59: 0
    60: 1
    61: 1
    62: 0
    63: 0
    64: 0
    65: 0
    66: 0
    67: 0
    68: 0
    69: 0
    70: 0
    71: 0
    72: 0
    73: 0
    74: 0
    75: 0
    76: 0
    77: 0
    78: 0
    79: 0
    80: 0
    81: 0
    82: 0
    83: 0
    84: 0
    85: 0
    86: 0
    87: 0
    88: 0
    89: 0
    90: 0
    91: 0
    92: 0
    93: 0
    94: 0
    95: 0
    96: 0
    97: 0
    98: 0
    99: 0
 sched: # Scheduler stats
  thCr: 9 # Threads created
  thFn: 0 # Threads finished
  schedEvs: 11883 # Schedule events
  waitEvs: 11882 # Wait events
  handoffEvs: 43 # Handoff events
  sleepEvs: 0 # Sleep events
  idlePhases: 0 # Phases with no thread active
  idlePeriods: 0 # Periods with no thread active
  occHist: # Occupancy histogram
   0: 0
   1: 439259
  rqSzHist: # Run queue size histogram
   0: 9699
   1: 66589
   2: 62091
   3: 284040
   4: 15956
   5: 847
   6: 18
   7: 18
   8: 1
   9: 0
   10: 0
   11: 0
   12: 0
   13: 0
   14: 0
   15: 0
   16: 0
 procCycles: # Per-process unhalted core cycles
  0: 4392590003
  1: 0
  2: 0
  3: 0
  4: 0
  5: 0
  6: 0
  7: 0
  8: 0
  9: 0
  10: 0
  11: 0
  12: 0
  13: 0
  14: 0
  15: 0
  16: 0
  17: 0
  18: 0
  19: 0
  20: 0
  21: 0
  22: 0
  23: 0
  24: 0
  25: 0
  26: 0
  27: 0
  28: 0
  29: 0
  30: 0
  31: 0
  32: 0
  33: 0
  34: 0
  35: 0
  36: 0
  37: 0
  38: 0
  39: 0
  40: 0
  41: 0
  42: 0
  43: 0
  44: 0
  45: 0
  46: 0
  47: 0
  48: 0
  49: 0
  50: 0
  51: 0
  52: 0
  53: 0
  54: 0
  55: 0
  56: 0
  57: 0
  58: 0
  59: 0
  60: 0
  61: 0
  62: 0
  63: 0
 procInstrs: # Per-process instructions
  0: 5000016495
  1: 0
  2: 0
  3: 0
  4: 0
  5: 0
  6: 0
  7: 0
  8: 0
  9: 0
  10: 0
  11: 0
  12: 0
  13: 0
  14: 0
  15: 0
  16: 0
  17: 0
  18: 0
  19: 0
  20: 0
  21: 0
  22: 0
  23: 0
  24: 0
  25: 0
  26: 0
  27: 0
  28: 0
  29: 0
  30: 0
  31: 0
  32: 0
  33: 0
  34: 0
  35: 0
  36: 0
  37: 0
  38: 0
  39: 0
  40: 0
  41: 0
  42: 0
  43: 0
  44: 0
  45: 0
  46: 0
  47: 0
  48: 0
  49: 0
  50: 0
  51: 0
  52: 0
  53: 0
  54: 0
  55: 0
  56: 0
  57: 0
  58: 0
  59: 0
  60: 0
  61: 0
  62: 0
  63: 0
 heartbeats: # Per-process heartbeats
  0: 0
  1: 0
  2: 0
  3: 0
  4: 0
  5: 0
  6: 0
  7: 0
  8: 0
  9: 0
  10: 0
  11: 0
  12: 0
  13: 0
  14: 0
  15: 0
  16: 0
  17: 0
  18: 0
  19: 0
  20: 0
  21: 0
  22: 0
  23: 0
  24: 0
  25: 0
  26: 0
  27: 0
  28: 0
  29: 0
  30: 0
  31: 0
  32: 0
  33: 0
  34: 0
  35: 0
  36: 0
  37: 0
  38: 0
  39: 0
  40: 0
  41: 0
  42: 0
  43: 0
  44: 0
  45: 0
  46: 0
  47: 0
  48: 0
  49: 0
  50: 0
  51: 0
  52: 0
  53: 0
  54: 0
  55: 0
  56: 0
  57: 0
  58: 0
  59: 0
  60: 0
  61: 0
  62: 0
  63: 0
===
