# zsim stats
===
root: # Stats
 contention: # Contention simulation stats
  domain-0: # Domain stats
   time: 157804401 # Weave simulation time
 time: # Simulator time breakdown
  init: 3354843715415
  bound: 4191370697
  weave: 229315759
  ff: 0
 trigger: 20000 # Reason for this stats dump
 phase: 6902 # Simulated phases
 westmere: # Core stats
  westmere-0: # Core stats
   cycles: 69020042 # Simulated unhalted cycles
   cCycles: 5190262 # Cycles due to contention stalls
   instrs: 100003839 # Simulated instructions
   uops: 109277293 # Retired micro-ops
   bbls: 11148381 # Basic blocks
   approxInstrs: 39564 # Instrs with approx uop decoding
   mispredBranches: 19725 # Mispredicted branches
   condBranches: 10985778 # conditional branches
   fetchStalls: 18446744073700290145 # Fetch stalls
   decodeStalls: 50425902 # Decode stalls
   issueStalls: 929835 # Issue stalls
 l1i: # Cache stats
  l1i-0: # Filter cache stats
   fhGETS: 11680008 # Filtered GETS hits
   fhGETX: 0 # Filtered GETX hits
   hGETS: 1078878 # GETS hits
   hGETX: 0 # GETX hits
   mGETS: 89737 # GETS misses
   mGETS_I: 89737 # GETS Instruction misses
   mGETS_D: 0 # GETS data misses
   mGETXIM: 0 # GETX I->M misses
   mGETXIM_I: 0 # GETX I->M Instruction misses
   mGETXIM_D: 0 # GETX I->M Data misses
   mGETXSM: 0 # GETX S->M misses (upgrade misses)
   mGETXSM_I: 0 # GETX S->M Instruction misses (upgrade misses)
   mGETXSM_D: 0 # GETX S->M Data misses (upgrade misses)
   PUTS: 0 # Clean evictions (from lower level)
   PUTX: 0 # Dirty evictions (from lower level)
   INV: 32198 # Invalidates (from upper level)
   INVX: 0 # Downgrades (from upper level)
   FWD: 0 # Forwards (from upper level)
   latGETnl: 9447344 # GET request latency on next level
   latGETnet: 0 # GET request latency on network to next level
 l1d: # Cache stats
  l1d-0: # Filter cache stats
   fhGETS: 21510866 # Filtered GETS hits
   fhGETX: 1741450 # Filtered GETX hits
   hGETS: 119762 # GETS hits
   hGETX: 177033 # GETX hits
   mGETS: 192118 # GETS misses
   mGETS_I: 0 # GETS Instruction misses
   mGETS_D: 192118 # GETS data misses
   mGETXIM: 23549 # GETX I->M misses
   mGETXIM_I: 0 # GETX I->M Instruction misses
   mGETXIM_D: 23549 # GETX I->M Data misses
   mGETXSM: 0 # GETX S->M misses (upgrade misses)
   mGETXSM_I: 0 # GETX S->M Instruction misses (upgrade misses)
   mGETXSM_D: 0 # GETX S->M Data misses (upgrade misses)
   PUTS: 0 # Clean evictions (from lower level)
   PUTX: 0 # Dirty evictions (from lower level)
   INV: 215562 # Invalidates (from upper level)
   INVX: 0 # Downgrades (from upper level)
   FWD: 0 # Forwards (from upper level)
   latGETnl: 22951458 # GET request latency on next level
   latGETnet: 0 # GET request latency on network to next level
 l2: # Cache stats
  l2-0: # Cache stats
   hGETS: 1167 # GETS hits
   hGETX: 0 # GETX hits
   mGETS: 280688 # GETS misses
   mGETS_I: 88570 # GETS Instruction misses
   mGETS_D: 192118 # GETS data misses
   mGETXIM: 23549 # GETX I->M misses
   mGETXIM_I: 0 # GETX I->M Instruction misses
   mGETXIM_D: 23549 # GETX I->M Data misses
   mGETXSM: 0 # GETX S->M misses (upgrade misses)
   mGETXSM_I: 0 # GETX S->M Instruction misses (upgrade misses)
   mGETXSM_D: 0 # GETX S->M Data misses (upgrade misses)
   PUTS: 57523 # Clean evictions (from lower level)
   PUTX: 0 # Dirty evictions (from lower level)
   INV: 183 # Invalidates (from upper level)
   INVX: 0 # Downgrades (from upper level)
   FWD: 0 # Forwards (from upper level)
   latGETnl: 28733954 # GET request latency on next level
   latGETnet: 0 # GET request latency on network to next level
 l3: # Cache stats
  l3-0: # Cache stats
   hGETS: 86160 # GETS hits
   hGETX: 6984 # GETX hits
   mGETS: 194528 # GETS misses
   mGETS_I: 0 # GETS Instruction misses
   mGETS_D: 0 # GETS data misses
   mGETXIM: 16565 # GETX I->M misses
   mGETXIM_I: 0 # GETX I->M Instruction misses
   mGETXIM_D: 0 # GETX I->M Data misses
   mGETXSM: 0 # GETX S->M misses (upgrade misses)
   mGETXSM_I: 0 # GETX S->M Instruction misses (upgrade misses)
   mGETXSM_D: 0 # GETX S->M Data misses (upgrade misses)
   PUTS: 184396 # Clean evictions (from lower level)
   PUTX: 119530 # Dirty evictions (from lower level)
   INV: 0 # Invalidates (from upper level)
   INVX: 0 # Downgrades (from upper level)
   FWD: 0 # Forwards (from upper level)
   latGETnl: 18998370 # GET request latency on next level
   latGETnet: 0 # GET request latency on network to next level
 mem: # Memory controller stats
  mem-0: # Memory controller stats
   rd: 52481 # Read requests
   wr: 25506 # Write requests
   rdlat: 7175787 # Total latency experienced by read requests
   wrlat: 4077509 # Total latency experienced by write requests
   rdhits: 110 # Read row hits
   wrhits: 896 # Write row hits
   mlh: # latency histogram for memory requests
    0: 0
    1: 0
    2: 0
    3: 0
    4: 0
    5: 0
    6: 0
    7: 0
    8: 0
    9: 0
    10: 0
    11: 0
    12: 1
    13: 45188
    14: 4430
    15: 993
    16: 423
    17: 110
    18: 61
    19: 119
    20: 88
    21: 187
    22: 75
    23: 135
    24: 73
    25: 69
    26: 21
    27: 23
    28: 28
    29: 23
    30: 31
    31: 34
    32: 25
    33: 36
    34: 38
    35: 37
    36: 32
    37: 31
    38: 30
    39: 30
    40: 26
    41: 30
    42: 30
    43: 13
    44: 1
    45: 3
    46: 2
    47: 2
    48: 2
    49: 1
    50: 0
    51: 0
    52: 0
    53: 0
    54: 0
    55: 0
    56: 0
    57: 0
    58: 0
    59: 0
    60: 0
    61: 0
    62: 0
    63: 0
    64: 0
    65: 0
    66: 0
    67: 0
    68: 0
    69: 0
    70: 0
    71: 0
    72: 0
    73: 0
    74: 0
    75: 0
    76: 0
    77: 0
    78: 0
    79: 0
    80: 0
    81: 0
    82: 0
    83: 0
    84: 0
    85: 0
    86: 0
    87: 0
    88: 0
    89: 0
    90: 0
    91: 0
    92: 0
    93: 0
    94: 0
    95: 0
    96: 0
    97: 0
    98: 0
    99: 0
  mem-1: # Memory controller stats
   rd: 53872 # Read requests
   wr: 26370 # Write requests
   rdlat: 7349899 # Total latency experienced by read requests
   wrlat: 4184781 # Total latency experienced by write requests
   rdhits: 78 # Read row hits
   wrhits: 878 # Write row hits
   mlh: # latency histogram for memory requests
    0: 0
    1: 0
    2: 0
    3: 0
    4: 0
    5: 0
    6: 0
    7: 0
    8: 0
    9: 0
    10: 0
    11: 3
    12: 3
    13: 46489
    14: 4771
    15: 1018
    16: 260
    17: 140
    18: 80
    19: 86
    20: 98
    21: 79
    22: 66
    23: 54
    24: 80
    25: 49
    26: 20
    27: 43
    28: 37
    29: 39
    30: 31
    31: 39
    32: 28
    33: 43
    34: 36
    35: 45
    36: 36
    37: 31
    38: 27
    39: 42
    40: 26
    41: 29
    42: 21
    43: 10
    44: 1
    45: 0
    46: 1
    47: 3
    48: 2
    49: 0
    50: 2
    51: 1
    52: 1
    53: 2
    54: 0
    55: 0
    56: 0
    57: 0
    58: 0
    59: 0
    60: 0
    61: 0
    62: 0
    63: 0
    64: 0
    65: 0
    66: 0
    67: 0
    68: 0
    69: 0
    70: 0
    71: 0
    72: 0
    73: 0
    74: 0
    75: 0
    76: 0
    77: 0
    78: 0
    79: 0
    80: 0
    81: 0
    82: 0
    83: 0
    84: 0
    85: 0
    86: 0
    87: 0
    88: 0
    89: 0
    90: 0
    91: 0
    92: 0
    93: 0
    94: 0
    95: 0
    96: 0
    97: 0
    98: 0
    99: 0
  mem-2: # Memory controller stats
   rd: 50777 # Read requests
   wr: 26093 # Write requests
   rdlat: 6932518 # Total latency experienced by read requests
   wrlat: 4186846 # Total latency experienced by write requests
   rdhits: 182 # Read row hits
   wrhits: 734 # Write row hits
   mlh: # latency histogram for memory requests
    0: 0
    1: 0
    2: 0
    3: 0
    4: 0
    5: 0
    6: 0
    7: 0
    8: 0
    9: 0
    10: 1
    11: 0
    12: 1
    13: 43445
    14: 4775
    15: 1023
    16: 172
    17: 79
    18: 59
    19: 125
    20: 153
    21: 158
    22: 93
    23: 81
    24: 44
    25: 36
    26: 25
    27: 34
    28: 38
    29: 28
    30: 39
    31: 37
    32: 24
    33: 38
    34: 24
    35: 23
    36: 25
    37: 23
    38: 24
    39: 33
    40: 36
    41: 24
    42: 31
    43: 12
    44: 1
    45: 2
    46: 1
    47: 2
    48: 3
    49: 0
    50: 0
    51: 1
    52: 1
    53: 2
    54: 1
    55: 0
    56: 0
    57: 0
    58: 0
    59: 0
    60: 0
    61: 0
    62: 0
    63: 0
    64: 0
    65: 0
    66: 0
    67: 0
    68: 0
    69: 0
    70: 0
    71: 0
    72: 0
    73: 0
    74: 0
    75: 0
    76: 0
    77: 0
    78: 0
    79: 0
    80: 0
    81: 0
    82: 0
    83: 0
    84: 0
    85: 0
    86: 0
    87: 0
    88: 0
    89: 0
    90: 0
    91: 0
    92: 0
    93: 0
    94: 0
    95: 0
    96: 0
    97: 0
    98: 0
    99: 0
  mem-3: # Memory controller stats
   rd: 53963 # Read requests
   wr: 26167 # Write requests
   rdlat: 7373799 # Total latency experienced by read requests
   wrlat: 4179748 # Total latency experienced by write requests
   rdhits: 77 # Read row hits
   wrhits: 749 # Write row hits
   mlh: # latency histogram for memory requests
    0: 0
    1: 0
    2: 0
    3: 0
    4: 0
    5: 0
    6: 0
    7: 0
    8: 0
    9: 0
    10: 1
    11: 0
    12: 0
    13: 46838
    14: 4217
    15: 1032
    16: 465
    17: 181
    18: 73
    19: 88
    20: 92
    21: 60
    22: 93
    23: 157
    24: 42
    25: 37
    26: 33
    27: 22
    28: 37
    29: 38
    30: 41
    31: 27
    32: 37
    33: 50
    34: 27
    35: 27
    36: 28
    37: 26
    38: 27
    39: 27
    40: 34
    41: 40
    42: 31
    43: 14
    44: 3
    45: 1
    46: 3
    47: 2
    48: 9
    49: 1
    50: 0
    51: 0
    52: 1
    53: 1
    54: 0
    55: 0
    56: 0
    57: 0
    58: 0
    59: 0
    60: 0
    61: 0
    62: 0
    63: 0
    64: 0
    65: 0
    66: 0
    67: 0
    68: 0
    69: 0
    70: 0
    71: 0
    72: 0
    73: 0
    74: 0
    75: 0
    76: 0
    77: 0
    78: 0
    79: 0
    80: 0
    81: 0
    82: 0
    83: 0
    84: 0
    85: 0
    86: 0
    87: 0
    88: 0
    89: 0
    90: 0
    91: 0
    92: 0
    93: 0
    94: 0
    95: 0
    96: 0
    97: 0
    98: 0
    99: 0
 sched: # Scheduler stats
  thCr: 1 # Threads created
  thFn: 1 # Threads finished
  schedEvs: 1 # Schedule events
  waitEvs: 0 # Wait events
  handoffEvs: 0 # Handoff events
  sleepEvs: 0 # Sleep events
  idlePhases: 0 # Phases with no thread active
  idlePeriods: 0 # Periods with no thread active
  occHist: # Occupancy histogram
   0: 0
   1: 6902
  rqSzHist: # Run queue size histogram
   0: 6902
   1: 0
   2: 0
   3: 0
   4: 0
   5: 0
   6: 0
   7: 0
   8: 0
   9: 0
   10: 0
   11: 0
   12: 0
   13: 0
   14: 0
   15: 0
   16: 0
 procCycles: # Per-process unhalted core cycles
  0: 69020042
  1: 0
  2: 0
  3: 0
  4: 0
  5: 0
  6: 0
  7: 0
  8: 0
  9: 0
  10: 0
  11: 0
  12: 0
  13: 0
  14: 0
  15: 0
  16: 0
  17: 0
  18: 0
  19: 0
  20: 0
  21: 0
  22: 0
  23: 0
  24: 0
  25: 0
  26: 0
  27: 0
  28: 0
  29: 0
  30: 0
  31: 0
  32: 0
  33: 0
  34: 0
  35: 0
  36: 0
  37: 0
  38: 0
  39: 0
  40: 0
  41: 0
  42: 0
  43: 0
  44: 0
  45: 0
  46: 0
  47: 0
  48: 0
  49: 0
  50: 0
  51: 0
  52: 0
  53: 0
  54: 0
  55: 0
  56: 0
  57: 0
  58: 0
  59: 0
  60: 0
  61: 0
  62: 0
  63: 0
 procInstrs: # Per-process instructions
  0: 100003839
  1: 0
  2: 0
  3: 0
  4: 0
  5: 0
  6: 0
  7: 0
  8: 0
  9: 0
  10: 0
  11: 0
  12: 0
  13: 0
  14: 0
  15: 0
  16: 0
  17: 0
  18: 0
  19: 0
  20: 0
  21: 0
  22: 0
  23: 0
  24: 0
  25: 0
  26: 0
  27: 0
  28: 0
  29: 0
  30: 0
  31: 0
  32: 0
  33: 0
  34: 0
  35: 0
  36: 0
  37: 0
  38: 0
  39: 0
  40: 0
  41: 0
  42: 0
  43: 0
  44: 0
  45: 0
  46: 0
  47: 0
  48: 0
  49: 0
  50: 0
  51: 0
  52: 0
  53: 0
  54: 0
  55: 0
  56: 0
  57: 0
  58: 0
  59: 0
  60: 0
  61: 0
  62: 0
  63: 0
 heartbeats: # Per-process heartbeats
  0: 0
  1: 0
  2: 0
  3: 0
  4: 0
  5: 0
  6: 0
  7: 0
  8: 0
  9: 0
  10: 0
  11: 0
  12: 0
  13: 0
  14: 0
  15: 0
  16: 0
  17: 0
  18: 0
  19: 0
  20: 0
  21: 0
  22: 0
  23: 0
  24: 0
  25: 0
  26: 0
  27: 0
  28: 0
  29: 0
  30: 0
  31: 0
  32: 0
  33: 0
  34: 0
  35: 0
  36: 0
  37: 0
  38: 0
  39: 0
  40: 0
  41: 0
  42: 0
  43: 0
  44: 0
  45: 0
  46: 0
  47: 0
  48: 0
  49: 0
  50: 0
  51: 0
  52: 0
  53: 0
  54: 0
  55: 0
  56: 0
  57: 0
  58: 0
  59: 0
  60: 0
  61: 0
  62: 0
  63: 0
===
