# zsim stats
===
root: # Stats
 contention: # Contention simulation stats
  domain-0: # Domain stats
   time: 2353081182 # Weave simulation time
 time: # Simulator time breakdown
  init: 721709735607
  bound: 13856027022
  weave: 2560316890
  ff: 0
 trigger: 20000 # Reason for this stats dump
 phase: 15287 # Simulated phases
 westmere: # Core stats
  westmere-0: # Core stats
   cycles: 152872249 # Simulated unhalted cycles
   cCycles: 26992185 # Cycles due to contention stalls
   instrs: 100002061 # Simulated instructions
   uops: 114164978 # Retired micro-ops
   bbls: 2330472 # Basic blocks
   approxInstrs: 553210 # Instrs with approx uop decoding
   mispredBranches: 3146 # Mispredicted branches
   condBranches: 916849 # conditional branches
   fetchStalls: 18446744073708879641 # Fetch stalls
   decodeStalls: 2674076 # Decode stalls
   issueStalls: 223003 # Issue stalls
 l1i: # Cache stats
  l1i-0: # Filter cache stats
   fhGETS: 9224372 # Filtered GETS hits
   fhGETX: 0 # Filtered GETX hits
   hGETS: 13 # GETS hits
   hGETX: 0 # GETX hits
   mGETS: 1518 # GETS misses
   mGETS_I: 1518 # GETS Instruction misses
   mGETS_D: 0 # GETS data misses
   mGETXIM: 0 # GETX I->M misses
   mGETXIM_I: 0 # GETX I->M Instruction misses
   mGETXIM_D: 0 # GETX I->M Data misses
   mGETXSM: 0 # GETX S->M misses (upgrade misses)
   mGETXSM_I: 0 # GETX S->M Instruction misses (upgrade misses)
   mGETXSM_D: 0 # GETX S->M Data misses (upgrade misses)
   PUTS: 0 # Clean evictions (from lower level)
   PUTX: 0 # Dirty evictions (from lower level)
   INV: 1428 # Invalidates (from upper level)
   INVX: 0 # Downgrades (from upper level)
   FWD: 0 # Forwards (from upper level)
   latGETnl: 203412 # GET request latency on next level
   latGETnet: 0 # GET request latency on network to next level
 l1d: # Cache stats
  l1d-0: # Filter cache stats
   fhGETS: 18251424 # Filtered GETS hits
   fhGETX: 5489666 # Filtered GETX hits
   hGETS: 731612 # GETS hits
   hGETX: 667328 # GETX hits
   mGETS: 789012 # GETS misses
   mGETS_I: 0 # GETS Instruction misses
   mGETS_D: 789012 # GETS data misses
   mGETXIM: 4305935 # GETX I->M misses
   mGETXIM_I: 0 # GETX I->M Instruction misses
   mGETXIM_D: 4305935 # GETX I->M Data misses
   mGETXSM: 0 # GETX S->M misses (upgrade misses)
   mGETXSM_I: 0 # GETX S->M Instruction misses (upgrade misses)
   mGETXSM_D: 0 # GETX S->M Data misses (upgrade misses)
   PUTS: 0 # Clean evictions (from lower level)
   PUTX: 0 # Dirty evictions (from lower level)
   INV: 210 # Invalidates (from upper level)
   INVX: 0 # Downgrades (from upper level)
   FWD: 0 # Forwards (from upper level)
   latGETnl: 438897252 # GET request latency on next level
   latGETnet: 0 # GET request latency on network to next level
 l2: # Cache stats
  l2-0: # Cache stats
   hGETS: 122 # GETS hits
   hGETX: 1998381 # GETX hits
   mGETS: 790408 # GETS misses
   mGETS_I: 1518 # GETS Instruction misses
   mGETS_D: 788890 # GETS data misses
   mGETXIM: 2307554 # GETX I->M misses
   mGETXIM_I: 0 # GETX I->M Instruction misses
   mGETXIM_D: 2307554 # GETX I->M Data misses
   mGETXSM: 0 # GETX S->M misses (upgrade misses)
   mGETXSM_I: 0 # GETX S->M Instruction misses (upgrade misses)
   mGETXSM_D: 0 # GETX S->M Data misses (upgrade misses)
   PUTS: 787846 # Clean evictions (from lower level)
   PUTX: 4305867 # Dirty evictions (from lower level)
   INV: 169759 # Invalidates (from upper level)
   INVX: 0 # Downgrades (from upper level)
   FWD: 0 # Forwards (from upper level)
   latGETnl: 377943084 # GET request latency on next level
   latGETnet: 0 # GET request latency on network to next level
 l3: # Cache stats
  l3-0: # Cache stats
   hGETS: 50 # GETS hits
   hGETX: 42 # GETX hits
   mGETS: 790358 # GETS misses
   mGETS_I: 0 # GETS Instruction misses
   mGETS_D: 0 # GETS data misses
   mGETXIM: 2307512 # GETX I->M misses
   mGETXIM_I: 0 # GETX I->M Instruction misses
   mGETXIM_D: 0 # GETX I->M Data misses
   mGETXSM: 0 # GETX S->M misses (upgrade misses)
   mGETXSM_I: 0 # GETX S->M Instruction misses (upgrade misses)
   mGETXSM_D: 0 # GETX S->M Data misses (upgrade misses)
   PUTS: 721283 # Clean evictions (from lower level)
   PUTX: 2190536 # Dirty evictions (from lower level)
   INV: 0 # Invalidates (from upper level)
   INVX: 0 # Downgrades (from upper level)
   FWD: 0 # Forwards (from upper level)
   latGETnl: 278808300 # GET request latency on next level
   latGETnet: 0 # GET request latency on network to next level
 mem: # Memory controller stats
  mem-0: # Memory controller stats
   rd: 774467 # Read requests
   wr: 574388 # Write requests
   rdlat: 111132294 # Total latency experienced by read requests
   wrlat: 100122049 # Total latency experienced by write requests
   rdhits: 83 # Read row hits
   wrhits: 21143 # Write row hits
   mlh: # latency histogram for memory requests
    0: 0
    1: 0
    2: 0
    3: 0
    4: 0
    5: 0
    6: 0
    7: 0
    8: 0
    9: 0
    10: 0
    11: 0
    12: 4
    13: 446555
    14: 156557
    15: 110915
    16: 5843
    17: 32817
    18: 940
    19: 1592
    20: 2784
    21: 3625
    22: 1996
    23: 1567
    24: 636
    25: 431
    26: 294
    27: 464
    28: 388
    29: 285
    30: 277
    31: 271
    32: 391
    33: 414
    34: 312
    35: 336
    36: 405
    37: 370
    38: 590
    39: 446
    40: 539
    41: 512
    42: 441
    43: 261
    44: 174
    45: 74
    46: 156
    47: 178
    48: 325
    49: 170
    50: 59
    51: 17
    52: 19
    53: 15
    54: 15
    55: 3
    56: 2
    57: 0
    58: 1
    59: 0
    60: 0
    61: 1
    62: 0
    63: 0
    64: 0
    65: 0
    66: 0
    67: 0
    68: 0
    69: 0
    70: 0
    71: 0
    72: 0
    73: 0
    74: 0
    75: 0
    76: 0
    77: 0
    78: 0
    79: 0
    80: 0
    81: 0
    82: 0
    83: 0
    84: 0
    85: 0
    86: 0
    87: 0
    88: 0
    89: 0
    90: 0
    91: 0
    92: 0
    93: 0
    94: 0
    95: 0
    96: 0
    97: 0
    98: 0
    99: 0
  mem-1: # Memory controller stats
   rd: 774477 # Read requests
   wr: 574386 # Write requests
   rdlat: 111008897 # Total latency experienced by read requests
   wrlat: 99353225 # Total latency experienced by write requests
   rdhits: 67 # Read row hits
   wrhits: 21074 # Write row hits
   mlh: # latency histogram for memory requests
    0: 0
    1: 0
    2: 0
    3: 0
    4: 0
    5: 0
    6: 0
    7: 0
    8: 0
    9: 0
    10: 0
    11: 1
    12: 1
    13: 448397
    14: 155489
    15: 109323
    16: 7894
    17: 33378
    18: 728
    19: 1392
    20: 2128
    21: 3062
    22: 1788
    23: 1522
    24: 796
    25: 549
    26: 316
    27: 417
    28: 373
    29: 284
    30: 272
    31: 312
    32: 369
    33: 440
    34: 335
    35: 318
    36: 357
    37: 380
    38: 565
    39: 419
    40: 522
    41: 471
    42: 423
    43: 277
    44: 175
    45: 74
    46: 157
    47: 190
    48: 308
    49: 151
    50: 47
    51: 23
    52: 16
    53: 11
    54: 13
    55: 5
    56: 4
    57: 1
    58: 2
    59: 2
    60: 0
    61: 0
    62: 0
    63: 0
    64: 0
    65: 0
    66: 0
    67: 0
    68: 0
    69: 0
    70: 0
    71: 0
    72: 0
    73: 0
    74: 0
    75: 0
    76: 0
    77: 0
    78: 0
    79: 0
    80: 0
    81: 0
    82: 0
    83: 0
    84: 0
    85: 0
    86: 0
    87: 0
    88: 0
    89: 0
    90: 0
    91: 0
    92: 0
    93: 0
    94: 0
    95: 0
    96: 0
    97: 0
    98: 0
    99: 0
  mem-2: # Memory controller stats
   rd: 774476 # Read requests
   wr: 574388 # Write requests
   rdlat: 111109098 # Total latency experienced by read requests
   wrlat: 100335853 # Total latency experienced by write requests
   rdhits: 83 # Read row hits
   wrhits: 21261 # Write row hits
   mlh: # latency histogram for memory requests
    0: 0
    1: 0
    2: 0
    3: 0
    4: 0
    5: 0
    6: 0
    7: 0
    8: 0
    9: 0
    10: 0
    11: 3
    12: 1
    13: 446031
    14: 157223
    15: 110875
    16: 5852
    17: 32787
    18: 912
    19: 1604
    20: 2811
    21: 3630
    22: 2004
    23: 1611
    24: 663
    25: 382
    26: 289
    27: 497
    28: 366
    29: 262
    30: 238
    31: 247
    32: 384
    33: 440
    34: 354
    35: 363
    36: 415
    37: 411
    38: 622
    39: 390
    40: 539
    41: 482
    42: 408
    43: 254
    44: 186
    45: 72
    46: 144
    47: 165
    48: 295
    49: 155
    50: 47
    51: 24
    52: 16
    53: 9
    54: 11
    55: 2
    56: 0
    57: 0
    58: 0
    59: 0
    60: 0
    61: 0
    62: 0
    63: 0
    64: 0
    65: 0
    66: 0
    67: 0
    68: 0
    69: 0
    70: 0
    71: 0
    72: 0
    73: 0
    74: 0
    75: 0
    76: 0
    77: 0
    78: 0
    79: 0
    80: 0
    81: 0
    82: 0
    83: 0
    84: 0
    85: 0
    86: 0
    87: 0
    88: 0
    89: 0
    90: 0
    91: 0
    92: 0
    93: 0
    94: 0
    95: 0
    96: 0
    97: 0
    98: 0
    99: 0
  mem-3: # Memory controller stats
   rd: 774397 # Read requests
   wr: 574348 # Write requests
   rdlat: 111054073 # Total latency experienced by read requests
   wrlat: 99505125 # Total latency experienced by write requests
   rdhits: 77 # Read row hits
   wrhits: 20997 # Write row hits
   mlh: # latency histogram for memory requests
    0: 0
    1: 0
    2: 0
    3: 0
    4: 0
    5: 0
    6: 0
    7: 0
    8: 0
    9: 0
    10: 0
    11: 1
    12: 1
    13: 448027
    14: 156067
    15: 108978
    16: 7466
    17: 33308
    18: 711
    19: 1413
    20: 2177
    21: 3277
    22: 1857
    23: 1558
    24: 819
    25: 592
    26: 315
    27: 428
    28: 376
    29: 280
    30: 265
    31: 276
    32: 392
    33: 446
    34: 318
    35: 341
    36: 387
    37: 408
    38: 622
    39: 418
    40: 545
    41: 468
    42: 449
    43: 250
    44: 181
    45: 83
    46: 144
    47: 165
    48: 301
    49: 165
    50: 41
    51: 18
    52: 9
    53: 23
    54: 13
    55: 13
    56: 2
    57: 2
    58: 0
    59: 0
    60: 0
    61: 0
    62: 0
    63: 0
    64: 1
    65: 0
    66: 0
    67: 0
    68: 0
    69: 0
    70: 0
    71: 0
    72: 0
    73: 0
    74: 0
    75: 0
    76: 0
    77: 0
    78: 0
    79: 0
    80: 0
    81: 0
    82: 0
    83: 0
    84: 0
    85: 0
    86: 0
    87: 0
    88: 0
    89: 0
    90: 0
    91: 0
    92: 0
    93: 0
    94: 0
    95: 0
    96: 0
    97: 0
    98: 0
    99: 0
 sched: # Scheduler stats
  thCr: 1 # Threads created
  thFn: 1 # Threads finished
  schedEvs: 1 # Schedule events
  waitEvs: 0 # Wait events
  handoffEvs: 0 # Handoff events
  sleepEvs: 0 # Sleep events
  idlePhases: 0 # Phases with no thread active
  idlePeriods: 0 # Periods with no thread active
  occHist: # Occupancy histogram
   0: 0
   1: 15287
  rqSzHist: # Run queue size histogram
   0: 15287
   1: 0
   2: 0
   3: 0
   4: 0
   5: 0
   6: 0
   7: 0
   8: 0
   9: 0
   10: 0
   11: 0
   12: 0
   13: 0
   14: 0
   15: 0
   16: 0
 procCycles: # Per-process unhalted core cycles
  0: 152872249
  1: 0
  2: 0
  3: 0
  4: 0
  5: 0
  6: 0
  7: 0
  8: 0
  9: 0
  10: 0
  11: 0
  12: 0
  13: 0
  14: 0
  15: 0
  16: 0
  17: 0
  18: 0
  19: 0
  20: 0
  21: 0
  22: 0
  23: 0
  24: 0
  25: 0
  26: 0
  27: 0
  28: 0
  29: 0
  30: 0
  31: 0
  32: 0
  33: 0
  34: 0
  35: 0
  36: 0
  37: 0
  38: 0
  39: 0
  40: 0
  41: 0
  42: 0
  43: 0
  44: 0
  45: 0
  46: 0
  47: 0
  48: 0
  49: 0
  50: 0
  51: 0
  52: 0
  53: 0
  54: 0
  55: 0
  56: 0
  57: 0
  58: 0
  59: 0
  60: 0
  61: 0
  62: 0
  63: 0
 procInstrs: # Per-process instructions
  0: 100002061
  1: 0
  2: 0
  3: 0
  4: 0
  5: 0
  6: 0
  7: 0
  8: 0
  9: 0
  10: 0
  11: 0
  12: 0
  13: 0
  14: 0
  15: 0
  16: 0
  17: 0
  18: 0
  19: 0
  20: 0
  21: 0
  22: 0
  23: 0
  24: 0
  25: 0
  26: 0
  27: 0
  28: 0
  29: 0
  30: 0
  31: 0
  32: 0
  33: 0
  34: 0
  35: 0
  36: 0
  37: 0
  38: 0
  39: 0
  40: 0
  41: 0
  42: 0
  43: 0
  44: 0
  45: 0
  46: 0
  47: 0
  48: 0
  49: 0
  50: 0
  51: 0
  52: 0
  53: 0
  54: 0
  55: 0
  56: 0
  57: 0
  58: 0
  59: 0
  60: 0
  61: 0
  62: 0
  63: 0
 heartbeats: # Per-process heartbeats
  0: 0
  1: 0
  2: 0
  3: 0
  4: 0
  5: 0
  6: 0
  7: 0
  8: 0
  9: 0
  10: 0
  11: 0
  12: 0
  13: 0
  14: 0
  15: 0
  16: 0
  17: 0
  18: 0
  19: 0
  20: 0
  21: 0
  22: 0
  23: 0
  24: 0
  25: 0
  26: 0
  27: 0
  28: 0
  29: 0
  30: 0
  31: 0
  32: 0
  33: 0
  34: 0
  35: 0
  36: 0
  37: 0
  38: 0
  39: 0
  40: 0
  41: 0
  42: 0
  43: 0
  44: 0
  45: 0
  46: 0
  47: 0
  48: 0
  49: 0
  50: 0
  51: 0
  52: 0
  53: 0
  54: 0
  55: 0
  56: 0
  57: 0
  58: 0
  59: 0
  60: 0
  61: 0
  62: 0
  63: 0
===
