# zsim stats
===
root: # Stats
 contention: # Contention simulation stats
  domain-0: # Domain stats
   time: 1368296465 # Weave simulation time
 time: # Simulator time breakdown
  init: 2726657596
  bound: 3306202019100
  weave: 7015380589
  ff: 0
 trigger: 20000 # Reason for this stats dump
 phase: 303008 # Simulated phases
 westmere: # Core stats
  westmere-0: # Core stats
   cycles: 3030080007 # Simulated unhalted cycles
   cCycles: 13800518 # Cycles due to contention stalls
   instrs: 5000009310 # Simulated instructions
   uops: 5633866466 # Retired micro-ops
   bbls: 513901290 # Basic blocks
   approxInstrs: 24884515 # Instrs with approx uop decoding
   mispredBranches: 6147869 # Mispredicted branches
   condBranches: 430242931 # conditional branches
   fetchStalls: 18446744073423169325 # Fetch stalls
   decodeStalls: 552982345 # Decode stalls
   issueStalls: 61169473 # Issue stalls
 l1i: # Cache stats
  l1i-0: # Filter cache stats
   fhGETS: 662932811 # Filtered GETS hits
   fhGETX: 0 # Filtered GETX hits
   hGETS: 30259038 # GETS hits
   hGETX: 0 # GETX hits
   mGETS: 9555650 # GETS misses
   mGETS_I: 9555650 # GETS Instruction misses
   mGETS_D: 0 # GETS data misses
   mGETXIM: 0 # GETX I->M misses
   mGETXIM_I: 0 # GETX I->M Instruction misses
   mGETXIM_D: 0 # GETX I->M Data misses
   mGETXSM: 0 # GETX S->M misses (upgrade misses)
   mGETXSM_I: 0 # GETX S->M Instruction misses (upgrade misses)
   mGETXSM_D: 0 # GETX S->M Data misses (upgrade misses)
   PUTS: 0 # Clean evictions (from lower level)
   PUTX: 0 # Dirty evictions (from lower level)
   INV: 1795 # Invalidates (from upper level)
   INVX: 0 # Downgrades (from upper level)
   FWD: 0 # Forwards (from upper level)
   latGETnl: 116074056 # GET request latency on next level
   latGETnet: 0 # GET request latency on network to next level
 l1d: # Cache stats
  l1d-0: # Filter cache stats
   fhGETS: 886357482 # Filtered GETS hits
   fhGETX: 268468842 # Filtered GETX hits
   hGETS: 22758579 # GETS hits
   hGETX: 6661836 # GETX hits
   mGETS: 43203253 # GETS misses
   mGETS_I: 0 # GETS Instruction misses
   mGETS_D: 43203253 # GETS data misses
   mGETXIM: 1767224 # GETX I->M misses
   mGETXIM_I: 0 # GETX I->M Instruction misses
   mGETXIM_D: 1767224 # GETX I->M Data misses
   mGETXSM: 0 # GETX S->M misses (upgrade misses)
   mGETXSM_I: 0 # GETX S->M Instruction misses (upgrade misses)
   mGETXSM_D: 0 # GETX S->M Data misses (upgrade misses)
   PUTS: 0 # Clean evictions (from lower level)
   PUTX: 0 # Dirty evictions (from lower level)
   INV: 713 # Invalidates (from upper level)
   INVX: 0 # Downgrades (from upper level)
   FWD: 0 # Forwards (from upper level)
   latGETnl: 615528998 # GET request latency on next level
   latGETnet: 0 # GET request latency on network to next level
 l2: # Cache stats
  l2-0: # Cache stats
   hGETS: 52212195 # GETS hits
   hGETX: 1456447 # GETX hits
   mGETS: 546708 # GETS misses
   mGETS_I: 12423 # GETS Instruction misses
   mGETS_D: 534285 # GETS data misses
   mGETXIM: 310777 # GETX I->M misses
   mGETXIM_I: 0 # GETX I->M Instruction misses
   mGETXIM_D: 310777 # GETX I->M Data misses
   mGETXSM: 0 # GETX S->M misses (upgrade misses)
   mGETXSM_I: 0 # GETX S->M Instruction misses (upgrade misses)
   mGETXSM_D: 0 # GETX S->M Data misses (upgrade misses)
   PUTS: 52240522 # Clean evictions (from lower level)
   PUTX: 2281561 # Dirty evictions (from lower level)
   INV: 23965 # Invalidates (from upper level)
   INVX: 0 # Downgrades (from upper level)
   FWD: 0 # Forwards (from upper level)
   latGETnl: 77289530 # GET request latency on next level
   latGETnet: 0 # GET request latency on network to next level
 l3: # Cache stats
  l3-0: # Cache stats
   hGETS: 187870 # GETS hits
   hGETX: 115726 # GETX hits
   mGETS: 358838 # GETS misses
   mGETS_I: 0 # GETS Instruction misses
   mGETS_D: 0 # GETS data misses
   mGETXIM: 195051 # GETX I->M misses
   mGETXIM_I: 0 # GETX I->M Instruction misses
   mGETXIM_D: 0 # GETX I->M Data misses
   mGETXSM: 0 # GETX S->M misses (upgrade misses)
   mGETXSM_I: 0 # GETX S->M Instruction misses (upgrade misses)
   mGETXSM_D: 0 # GETX S->M Data misses (upgrade misses)
   PUTS: 308309 # Clean evictions (from lower level)
   PUTX: 508827 # Dirty evictions (from lower level)
   INV: 0 # Invalidates (from upper level)
   INVX: 0 # Downgrades (from upper level)
   FWD: 0 # Forwards (from upper level)
   latGETnl: 49850010 # GET request latency on next level
   latGETnet: 0 # GET request latency on network to next level
 mem: # Memory controller stats
  mem-0: # Memory controller stats
   rd: 138200 # Read requests
   wr: 99192 # Write requests
   rdlat: 18694585 # Total latency experienced by read requests
   wrlat: 14551718 # Total latency experienced by write requests
   rdhits: 121 # Read row hits
   wrhits: 630 # Write row hits
   mlh: # latency histogram for memory requests
    0: 0
    1: 0
    2: 0
    3: 0
    4: 0
    5: 0
    6: 0
    7: 0
    8: 0
    9: 0
    10: 0
    11: 23
    12: 63
    13: 129599
    14: 3189
    15: 1858
    16: 712
    17: 165
    18: 91
    19: 152
    20: 157
    21: 159
    22: 195
    23: 130
    24: 144
    25: 98
    26: 54
    27: 60
    28: 76
    29: 97
    30: 96
    31: 76
    32: 86
    33: 93
    34: 87
    35: 84
    36: 97
    37: 100
    38: 63
    39: 78
    40: 81
    41: 70
    42: 78
    43: 47
    44: 7
    45: 7
    46: 9
    47: 7
    48: 7
    49: 2
    50: 0
    51: 1
    52: 1
    53: 0
    54: 0
    55: 1
    56: 0
    57: 0
    58: 0
    59: 0
    60: 0
    61: 0
    62: 0
    63: 0
    64: 0
    65: 0
    66: 0
    67: 0
    68: 0
    69: 0
    70: 0
    71: 0
    72: 0
    73: 0
    74: 0
    75: 0
    76: 0
    77: 0
    78: 0
    79: 0
    80: 0
    81: 0
    82: 0
    83: 0
    84: 0
    85: 0
    86: 0
    87: 0
    88: 0
    89: 0
    90: 0
    91: 0
    92: 0
    93: 0
    94: 0
    95: 0
    96: 0
    97: 0
    98: 0
    99: 0
  mem-1: # Memory controller stats
   rd: 138619 # Read requests
   wr: 99159 # Write requests
   rdlat: 18745144 # Total latency experienced by read requests
   wrlat: 14524444 # Total latency experienced by write requests
   rdhits: 23 # Read row hits
   wrhits: 638 # Write row hits
   mlh: # latency histogram for memory requests
    0: 0
    1: 0
    2: 0
    3: 0
    4: 0
    5: 0
    6: 0
    7: 0
    8: 0
    9: 0
    10: 0
    11: 5
    12: 6
    13: 129916
    14: 3403
    15: 1705
    16: 758
    17: 146
    18: 109
    19: 151
    20: 229
    21: 217
    22: 174
    23: 162
    24: 127
    25: 90
    26: 64
    27: 66
    28: 64
    29: 94
    30: 85
    31: 67
    32: 84
    33: 69
    34: 91
    35: 71
    36: 84
    37: 91
    38: 102
    39: 68
    40: 77
    41: 83
    42: 89
    43: 31
    44: 14
    45: 8
    46: 6
    47: 8
    48: 1
    49: 1
    50: 0
    51: 0
    52: 1
    53: 1
    54: 1
    55: 0
    56: 0
    57: 0
    58: 0
    59: 0
    60: 0
    61: 0
    62: 0
    63: 0
    64: 0
    65: 0
    66: 0
    67: 0
    68: 0
    69: 0
    70: 0
    71: 0
    72: 0
    73: 0
    74: 0
    75: 0
    76: 0
    77: 0
    78: 0
    79: 0
    80: 0
    81: 0
    82: 0
    83: 0
    84: 0
    85: 0
    86: 0
    87: 0
    88: 0
    89: 0
    90: 0
    91: 0
    92: 0
    93: 0
    94: 0
    95: 0
    96: 0
    97: 0
    98: 0
    99: 0
  mem-2: # Memory controller stats
   rd: 138450 # Read requests
   wr: 99140 # Write requests
   rdlat: 18717089 # Total latency experienced by read requests
   wrlat: 14587004 # Total latency experienced by write requests
   rdhits: 131 # Read row hits
   wrhits: 647 # Write row hits
   mlh: # latency histogram for memory requests
    0: 0
    1: 0
    2: 0
    3: 0
    4: 0
    5: 0
    6: 0
    7: 0
    8: 0
    9: 0
    10: 0
    11: 20
    12: 30
    13: 129849
    14: 3249
    15: 1904
    16: 724
    17: 109
    18: 125
    19: 180
    20: 212
    21: 157
    22: 161
    23: 114
    24: 112
    25: 86
    26: 62
    27: 68
    28: 77
    29: 86
    30: 75
    31: 82
    32: 72
    33: 81
    34: 73
    35: 78
    36: 98
    37: 83
    38: 82
    39: 79
    40: 83
    41: 81
    42: 76
    43: 42
    44: 3
    45: 10
    46: 6
    47: 14
    48: 4
    49: 0
    50: 0
    51: 1
    52: 0
    53: 1
    54: 0
    55: 0
    56: 1
    57: 0
    58: 0
    59: 0
    60: 0
    61: 0
    62: 0
    63: 0
    64: 0
    65: 0
    66: 0
    67: 0
    68: 0
    69: 0
    70: 0
    71: 0
    72: 0
    73: 0
    74: 0
    75: 0
    76: 0
    77: 0
    78: 0
    79: 0
    80: 0
    81: 0
    82: 0
    83: 0
    84: 0
    85: 0
    86: 0
    87: 0
    88: 0
    89: 0
    90: 0
    91: 0
    92: 0
    93: 0
    94: 0
    95: 0
    96: 0
    97: 0
    98: 0
    99: 0
  mem-3: # Memory controller stats
   rd: 138620 # Read requests
   wr: 98903 # Write requests
   rdlat: 18732667 # Total latency experienced by read requests
   wrlat: 14444775 # Total latency experienced by write requests
   rdhits: 174 # Read row hits
   wrhits: 591 # Write row hits
   mlh: # latency histogram for memory requests
    0: 0
    1: 0
    2: 0
    3: 0
    4: 0
    5: 0
    6: 0
    7: 0
    8: 0
    9: 0
    10: 1
    11: 29
    12: 57
    13: 129936
    14: 3500
    15: 1651
    16: 741
    17: 111
    18: 107
    19: 162
    20: 212
    21: 181
    22: 171
    23: 109
    24: 160
    25: 102
    26: 50
    27: 64
    28: 81
    29: 81
    30: 78
    31: 73
    32: 80
    33: 79
    34: 85
    35: 91
    36: 65
    37: 89
    38: 100
    39: 71
    40: 79
    41: 75
    42: 65
    43: 33
    44: 19
    45: 8
    46: 7
    47: 6
    48: 4
    49: 1
    50: 0
    51: 1
    52: 0
    53: 0
    54: 1
    55: 0
    56: 0
    57: 0
    58: 1
    59: 0
    60: 2
    61: 1
    62: 0
    63: 0
    64: 0
    65: 0
    66: 0
    67: 0
    68: 0
    69: 0
    70: 0
    71: 0
    72: 0
    73: 0
    74: 0
    75: 0
    76: 0
    77: 0
    78: 0
    79: 0
    80: 0
    81: 0
    82: 0
    83: 0
    84: 0
    85: 0
    86: 0
    87: 0
    88: 0
    89: 0
    90: 0
    91: 0
    92: 0
    93: 0
    94: 0
    95: 0
    96: 0
    97: 0
    98: 0
    99: 0
 sched: # Scheduler stats
  thCr: 9 # Threads created
  thFn: 0 # Threads finished
  schedEvs: 815 # Schedule events
  waitEvs: 814 # Wait events
  handoffEvs: 30 # Handoff events
  sleepEvs: 0 # Sleep events
  idlePhases: 0 # Phases with no thread active
  idlePeriods: 0 # Periods with no thread active
  occHist: # Occupancy histogram
   0: 0
   1: 303008
  rqSzHist: # Run queue size histogram
   0: 291
   1: 126
   2: 200
   3: 45
   4: 2304
   5: 8
   6: 49
   7: 247586
   8: 52399
   9: 0
   10: 0
   11: 0
   12: 0
   13: 0
   14: 0
   15: 0
   16: 0
 procCycles: # Per-process unhalted core cycles
  0: 3030080007
  1: 0
  2: 0
  3: 0
  4: 0
  5: 0
  6: 0
  7: 0
  8: 0
  9: 0
  10: 0
  11: 0
  12: 0
  13: 0
  14: 0
  15: 0
  16: 0
  17: 0
  18: 0
  19: 0
  20: 0
  21: 0
  22: 0
  23: 0
  24: 0
  25: 0
  26: 0
  27: 0
  28: 0
  29: 0
  30: 0
  31: 0
  32: 0
  33: 0
  34: 0
  35: 0
  36: 0
  37: 0
  38: 0
  39: 0
  40: 0
  41: 0
  42: 0
  43: 0
  44: 0
  45: 0
  46: 0
  47: 0
  48: 0
  49: 0
  50: 0
  51: 0
  52: 0
  53: 0
  54: 0
  55: 0
  56: 0
  57: 0
  58: 0
  59: 0
  60: 0
  61: 0
  62: 0
  63: 0
 procInstrs: # Per-process instructions
  0: 5000009310
  1: 0
  2: 0
  3: 0
  4: 0
  5: 0
  6: 0
  7: 0
  8: 0
  9: 0
  10: 0
  11: 0
  12: 0
  13: 0
  14: 0
  15: 0
  16: 0
  17: 0
  18: 0
  19: 0
  20: 0
  21: 0
  22: 0
  23: 0
  24: 0
  25: 0
  26: 0
  27: 0
  28: 0
  29: 0
  30: 0
  31: 0
  32: 0
  33: 0
  34: 0
  35: 0
  36: 0
  37: 0
  38: 0
  39: 0
  40: 0
  41: 0
  42: 0
  43: 0
  44: 0
  45: 0
  46: 0
  47: 0
  48: 0
  49: 0
  50: 0
  51: 0
  52: 0
  53: 0
  54: 0
  55: 0
  56: 0
  57: 0
  58: 0
  59: 0
  60: 0
  61: 0
  62: 0
  63: 0
 heartbeats: # Per-process heartbeats
  0: 0
  1: 0
  2: 0
  3: 0
  4: 0
  5: 0
  6: 0
  7: 0
  8: 0
  9: 0
  10: 0
  11: 0
  12: 0
  13: 0
  14: 0
  15: 0
  16: 0
  17: 0
  18: 0
  19: 0
  20: 0
  21: 0
  22: 0
  23: 0
  24: 0
  25: 0
  26: 0
  27: 0
  28: 0
  29: 0
  30: 0
  31: 0
  32: 0
  33: 0
  34: 0
  35: 0
  36: 0
  37: 0
  38: 0
  39: 0
  40: 0
  41: 0
  42: 0
  43: 0
  44: 0
  45: 0
  46: 0
  47: 0
  48: 0
  49: 0
  50: 0
  51: 0
  52: 0
  53: 0
  54: 0
  55: 0
  56: 0
  57: 0
  58: 0
  59: 0
  60: 0
  61: 0
  62: 0
  63: 0
===
