# zsim stats
===
root: # Stats
 contention: # Contention simulation stats
  domain-0: # Domain stats
   time: 128493742 # Weave simulation time
 time: # Simulator time breakdown
  init: 2586707461321
  bound: 8767921396
  weave: 206062632
  ff: 0
 trigger: 20000 # Reason for this stats dump
 phase: 6518 # Simulated phases
 westmere: # Core stats
  westmere-0: # Core stats
   cycles: 65180676 # Simulated unhalted cycles
   cCycles: 4931033 # Cycles due to contention stalls
   instrs: 100001958 # Simulated instructions
   uops: 142671190 # Retired micro-ops
   bbls: 4785511 # Basic blocks
   approxInstrs: 432 # Instrs with approx uop decoding
   mispredBranches: 23120 # Mispredicted branches
   condBranches: 4718214 # conditional branches
   fetchStalls: 18446744073708959891 # Fetch stalls
   decodeStalls: 29980551 # Decode stalls
   issueStalls: 299250 # Issue stalls
 l1i: # Cache stats
  l1i-0: # Filter cache stats
   fhGETS: 9435998 # Filtered GETS hits
   fhGETX: 0 # Filtered GETX hits
   hGETS: 24997 # GETS hits
   hGETX: 0 # GETX hits
   mGETS: 1869 # GETS misses
   mGETS_I: 1869 # GETS Instruction misses
   mGETS_D: 0 # GETS data misses
   mGETXIM: 0 # GETX I->M misses
   mGETXIM_I: 0 # GETX I->M Instruction misses
   mGETXIM_D: 0 # GETX I->M Data misses
   mGETXSM: 0 # GETX S->M misses (upgrade misses)
   mGETXSM_I: 0 # GETX S->M Instruction misses (upgrade misses)
   mGETXSM_D: 0 # GETX S->M Data misses (upgrade misses)
   PUTS: 0 # Clean evictions (from lower level)
   PUTX: 0 # Dirty evictions (from lower level)
   INV: 151 # Invalidates (from upper level)
   INVX: 0 # Downgrades (from upper level)
   FWD: 0 # Forwards (from upper level)
   latGETnl: 121862 # GET request latency on next level
   latGETnet: 0 # GET request latency on network to next level
 l1d: # Cache stats
  l1d-0: # Filter cache stats
   fhGETS: 29899940 # Filtered GETS hits
   fhGETX: 9228520 # Filtered GETX hits
   hGETS: 13047977 # GETS hits
   hGETX: 5825579 # GETX hits
   mGETS: 125942 # GETS misses
   mGETS_I: 0 # GETS Instruction misses
   mGETS_D: 125942 # GETS data misses
   mGETXIM: 291407 # GETX I->M misses
   mGETXIM_I: 0 # GETX I->M Instruction misses
   mGETXIM_D: 291407 # GETX I->M Data misses
   mGETXSM: 0 # GETX S->M misses (upgrade misses)
   mGETXSM_I: 0 # GETX S->M Instruction misses (upgrade misses)
   mGETXSM_D: 0 # GETX S->M Data misses (upgrade misses)
   PUTS: 0 # Clean evictions (from lower level)
   PUTX: 0 # Dirty evictions (from lower level)
   INV: 2317 # Invalidates (from upper level)
   INVX: 0 # Downgrades (from upper level)
   FWD: 0 # Forwards (from upper level)
   latGETnl: 27886012 # GET request latency on next level
   latGETnet: 0 # GET request latency on network to next level
 l2: # Cache stats
  l2-0: # Cache stats
   hGETS: 114659 # GETS hits
   hGETX: 51980 # GETX hits
   mGETS: 13152 # GETS misses
   mGETS_I: 1012 # GETS Instruction misses
   mGETS_D: 12140 # GETS data misses
   mGETXIM: 239427 # GETX I->M misses
   mGETXIM_I: 0 # GETX I->M Instruction misses
   mGETXIM_D: 239427 # GETX I->M Data misses
   mGETXSM: 0 # GETX S->M misses (upgrade misses)
   mGETXSM_I: 0 # GETX S->M Instruction misses (upgrade misses)
   mGETXSM_D: 0 # GETX S->M Data misses (upgrade misses)
   PUTS: 123727 # Clean evictions (from lower level)
   PUTX: 291563 # Dirty evictions (from lower level)
   INV: 14760 # Invalidates (from upper level)
   INVX: 0 # Downgrades (from upper level)
   FWD: 0 # Forwards (from upper level)
   latGETnl: 22977258 # GET request latency on next level
   latGETnet: 0 # GET request latency on network to next level
 l3: # Cache stats
  l3-0: # Cache stats
   hGETS: 2384 # GETS hits
   hGETX: 84698 # GETX hits
   mGETS: 10768 # GETS misses
   mGETS_I: 0 # GETS Instruction misses
   mGETS_D: 0 # GETS data misses
   mGETXIM: 154729 # GETX I->M misses
   mGETXIM_I: 0 # GETX I->M Instruction misses
   mGETXIM_D: 0 # GETX I->M Data misses
   mGETXSM: 0 # GETX S->M misses (upgrade misses)
   mGETXSM_I: 0 # GETX S->M Instruction misses (upgrade misses)
   mGETXSM_D: 0 # GETX S->M Data misses (upgrade misses)
   PUTS: 4447 # Clean evictions (from lower level)
   PUTX: 216988 # Dirty evictions (from lower level)
   INV: 0 # Invalidates (from upper level)
   INVX: 0 # Downgrades (from upper level)
   FWD: 0 # Forwards (from upper level)
   latGETnl: 14894730 # GET request latency on next level
   latGETnet: 0 # GET request latency on network to next level
 mem: # Memory controller stats
  mem-0: # Memory controller stats
   rd: 41388 # Read requests
   wr: 31128 # Write requests
   rdlat: 5918528 # Total latency experienced by read requests
   wrlat: 4571465 # Total latency experienced by write requests
   rdhits: 6 # Read row hits
   wrhits: 273 # Write row hits
   mlh: # latency histogram for memory requests
    0: 0
    1: 0
    2: 0
    3: 0
    4: 0
    5: 0
    6: 0
    7: 0
    8: 0
    9: 0
    10: 0
    11: 1
    12: 2
    13: 36260
    14: 1649
    15: 59
    16: 53
    17: 27
    18: 20
    19: 17
    20: 40
    21: 36
    22: 33
    23: 2665
    24: 23
    25: 48
    26: 28
    27: 20
    28: 19
    29: 11
    30: 36
    31: 22
    32: 17
    33: 18
    34: 13
    35: 39
    36: 25
    37: 32
    38: 31
    39: 29
    40: 18
    41: 16
    42: 14
    43: 19
    44: 0
    45: 7
    46: 5
    47: 22
    48: 12
    49: 0
    50: 1
    51: 0
    52: 1
    53: 0
    54: 0
    55: 0
    56: 0
    57: 0
    58: 0
    59: 0
    60: 0
    61: 0
    62: 0
    63: 0
    64: 0
    65: 0
    66: 0
    67: 0
    68: 0
    69: 0
    70: 0
    71: 0
    72: 0
    73: 0
    74: 0
    75: 0
    76: 0
    77: 0
    78: 0
    79: 0
    80: 0
    81: 0
    82: 0
    83: 0
    84: 0
    85: 0
    86: 0
    87: 0
    88: 0
    89: 0
    90: 0
    91: 0
    92: 0
    93: 0
    94: 0
    95: 0
    96: 0
    97: 0
    98: 0
    99: 0
  mem-1: # Memory controller stats
   rd: 41369 # Read requests
   wr: 31102 # Write requests
   rdlat: 5908100 # Total latency experienced by read requests
   wrlat: 4569965 # Total latency experienced by write requests
   rdhits: 6 # Read row hits
   wrhits: 270 # Write row hits
   mlh: # latency histogram for memory requests
    0: 0
    1: 0
    2: 0
    3: 0
    4: 0
    5: 0
    6: 0
    7: 0
    8: 0
    9: 0
    10: 0
    11: 1
    12: 1
    13: 36280
    14: 1643
    15: 62
    16: 66
    17: 29
    18: 36
    19: 29
    20: 23
    21: 28
    22: 25
    23: 2659
    24: 28
    25: 39
    26: 16
    27: 14
    28: 23
    29: 18
    30: 24
    31: 22
    32: 17
    33: 23
    34: 29
    35: 27
    36: 18
    37: 18
    38: 32
    39: 21
    40: 9
    41: 16
    42: 22
    43: 14
    44: 2
    45: 5
    46: 3
    47: 25
    48: 15
    49: 4
    50: 0
    51: 0
    52: 3
    53: 0
    54: 0
    55: 0
    56: 0
    57: 0
    58: 0
    59: 0
    60: 0
    61: 0
    62: 0
    63: 0
    64: 0
    65: 0
    66: 0
    67: 0
    68: 0
    69: 0
    70: 0
    71: 0
    72: 0
    73: 0
    74: 0
    75: 0
    76: 0
    77: 0
    78: 0
    79: 0
    80: 0
    81: 0
    82: 0
    83: 0
    84: 0
    85: 0
    86: 0
    87: 0
    88: 0
    89: 0
    90: 0
    91: 0
    92: 0
    93: 0
    94: 0
    95: 0
    96: 0
    97: 0
    98: 0
    99: 0
  mem-2: # Memory controller stats
   rd: 41380 # Read requests
   wr: 31108 # Write requests
   rdlat: 5912736 # Total latency experienced by read requests
   wrlat: 4586829 # Total latency experienced by write requests
   rdhits: 4 # Read row hits
   wrhits: 264 # Write row hits
   mlh: # latency histogram for memory requests
    0: 0
    1: 0
    2: 0
    3: 0
    4: 0
    5: 0
    6: 0
    7: 0
    8: 0
    9: 0
    10: 0
    11: 1
    12: 2
    13: 36298
    14: 1625
    15: 52
    16: 61
    17: 16
    18: 18
    19: 21
    20: 29
    21: 38
    22: 33
    23: 2675
    24: 33
    25: 39
    26: 16
    27: 18
    28: 21
    29: 20
    30: 33
    31: 30
    32: 20
    33: 20
    34: 21
    35: 24
    36: 27
    37: 39
    38: 38
    39: 18
    40: 10
    41: 19
    42: 13
    43: 4
    44: 2
    45: 4
    46: 4
    47: 26
    48: 9
    49: 2
    50: 0
    51: 0
    52: 0
    53: 1
    54: 0
    55: 0
    56: 0
    57: 0
    58: 0
    59: 0
    60: 0
    61: 0
    62: 0
    63: 0
    64: 0
    65: 0
    66: 0
    67: 0
    68: 0
    69: 0
    70: 0
    71: 0
    72: 0
    73: 0
    74: 0
    75: 0
    76: 0
    77: 0
    78: 0
    79: 0
    80: 0
    81: 0
    82: 0
    83: 0
    84: 0
    85: 0
    86: 0
    87: 0
    88: 0
    89: 0
    90: 0
    91: 0
    92: 0
    93: 0
    94: 0
    95: 0
    96: 0
    97: 0
    98: 0
    99: 0
  mem-3: # Memory controller stats
   rd: 41359 # Read requests
   wr: 31124 # Write requests
   rdlat: 5897086 # Total latency experienced by read requests
   wrlat: 4582476 # Total latency experienced by write requests
   rdhits: 10 # Read row hits
   wrhits: 278 # Write row hits
   mlh: # latency histogram for memory requests
    0: 0
    1: 0
    2: 0
    3: 0
    4: 0
    5: 0
    6: 0
    7: 0
    8: 0
    9: 0
    10: 0
    11: 1
    12: 1
    13: 36339
    14: 1657
    15: 64
    16: 55
    17: 21
    18: 10
    19: 15
    20: 26
    21: 30
    22: 25
    23: 2670
    24: 19
    25: 41
    26: 21
    27: 21
    28: 13
    29: 15
    30: 24
    31: 13
    32: 7
    33: 17
    34: 22
    35: 27
    36: 32
    37: 20
    38: 26
    39: 20
    40: 17
    41: 17
    42: 15
    43: 5
    44: 3
    45: 2
    46: 4
    47: 28
    48: 10
    49: 1
    50: 3
    51: 1
    52: 0
    53: 1
    54: 0
    55: 0
    56: 0
    57: 0
    58: 0
    59: 0
    60: 0
    61: 0
    62: 0
    63: 0
    64: 0
    65: 0
    66: 0
    67: 0
    68: 0
    69: 0
    70: 0
    71: 0
    72: 0
    73: 0
    74: 0
    75: 0
    76: 0
    77: 0
    78: 0
    79: 0
    80: 0
    81: 0
    82: 0
    83: 0
    84: 0
    85: 0
    86: 0
    87: 0
    88: 0
    89: 0
    90: 0
    91: 0
    92: 0
    93: 0
    94: 0
    95: 0
    96: 0
    97: 0
    98: 0
    99: 0
 sched: # Scheduler stats
  thCr: 1 # Threads created
  thFn: 1 # Threads finished
  schedEvs: 1 # Schedule events
  waitEvs: 0 # Wait events
  handoffEvs: 0 # Handoff events
  sleepEvs: 0 # Sleep events
  idlePhases: 0 # Phases with no thread active
  idlePeriods: 0 # Periods with no thread active
  occHist: # Occupancy histogram
   0: 0
   1: 6518
  rqSzHist: # Run queue size histogram
   0: 6518
   1: 0
   2: 0
   3: 0
   4: 0
   5: 0
   6: 0
   7: 0
   8: 0
   9: 0
   10: 0
   11: 0
   12: 0
   13: 0
   14: 0
   15: 0
   16: 0
 procCycles: # Per-process unhalted core cycles
  0: 65180676
  1: 0
  2: 0
  3: 0
  4: 0
  5: 0
  6: 0
  7: 0
  8: 0
  9: 0
  10: 0
  11: 0
  12: 0
  13: 0
  14: 0
  15: 0
  16: 0
  17: 0
  18: 0
  19: 0
  20: 0
  21: 0
  22: 0
  23: 0
  24: 0
  25: 0
  26: 0
  27: 0
  28: 0
  29: 0
  30: 0
  31: 0
  32: 0
  33: 0
  34: 0
  35: 0
  36: 0
  37: 0
  38: 0
  39: 0
  40: 0
  41: 0
  42: 0
  43: 0
  44: 0
  45: 0
  46: 0
  47: 0
  48: 0
  49: 0
  50: 0
  51: 0
  52: 0
  53: 0
  54: 0
  55: 0
  56: 0
  57: 0
  58: 0
  59: 0
  60: 0
  61: 0
  62: 0
  63: 0
 procInstrs: # Per-process instructions
  0: 100001958
  1: 0
  2: 0
  3: 0
  4: 0
  5: 0
  6: 0
  7: 0
  8: 0
  9: 0
  10: 0
  11: 0
  12: 0
  13: 0
  14: 0
  15: 0
  16: 0
  17: 0
  18: 0
  19: 0
  20: 0
  21: 0
  22: 0
  23: 0
  24: 0
  25: 0
  26: 0
  27: 0
  28: 0
  29: 0
  30: 0
  31: 0
  32: 0
  33: 0
  34: 0
  35: 0
  36: 0
  37: 0
  38: 0
  39: 0
  40: 0
  41: 0
  42: 0
  43: 0
  44: 0
  45: 0
  46: 0
  47: 0
  48: 0
  49: 0
  50: 0
  51: 0
  52: 0
  53: 0
  54: 0
  55: 0
  56: 0
  57: 0
  58: 0
  59: 0
  60: 0
  61: 0
  62: 0
  63: 0
 heartbeats: # Per-process heartbeats
  0: 0
  1: 0
  2: 0
  3: 0
  4: 0
  5: 0
  6: 0
  7: 0
  8: 0
  9: 0
  10: 0
  11: 0
  12: 0
  13: 0
  14: 0
  15: 0
  16: 0
  17: 0
  18: 0
  19: 0
  20: 0
  21: 0
  22: 0
  23: 0
  24: 0
  25: 0
  26: 0
  27: 0
  28: 0
  29: 0
  30: 0
  31: 0
  32: 0
  33: 0
  34: 0
  35: 0
  36: 0
  37: 0
  38: 0
  39: 0
  40: 0
  41: 0
  42: 0
  43: 0
  44: 0
  45: 0
  46: 0
  47: 0
  48: 0
  49: 0
  50: 0
  51: 0
  52: 0
  53: 0
  54: 0
  55: 0
  56: 0
  57: 0
  58: 0
  59: 0
  60: 0
  61: 0
  62: 0
  63: 0
===
