# zsim stats
===
root: # Stats
 contention: # Contention simulation stats
  domain-0: # Domain stats
   time: 898596791 # Weave simulation time
 time: # Simulator time breakdown
  init: 951880514108
  bound: 8643841561
  weave: 1056337119
  ff: 0
 trigger: 20000 # Reason for this stats dump
 phase: 13784 # Simulated phases
 westmere: # Core stats
  westmere-0: # Core stats
   cycles: 137841869 # Simulated unhalted cycles
   cCycles: 27315693 # Cycles due to contention stalls
   instrs: 100001690 # Simulated instructions
   uops: 109264527 # Retired micro-ops
   bbls: 5331410 # Basic blocks
   approxInstrs: 0 # Instrs with approx uop decoding
   mispredBranches: 78 # Mispredicted branches
   condBranches: 4634909 # conditional branches
   fetchStalls: 18446744073701913852 # Fetch stalls
   decodeStalls: 14006457 # Decode stalls
   issueStalls: 790311 # Issue stalls
 l1i: # Cache stats
  l1i-0: # Filter cache stats
   fhGETS: 8144098 # Filtered GETS hits
   fhGETX: 0 # Filtered GETX hits
   hGETS: 1606485 # GETS hits
   hGETX: 0 # GETX hits
   mGETS: 169187 # GETS misses
   mGETS_I: 169187 # GETS Instruction misses
   mGETS_D: 0 # GETS data misses
   mGETXIM: 0 # GETX I->M misses
   mGETXIM_I: 0 # GETX I->M Instruction misses
   mGETXIM_D: 0 # GETX I->M Data misses
   mGETXSM: 0 # GETX S->M misses (upgrade misses)
   mGETXSM_I: 0 # GETX S->M Instruction misses (upgrade misses)
   mGETXSM_D: 0 # GETX S->M Data misses (upgrade misses)
   PUTS: 0 # Clean evictions (from lower level)
   PUTX: 0 # Dirty evictions (from lower level)
   INV: 169155 # Invalidates (from upper level)
   INVX: 0 # Downgrades (from upper level)
   FWD: 0 # Forwards (from upper level)
   latGETnl: 7638056 # GET request latency on next level
   latGETnet: 0 # GET request latency on network to next level
 l1d: # Cache stats
  l1d-0: # Filter cache stats
   fhGETS: 24589190 # Filtered GETS hits
   fhGETX: 6192418 # Filtered GETX hits
   hGETS: 198577 # GETS hits
   hGETX: 658238 # GETX hits
   mGETS: 1517799 # GETS misses
   mGETS_I: 0 # GETS Instruction misses
   mGETS_D: 1517799 # GETS data misses
   mGETXIM: 85955 # GETX I->M misses
   mGETXIM_I: 0 # GETX I->M Instruction misses
   mGETXIM_D: 85955 # GETX I->M Data misses
   mGETXSM: 0 # GETX S->M misses (upgrade misses)
   mGETXSM_I: 0 # GETX S->M Instruction misses (upgrade misses)
   mGETXSM_D: 0 # GETX S->M Data misses (upgrade misses)
   PUTS: 0 # Clean evictions (from lower level)
   PUTX: 0 # Dirty evictions (from lower level)
   INV: 1603640 # Invalidates (from upper level)
   INVX: 0 # Downgrades (from upper level)
   FWD: 0 # Forwards (from upper level)
   latGETnl: 205302466 # GET request latency on next level
   latGETnet: 0 # GET request latency on network to next level
 l2: # Cache stats
  l2-0: # Cache stats
   hGETS: 1 # GETS hits
   hGETX: 0 # GETX hits
   mGETS: 1686985 # GETS misses
   mGETS_I: 169186 # GETS Instruction misses
   mGETS_D: 1517799 # GETS data misses
   mGETXIM: 85955 # GETX I->M misses
   mGETXIM_I: 0 # GETX I->M Instruction misses
   mGETXIM_D: 85955 # GETX I->M Data misses
   mGETXSM: 0 # GETX S->M misses (upgrade misses)
   mGETXSM_I: 0 # GETX S->M Instruction misses (upgrade misses)
   mGETXSM_D: 0 # GETX S->M Data misses (upgrade misses)
   PUTS: 19 # Clean evictions (from lower level)
   PUTX: 0 # Dirty evictions (from lower level)
   INV: 412 # Invalidates (from upper level)
   INVX: 0 # Downgrades (from upper level)
   FWD: 0 # Forwards (from upper level)
   latGETnl: 191665230 # GET request latency on next level
   latGETnet: 0 # GET request latency on network to next level
 l3: # Cache stats
  l3-0: # Cache stats
   hGETS: 229175 # GETS hits
   hGETX: 44530 # GETX hits
   mGETS: 1457810 # GETS misses
   mGETS_I: 0 # GETS Instruction misses
   mGETS_D: 0 # GETS data misses
   mGETXIM: 41425 # GETX I->M misses
   mGETXIM_I: 0 # GETX I->M Instruction misses
   mGETXIM_D: 0 # GETX I->M Data misses
   mGETXSM: 0 # GETX S->M misses (upgrade misses)
   mGETXSM_I: 0 # GETX S->M Instruction misses (upgrade misses)
   mGETXSM_D: 0 # GETX S->M Data misses (upgrade misses)
   PUTS: 1083958 # Clean evictions (from lower level)
   PUTX: 688442 # Dirty evictions (from lower level)
   INV: 0 # Invalidates (from upper level)
   INVX: 0 # Downgrades (from upper level)
   FWD: 0 # Forwards (from upper level)
   latGETnl: 134931150 # GET request latency on next level
   latGETnet: 0 # GET request latency on network to next level
 mem: # Memory controller stats
  mem-0: # Memory controller stats
   rd: 446173 # Read requests
   wr: 171644 # Write requests
   rdlat: 60512182 # Total latency experienced by read requests
   wrlat: 30165404 # Total latency experienced by write requests
   rdhits: 2456 # Read row hits
   wrhits: 10673 # Write row hits
   mlh: # latency histogram for memory requests
    0: 0
    1: 0
    2: 0
    3: 0
    4: 0
    5: 0
    6: 0
    7: 0
    8: 0
    9: 0
    10: 0
    11: 0
    12: 0
    13: 415987
    14: 12149
    15: 4305
    16: 1741
    17: 900
    18: 663
    19: 617
    20: 937
    21: 508
    22: 824
    23: 1312
    24: 939
    25: 576
    26: 191
    27: 288
    28: 297
    29: 269
    30: 245
    31: 267
    32: 323
    33: 325
    34: 297
    35: 217
    36: 264
    37: 231
    38: 239
    39: 243
    40: 290
    41: 235
    42: 211
    43: 115
    44: 36
    45: 42
    46: 41
    47: 22
    48: 9
    49: 5
    50: 5
    51: 2
    52: 1
    53: 3
    54: 1
    55: 1
    56: 0
    57: 0
    58: 0
    59: 0
    60: 0
    61: 0
    62: 0
    63: 0
    64: 0
    65: 0
    66: 0
    67: 0
    68: 0
    69: 0
    70: 0
    71: 0
    72: 0
    73: 0
    74: 0
    75: 0
    76: 0
    77: 0
    78: 0
    79: 0
    80: 0
    81: 0
    82: 0
    83: 0
    84: 0
    85: 0
    86: 0
    87: 0
    88: 0
    89: 0
    90: 0
    91: 0
    92: 0
    93: 0
    94: 0
    95: 0
    96: 0
    97: 0
    98: 0
    99: 0
  mem-1: # Memory controller stats
   rd: 295287 # Read requests
   wr: 172293 # Write requests
   rdlat: 41020777 # Total latency experienced by read requests
   wrlat: 29562953 # Total latency experienced by write requests
   rdhits: 2644 # Read row hits
   wrhits: 8977 # Write row hits
   mlh: # latency histogram for memory requests
    0: 0
    1: 0
    2: 0
    3: 0
    4: 0
    5: 0
    6: 0
    7: 0
    8: 0
    9: 0
    10: 0
    11: 0
    12: 1
    13: 257746
    14: 11936
    15: 6224
    16: 3707
    17: 1164
    18: 1126
    19: 879
    20: 1565
    21: 1807
    22: 1712
    23: 1433
    24: 2026
    25: 720
    26: 141
    27: 202
    28: 181
    29: 230
    30: 176
    31: 170
    32: 187
    33: 170
    34: 185
    35: 180
    36: 195
    37: 184
    38: 137
    39: 150
    40: 163
    41: 144
    42: 148
    43: 87
    44: 51
    45: 32
    46: 34
    47: 40
    48: 30
    49: 6
    50: 2
    51: 6
    52: 2
    53: 1
    54: 2
    55: 1
    56: 2
    57: 0
    58: 1
    59: 0
    60: 1
    61: 0
    62: 0
    63: 0
    64: 0
    65: 0
    66: 0
    67: 0
    68: 0
    69: 0
    70: 0
    71: 0
    72: 0
    73: 0
    74: 0
    75: 0
    76: 0
    77: 0
    78: 0
    79: 0
    80: 0
    81: 0
    82: 0
    83: 0
    84: 0
    85: 0
    86: 0
    87: 0
    88: 0
    89: 0
    90: 0
    91: 0
    92: 0
    93: 0
    94: 0
    95: 0
    96: 0
    97: 0
    98: 0
    99: 0
  mem-2: # Memory controller stats
   rd: 311609 # Read requests
   wr: 112633 # Write requests
   rdlat: 41836698 # Total latency experienced by read requests
   wrlat: 16502593 # Total latency experienced by write requests
   rdhits: 2383 # Read row hits
   wrhits: 412 # Write row hits
   mlh: # latency histogram for memory requests
    0: 0
    1: 0
    2: 0
    3: 0
    4: 0
    5: 0
    6: 0
    7: 0
    8: 0
    9: 0
    10: 0
    11: 0
    12: 1
    13: 302487
    14: 2799
    15: 1324
    16: 268
    17: 89
    18: 122
    19: 161
    20: 156
    21: 252
    22: 180
    23: 259
    24: 296
    25: 170
    26: 225
    27: 196
    28: 175
    29: 164
    30: 158
    31: 170
    32: 166
    33: 174
    34: 195
    35: 174
    36: 168
    37: 151
    38: 166
    39: 166
    40: 146
    41: 170
    42: 178
    43: 54
    44: 12
    45: 13
    46: 9
    47: 9
    48: 5
    49: 0
    50: 1
    51: 0
    52: 0
    53: 0
    54: 0
    55: 0
    56: 0
    57: 0
    58: 0
    59: 0
    60: 0
    61: 0
    62: 0
    63: 0
    64: 0
    65: 0
    66: 0
    67: 0
    68: 0
    69: 0
    70: 0
    71: 0
    72: 0
    73: 0
    74: 0
    75: 0
    76: 0
    77: 0
    78: 0
    79: 0
    80: 0
    81: 0
    82: 0
    83: 0
    84: 0
    85: 0
    86: 0
    87: 0
    88: 0
    89: 0
    90: 0
    91: 0
    92: 0
    93: 0
    94: 0
    95: 0
    96: 0
    97: 0
    98: 0
    99: 0
  mem-3: # Memory controller stats
   rd: 446141 # Read requests
   wr: 171733 # Write requests
   rdlat: 60782141 # Total latency experienced by read requests
   wrlat: 30267966 # Total latency experienced by write requests
   rdhits: 2407 # Read row hits
   wrhits: 11025 # Write row hits
   mlh: # latency histogram for memory requests
    0: 0
    1: 0
    2: 0
    3: 0
    4: 0
    5: 0
    6: 0
    7: 0
    8: 0
    9: 0
    10: 0
    11: 0
    12: 0
    13: 418685
    14: 7480
    15: 5735
    16: 2111
    17: 943
    18: 913
    19: 756
    20: 715
    21: 936
    22: 772
    23: 956
    24: 993
    25: 456
    26: 235
    27: 318
    28: 294
    29: 289
    30: 277
    31: 267
    32: 272
    33: 255
    34: 276
    35: 251
    36: 257
    37: 230
    38: 213
    39: 221
    40: 204
    41: 241
    42: 229
    43: 108
    44: 63
    45: 34
    46: 69
    47: 54
    48: 13
    49: 4
    50: 3
    51: 1
    52: 8
    53: 3
    54: 1
    55: 0
    56: 0
    57: 0
    58: 0
    59: 0
    60: 0
    61: 0
    62: 0
    63: 0
    64: 0
    65: 0
    66: 0
    67: 0
    68: 0
    69: 0
    70: 0
    71: 0
    72: 0
    73: 0
    74: 0
    75: 0
    76: 0
    77: 0
    78: 0
    79: 0
    80: 0
    81: 0
    82: 0
    83: 0
    84: 0
    85: 0
    86: 0
    87: 0
    88: 0
    89: 0
    90: 0
    91: 0
    92: 0
    93: 0
    94: 0
    95: 0
    96: 0
    97: 0
    98: 0
    99: 0
 sched: # Scheduler stats
  thCr: 1 # Threads created
  thFn: 1 # Threads finished
  schedEvs: 1 # Schedule events
  waitEvs: 0 # Wait events
  handoffEvs: 0 # Handoff events
  sleepEvs: 0 # Sleep events
  idlePhases: 0 # Phases with no thread active
  idlePeriods: 0 # Periods with no thread active
  occHist: # Occupancy histogram
   0: 0
   1: 13784
  rqSzHist: # Run queue size histogram
   0: 13784
   1: 0
   2: 0
   3: 0
   4: 0
   5: 0
   6: 0
   7: 0
   8: 0
   9: 0
   10: 0
   11: 0
   12: 0
   13: 0
   14: 0
   15: 0
   16: 0
 procCycles: # Per-process unhalted core cycles
  0: 137841869
  1: 0
  2: 0
  3: 0
  4: 0
  5: 0
  6: 0
  7: 0
  8: 0
  9: 0
  10: 0
  11: 0
  12: 0
  13: 0
  14: 0
  15: 0
  16: 0
  17: 0
  18: 0
  19: 0
  20: 0
  21: 0
  22: 0
  23: 0
  24: 0
  25: 0
  26: 0
  27: 0
  28: 0
  29: 0
  30: 0
  31: 0
  32: 0
  33: 0
  34: 0
  35: 0
  36: 0
  37: 0
  38: 0
  39: 0
  40: 0
  41: 0
  42: 0
  43: 0
  44: 0
  45: 0
  46: 0
  47: 0
  48: 0
  49: 0
  50: 0
  51: 0
  52: 0
  53: 0
  54: 0
  55: 0
  56: 0
  57: 0
  58: 0
  59: 0
  60: 0
  61: 0
  62: 0
  63: 0
 procInstrs: # Per-process instructions
  0: 100001690
  1: 0
  2: 0
  3: 0
  4: 0
  5: 0
  6: 0
  7: 0
  8: 0
  9: 0
  10: 0
  11: 0
  12: 0
  13: 0
  14: 0
  15: 0
  16: 0
  17: 0
  18: 0
  19: 0
  20: 0
  21: 0
  22: 0
  23: 0
  24: 0
  25: 0
  26: 0
  27: 0
  28: 0
  29: 0
  30: 0
  31: 0
  32: 0
  33: 0
  34: 0
  35: 0
  36: 0
  37: 0
  38: 0
  39: 0
  40: 0
  41: 0
  42: 0
  43: 0
  44: 0
  45: 0
  46: 0
  47: 0
  48: 0
  49: 0
  50: 0
  51: 0
  52: 0
  53: 0
  54: 0
  55: 0
  56: 0
  57: 0
  58: 0
  59: 0
  60: 0
  61: 0
  62: 0
  63: 0
 heartbeats: # Per-process heartbeats
  0: 0
  1: 0
  2: 0
  3: 0
  4: 0
  5: 0
  6: 0
  7: 0
  8: 0
  9: 0
  10: 0
  11: 0
  12: 0
  13: 0
  14: 0
  15: 0
  16: 0
  17: 0
  18: 0
  19: 0
  20: 0
  21: 0
  22: 0
  23: 0
  24: 0
  25: 0
  26: 0
  27: 0
  28: 0
  29: 0
  30: 0
  31: 0
  32: 0
  33: 0
  34: 0
  35: 0
  36: 0
  37: 0
  38: 0
  39: 0
  40: 0
  41: 0
  42: 0
  43: 0
  44: 0
  45: 0
  46: 0
  47: 0
  48: 0
  49: 0
  50: 0
  51: 0
  52: 0
  53: 0
  54: 0
  55: 0
  56: 0
  57: 0
  58: 0
  59: 0
  60: 0
  61: 0
  62: 0
  63: 0
===
