# zsim stats
===
root: # Stats
 contention: # Contention simulation stats
  domain-0: # Domain stats
   time: 1746641266 # Weave simulation time
 time: # Simulator time breakdown
  init: 612855789179
  bound: 13363843573
  weave: 2058311719
  ff: 0
 trigger: 20000 # Reason for this stats dump
 phase: 18105 # Simulated phases
 westmere: # Core stats
  westmere-0: # Core stats
   cycles: 181051821 # Simulated unhalted cycles
   cCycles: 46223987 # Cycles due to contention stalls
   instrs: 100006166 # Simulated instructions
   uops: 117232423 # Retired micro-ops
   bbls: 8769841 # Basic blocks
   approxInstrs: 737961 # Instrs with approx uop decoding
   mispredBranches: 70862 # Mispredicted branches
   condBranches: 8611325 # conditional branches
   fetchStalls: 18446744073705510281 # Fetch stalls
   decodeStalls: 4592001 # Decode stalls
   issueStalls: 788946 # Issue stalls
 l1i: # Cache stats
  l1i-0: # Filter cache stats
   fhGETS: 11616441 # Filtered GETS hits
   fhGETX: 0 # Filtered GETX hits
   hGETS: 1572 # GETS hits
   hGETX: 0 # GETX hits
   mGETS: 1550 # GETS misses
   mGETS_I: 1550 # GETS Instruction misses
   mGETS_D: 0 # GETS data misses
   mGETXIM: 0 # GETX I->M misses
   mGETXIM_I: 0 # GETX I->M Instruction misses
   mGETXIM_D: 0 # GETX I->M Data misses
   mGETXSM: 0 # GETX S->M misses (upgrade misses)
   mGETXSM_I: 0 # GETX S->M Instruction misses (upgrade misses)
   mGETXSM_D: 0 # GETX S->M Data misses (upgrade misses)
   PUTS: 0 # Clean evictions (from lower level)
   PUTX: 0 # Dirty evictions (from lower level)
   INV: 1351 # Invalidates (from upper level)
   INVX: 0 # Downgrades (from upper level)
   FWD: 0 # Forwards (from upper level)
   latGETnl: 206602 # GET request latency on next level
   latGETnet: 0 # GET request latency on network to next level
 l1d: # Cache stats
  l1d-0: # Filter cache stats
   fhGETS: 22380541 # Filtered GETS hits
   fhGETX: 6180014 # Filtered GETX hits
   hGETS: 8762058 # GETS hits
   hGETX: 4027452 # GETX hits
   mGETS: 2149719 # GETS misses
   mGETS_I: 0 # GETS Instruction misses
   mGETS_D: 2149719 # GETS data misses
   mGETXIM: 751928 # GETX I->M misses
   mGETXIM_I: 0 # GETX I->M Instruction misses
   mGETXIM_D: 751928 # GETX I->M Data misses
   mGETXSM: 0 # GETX S->M misses (upgrade misses)
   mGETXSM_I: 0 # GETX S->M Instruction misses (upgrade misses)
   mGETXSM_D: 0 # GETX S->M Data misses (upgrade misses)
   PUTS: 0 # Clean evictions (from lower level)
   PUTX: 0 # Dirty evictions (from lower level)
   INV: 804 # Invalidates (from upper level)
   INVX: 0 # Downgrades (from upper level)
   FWD: 0 # Forwards (from upper level)
   latGETnl: 326375166 # GET request latency on next level
   latGETnet: 0 # GET request latency on network to next level
 l2: # Cache stats
  l2-0: # Cache stats
   hGETS: 396918 # GETS hits
   hGETX: 110537 # GETX hits
   mGETS: 1754351 # GETS misses
   mGETS_I: 1541 # GETS Instruction misses
   mGETS_D: 1752810 # GETS data misses
   mGETXIM: 641391 # GETX I->M misses
   mGETXIM_I: 0 # GETX I->M Instruction misses
   mGETXIM_D: 641391 # GETX I->M Data misses
   mGETXSM: 0 # GETX S->M misses (upgrade misses)
   mGETXSM_I: 0 # GETX S->M Instruction misses (upgrade misses)
   mGETXSM_D: 0 # GETX S->M Data misses (upgrade misses)
   PUTS: 1903822 # Clean evictions (from lower level)
   PUTX: 996125 # Dirty evictions (from lower level)
   INV: 97732 # Invalidates (from upper level)
   INVX: 0 # Downgrades (from upper level)
   FWD: 0 # Forwards (from upper level)
   latGETnl: 291743404 # GET request latency on next level
   latGETnet: 0 # GET request latency on network to next level
 l3: # Cache stats
  l3-0: # Cache stats
   hGETS: 3480 # GETS hits
   hGETX: 2488 # GETX hits
   mGETS: 1750871 # GETS misses
   mGETS_I: 0 # GETS Instruction misses
   mGETS_D: 0 # GETS data misses
   mGETXIM: 638903 # GETX I->M misses
   mGETXIM_I: 0 # GETX I->M Instruction misses
   mGETXIM_D: 0 # GETX I->M Data misses
   mGETXSM: 0 # GETX S->M misses (upgrade misses)
   mGETXSM_I: 0 # GETX S->M Instruction misses (upgrade misses)
   mGETXSM_D: 0 # GETX S->M Data misses (upgrade misses)
   PUTS: 1475553 # Clean evictions (from lower level)
   PUTX: 806077 # Dirty evictions (from lower level)
   INV: 0 # Invalidates (from upper level)
   INVX: 0 # Downgrades (from upper level)
   FWD: 0 # Forwards (from upper level)
   latGETnl: 215079660 # GET request latency on next level
   latGETnet: 0 # GET request latency on network to next level
 mem: # Memory controller stats
  mem-0: # Memory controller stats
   rd: 597440 # Read requests
   wr: 210280 # Write requests
   rdlat: 88422153 # Total latency experienced by read requests
   wrlat: 33782025 # Total latency experienced by write requests
   rdhits: 272 # Read row hits
   wrhits: 685 # Write row hits
   mlh: # latency histogram for memory requests
    0: 0
    1: 0
    2: 0
    3: 0
    4: 0
    5: 0
    6: 0
    7: 0
    8: 0
    9: 0
    10: 0
    11: 4
    12: 0
    13: 360664
    14: 97131
    15: 55397
    16: 9042
    17: 20207
    18: 12382
    19: 5895
    20: 538
    21: 413
    22: 642
    23: 4420
    24: 9547
    25: 8547
    26: 1362
    27: 2513
    28: 419
    29: 358
    30: 359
    31: 353
    32: 410
    33: 395
    34: 541
    35: 1913
    36: 492
    37: 386
    38: 364
    39: 322
    40: 335
    41: 385
    42: 352
    43: 214
    44: 124
    45: 75
    46: 73
    47: 118
    48: 183
    49: 148
    50: 90
    51: 89
    52: 60
    53: 48
    54: 24
    55: 7
    56: 5
    57: 7
    58: 26
    59: 26
    60: 8
    61: 9
    62: 4
    63: 6
    64: 5
    65: 1
    66: 1
    67: 0
    68: 0
    69: 0
    70: 0
    71: 1
    72: 0
    73: 0
    74: 0
    75: 0
    76: 0
    77: 0
    78: 0
    79: 0
    80: 0
    81: 0
    82: 0
    83: 0
    84: 0
    85: 0
    86: 0
    87: 0
    88: 0
    89: 0
    90: 0
    91: 0
    92: 0
    93: 0
    94: 0
    95: 0
    96: 0
    97: 0
    98: 0
    99: 0
  mem-1: # Memory controller stats
   rd: 597403 # Read requests
   wr: 210169 # Write requests
   rdlat: 88292903 # Total latency experienced by read requests
   wrlat: 33839174 # Total latency experienced by write requests
   rdhits: 263 # Read row hits
   wrhits: 748 # Write row hits
   mlh: # latency histogram for memory requests
    0: 0
    1: 0
    2: 0
    3: 0
    4: 0
    5: 0
    6: 0
    7: 0
    8: 0
    9: 0
    10: 0
    11: 3
    12: 1
    13: 361038
    14: 97004
    15: 55350
    16: 9380
    17: 20108
    18: 12354
    19: 5975
    20: 518
    21: 368
    22: 592
    23: 4483
    24: 9541
    25: 8428
    26: 1450
    27: 2501
    28: 433
    29: 358
    30: 331
    31: 334
    32: 382
    33: 364
    34: 466
    35: 1892
    36: 468
    37: 359
    38: 353
    39: 307
    40: 350
    41: 383
    42: 347
    43: 242
    44: 109
    45: 76
    46: 57
    47: 116
    48: 148
    49: 108
    50: 75
    51: 61
    52: 42
    53: 36
    54: 26
    55: 22
    56: 7
    57: 1
    58: 9
    59: 18
    60: 6
    61: 8
    62: 7
    63: 1
    64: 2
    65: 0
    66: 2
    67: 0
    68: 1
    69: 1
    70: 1
    71: 0
    72: 0
    73: 0
    74: 0
    75: 0
    76: 0
    77: 0
    78: 0
    79: 0
    80: 0
    81: 0
    82: 0
    83: 0
    84: 0
    85: 0
    86: 0
    87: 0
    88: 0
    89: 0
    90: 0
    91: 0
    92: 0
    93: 0
    94: 0
    95: 0
    96: 0
    97: 0
    98: 0
    99: 0
  mem-2: # Memory controller stats
   rd: 597447 # Read requests
   wr: 210266 # Write requests
   rdlat: 88366090 # Total latency experienced by read requests
   wrlat: 33796194 # Total latency experienced by write requests
   rdhits: 266 # Read row hits
   wrhits: 723 # Write row hits
   mlh: # latency histogram for memory requests
    0: 0
    1: 0
    2: 0
    3: 0
    4: 0
    5: 0
    6: 0
    7: 0
    8: 0
    9: 0
    10: 0
    11: 6
    12: 0
    13: 359991
    14: 97207
    15: 55639
    16: 9171
    17: 20104
    18: 12425
    19: 6021
    20: 714
    21: 559
    22: 806
    23: 4530
    24: 9641
    25: 8515
    26: 1432
    27: 2468
    28: 385
    29: 348
    30: 326
    31: 313
    32: 365
    33: 373
    34: 474
    35: 1889
    36: 501
    37: 337
    38: 331
    39: 310
    40: 326
    41: 362
    42: 326
    43: 237
    44: 136
    45: 96
    46: 76
    47: 93
    48: 163
    49: 109
    50: 75
    51: 69
    52: 40
    53: 30
    54: 39
    55: 19
    56: 7
    57: 8
    58: 8
    59: 19
    60: 8
    61: 3
    62: 4
    63: 5
    64: 2
    65: 3
    66: 0
    67: 2
    68: 0
    69: 0
    70: 1
    71: 0
    72: 0
    73: 0
    74: 0
    75: 0
    76: 0
    77: 0
    78: 0
    79: 0
    80: 0
    81: 0
    82: 0
    83: 0
    84: 0
    85: 0
    86: 0
    87: 0
    88: 0
    89: 0
    90: 0
    91: 0
    92: 0
    93: 0
    94: 0
    95: 0
    96: 0
    97: 0
    98: 0
    99: 0
  mem-3: # Memory controller stats
   rd: 597456 # Read requests
   wr: 210256 # Write requests
   rdlat: 88347029 # Total latency experienced by read requests
   wrlat: 33771157 # Total latency experienced by write requests
   rdhits: 271 # Read row hits
   wrhits: 771 # Write row hits
   mlh: # latency histogram for memory requests
    0: 0
    1: 0
    2: 0
    3: 0
    4: 0
    5: 0
    6: 0
    7: 0
    8: 0
    9: 0
    10: 0
    11: 0
    12: 2
    13: 360678
    14: 96932
    15: 55342
    16: 9276
    17: 20345
    18: 12476
    19: 5963
    20: 583
    21: 366
    22: 555
    23: 4501
    24: 9594
    25: 8495
    26: 1431
    27: 2521
    28: 432
    29: 406
    30: 325
    31: 348
    32: 376
    33: 346
    34: 515
    35: 1865
    36: 513
    37: 342
    38: 362
    39: 336
    40: 328
    41: 375
    42: 367
    43: 237
    44: 125
    45: 84
    46: 55
    47: 100
    48: 132
    49: 115
    50: 67
    51: 54
    52: 39
    53: 35
    54: 30
    55: 7
    56: 3
    57: 5
    58: 14
    59: 24
    60: 10
    61: 3
    62: 2
    63: 7
    64: 2
    65: 1
    66: 0
    67: 1
    68: 3
    69: 1
    70: 4
    71: 0
    72: 0
    73: 0
    74: 0
    75: 0
    76: 0
    77: 0
    78: 0
    79: 0
    80: 0
    81: 0
    82: 0
    83: 0
    84: 0
    85: 0
    86: 0
    87: 0
    88: 0
    89: 0
    90: 0
    91: 0
    92: 0
    93: 0
    94: 0
    95: 0
    96: 0
    97: 0
    98: 0
    99: 0
 sched: # Scheduler stats
  thCr: 1 # Threads created
  thFn: 1 # Threads finished
  schedEvs: 1 # Schedule events
  waitEvs: 0 # Wait events
  handoffEvs: 0 # Handoff events
  sleepEvs: 0 # Sleep events
  idlePhases: 0 # Phases with no thread active
  idlePeriods: 0 # Periods with no thread active
  occHist: # Occupancy histogram
   0: 0
   1: 18105
  rqSzHist: # Run queue size histogram
   0: 18105
   1: 0
   2: 0
   3: 0
   4: 0
   5: 0
   6: 0
   7: 0
   8: 0
   9: 0
   10: 0
   11: 0
   12: 0
   13: 0
   14: 0
   15: 0
   16: 0
 procCycles: # Per-process unhalted core cycles
  0: 181051821
  1: 0
  2: 0
  3: 0
  4: 0
  5: 0
  6: 0
  7: 0
  8: 0
  9: 0
  10: 0
  11: 0
  12: 0
  13: 0
  14: 0
  15: 0
  16: 0
  17: 0
  18: 0
  19: 0
  20: 0
  21: 0
  22: 0
  23: 0
  24: 0
  25: 0
  26: 0
  27: 0
  28: 0
  29: 0
  30: 0
  31: 0
  32: 0
  33: 0
  34: 0
  35: 0
  36: 0
  37: 0
  38: 0
  39: 0
  40: 0
  41: 0
  42: 0
  43: 0
  44: 0
  45: 0
  46: 0
  47: 0
  48: 0
  49: 0
  50: 0
  51: 0
  52: 0
  53: 0
  54: 0
  55: 0
  56: 0
  57: 0
  58: 0
  59: 0
  60: 0
  61: 0
  62: 0
  63: 0
 procInstrs: # Per-process instructions
  0: 100006166
  1: 0
  2: 0
  3: 0
  4: 0
  5: 0
  6: 0
  7: 0
  8: 0
  9: 0
  10: 0
  11: 0
  12: 0
  13: 0
  14: 0
  15: 0
  16: 0
  17: 0
  18: 0
  19: 0
  20: 0
  21: 0
  22: 0
  23: 0
  24: 0
  25: 0
  26: 0
  27: 0
  28: 0
  29: 0
  30: 0
  31: 0
  32: 0
  33: 0
  34: 0
  35: 0
  36: 0
  37: 0
  38: 0
  39: 0
  40: 0
  41: 0
  42: 0
  43: 0
  44: 0
  45: 0
  46: 0
  47: 0
  48: 0
  49: 0
  50: 0
  51: 0
  52: 0
  53: 0
  54: 0
  55: 0
  56: 0
  57: 0
  58: 0
  59: 0
  60: 0
  61: 0
  62: 0
  63: 0
 heartbeats: # Per-process heartbeats
  0: 0
  1: 0
  2: 0
  3: 0
  4: 0
  5: 0
  6: 0
  7: 0
  8: 0
  9: 0
  10: 0
  11: 0
  12: 0
  13: 0
  14: 0
  15: 0
  16: 0
  17: 0
  18: 0
  19: 0
  20: 0
  21: 0
  22: 0
  23: 0
  24: 0
  25: 0
  26: 0
  27: 0
  28: 0
  29: 0
  30: 0
  31: 0
  32: 0
  33: 0
  34: 0
  35: 0
  36: 0
  37: 0
  38: 0
  39: 0
  40: 0
  41: 0
  42: 0
  43: 0
  44: 0
  45: 0
  46: 0
  47: 0
  48: 0
  49: 0
  50: 0
  51: 0
  52: 0
  53: 0
  54: 0
  55: 0
  56: 0
  57: 0
  58: 0
  59: 0
  60: 0
  61: 0
  62: 0
  63: 0
===
