# zsim stats
===
root: # Stats
 contention: # Contention simulation stats
  domain-0: # Domain stats
   time: 764072011 # Weave simulation time
 time: # Simulator time breakdown
  init: 2626523851581
  bound: 11939089486
  weave: 1278200265
  ff: 0
 trigger: 20000 # Reason for this stats dump
 phase: 7257 # Simulated phases
 westmere: # Core stats
  westmere-0: # Core stats
   cycles: 72572046 # Simulated unhalted cycles
   cCycles: 8178151 # Cycles due to contention stalls
   instrs: 100009510 # Simulated instructions
   uops: 142681823 # Retired micro-ops
   bbls: 4785929 # Basic blocks
   approxInstrs: 432 # Instrs with approx uop decoding
   mispredBranches: 23099 # Mispredicted branches
   condBranches: 4718618 # conditional branches
   fetchStalls: 18446744073708607540 # Fetch stalls
   decodeStalls: 7504608 # Decode stalls
   issueStalls: 878991 # Issue stalls
 l1i: # Cache stats
  l1i-0: # Filter cache stats
   fhGETS: 9427420 # Filtered GETS hits
   fhGETX: 0 # Filtered GETX hits
   hGETS: 27553 # GETS hits
   hGETX: 0 # GETX hits
   mGETS: 5854 # GETS misses
   mGETS_I: 5854 # GETS Instruction misses
   mGETS_D: 0 # GETS data misses
   mGETXIM: 0 # GETX I->M misses
   mGETXIM_I: 0 # GETX I->M Instruction misses
   mGETXIM_D: 0 # GETX I->M Data misses
   mGETXSM: 0 # GETX S->M misses (upgrade misses)
   mGETXSM_I: 0 # GETX S->M Instruction misses (upgrade misses)
   mGETXSM_D: 0 # GETX S->M Data misses (upgrade misses)
   PUTS: 0 # Clean evictions (from lower level)
   PUTX: 0 # Dirty evictions (from lower level)
   INV: 306 # Invalidates (from upper level)
   INVX: 0 # Downgrades (from upper level)
   FWD: 0 # Forwards (from upper level)
   latGETnl: 500758 # GET request latency on next level
   latGETnet: 0 # GET request latency on network to next level
 l1d: # Cache stats
  l1d-0: # Filter cache stats
   fhGETS: 25089658 # Filtered GETS hits
   fhGETX: 8884257 # Filtered GETX hits
   hGETS: 16773591 # GETS hits
   hGETX: 6167429 # GETX hits
   mGETS: 1213847 # GETS misses
   mGETS_I: 0 # GETS Instruction misses
   mGETS_D: 1213847 # GETS data misses
   mGETXIM: 294922 # GETX I->M misses
   mGETXIM_I: 0 # GETX I->M Instruction misses
   mGETXIM_D: 294922 # GETX I->M Data misses
   mGETXSM: 0 # GETX S->M misses (upgrade misses)
   mGETXSM_I: 0 # GETX S->M Instruction misses (upgrade misses)
   mGETXSM_D: 0 # GETX S->M Data misses (upgrade misses)
   PUTS: 0 # Clean evictions (from lower level)
   PUTX: 0 # Dirty evictions (from lower level)
   INV: 1469 # Invalidates (from upper level)
   INVX: 0 # Downgrades (from upper level)
   FWD: 0 # Forwards (from upper level)
   latGETnl: 55106144 # GET request latency on next level
   latGETnet: 0 # GET request latency on network to next level
 l2: # Cache stats
  l2-0: # Cache stats
   hGETS: 1184647 # GETS hits
   hGETX: 4188 # GETX hits
   mGETS: 35054 # GETS misses
   mGETS_I: 4490 # GETS Instruction misses
   mGETS_D: 30564 # GETS data misses
   mGETXIM: 290734 # GETX I->M misses
   mGETXIM_I: 0 # GETX I->M Instruction misses
   mGETXIM_D: 290734 # GETX I->M Data misses
   mGETXSM: 0 # GETX S->M misses (upgrade misses)
   mGETXSM_I: 0 # GETX S->M Instruction misses (upgrade misses)
   mGETXSM_D: 0 # GETX S->M Data misses (upgrade misses)
   PUTS: 1215489 # Clean evictions (from lower level)
   PUTX: 297002 # Dirty evictions (from lower level)
   INV: 9725 # Invalidates (from upper level)
   INVX: 0 # Downgrades (from upper level)
   FWD: 0 # Forwards (from upper level)
   latGETnl: 37431426 # GET request latency on next level
   latGETnet: 0 # GET request latency on network to next level
 l3: # Cache stats
  l3-0: # Cache stats
   hGETS: 10966 # GETS hits
   hGETX: 14753 # GETX hits
   mGETS: 24088 # GETS misses
   mGETS_I: 0 # GETS Instruction misses
   mGETS_D: 0 # GETS data misses
   mGETXIM: 275981 # GETX I->M misses
   mGETXIM_I: 0 # GETX I->M Instruction misses
   mGETXIM_D: 0 # GETX I->M Data misses
   mGETXSM: 0 # GETX S->M misses (upgrade misses)
   mGETXSM_I: 0 # GETX S->M Instruction misses (upgrade misses)
   mGETXSM_D: 0 # GETX S->M Data misses (upgrade misses)
   PUTS: 26554 # Clean evictions (from lower level)
   PUTX: 285416 # Dirty evictions (from lower level)
   INV: 0 # Invalidates (from upper level)
   INVX: 0 # Downgrades (from upper level)
   FWD: 0 # Forwards (from upper level)
   latGETnl: 27006210 # GET request latency on next level
   latGETnet: 0 # GET request latency on network to next level
 mem: # Memory controller stats
  mem-0: # Memory controller stats
   rd: 74927 # Read requests
   wr: 67437 # Write requests
   rdlat: 10967140 # Total latency experienced by read requests
   wrlat: 10197123 # Total latency experienced by write requests
   rdhits: 6 # Read row hits
   wrhits: 975 # Write row hits
   mlh: # latency histogram for memory requests
    0: 0
    1: 0
    2: 0
    3: 0
    4: 0
    5: 0
    6: 0
    7: 0
    8: 0
    9: 0
    10: 0
    11: 1
    12: 1
    13: 54649
    14: 12458
    15: 268
    16: 60
    17: 23
    18: 29
    19: 49
    20: 43
    21: 28
    22: 755
    23: 5553
    24: 102
    25: 46
    26: 42
    27: 38
    28: 38
    29: 41
    30: 38
    31: 28
    32: 44
    33: 38
    34: 44
    35: 56
    36: 50
    37: 35
    38: 37
    39: 51
    40: 41
    41: 48
    42: 52
    43: 20
    44: 1
    45: 4
    46: 6
    47: 70
    48: 16
    49: 3
    50: 6
    51: 7
    52: 3
    53: 5
    54: 0
    55: 0
    56: 0
    57: 0
    58: 0
    59: 0
    60: 0
    61: 0
    62: 0
    63: 0
    64: 0
    65: 0
    66: 0
    67: 0
    68: 0
    69: 0
    70: 0
    71: 0
    72: 0
    73: 0
    74: 0
    75: 0
    76: 0
    77: 0
    78: 0
    79: 0
    80: 0
    81: 0
    82: 0
    83: 0
    84: 0
    85: 0
    86: 0
    87: 0
    88: 0
    89: 0
    90: 0
    91: 0
    92: 0
    93: 0
    94: 0
    95: 0
    96: 0
    97: 0
    98: 0
    99: 0
  mem-1: # Memory controller stats
   rd: 75087 # Read requests
   wr: 67500 # Write requests
   rdlat: 10999487 # Total latency experienced by read requests
   wrlat: 10223583 # Total latency experienced by write requests
   rdhits: 6 # Read row hits
   wrhits: 950 # Write row hits
   mlh: # latency histogram for memory requests
    0: 0
    1: 0
    2: 0
    3: 0
    4: 0
    5: 0
    6: 0
    7: 0
    8: 0
    9: 0
    10: 0
    11: 1
    12: 0
    13: 54810
    14: 12425
    15: 283
    16: 67
    17: 27
    18: 31
    19: 24
    20: 19
    21: 36
    22: 753
    23: 5566
    24: 81
    25: 42
    26: 47
    27: 34
    28: 38
    29: 42
    30: 40
    31: 45
    32: 44
    33: 40
    34: 49
    35: 41
    36: 55
    37: 71
    38: 63
    39: 31
    40: 38
    41: 33
    42: 47
    43: 33
    44: 7
    45: 2
    46: 11
    47: 63
    48: 20
    49: 6
    50: 6
    51: 3
    52: 9
    53: 4
    54: 0
    55: 0
    56: 0
    57: 0
    58: 0
    59: 0
    60: 0
    61: 0
    62: 0
    63: 0
    64: 0
    65: 0
    66: 0
    67: 0
    68: 0
    69: 0
    70: 0
    71: 0
    72: 0
    73: 0
    74: 0
    75: 0
    76: 0
    77: 0
    78: 0
    79: 0
    80: 0
    81: 0
    82: 0
    83: 0
    84: 0
    85: 0
    86: 0
    87: 0
    88: 0
    89: 0
    90: 0
    91: 0
    92: 0
    93: 0
    94: 0
    95: 0
    96: 0
    97: 0
    98: 0
    99: 0
  mem-2: # Memory controller stats
   rd: 75078 # Read requests
   wr: 67484 # Write requests
   rdlat: 10979698 # Total latency experienced by read requests
   wrlat: 10216915 # Total latency experienced by write requests
   rdhits: 10 # Read row hits
   wrhits: 901 # Write row hits
   mlh: # latency histogram for memory requests
    0: 0
    1: 0
    2: 0
    3: 0
    4: 0
    5: 0
    6: 0
    7: 0
    8: 0
    9: 0
    10: 0
    11: 1
    12: 1
    13: 54852
    14: 12402
    15: 289
    16: 50
    17: 37
    18: 36
    19: 34
    20: 47
    21: 39
    22: 751
    23: 5570
    24: 88
    25: 48
    26: 45
    27: 48
    28: 22
    29: 31
    30: 37
    31: 40
    32: 42
    33: 39
    34: 51
    35: 48
    36: 43
    37: 45
    38: 40
    39: 42
    40: 39
    41: 41
    42: 40
    43: 36
    44: 10
    45: 5
    46: 7
    47: 53
    48: 14
    49: 8
    50: 0
    51: 5
    52: 1
    53: 1
    54: 0
    55: 0
    56: 0
    57: 0
    58: 0
    59: 0
    60: 0
    61: 0
    62: 0
    63: 0
    64: 0
    65: 0
    66: 0
    67: 0
    68: 0
    69: 0
    70: 0
    71: 0
    72: 0
    73: 0
    74: 0
    75: 0
    76: 0
    77: 0
    78: 0
    79: 0
    80: 0
    81: 0
    82: 0
    83: 0
    84: 0
    85: 0
    86: 0
    87: 0
    88: 0
    89: 0
    90: 0
    91: 0
    92: 0
    93: 0
    94: 0
    95: 0
    96: 0
    97: 0
    98: 0
    99: 0
  mem-3: # Memory controller stats
   rd: 74971 # Read requests
   wr: 67474 # Write requests
   rdlat: 10987204 # Total latency experienced by read requests
   wrlat: 10217806 # Total latency experienced by write requests
   rdhits: 21 # Read row hits
   wrhits: 917 # Write row hits
   mlh: # latency histogram for memory requests
    0: 0
    1: 0
    2: 0
    3: 0
    4: 0
    5: 0
    6: 0
    7: 0
    8: 0
    9: 0
    10: 0
    11: 2
    12: 4
    13: 54692
    14: 12398
    15: 263
    16: 62
    17: 34
    18: 40
    19: 33
    20: 34
    21: 43
    22: 781
    23: 5556
    24: 69
    25: 34
    26: 30
    27: 36
    28: 40
    29: 33
    30: 40
    31: 52
    32: 58
    33: 42
    34: 49
    35: 47
    36: 50
    37: 40
    38: 50
    39: 54
    40: 41
    41: 55
    42: 53
    43: 34
    44: 9
    45: 3
    46: 6
    47: 71
    48: 15
    49: 2
    50: 6
    51: 4
    52: 4
    53: 2
    54: 0
    55: 0
    56: 0
    57: 0
    58: 0
    59: 0
    60: 0
    61: 0
    62: 0
    63: 0
    64: 0
    65: 0
    66: 0
    67: 0
    68: 0
    69: 0
    70: 0
    71: 0
    72: 0
    73: 0
    74: 0
    75: 0
    76: 0
    77: 0
    78: 0
    79: 0
    80: 0
    81: 0
    82: 0
    83: 0
    84: 0
    85: 0
    86: 0
    87: 0
    88: 0
    89: 0
    90: 0
    91: 0
    92: 0
    93: 0
    94: 0
    95: 0
    96: 0
    97: 0
    98: 0
    99: 0
 sched: # Scheduler stats
  thCr: 1 # Threads created
  thFn: 1 # Threads finished
  schedEvs: 1 # Schedule events
  waitEvs: 0 # Wait events
  handoffEvs: 0 # Handoff events
  sleepEvs: 0 # Sleep events
  idlePhases: 0 # Phases with no thread active
  idlePeriods: 0 # Periods with no thread active
  occHist: # Occupancy histogram
   0: 0
   1: 7257
  rqSzHist: # Run queue size histogram
   0: 7257
   1: 0
   2: 0
   3: 0
   4: 0
   5: 0
   6: 0
   7: 0
   8: 0
   9: 0
   10: 0
   11: 0
   12: 0
   13: 0
   14: 0
   15: 0
   16: 0
 procCycles: # Per-process unhalted core cycles
  0: 72572046
  1: 0
  2: 0
  3: 0
  4: 0
  5: 0
  6: 0
  7: 0
  8: 0
  9: 0
  10: 0
  11: 0
  12: 0
  13: 0
  14: 0
  15: 0
  16: 0
  17: 0
  18: 0
  19: 0
  20: 0
  21: 0
  22: 0
  23: 0
  24: 0
  25: 0
  26: 0
  27: 0
  28: 0
  29: 0
  30: 0
  31: 0
  32: 0
  33: 0
  34: 0
  35: 0
  36: 0
  37: 0
  38: 0
  39: 0
  40: 0
  41: 0
  42: 0
  43: 0
  44: 0
  45: 0
  46: 0
  47: 0
  48: 0
  49: 0
  50: 0
  51: 0
  52: 0
  53: 0
  54: 0
  55: 0
  56: 0
  57: 0
  58: 0
  59: 0
  60: 0
  61: 0
  62: 0
  63: 0
 procInstrs: # Per-process instructions
  0: 100009510
  1: 0
  2: 0
  3: 0
  4: 0
  5: 0
  6: 0
  7: 0
  8: 0
  9: 0
  10: 0
  11: 0
  12: 0
  13: 0
  14: 0
  15: 0
  16: 0
  17: 0
  18: 0
  19: 0
  20: 0
  21: 0
  22: 0
  23: 0
  24: 0
  25: 0
  26: 0
  27: 0
  28: 0
  29: 0
  30: 0
  31: 0
  32: 0
  33: 0
  34: 0
  35: 0
  36: 0
  37: 0
  38: 0
  39: 0
  40: 0
  41: 0
  42: 0
  43: 0
  44: 0
  45: 0
  46: 0
  47: 0
  48: 0
  49: 0
  50: 0
  51: 0
  52: 0
  53: 0
  54: 0
  55: 0
  56: 0
  57: 0
  58: 0
  59: 0
  60: 0
  61: 0
  62: 0
  63: 0
 heartbeats: # Per-process heartbeats
  0: 0
  1: 0
  2: 0
  3: 0
  4: 0
  5: 0
  6: 0
  7: 0
  8: 0
  9: 0
  10: 0
  11: 0
  12: 0
  13: 0
  14: 0
  15: 0
  16: 0
  17: 0
  18: 0
  19: 0
  20: 0
  21: 0
  22: 0
  23: 0
  24: 0
  25: 0
  26: 0
  27: 0
  28: 0
  29: 0
  30: 0
  31: 0
  32: 0
  33: 0
  34: 0
  35: 0
  36: 0
  37: 0
  38: 0
  39: 0
  40: 0
  41: 0
  42: 0
  43: 0
  44: 0
  45: 0
  46: 0
  47: 0
  48: 0
  49: 0
  50: 0
  51: 0
  52: 0
  53: 0
  54: 0
  55: 0
  56: 0
  57: 0
  58: 0
  59: 0
  60: 0
  61: 0
  62: 0
  63: 0
===
