# zsim stats
===
root: # Stats
 contention: # Contention simulation stats
  domain-0: # Domain stats
   time: 6153340642 # Weave simulation time
 time: # Simulator time breakdown
  init: 3096904905
  bound: 1280847363369
  weave: 11112020360
  ff: 0
 trigger: 20000 # Reason for this stats dump
 phase: 361148 # Simulated phases
 westmere: # Core stats
  westmere-0: # Core stats
   cycles: 3611480287 # Simulated unhalted cycles
   cCycles: 125815721 # Cycles due to contention stalls
   instrs: 5000011704 # Simulated instructions
   uops: 5260477959 # Retired micro-ops
   bbls: 726428272 # Basic blocks
   approxInstrs: 357 # Instrs with approx uop decoding
   mispredBranches: 31768145 # Mispredicted branches
   condBranches: 701197178 # conditional branches
   fetchStalls: 18446744072967433720 # Fetch stalls
   decodeStalls: 2281509831 # Decode stalls
   issueStalls: 39022150 # Issue stalls
 l1i: # Cache stats
  l1i-0: # Filter cache stats
   fhGETS: 936391285 # Filtered GETS hits
   fhGETX: 0 # Filtered GETX hits
   hGETS: 65091344 # GETS hits
   hGETX: 0 # GETX hits
   mGETS: 4908 # GETS misses
   mGETS_I: 4908 # GETS Instruction misses
   mGETS_D: 0 # GETS data misses
   mGETXIM: 0 # GETX I->M misses
   mGETXIM_I: 0 # GETX I->M Instruction misses
   mGETXIM_D: 0 # GETX I->M Data misses
   mGETXSM: 0 # GETX S->M misses (upgrade misses)
   mGETXSM_I: 0 # GETX S->M Instruction misses (upgrade misses)
   mGETXSM_D: 0 # GETX S->M Data misses (upgrade misses)
   PUTS: 0 # Clean evictions (from lower level)
   PUTX: 0 # Dirty evictions (from lower level)
   INV: 4580 # Invalidates (from upper level)
   INVX: 0 # Downgrades (from upper level)
   FWD: 0 # Forwards (from upper level)
   latGETnl: 646608 # GET request latency on next level
   latGETnet: 0 # GET request latency on network to next level
 l1d: # Cache stats
  l1d-0: # Filter cache stats
   fhGETS: 1157311007 # Filtered GETS hits
   fhGETX: 186463603 # Filtered GETX hits
   hGETS: 160287440 # GETS hits
   hGETX: 37450558 # GETX hits
   mGETS: 7349389 # GETS misses
   mGETS_I: 0 # GETS Instruction misses
   mGETS_D: 7349389 # GETS data misses
   mGETXIM: 1411616 # GETX I->M misses
   mGETXIM_I: 0 # GETX I->M Instruction misses
   mGETXIM_D: 1411616 # GETX I->M Data misses
   mGETXSM: 0 # GETX S->M misses (upgrade misses)
   mGETXSM_I: 0 # GETX S->M Instruction misses (upgrade misses)
   mGETXSM_D: 0 # GETX S->M Data misses (upgrade misses)
   PUTS: 0 # Clean evictions (from lower level)
   PUTX: 0 # Dirty evictions (from lower level)
   INV: 858 # Invalidates (from upper level)
   INVX: 0 # Downgrades (from upper level)
   FWD: 0 # Forwards (from upper level)
   latGETnl: 753434218 # GET request latency on next level
   latGETnet: 0 # GET request latency on network to next level
 l2: # Cache stats
  l2-0: # Cache stats
   hGETS: 2990946 # GETS hits
   hGETX: 10567 # GETX hits
   mGETS: 4363351 # GETS misses
   mGETS_I: 4821 # GETS Instruction misses
   mGETS_D: 4358530 # GETS data misses
   mGETXIM: 1401049 # GETX I->M misses
   mGETXIM_I: 0 # GETX I->M Instruction misses
   mGETXIM_D: 1401049 # GETX I->M Data misses
   mGETXSM: 0 # GETX S->M misses (upgrade misses)
   mGETXSM_I: 0 # GETX S->M Instruction misses (upgrade misses)
   mGETXSM_D: 0 # GETX S->M Data misses (upgrade misses)
   PUTS: 4834396 # Clean evictions (from lower level)
   PUTX: 3925729 # Dirty evictions (from lower level)
   INV: 55802 # Invalidates (from upper level)
   INVX: 0 # Downgrades (from upper level)
   FWD: 0 # Forwards (from upper level)
   latGETnl: 648889870 # GET request latency on next level
   latGETnet: 0 # GET request latency on network to next level
 l3: # Cache stats
  l3-0: # Cache stats
   hGETS: 582357 # GETS hits
   hGETX: 21720 # GETX hits
   mGETS: 3780994 # GETS misses
   mGETS_I: 0 # GETS Instruction misses
   mGETS_D: 0 # GETS data misses
   mGETXIM: 1379329 # GETX I->M misses
   mGETXIM_I: 0 # GETX I->M Instruction misses
   mGETXIM_D: 0 # GETX I->M Data misses
   mGETXSM: 0 # GETX S->M misses (upgrade misses)
   mGETXSM_I: 0 # GETX S->M Instruction misses (upgrade misses)
   mGETXSM_D: 0 # GETX S->M Data misses (upgrade misses)
   PUTS: 2911065 # Clean evictions (from lower level)
   PUTX: 2793438 # Dirty evictions (from lower level)
   INV: 0 # Invalidates (from upper level)
   INVX: 0 # Downgrades (from upper level)
   FWD: 0 # Forwards (from upper level)
   latGETnl: 464429070 # GET request latency on next level
   latGETnet: 0 # GET request latency on network to next level
 mem: # Memory controller stats
  mem-0: # Memory controller stats
   rd: 1296055 # Read requests
   wr: 649690 # Write requests
   rdlat: 174517693 # Total latency experienced by read requests
   wrlat: 95474720 # Total latency experienced by write requests
   rdhits: 35 # Read row hits
   wrhits: 2033 # Write row hits
   mlh: # latency histogram for memory requests
    0: 0
    1: 0
    2: 0
    3: 0
    4: 0
    5: 0
    6: 0
    7: 0
    8: 0
    9: 0
    10: 0
    11: 0
    12: 6
    13: 1233326
    14: 26602
    15: 12007
    16: 4591
    17: 687
    18: 523
    19: 613
    20: 686
    21: 631
    22: 743
    23: 905
    24: 1169
    25: 869
    26: 610
    27: 667
    28: 699
    29: 666
    30: 856
    31: 670
    32: 792
    33: 816
    34: 990
    35: 759
    36: 701
    37: 691
    38: 619
    39: 740
    40: 659
    41: 639
    42: 643
    43: 247
    44: 27
    45: 48
    46: 71
    47: 45
    48: 27
    49: 7
    50: 4
    51: 0
    52: 2
    53: 0
    54: 2
    55: 0
    56: 0
    57: 0
    58: 0
    59: 0
    60: 0
    61: 0
    62: 0
    63: 0
    64: 0
    65: 0
    66: 0
    67: 0
    68: 0
    69: 0
    70: 0
    71: 0
    72: 0
    73: 0
    74: 0
    75: 0
    76: 0
    77: 0
    78: 0
    79: 0
    80: 0
    81: 0
    82: 0
    83: 0
    84: 0
    85: 0
    86: 0
    87: 0
    88: 0
    89: 0
    90: 0
    91: 0
    92: 0
    93: 0
    94: 0
    95: 0
    96: 0
    97: 0
    98: 0
    99: 0
  mem-1: # Memory controller stats
   rd: 1285397 # Read requests
   wr: 648201 # Write requests
   rdlat: 173040071 # Total latency experienced by read requests
   wrlat: 94972675 # Total latency experienced by write requests
   rdhits: 18 # Read row hits
   wrhits: 2022 # Write row hits
   mlh: # latency histogram for memory requests
    0: 0
    1: 0
    2: 0
    3: 0
    4: 0
    5: 0
    6: 0
    7: 0
    8: 0
    9: 0
    10: 0
    11: 1
    12: 4
    13: 1225444
    14: 25457
    15: 11018
    16: 4324
    17: 568
    18: 524
    19: 596
    20: 731
    21: 636
    22: 709
    23: 911
    24: 999
    25: 810
    26: 586
    27: 570
    28: 710
    29: 728
    30: 843
    31: 657
    32: 718
    33: 758
    34: 1012
    35: 766
    36: 713
    37: 671
    38: 690
    39: 781
    40: 656
    41: 678
    42: 665
    43: 256
    44: 34
    45: 36
    46: 54
    47: 51
    48: 21
    49: 1
    50: 3
    51: 0
    52: 3
    53: 3
    54: 1
    55: 0
    56: 0
    57: 0
    58: 0
    59: 0
    60: 0
    61: 0
    62: 0
    63: 0
    64: 0
    65: 0
    66: 0
    67: 0
    68: 0
    69: 0
    70: 0
    71: 0
    72: 0
    73: 0
    74: 0
    75: 0
    76: 0
    77: 0
    78: 0
    79: 0
    80: 0
    81: 0
    82: 0
    83: 0
    84: 0
    85: 0
    86: 0
    87: 0
    88: 0
    89: 0
    90: 0
    91: 0
    92: 0
    93: 0
    94: 0
    95: 0
    96: 0
    97: 0
    98: 0
    99: 0
  mem-2: # Memory controller stats
   rd: 1292466 # Read requests
   wr: 647077 # Write requests
   rdlat: 173927856 # Total latency experienced by read requests
   wrlat: 95019652 # Total latency experienced by write requests
   rdhits: 41 # Read row hits
   wrhits: 2049 # Write row hits
   mlh: # latency histogram for memory requests
    0: 0
    1: 0
    2: 0
    3: 0
    4: 0
    5: 0
    6: 0
    7: 0
    8: 0
    9: 0
    10: 0
    11: 2
    12: 9
    13: 1234212
    14: 23575
    15: 10441
    16: 5231
    17: 572
    18: 517
    19: 586
    20: 730
    21: 653
    22: 735
    23: 930
    24: 935
    25: 741
    26: 614
    27: 596
    28: 682
    29: 712
    30: 823
    31: 665
    32: 783
    33: 819
    34: 999
    35: 776
    36: 735
    37: 674
    38: 666
    39: 683
    40: 614
    41: 683
    42: 609
    43: 245
    44: 48
    45: 50
    46: 41
    47: 51
    48: 22
    49: 2
    50: 3
    51: 1
    52: 0
    53: 1
    54: 0
    55: 0
    56: 0
    57: 0
    58: 0
    59: 0
    60: 0
    61: 0
    62: 0
    63: 0
    64: 0
    65: 0
    66: 0
    67: 0
    68: 0
    69: 0
    70: 0
    71: 0
    72: 0
    73: 0
    74: 0
    75: 0
    76: 0
    77: 0
    78: 0
    79: 0
    80: 0
    81: 0
    82: 0
    83: 0
    84: 0
    85: 0
    86: 0
    87: 0
    88: 0
    89: 0
    90: 0
    91: 0
    92: 0
    93: 0
    94: 0
    95: 0
    96: 0
    97: 0
    98: 0
    99: 0
  mem-3: # Memory controller stats
   rd: 1286404 # Read requests
   wr: 648351 # Write requests
   rdlat: 173203563 # Total latency experienced by read requests
   wrlat: 95167955 # Total latency experienced by write requests
   rdhits: 31 # Read row hits
   wrhits: 1866 # Write row hits
   mlh: # latency histogram for memory requests
    0: 0
    1: 0
    2: 0
    3: 0
    4: 0
    5: 0
    6: 0
    7: 0
    8: 0
    9: 0
    10: 0
    11: 0
    12: 7
    13: 1224436
    14: 26645
    15: 11395
    16: 4782
    17: 618
    18: 525
    19: 587
    20: 749
    21: 588
    22: 734
    23: 901
    24: 969
    25: 788
    26: 608
    27: 558
    28: 676
    29: 678
    30: 908
    31: 738
    32: 735
    33: 817
    34: 979
    35: 814
    36: 723
    37: 678
    38: 638
    39: 714
    40: 653
    41: 598
    42: 691
    43: 258
    44: 26
    45: 50
    46: 58
    47: 57
    48: 19
    49: 1
    50: 1
    51: 0
    52: 2
    53: 1
    54: 0
    55: 1
    56: 0
    57: 0
    58: 0
    59: 0
    60: 0
    61: 0
    62: 0
    63: 0
    64: 0
    65: 0
    66: 0
    67: 0
    68: 0
    69: 0
    70: 0
    71: 0
    72: 0
    73: 0
    74: 0
    75: 0
    76: 0
    77: 0
    78: 0
    79: 0
    80: 0
    81: 0
    82: 0
    83: 0
    84: 0
    85: 0
    86: 0
    87: 0
    88: 0
    89: 0
    90: 0
    91: 0
    92: 0
    93: 0
    94: 0
    95: 0
    96: 0
    97: 0
    98: 0
    99: 0
 sched: # Scheduler stats
  thCr: 9 # Threads created
  thFn: 0 # Threads finished
  schedEvs: 300 # Schedule events
  waitEvs: 299 # Wait events
  handoffEvs: 36 # Handoff events
  sleepEvs: 0 # Sleep events
  idlePhases: 0 # Phases with no thread active
  idlePeriods: 0 # Periods with no thread active
  occHist: # Occupancy histogram
   0: 0
   1: 361148
  rqSzHist: # Run queue size histogram
   0: 3544
   1: 13531
   2: 23472
   3: 75673
   4: 129456
   5: 115351
   6: 61
   7: 60
   8: 0
   9: 0
   10: 0
   11: 0
   12: 0
   13: 0
   14: 0
   15: 0
   16: 0
 procCycles: # Per-process unhalted core cycles
  0: 3611480287
  1: 0
  2: 0
  3: 0
  4: 0
  5: 0
  6: 0
  7: 0
  8: 0
  9: 0
  10: 0
  11: 0
  12: 0
  13: 0
  14: 0
  15: 0
  16: 0
  17: 0
  18: 0
  19: 0
  20: 0
  21: 0
  22: 0
  23: 0
  24: 0
  25: 0
  26: 0
  27: 0
  28: 0
  29: 0
  30: 0
  31: 0
  32: 0
  33: 0
  34: 0
  35: 0
  36: 0
  37: 0
  38: 0
  39: 0
  40: 0
  41: 0
  42: 0
  43: 0
  44: 0
  45: 0
  46: 0
  47: 0
  48: 0
  49: 0
  50: 0
  51: 0
  52: 0
  53: 0
  54: 0
  55: 0
  56: 0
  57: 0
  58: 0
  59: 0
  60: 0
  61: 0
  62: 0
  63: 0
 procInstrs: # Per-process instructions
  0: 5000011704
  1: 0
  2: 0
  3: 0
  4: 0
  5: 0
  6: 0
  7: 0
  8: 0
  9: 0
  10: 0
  11: 0
  12: 0
  13: 0
  14: 0
  15: 0
  16: 0
  17: 0
  18: 0
  19: 0
  20: 0
  21: 0
  22: 0
  23: 0
  24: 0
  25: 0
  26: 0
  27: 0
  28: 0
  29: 0
  30: 0
  31: 0
  32: 0
  33: 0
  34: 0
  35: 0
  36: 0
  37: 0
  38: 0
  39: 0
  40: 0
  41: 0
  42: 0
  43: 0
  44: 0
  45: 0
  46: 0
  47: 0
  48: 0
  49: 0
  50: 0
  51: 0
  52: 0
  53: 0
  54: 0
  55: 0
  56: 0
  57: 0
  58: 0
  59: 0
  60: 0
  61: 0
  62: 0
  63: 0
 heartbeats: # Per-process heartbeats
  0: 0
  1: 0
  2: 0
  3: 0
  4: 0
  5: 0
  6: 0
  7: 0
  8: 0
  9: 0
  10: 0
  11: 0
  12: 0
  13: 0
  14: 0
  15: 0
  16: 0
  17: 0
  18: 0
  19: 0
  20: 0
  21: 0
  22: 0
  23: 0
  24: 0
  25: 0
  26: 0
  27: 0
  28: 0
  29: 0
  30: 0
  31: 0
  32: 0
  33: 0
  34: 0
  35: 0
  36: 0
  37: 0
  38: 0
  39: 0
  40: 0
  41: 0
  42: 0
  43: 0
  44: 0
  45: 0
  46: 0
  47: 0
  48: 0
  49: 0
  50: 0
  51: 0
  52: 0
  53: 0
  54: 0
  55: 0
  56: 0
  57: 0
  58: 0
  59: 0
  60: 0
  61: 0
  62: 0
  63: 0
===
