# zsim stats
===
root: # Stats
 contention: # Contention simulation stats
  domain-0: # Domain stats
   time: 280012309 # Weave simulation time
 time: # Simulator time breakdown
  init: 42252975472
  bound: 7602948792
  weave: 405959732
  ff: 0
 trigger: 20000 # Reason for this stats dump
 phase: 9328 # Simulated phases
 westmere: # Core stats
  westmere-0: # Core stats
   cycles: 93280081 # Simulated unhalted cycles
   cCycles: 8023508 # Cycles due to contention stalls
   instrs: 100009972 # Simulated instructions
   uops: 113809767 # Retired micro-ops
   bbls: 14846659 # Basic blocks
   approxInstrs: 596117 # Instrs with approx uop decoding
   mispredBranches: 789667 # Mispredicted branches
   condBranches: 12875711 # conditional branches
   fetchStalls: 18446744073682655715 # Fetch stalls
   decodeStalls: 46548554 # Decode stalls
   issueStalls: 3601008 # Issue stalls
 l1i: # Cache stats
  l1i-0: # Filter cache stats
   fhGETS: 19583329 # Filtered GETS hits
   fhGETX: 0 # Filtered GETX hits
   hGETS: 25171 # GETS hits
   hGETX: 0 # GETX hits
   mGETS: 183 # GETS misses
   mGETS_I: 183 # GETS Instruction misses
   mGETS_D: 0 # GETS data misses
   mGETXIM: 0 # GETX I->M misses
   mGETXIM_I: 0 # GETX I->M Instruction misses
   mGETXIM_D: 0 # GETX I->M Data misses
   mGETXSM: 0 # GETX S->M misses (upgrade misses)
   mGETXSM_I: 0 # GETX S->M Instruction misses (upgrade misses)
   mGETXSM_D: 0 # GETX S->M Data misses (upgrade misses)
   PUTS: 0 # Clean evictions (from lower level)
   PUTX: 0 # Dirty evictions (from lower level)
   INV: 66 # Invalidates (from upper level)
   INVX: 0 # Downgrades (from upper level)
   FWD: 0 # Forwards (from upper level)
   latGETnl: 24522 # GET request latency on next level
   latGETnet: 0 # GET request latency on network to next level
 l1d: # Cache stats
  l1d-0: # Filter cache stats
   fhGETS: 25874817 # Filtered GETS hits
   fhGETX: 11682073 # Filtered GETX hits
   hGETS: 658668 # GETS hits
   hGETX: 1425665 # GETX hits
   mGETS: 1762897 # GETS misses
   mGETS_I: 0 # GETS Instruction misses
   mGETS_D: 1762897 # GETS data misses
   mGETXIM: 1050491 # GETX I->M misses
   mGETXIM_I: 0 # GETX I->M Instruction misses
   mGETXIM_D: 1050491 # GETX I->M Data misses
   mGETXSM: 0 # GETX S->M misses (upgrade misses)
   mGETXSM_I: 0 # GETX S->M Instruction misses (upgrade misses)
   mGETXSM_D: 0 # GETX S->M Data misses (upgrade misses)
   PUTS: 0 # Clean evictions (from lower level)
   PUTX: 0 # Dirty evictions (from lower level)
   INV: 83 # Invalidates (from upper level)
   INVX: 0 # Downgrades (from upper level)
   FWD: 0 # Forwards (from upper level)
   latGETnl: 90790688 # GET request latency on next level
   latGETnet: 0 # GET request latency on network to next level
 l2: # Cache stats
  l2-0: # Cache stats
   hGETS: 1474308 # GETS hits
   hGETX: 438374 # GETX hits
   mGETS: 288772 # GETS misses
   mGETS_I: 183 # GETS Instruction misses
   mGETS_D: 288589 # GETS data misses
   mGETXIM: 612117 # GETX I->M misses
   mGETXIM_I: 0 # GETX I->M Instruction misses
   mGETXIM_D: 612117 # GETX I->M Data misses
   mGETXSM: 0 # GETX S->M misses (upgrade misses)
   mGETXSM_I: 0 # GETX S->M Instruction misses (upgrade misses)
   mGETXSM_D: 0 # GETX S->M Data misses (upgrade misses)
   PUTS: 869091 # Clean evictions (from lower level)
   PUTX: 1943190 # Dirty evictions (from lower level)
   INV: 3014 # Invalidates (from upper level)
   INVX: 0 # Downgrades (from upper level)
   FWD: 0 # Forwards (from upper level)
   latGETnl: 57052358 # GET request latency on next level
   latGETnet: 0 # GET request latency on network to next level
 l3: # Cache stats
  l3-0: # Cache stats
   hGETS: 166469 # GETS hits
   hGETX: 420821 # GETX hits
   mGETS: 122303 # GETS misses
   mGETS_I: 0 # GETS Instruction misses
   mGETS_D: 0 # GETS data misses
   mGETXIM: 191296 # GETX I->M misses
   mGETXIM_I: 0 # GETX I->M Instruction misses
   mGETXIM_D: 0 # GETX I->M Data misses
   mGETXSM: 0 # GETX S->M misses (upgrade misses)
   mGETXSM_I: 0 # GETX S->M Instruction misses (upgrade misses)
   mGETXSM_D: 0 # GETX S->M Data misses (upgrade misses)
   PUTS: 183943 # Clean evictions (from lower level)
   PUTX: 697548 # Dirty evictions (from lower level)
   INV: 0 # Invalidates (from upper level)
   INVX: 0 # Downgrades (from upper level)
   FWD: 0 # Forwards (from upper level)
   latGETnl: 28223910 # GET request latency on next level
   latGETnet: 0 # GET request latency on network to next level
 mem: # Memory controller stats
  mem-0: # Memory controller stats
   rd: 78365 # Read requests
   wr: 55488 # Write requests
   rdlat: 10734510 # Total latency experienced by read requests
   wrlat: 8296128 # Total latency experienced by write requests
   rdhits: 2447 # Read row hits
   wrhits: 692 # Write row hits
   mlh: # latency histogram for memory requests
    0: 0
    1: 0
    2: 0
    3: 0
    4: 0
    5: 0
    6: 0
    7: 0
    8: 0
    9: 0
    10: 0
    11: 269
    12: 339
    13: 69464
    14: 2562
    15: 1455
    16: 898
    17: 495
    18: 640
    19: 479
    20: 390
    21: 275
    22: 72
    23: 64
    24: 77
    25: 60
    26: 43
    27: 33
    28: 36
    29: 43
    30: 45
    31: 52
    32: 57
    33: 52
    34: 41
    35: 45
    36: 44
    37: 40
    38: 54
    39: 44
    40: 44
    41: 38
    42: 41
    43: 23
    44: 13
    45: 11
    46: 10
    47: 12
    48: 4
    49: 0
    50: 0
    51: 0
    52: 1
    53: 0
    54: 0
    55: 0
    56: 0
    57: 0
    58: 0
    59: 0
    60: 0
    61: 0
    62: 0
    63: 0
    64: 0
    65: 0
    66: 0
    67: 0
    68: 0
    69: 0
    70: 0
    71: 0
    72: 0
    73: 0
    74: 0
    75: 0
    76: 0
    77: 0
    78: 0
    79: 0
    80: 0
    81: 0
    82: 0
    83: 0
    84: 0
    85: 0
    86: 0
    87: 0
    88: 0
    89: 0
    90: 0
    91: 0
    92: 0
    93: 0
    94: 0
    95: 0
    96: 0
    97: 0
    98: 0
    99: 0
  mem-1: # Memory controller stats
   rd: 78378 # Read requests
   wr: 55859 # Write requests
   rdlat: 10733228 # Total latency experienced by read requests
   wrlat: 8398885 # Total latency experienced by write requests
   rdhits: 2447 # Read row hits
   wrhits: 723 # Write row hits
   mlh: # latency histogram for memory requests
    0: 0
    1: 0
    2: 0
    3: 0
    4: 0
    5: 0
    6: 0
    7: 0
    8: 0
    9: 0
    10: 0
    11: 247
    12: 354
    13: 69342
    14: 2575
    15: 1547
    16: 985
    17: 513
    18: 604
    19: 513
    20: 326
    21: 289
    22: 78
    23: 85
    24: 84
    25: 46
    26: 37
    27: 36
    28: 55
    29: 35
    30: 30
    31: 34
    32: 47
    33: 48
    34: 64
    35: 48
    36: 38
    37: 36
    38: 47
    39: 48
    40: 48
    41: 37
    42: 29
    43: 18
    44: 12
    45: 12
    46: 12
    47: 14
    48: 0
    49: 1
    50: 0
    51: 1
    52: 1
    53: 2
    54: 0
    55: 0
    56: 0
    57: 0
    58: 0
    59: 0
    60: 0
    61: 0
    62: 0
    63: 0
    64: 0
    65: 0
    66: 0
    67: 0
    68: 0
    69: 0
    70: 0
    71: 0
    72: 0
    73: 0
    74: 0
    75: 0
    76: 0
    77: 0
    78: 0
    79: 0
    80: 0
    81: 0
    82: 0
    83: 0
    84: 0
    85: 0
    86: 0
    87: 0
    88: 0
    89: 0
    90: 0
    91: 0
    92: 0
    93: 0
    94: 0
    95: 0
    96: 0
    97: 0
    98: 0
    99: 0
  mem-2: # Memory controller stats
   rd: 78892 # Read requests
   wr: 56164 # Write requests
   rdlat: 10805832 # Total latency experienced by read requests
   wrlat: 8430871 # Total latency experienced by write requests
   rdhits: 2602 # Read row hits
   wrhits: 757 # Write row hits
   mlh: # latency histogram for memory requests
    0: 0
    1: 0
    2: 0
    3: 0
    4: 0
    5: 0
    6: 0
    7: 0
    8: 0
    9: 0
    10: 0
    11: 295
    12: 352
    13: 69634
    14: 2619
    15: 1548
    16: 993
    17: 518
    18: 604
    19: 564
    20: 334
    21: 375
    22: 85
    23: 66
    24: 81
    25: 73
    26: 34
    27: 24
    28: 35
    29: 37
    30: 36
    31: 31
    32: 44
    33: 48
    34: 51
    35: 49
    36: 44
    37: 41
    38: 51
    39: 47
    40: 45
    41: 48
    42: 30
    43: 21
    44: 1
    45: 5
    46: 10
    47: 8
    48: 3
    49: 1
    50: 1
    51: 1
    52: 2
    53: 1
    54: 1
    55: 1
    56: 0
    57: 0
    58: 0
    59: 0
    60: 0
    61: 0
    62: 0
    63: 0
    64: 0
    65: 0
    66: 0
    67: 0
    68: 0
    69: 0
    70: 0
    71: 0
    72: 0
    73: 0
    74: 0
    75: 0
    76: 0
    77: 0
    78: 0
    79: 0
    80: 0
    81: 0
    82: 0
    83: 0
    84: 0
    85: 0
    86: 0
    87: 0
    88: 0
    89: 0
    90: 0
    91: 0
    92: 0
    93: 0
    94: 0
    95: 0
    96: 0
    97: 0
    98: 0
    99: 0
  mem-3: # Memory controller stats
   rd: 77964 # Read requests
   wr: 55417 # Write requests
   rdlat: 10660343 # Total latency experienced by read requests
   wrlat: 8267598 # Total latency experienced by write requests
   rdhits: 2350 # Read row hits
   wrhits: 675 # Write row hits
   mlh: # latency histogram for memory requests
    0: 0
    1: 0
    2: 0
    3: 0
    4: 0
    5: 0
    6: 0
    7: 0
    8: 0
    9: 0
    10: 0
    11: 235
    12: 368
    13: 69345
    14: 2504
    15: 1430
    16: 940
    17: 486
    18: 561
    19: 465
    20: 277
    21: 276
    22: 77
    23: 80
    24: 71
    25: 53
    26: 34
    27: 42
    28: 53
    29: 46
    30: 27
    31: 45
    32: 43
    33: 48
    34: 58
    35: 42
    36: 44
    37: 50
    38: 34
    39: 43
    40: 53
    41: 44
    42: 37
    43: 13
    44: 4
    45: 9
    46: 7
    47: 9
    48: 5
    49: 3
    50: 1
    51: 2
    52: 0
    53: 0
    54: 0
    55: 0
    56: 0
    57: 0
    58: 0
    59: 0
    60: 0
    61: 0
    62: 0
    63: 0
    64: 0
    65: 0
    66: 0
    67: 0
    68: 0
    69: 0
    70: 0
    71: 0
    72: 0
    73: 0
    74: 0
    75: 0
    76: 0
    77: 0
    78: 0
    79: 0
    80: 0
    81: 0
    82: 0
    83: 0
    84: 0
    85: 0
    86: 0
    87: 0
    88: 0
    89: 0
    90: 0
    91: 0
    92: 0
    93: 0
    94: 0
    95: 0
    96: 0
    97: 0
    98: 0
    99: 0
 sched: # Scheduler stats
  thCr: 1 # Threads created
  thFn: 1 # Threads finished
  schedEvs: 1 # Schedule events
  waitEvs: 0 # Wait events
  handoffEvs: 0 # Handoff events
  sleepEvs: 0 # Sleep events
  idlePhases: 0 # Phases with no thread active
  idlePeriods: 0 # Periods with no thread active
  occHist: # Occupancy histogram
   0: 0
   1: 9328
  rqSzHist: # Run queue size histogram
   0: 9328
   1: 0
   2: 0
   3: 0
   4: 0
   5: 0
   6: 0
   7: 0
   8: 0
   9: 0
   10: 0
   11: 0
   12: 0
   13: 0
   14: 0
   15: 0
   16: 0
 procCycles: # Per-process unhalted core cycles
  0: 93280081
  1: 0
  2: 0
  3: 0
  4: 0
  5: 0
  6: 0
  7: 0
  8: 0
  9: 0
  10: 0
  11: 0
  12: 0
  13: 0
  14: 0
  15: 0
  16: 0
  17: 0
  18: 0
  19: 0
  20: 0
  21: 0
  22: 0
  23: 0
  24: 0
  25: 0
  26: 0
  27: 0
  28: 0
  29: 0
  30: 0
  31: 0
  32: 0
  33: 0
  34: 0
  35: 0
  36: 0
  37: 0
  38: 0
  39: 0
  40: 0
  41: 0
  42: 0
  43: 0
  44: 0
  45: 0
  46: 0
  47: 0
  48: 0
  49: 0
  50: 0
  51: 0
  52: 0
  53: 0
  54: 0
  55: 0
  56: 0
  57: 0
  58: 0
  59: 0
  60: 0
  61: 0
  62: 0
  63: 0
 procInstrs: # Per-process instructions
  0: 100009972
  1: 0
  2: 0
  3: 0
  4: 0
  5: 0
  6: 0
  7: 0
  8: 0
  9: 0
  10: 0
  11: 0
  12: 0
  13: 0
  14: 0
  15: 0
  16: 0
  17: 0
  18: 0
  19: 0
  20: 0
  21: 0
  22: 0
  23: 0
  24: 0
  25: 0
  26: 0
  27: 0
  28: 0
  29: 0
  30: 0
  31: 0
  32: 0
  33: 0
  34: 0
  35: 0
  36: 0
  37: 0
  38: 0
  39: 0
  40: 0
  41: 0
  42: 0
  43: 0
  44: 0
  45: 0
  46: 0
  47: 0
  48: 0
  49: 0
  50: 0
  51: 0
  52: 0
  53: 0
  54: 0
  55: 0
  56: 0
  57: 0
  58: 0
  59: 0
  60: 0
  61: 0
  62: 0
  63: 0
 heartbeats: # Per-process heartbeats
  0: 0
  1: 0
  2: 0
  3: 0
  4: 0
  5: 0
  6: 0
  7: 0
  8: 0
  9: 0
  10: 0
  11: 0
  12: 0
  13: 0
  14: 0
  15: 0
  16: 0
  17: 0
  18: 0
  19: 0
  20: 0
  21: 0
  22: 0
  23: 0
  24: 0
  25: 0
  26: 0
  27: 0
  28: 0
  29: 0
  30: 0
  31: 0
  32: 0
  33: 0
  34: 0
  35: 0
  36: 0
  37: 0
  38: 0
  39: 0
  40: 0
  41: 0
  42: 0
  43: 0
  44: 0
  45: 0
  46: 0
  47: 0
  48: 0
  49: 0
  50: 0
  51: 0
  52: 0
  53: 0
  54: 0
  55: 0
  56: 0
  57: 0
  58: 0
  59: 0
  60: 0
  61: 0
  62: 0
  63: 0
===
