# zsim stats
===
root: # Stats
 contention: # Contention simulation stats
  domain-0: # Domain stats
   time: 579525924 # Weave simulation time
 time: # Simulator time breakdown
  init: 2495316948
  bound: 20170762089
  weave: 1048347436
  ff: 0
 trigger: 20000 # Reason for this stats dump
 phase: 48117 # Simulated phases
 westmere: # Core stats
  westmere-0: # Core stats
   cycles: 481170829 # Simulated unhalted cycles
   cCycles: 41828165 # Cycles due to contention stalls
   instrs: 100000605 # Simulated instructions
   uops: 115442305 # Retired micro-ops
   bbls: 23503739 # Basic blocks
   approxInstrs: 1076015 # Instrs with approx uop decoding
   mispredBranches: 268945 # Mispredicted branches
   condBranches: 18721193 # conditional branches
   fetchStalls: 18446744073318371970 # Fetch stalls
   decodeStalls: 431147380 # Decode stalls
   issueStalls: 3318703 # Issue stalls
 l1i: # Cache stats
  l1i-0: # Filter cache stats
   fhGETS: 13368992 # Filtered GETS hits
   fhGETX: 0 # Filtered GETX hits
   hGETS: 2244280 # GETS hits
   hGETX: 0 # GETX hits
   mGETS: 8692745 # GETS misses
   mGETS_I: 8692745 # GETS Instruction misses
   mGETS_D: 0 # GETS data misses
   mGETXIM: 0 # GETX I->M misses
   mGETXIM_I: 0 # GETX I->M Instruction misses
   mGETXIM_D: 0 # GETX I->M Data misses
   mGETXSM: 0 # GETX S->M misses (upgrade misses)
   mGETXSM_I: 0 # GETX S->M Instruction misses (upgrade misses)
   mGETXSM_D: 0 # GETX S->M Data misses (upgrade misses)
   PUTS: 0 # Clean evictions (from lower level)
   PUTX: 0 # Dirty evictions (from lower level)
   INV: 6985 # Invalidates (from upper level)
   INVX: 0 # Downgrades (from upper level)
   FWD: 0 # Forwards (from upper level)
   latGETnl: 407580486 # GET request latency on next level
   latGETnet: 0 # GET request latency on network to next level
 l1d: # Cache stats
  l1d-0: # Filter cache stats
   fhGETS: 20573366 # Filtered GETS hits
   fhGETX: 10694440 # Filtered GETX hits
   hGETS: 1710313 # GETS hits
   hGETX: 1247782 # GETX hits
   mGETS: 124438 # GETS misses
   mGETS_I: 0 # GETS Instruction misses
   mGETS_D: 124438 # GETS data misses
   mGETXIM: 59521 # GETX I->M misses
   mGETXIM_I: 0 # GETX I->M Instruction misses
   mGETXIM_D: 59521 # GETX I->M Data misses
   mGETXSM: 0 # GETX S->M misses (upgrade misses)
   mGETXSM_I: 0 # GETX S->M Instruction misses (upgrade misses)
   mGETXSM_D: 0 # GETX S->M Data misses (upgrade misses)
   PUTS: 0 # Clean evictions (from lower level)
   PUTX: 0 # Dirty evictions (from lower level)
   INV: 183887 # Invalidates (from upper level)
   INVX: 0 # Downgrades (from upper level)
   FWD: 0 # Forwards (from upper level)
   latGETnl: 18143776 # GET request latency on next level
   latGETnet: 0 # GET request latency on network to next level
 l2: # Cache stats
  l2-0: # Cache stats
   hGETS: 2006087 # GETS hits
   hGETX: 0 # GETX hits
   mGETS: 6811096 # GETS misses
   mGETS_I: 6686658 # GETS Instruction misses
   mGETS_D: 124438 # GETS data misses
   mGETXIM: 59521 # GETX I->M misses
   mGETXIM_I: 0 # GETX I->M Instruction misses
   mGETXIM_D: 59521 # GETX I->M Data misses
   mGETXSM: 0 # GETX S->M misses (upgrade misses)
   mGETXSM_I: 0 # GETX S->M Instruction misses (upgrade misses)
   mGETXSM_D: 0 # GETX S->M Data misses (upgrade misses)
   PUTS: 8685728 # Clean evictions (from lower level)
   PUTX: 6 # Dirty evictions (from lower level)
   INV: 10862 # Invalidates (from upper level)
   INVX: 0 # Downgrades (from upper level)
   FWD: 0 # Forwards (from upper level)
   latGETnl: 319203814 # GET request latency on next level
   latGETnet: 0 # GET request latency on network to next level
 l3: # Cache stats
  l3-0: # Cache stats
   hGETS: 5749484 # GETS hits
   hGETX: 17310 # GETX hits
   mGETS: 1061612 # GETS misses
   mGETS_I: 0 # GETS Instruction misses
   mGETS_D: 0 # GETS data misses
   mGETXIM: 42211 # GETX I->M misses
   mGETXIM_I: 0 # GETX I->M Instruction misses
   mGETXIM_D: 0 # GETX I->M Data misses
   mGETXSM: 0 # GETX S->M misses (upgrade misses)
   mGETXSM_I: 0 # GETX S->M Instruction misses (upgrade misses)
   mGETXSM_D: 0 # GETX S->M Data misses (upgrade misses)
   PUTS: 6770643 # Clean evictions (from lower level)
   PUTX: 88984 # Dirty evictions (from lower level)
   INV: 0 # Invalidates (from upper level)
   INVX: 0 # Downgrades (from upper level)
   FWD: 0 # Forwards (from upper level)
   latGETnl: 99344070 # GET request latency on next level
   latGETnet: 0 # GET request latency on network to next level
 mem: # Memory controller stats
  mem-0: # Memory controller stats
   rd: 319114 # Read requests
   wr: 15806 # Write requests
   rdlat: 42662460 # Total latency experienced by read requests
   wrlat: 2285432 # Total latency experienced by write requests
   rdhits: 154 # Read row hits
   wrhits: 119 # Write row hits
   mlh: # latency histogram for memory requests
    0: 0
    1: 0
    2: 0
    3: 0
    4: 0
    5: 0
    6: 0
    7: 0
    8: 0
    9: 0
    10: 0
    11: 5
    12: 16
    13: 313581
    14: 787
    15: 298
    16: 189
    17: 132
    18: 143
    19: 151
    20: 136
    21: 146
    22: 132
    23: 151
    24: 156
    25: 170
    26: 201
    27: 161
    28: 166
    29: 152
    30: 165
    31: 174
    32: 147
    33: 147
    34: 189
    35: 213
    36: 153
    37: 164
    38: 157
    39: 148
    40: 212
    41: 157
    42: 163
    43: 45
    44: 4
    45: 1
    46: 2
    47: 0
    48: 0
    49: 0
    50: 0
    51: 0
    52: 0
    53: 0
    54: 0
    55: 0
    56: 0
    57: 0
    58: 0
    59: 0
    60: 0
    61: 0
    62: 0
    63: 0
    64: 0
    65: 0
    66: 0
    67: 0
    68: 0
    69: 0
    70: 0
    71: 0
    72: 0
    73: 0
    74: 0
    75: 0
    76: 0
    77: 0
    78: 0
    79: 0
    80: 0
    81: 0
    82: 0
    83: 0
    84: 0
    85: 0
    86: 0
    87: 0
    88: 0
    89: 0
    90: 0
    91: 0
    92: 0
    93: 0
    94: 0
    95: 0
    96: 0
    97: 0
    98: 0
    99: 0
  mem-1: # Memory controller stats
   rd: 285705 # Read requests
   wr: 23790 # Write requests
   rdlat: 38256630 # Total latency experienced by read requests
   wrlat: 3426536 # Total latency experienced by write requests
   rdhits: 176 # Read row hits
   wrhits: 132 # Write row hits
   mlh: # latency histogram for memory requests
    0: 0
    1: 0
    2: 0
    3: 0
    4: 0
    5: 0
    6: 0
    7: 0
    8: 0
    9: 0
    10: 0
    11: 6
    12: 5
    13: 280557
    14: 1062
    15: 228
    16: 195
    17: 77
    18: 82
    19: 78
    20: 98
    21: 89
    22: 100
    23: 113
    24: 102
    25: 191
    26: 133
    27: 132
    28: 151
    29: 146
    30: 146
    31: 160
    32: 144
    33: 184
    34: 192
    35: 178
    36: 151
    37: 139
    38: 155
    39: 149
    40: 171
    41: 180
    42: 153
    43: 51
    44: 1
    45: 3
    46: 0
    47: 3
    48: 0
    49: 0
    50: 0
    51: 0
    52: 0
    53: 0
    54: 0
    55: 0
    56: 0
    57: 0
    58: 0
    59: 0
    60: 0
    61: 0
    62: 0
    63: 0
    64: 0
    65: 0
    66: 0
    67: 0
    68: 0
    69: 0
    70: 0
    71: 0
    72: 0
    73: 0
    74: 0
    75: 0
    76: 0
    77: 0
    78: 0
    79: 0
    80: 0
    81: 0
    82: 0
    83: 0
    84: 0
    85: 0
    86: 0
    87: 0
    88: 0
    89: 0
    90: 0
    91: 0
    92: 0
    93: 0
    94: 0
    95: 0
    96: 0
    97: 0
    98: 0
    99: 0
  mem-2: # Memory controller stats
   rd: 213371 # Read requests
   wr: 10050 # Write requests
   rdlat: 28573743 # Total latency experienced by read requests
   wrlat: 1482715 # Total latency experienced by write requests
   rdhits: 165 # Read row hits
   wrhits: 111 # Write row hits
   mlh: # latency histogram for memory requests
    0: 0
    1: 0
    2: 0
    3: 0
    4: 0
    5: 0
    6: 0
    7: 0
    8: 0
    9: 0
    10: 0
    11: 16
    12: 20
    13: 209235
    14: 693
    15: 243
    16: 165
    17: 103
    18: 95
    19: 100
    20: 130
    21: 103
    22: 89
    23: 121
    24: 115
    25: 126
    26: 108
    27: 99
    28: 111
    29: 123
    30: 141
    31: 112
    32: 120
    33: 112
    34: 120
    35: 123
    36: 106
    37: 121
    38: 96
    39: 116
    40: 118
    41: 123
    42: 113
    43: 47
    44: 3
    45: 1
    46: 2
    47: 0
    48: 0
    49: 1
    50: 1
    51: 0
    52: 0
    53: 0
    54: 0
    55: 0
    56: 0
    57: 0
    58: 0
    59: 0
    60: 0
    61: 0
    62: 0
    63: 0
    64: 0
    65: 0
    66: 0
    67: 0
    68: 0
    69: 0
    70: 0
    71: 0
    72: 0
    73: 0
    74: 0
    75: 0
    76: 0
    77: 0
    78: 0
    79: 0
    80: 0
    81: 0
    82: 0
    83: 0
    84: 0
    85: 0
    86: 0
    87: 0
    88: 0
    89: 0
    90: 0
    91: 0
    92: 0
    93: 0
    94: 0
    95: 0
    96: 0
    97: 0
    98: 0
    99: 0
  mem-3: # Memory controller stats
   rd: 285632 # Read requests
   wr: 11033 # Write requests
   rdlat: 38207220 # Total latency experienced by read requests
   wrlat: 1628861 # Total latency experienced by write requests
   rdhits: 162 # Read row hits
   wrhits: 127 # Write row hits
   mlh: # latency histogram for memory requests
    0: 0
    1: 0
    2: 0
    3: 0
    4: 0
    5: 0
    6: 0
    7: 0
    8: 0
    9: 0
    10: 0
    11: 5
    12: 15
    13: 280984
    14: 747
    15: 234
    16: 196
    17: 100
    18: 87
    19: 78
    20: 84
    21: 88
    22: 96
    23: 105
    24: 79
    25: 101
    26: 146
    27: 121
    28: 138
    29: 158
    30: 210
    31: 133
    32: 167
    33: 147
    34: 155
    35: 154
    36: 132
    37: 158
    38: 139
    39: 160
    40: 165
    41: 143
    42: 134
    43: 67
    44: 0
    45: 2
    46: 2
    47: 2
    48: 0
    49: 0
    50: 0
    51: 0
    52: 0
    53: 0
    54: 0
    55: 0
    56: 0
    57: 0
    58: 0
    59: 0
    60: 0
    61: 0
    62: 0
    63: 0
    64: 0
    65: 0
    66: 0
    67: 0
    68: 0
    69: 0
    70: 0
    71: 0
    72: 0
    73: 0
    74: 0
    75: 0
    76: 0
    77: 0
    78: 0
    79: 0
    80: 0
    81: 0
    82: 0
    83: 0
    84: 0
    85: 0
    86: 0
    87: 0
    88: 0
    89: 0
    90: 0
    91: 0
    92: 0
    93: 0
    94: 0
    95: 0
    96: 0
    97: 0
    98: 0
    99: 0
 sched: # Scheduler stats
  thCr: 1 # Threads created
  thFn: 1 # Threads finished
  schedEvs: 1 # Schedule events
  waitEvs: 0 # Wait events
  handoffEvs: 0 # Handoff events
  sleepEvs: 0 # Sleep events
  idlePhases: 0 # Phases with no thread active
  idlePeriods: 0 # Periods with no thread active
  occHist: # Occupancy histogram
   0: 0
   1: 48117
  rqSzHist: # Run queue size histogram
   0: 48117
   1: 0
   2: 0
   3: 0
   4: 0
   5: 0
   6: 0
   7: 0
   8: 0
   9: 0
   10: 0
   11: 0
   12: 0
   13: 0
   14: 0
   15: 0
   16: 0
 procCycles: # Per-process unhalted core cycles
  0: 481170829
  1: 0
  2: 0
  3: 0
  4: 0
  5: 0
  6: 0
  7: 0
  8: 0
  9: 0
  10: 0
  11: 0
  12: 0
  13: 0
  14: 0
  15: 0
  16: 0
  17: 0
  18: 0
  19: 0
  20: 0
  21: 0
  22: 0
  23: 0
  24: 0
  25: 0
  26: 0
  27: 0
  28: 0
  29: 0
  30: 0
  31: 0
  32: 0
  33: 0
  34: 0
  35: 0
  36: 0
  37: 0
  38: 0
  39: 0
  40: 0
  41: 0
  42: 0
  43: 0
  44: 0
  45: 0
  46: 0
  47: 0
  48: 0
  49: 0
  50: 0
  51: 0
  52: 0
  53: 0
  54: 0
  55: 0
  56: 0
  57: 0
  58: 0
  59: 0
  60: 0
  61: 0
  62: 0
  63: 0
 procInstrs: # Per-process instructions
  0: 100000605
  1: 0
  2: 0
  3: 0
  4: 0
  5: 0
  6: 0
  7: 0
  8: 0
  9: 0
  10: 0
  11: 0
  12: 0
  13: 0
  14: 0
  15: 0
  16: 0
  17: 0
  18: 0
  19: 0
  20: 0
  21: 0
  22: 0
  23: 0
  24: 0
  25: 0
  26: 0
  27: 0
  28: 0
  29: 0
  30: 0
  31: 0
  32: 0
  33: 0
  34: 0
  35: 0
  36: 0
  37: 0
  38: 0
  39: 0
  40: 0
  41: 0
  42: 0
  43: 0
  44: 0
  45: 0
  46: 0
  47: 0
  48: 0
  49: 0
  50: 0
  51: 0
  52: 0
  53: 0
  54: 0
  55: 0
  56: 0
  57: 0
  58: 0
  59: 0
  60: 0
  61: 0
  62: 0
  63: 0
 heartbeats: # Per-process heartbeats
  0: 0
  1: 0
  2: 0
  3: 0
  4: 0
  5: 0
  6: 0
  7: 0
  8: 0
  9: 0
  10: 0
  11: 0
  12: 0
  13: 0
  14: 0
  15: 0
  16: 0
  17: 0
  18: 0
  19: 0
  20: 0
  21: 0
  22: 0
  23: 0
  24: 0
  25: 0
  26: 0
  27: 0
  28: 0
  29: 0
  30: 0
  31: 0
  32: 0
  33: 0
  34: 0
  35: 0
  36: 0
  37: 0
  38: 0
  39: 0
  40: 0
  41: 0
  42: 0
  43: 0
  44: 0
  45: 0
  46: 0
  47: 0
  48: 0
  49: 0
  50: 0
  51: 0
  52: 0
  53: 0
  54: 0
  55: 0
  56: 0
  57: 0
  58: 0
  59: 0
  60: 0
  61: 0
  62: 0
  63: 0
===
