# zsim stats
===
root: # Stats
 contention: # Contention simulation stats
  domain-0: # Domain stats
   time: 11215328514 # Weave simulation time
 time: # Simulator time breakdown
  init: 400385549613
  bound: 38341701264
  weave: 12472435558
  ff: 0
 trigger: 20000 # Reason for this stats dump
 phase: 87264 # Simulated phases
 westmere: # Core stats
  westmere-0: # Core stats
   cycles: 872642433 # Simulated unhalted cycles
   cCycles: 200536030 # Cycles due to contention stalls
   instrs: 100000658 # Simulated instructions
   uops: 101912552 # Retired micro-ops
   bbls: 27652706 # Basic blocks
   approxInstrs: 22402 # Instrs with approx uop decoding
   mispredBranches: 1591210 # Mispredicted branches
   condBranches: 25800974 # conditional branches
   fetchStalls: 18446744073325037424 # Fetch stalls
   decodeStalls: 324110998 # Decode stalls
   issueStalls: 2785589 # Issue stalls
 l1i: # Cache stats
  l1i-0: # Filter cache stats
   fhGETS: 30374229 # Filtered GETS hits
   fhGETX: 0 # Filtered GETX hits
   hGETS: 4314859 # GETS hits
   hGETX: 0 # GETX hits
   mGETS: 702243 # GETS misses
   mGETS_I: 702243 # GETS Instruction misses
   mGETS_D: 0 # GETS data misses
   mGETXIM: 0 # GETX I->M misses
   mGETXIM_I: 0 # GETX I->M Instruction misses
   mGETXIM_D: 0 # GETX I->M Data misses
   mGETXSM: 0 # GETX S->M misses (upgrade misses)
   mGETXSM_I: 0 # GETX S->M Instruction misses (upgrade misses)
   mGETXSM_D: 0 # GETX S->M Data misses (upgrade misses)
   PUTS: 0 # Clean evictions (from lower level)
   PUTX: 0 # Dirty evictions (from lower level)
   INV: 702089 # Invalidates (from upper level)
   INVX: 0 # Downgrades (from upper level)
   FWD: 0 # Forwards (from upper level)
   latGETnl: 51300568 # GET request latency on next level
   latGETnet: 0 # GET request latency on network to next level
 l1d: # Cache stats
  l1d-0: # Filter cache stats
   fhGETS: 22663143 # Filtered GETS hits
   fhGETX: 2325422 # Filtered GETX hits
   hGETS: 519558 # GETS hits
   hGETX: 3105664 # GETX hits
   mGETS: 13394027 # GETS misses
   mGETS_I: 0 # GETS Instruction misses
   mGETS_D: 13394027 # GETS data misses
   mGETXIM: 360057 # GETX I->M misses
   mGETXIM_I: 0 # GETX I->M Instruction misses
   mGETXIM_D: 360057 # GETX I->M Data misses
   mGETXSM: 0 # GETX S->M misses (upgrade misses)
   mGETXSM_I: 0 # GETX S->M Instruction misses (upgrade misses)
   mGETXSM_D: 0 # GETX S->M Data misses (upgrade misses)
   PUTS: 0 # Clean evictions (from lower level)
   PUTX: 0 # Dirty evictions (from lower level)
   INV: 13753825 # Invalidates (from upper level)
   INVX: 0 # Downgrades (from upper level)
   FWD: 0 # Forwards (from upper level)
   latGETnl: 1795282096 # GET request latency on next level
   latGETnet: 0 # GET request latency on network to next level
 l2: # Cache stats
  l2-0: # Cache stats
   hGETS: 7 # GETS hits
   hGETX: 0 # GETX hits
   mGETS: 14096263 # GETS misses
   mGETS_I: 702236 # GETS Instruction misses
   mGETS_D: 13394027 # GETS data misses
   mGETXIM: 360057 # GETX I->M misses
   mGETXIM_I: 0 # GETX I->M Instruction misses
   mGETXIM_D: 360057 # GETX I->M Data misses
   mGETXSM: 0 # GETX S->M misses (upgrade misses)
   mGETXSM_I: 0 # GETX S->M Instruction misses (upgrade misses)
   mGETXSM_D: 0 # GETX S->M Data misses (upgrade misses)
   PUTS: 285 # Clean evictions (from lower level)
   PUTX: 0 # Dirty evictions (from lower level)
   INV: 59982 # Invalidates (from upper level)
   INVX: 0 # Downgrades (from upper level)
   FWD: 0 # Forwards (from upper level)
   latGETnl: 1673106740 # GET request latency on next level
   latGETnet: 0 # GET request latency on network to next level
 l3: # Cache stats
  l3-0: # Cache stats
   hGETS: 966885 # GETS hits
   hGETX: 39385 # GETX hits
   mGETS: 13129378 # GETS misses
   mGETS_I: 0 # GETS Instruction misses
   mGETS_D: 0 # GETS data misses
   mGETXIM: 320672 # GETX I->M misses
   mGETXIM_I: 0 # GETX I->M Instruction misses
   mGETXIM_D: 0 # GETX I->M Data misses
   mGETXSM: 0 # GETX S->M misses (upgrade misses)
   mGETXSM_I: 0 # GETX S->M Instruction misses (upgrade misses)
   mGETXSM_D: 0 # GETX S->M Data misses (upgrade misses)
   PUTS: 11031886 # Clean evictions (from lower level)
   PUTX: 3364324 # Dirty evictions (from lower level)
   INV: 0 # Invalidates (from upper level)
   INVX: 0 # Downgrades (from upper level)
   FWD: 0 # Forwards (from upper level)
   latGETnl: 1210504500 # GET request latency on next level
   latGETnet: 0 # GET request latency on network to next level
 mem: # Memory controller stats
  mem-0: # Memory controller stats
   rd: 3327660 # Read requests
   wr: 815498 # Write requests
   rdlat: 455079632 # Total latency experienced by read requests
   wrlat: 119841230 # Total latency experienced by write requests
   rdhits: 20516 # Read row hits
   wrhits: 3475 # Write row hits
   mlh: # latency histogram for memory requests
    0: 0
    1: 0
    2: 0
    3: 0
    4: 0
    5: 0
    6: 0
    7: 0
    8: 0
    9: 0
    10: 0
    11: 2298
    12: 2868
    13: 2839701
    14: 298504
    15: 85810
    16: 24082
    17: 8552
    18: 3676
    19: 3877
    20: 3911
    21: 4383
    22: 2297
    23: 3655
    24: 6227
    25: 4042
    26: 934
    27: 1019
    28: 1215
    29: 1690
    30: 2243
    31: 1920
    32: 1998
    33: 2148
    34: 2321
    35: 2273
    36: 2057
    37: 1877
    38: 1911
    39: 1817
    40: 1811
    41: 1861
    42: 1877
    43: 871
    44: 372
    45: 272
    46: 277
    47: 483
    48: 314
    49: 107
    50: 39
    51: 25
    52: 17
    53: 14
    54: 7
    55: 0
    56: 1
    57: 2
    58: 2
    59: 2
    60: 0
    61: 0
    62: 0
    63: 0
    64: 0
    65: 0
    66: 0
    67: 0
    68: 0
    69: 0
    70: 0
    71: 0
    72: 0
    73: 0
    74: 0
    75: 0
    76: 0
    77: 0
    78: 0
    79: 0
    80: 0
    81: 0
    82: 0
    83: 0
    84: 0
    85: 0
    86: 0
    87: 0
    88: 0
    89: 0
    90: 0
    91: 0
    92: 0
    93: 0
    94: 0
    95: 0
    96: 0
    97: 0
    98: 0
    99: 0
  mem-1: # Memory controller stats
   rd: 3365870 # Read requests
   wr: 843694 # Write requests
   rdlat: 460515867 # Total latency experienced by read requests
   wrlat: 124635040 # Total latency experienced by write requests
   rdhits: 23505 # Read row hits
   wrhits: 3824 # Write row hits
   mlh: # latency histogram for memory requests
    0: 0
    1: 0
    2: 0
    3: 0
    4: 0
    5: 0
    6: 0
    7: 0
    8: 0
    9: 0
    10: 0
    11: 2497
    12: 3220
    13: 2870553
    14: 296475
    15: 89612
    16: 25955
    17: 9794
    18: 4025
    19: 4127
    20: 4111
    21: 4809
    22: 2206
    23: 3694
    24: 6327
    25: 4132
    26: 897
    27: 1065
    28: 1214
    29: 1659
    30: 2292
    31: 1942
    32: 1953
    33: 2182
    34: 2278
    35: 2274
    36: 2082
    37: 2023
    38: 1969
    39: 1902
    40: 1884
    41: 1906
    42: 1758
    43: 938
    44: 431
    45: 299
    46: 329
    47: 474
    48: 345
    49: 125
    50: 43
    51: 27
    52: 20
    53: 11
    54: 2
    55: 3
    56: 3
    57: 1
    58: 1
    59: 0
    60: 1
    61: 0
    62: 0
    63: 0
    64: 0
    65: 0
    66: 0
    67: 0
    68: 0
    69: 0
    70: 0
    71: 0
    72: 0
    73: 0
    74: 0
    75: 0
    76: 0
    77: 0
    78: 0
    79: 0
    80: 0
    81: 0
    82: 0
    83: 0
    84: 0
    85: 0
    86: 0
    87: 0
    88: 0
    89: 0
    90: 0
    91: 0
    92: 0
    93: 0
    94: 0
    95: 0
    96: 0
    97: 0
    98: 0
    99: 0
  mem-2: # Memory controller stats
   rd: 3373024 # Read requests
   wr: 847369 # Write requests
   rdlat: 461245144 # Total latency experienced by read requests
   wrlat: 124973773 # Total latency experienced by write requests
   rdhits: 20804 # Read row hits
   wrhits: 3997 # Write row hits
   mlh: # latency histogram for memory requests
    0: 0
    1: 0
    2: 0
    3: 0
    4: 0
    5: 0
    6: 0
    7: 0
    8: 0
    9: 0
    10: 0
    11: 2373
    12: 3092
    13: 2882061
    14: 301831
    15: 84193
    16: 23442
    17: 8539
    18: 3850
    19: 3958
    20: 3973
    21: 4472
    22: 2052
    23: 3580
    24: 6653
    25: 4589
    26: 879
    27: 998
    28: 1238
    29: 1705
    30: 2244
    31: 2018
    32: 2026
    33: 2206
    34: 2294
    35: 2386
    36: 2079
    37: 2010
    38: 1913
    39: 1846
    40: 1834
    41: 1858
    42: 1811
    43: 862
    44: 425
    45: 301
    46: 316
    47: 493
    48: 381
    49: 126
    50: 36
    51: 19
    52: 20
    53: 16
    54: 11
    55: 0
    56: 4
    57: 4
    58: 2
    59: 3
    60: 2
    61: 0
    62: 0
    63: 0
    64: 0
    65: 0
    66: 0
    67: 0
    68: 0
    69: 0
    70: 0
    71: 0
    72: 0
    73: 0
    74: 0
    75: 0
    76: 0
    77: 0
    78: 0
    79: 0
    80: 0
    81: 0
    82: 0
    83: 0
    84: 0
    85: 0
    86: 0
    87: 0
    88: 0
    89: 0
    90: 0
    91: 0
    92: 0
    93: 0
    94: 0
    95: 0
    96: 0
    97: 0
    98: 0
    99: 0
  mem-3: # Memory controller stats
   rd: 3383440 # Read requests
   wr: 839534 # Write requests
   rdlat: 462918547 # Total latency experienced by read requests
   wrlat: 123725964 # Total latency experienced by write requests
   rdhits: 24365 # Read row hits
   wrhits: 3637 # Write row hits
   mlh: # latency histogram for memory requests
    0: 0
    1: 0
    2: 0
    3: 0
    4: 0
    5: 0
    6: 0
    7: 0
    8: 0
    9: 0
    10: 0
    11: 2608
    12: 3260
    13: 2885136
    14: 301350
    15: 86451
    16: 25602
    17: 9392
    18: 4490
    19: 4365
    20: 4510
    21: 4988
    22: 2360
    23: 3767
    24: 6926
    25: 4101
    26: 952
    27: 996
    28: 1211
    29: 1750
    30: 2241
    31: 1931
    32: 1984
    33: 2181
    34: 2218
    35: 2260
    36: 2152
    37: 1909
    38: 1906
    39: 1921
    40: 1870
    41: 1850
    42: 1736
    43: 939
    44: 438
    45: 305
    46: 295
    47: 487
    48: 346
    49: 125
    50: 43
    51: 26
    52: 21
    53: 21
    54: 11
    55: 3
    56: 0
    57: 4
    58: 1
    59: 0
    60: 1
    61: 0
    62: 0
    63: 0
    64: 0
    65: 0
    66: 0
    67: 0
    68: 0
    69: 0
    70: 0
    71: 0
    72: 0
    73: 0
    74: 0
    75: 0
    76: 0
    77: 0
    78: 0
    79: 0
    80: 0
    81: 0
    82: 0
    83: 0
    84: 0
    85: 0
    86: 0
    87: 0
    88: 0
    89: 0
    90: 0
    91: 0
    92: 0
    93: 0
    94: 0
    95: 0
    96: 0
    97: 0
    98: 0
    99: 0
 sched: # Scheduler stats
  thCr: 1 # Threads created
  thFn: 1 # Threads finished
  schedEvs: 1 # Schedule events
  waitEvs: 0 # Wait events
  handoffEvs: 0 # Handoff events
  sleepEvs: 0 # Sleep events
  idlePhases: 0 # Phases with no thread active
  idlePeriods: 0 # Periods with no thread active
  occHist: # Occupancy histogram
   0: 0
   1: 87264
  rqSzHist: # Run queue size histogram
   0: 87264
   1: 0
   2: 0
   3: 0
   4: 0
   5: 0
   6: 0
   7: 0
   8: 0
   9: 0
   10: 0
   11: 0
   12: 0
   13: 0
   14: 0
   15: 0
   16: 0
 procCycles: # Per-process unhalted core cycles
  0: 872642433
  1: 0
  2: 0
  3: 0
  4: 0
  5: 0
  6: 0
  7: 0
  8: 0
  9: 0
  10: 0
  11: 0
  12: 0
  13: 0
  14: 0
  15: 0
  16: 0
  17: 0
  18: 0
  19: 0
  20: 0
  21: 0
  22: 0
  23: 0
  24: 0
  25: 0
  26: 0
  27: 0
  28: 0
  29: 0
  30: 0
  31: 0
  32: 0
  33: 0
  34: 0
  35: 0
  36: 0
  37: 0
  38: 0
  39: 0
  40: 0
  41: 0
  42: 0
  43: 0
  44: 0
  45: 0
  46: 0
  47: 0
  48: 0
  49: 0
  50: 0
  51: 0
  52: 0
  53: 0
  54: 0
  55: 0
  56: 0
  57: 0
  58: 0
  59: 0
  60: 0
  61: 0
  62: 0
  63: 0
 procInstrs: # Per-process instructions
  0: 100000658
  1: 0
  2: 0
  3: 0
  4: 0
  5: 0
  6: 0
  7: 0
  8: 0
  9: 0
  10: 0
  11: 0
  12: 0
  13: 0
  14: 0
  15: 0
  16: 0
  17: 0
  18: 0
  19: 0
  20: 0
  21: 0
  22: 0
  23: 0
  24: 0
  25: 0
  26: 0
  27: 0
  28: 0
  29: 0
  30: 0
  31: 0
  32: 0
  33: 0
  34: 0
  35: 0
  36: 0
  37: 0
  38: 0
  39: 0
  40: 0
  41: 0
  42: 0
  43: 0
  44: 0
  45: 0
  46: 0
  47: 0
  48: 0
  49: 0
  50: 0
  51: 0
  52: 0
  53: 0
  54: 0
  55: 0
  56: 0
  57: 0
  58: 0
  59: 0
  60: 0
  61: 0
  62: 0
  63: 0
 heartbeats: # Per-process heartbeats
  0: 0
  1: 0
  2: 0
  3: 0
  4: 0
  5: 0
  6: 0
  7: 0
  8: 0
  9: 0
  10: 0
  11: 0
  12: 0
  13: 0
  14: 0
  15: 0
  16: 0
  17: 0
  18: 0
  19: 0
  20: 0
  21: 0
  22: 0
  23: 0
  24: 0
  25: 0
  26: 0
  27: 0
  28: 0
  29: 0
  30: 0
  31: 0
  32: 0
  33: 0
  34: 0
  35: 0
  36: 0
  37: 0
  38: 0
  39: 0
  40: 0
  41: 0
  42: 0
  43: 0
  44: 0
  45: 0
  46: 0
  47: 0
  48: 0
  49: 0
  50: 0
  51: 0
  52: 0
  53: 0
  54: 0
  55: 0
  56: 0
  57: 0
  58: 0
  59: 0
  60: 0
  61: 0
  62: 0
  63: 0
===
