# zsim stats
===
root: # Stats
 contention: # Contention simulation stats
  domain-0: # Domain stats
   time: 602183739 # Weave simulation time
 time: # Simulator time breakdown
  init: 2999519948
  bound: 239806267877
  weave: 4463015082
  ff: 9694326
 trigger: 20000 # Reason for this stats dump
 phase: 297498 # Simulated phases
 westmere: # Core stats
  westmere-0: # Core stats
   cycles: 2974982363 # Simulated unhalted cycles
   cCycles: 1668878 # Cycles due to contention stalls
   instrs: 4062699744 # Simulated instructions
   uops: 4975437467 # Retired micro-ops
   bbls: 390852167 # Basic blocks
   approxInstrs: 53336306 # Instrs with approx uop decoding
   mispredBranches: 1936709 # Mispredicted branches
   condBranches: 244662562 # conditional branches
   fetchStalls: 18446744073639591616 # Fetch stalls
   decodeStalls: 98116327 # Decode stalls
   issueStalls: 29335727 # Issue stalls
 l1i: # Cache stats
  l1i-0: # Filter cache stats
   fhGETS: 435065784 # Filtered GETS hits
   fhGETX: 0 # Filtered GETX hits
   hGETS: 124956823 # GETS hits
   hGETX: 0 # GETX hits
   mGETS: 325 # GETS misses
   mGETS_I: 325 # GETS Instruction misses
   mGETS_D: 0 # GETS data misses
   mGETXIM: 0 # GETX I->M misses
   mGETXIM_I: 0 # GETX I->M Instruction misses
   mGETXIM_D: 0 # GETX I->M Data misses
   mGETXSM: 0 # GETX S->M misses (upgrade misses)
   mGETXSM_I: 0 # GETX S->M Instruction misses (upgrade misses)
   mGETXSM_D: 0 # GETX S->M Data misses (upgrade misses)
   PUTS: 0 # Clean evictions (from lower level)
   PUTX: 0 # Dirty evictions (from lower level)
   INV: 0 # Invalidates (from upper level)
   INVX: 0 # Downgrades (from upper level)
   FWD: 0 # Forwards (from upper level)
   latGETnl: 43550 # GET request latency on next level
   latGETnet: 0 # GET request latency on network to next level
 l1d: # Cache stats
  l1d-0: # Filter cache stats
   fhGETS: 796184051 # Filtered GETS hits
   fhGETX: 327495360 # Filtered GETX hits
   hGETS: 54281748 # GETS hits
   hGETX: 1702208 # GETX hits
   mGETS: 2492452 # GETS misses
   mGETS_I: 0 # GETS Instruction misses
   mGETS_D: 2492452 # GETS data misses
   mGETXIM: 410709 # GETX I->M misses
   mGETXIM_I: 0 # GETX I->M Instruction misses
   mGETXIM_D: 410709 # GETX I->M Data misses
   mGETXSM: 0 # GETX S->M misses (upgrade misses)
   mGETXSM_I: 0 # GETX S->M Instruction misses (upgrade misses)
   mGETXSM_D: 0 # GETX S->M Data misses (upgrade misses)
   PUTS: 0 # Clean evictions (from lower level)
   PUTX: 0 # Dirty evictions (from lower level)
   INV: 186 # Invalidates (from upper level)
   INVX: 0 # Downgrades (from upper level)
   FWD: 0 # Forwards (from upper level)
   latGETnl: 44321658 # GET request latency on next level
   latGETnet: 0 # GET request latency on network to next level
 l2: # Cache stats
  l2-0: # Cache stats
   hGETS: 2382138 # GETS hits
   hGETX: 392200 # GETX hits
   mGETS: 110639 # GETS misses
   mGETS_I: 325 # GETS Instruction misses
   mGETS_D: 110314 # GETS data misses
   mGETXIM: 18509 # GETX I->M misses
   mGETXIM_I: 0 # GETX I->M Instruction misses
   mGETXIM_D: 18509 # GETX I->M Data misses
   mGETXSM: 0 # GETX S->M misses (upgrade misses)
   mGETXSM_I: 0 # GETX S->M Instruction misses (upgrade misses)
   mGETXSM_D: 0 # GETX S->M Data misses (upgrade misses)
   PUTS: 2491211 # Clean evictions (from lower level)
   PUTX: 410740 # Dirty evictions (from lower level)
   INV: 376 # Invalidates (from upper level)
   INVX: 0 # Downgrades (from upper level)
   FWD: 0 # Forwards (from upper level)
   latGETnl: 9523376 # GET request latency on next level
   latGETnet: 0 # GET request latency on network to next level
 l3: # Cache stats
  l3-0: # Cache stats
   hGETS: 62364 # GETS hits
   hGETX: 6888 # GETX hits
   mGETS: 48275 # GETS misses
   mGETS_I: 0 # GETS Instruction misses
   mGETS_D: 0 # GETS data misses
   mGETXIM: 11621 # GETX I->M misses
   mGETXIM_I: 0 # GETX I->M Instruction misses
   mGETXIM_D: 0 # GETX I->M Data misses
   mGETXSM: 0 # GETX S->M misses (upgrade misses)
   mGETXSM_I: 0 # GETX S->M Instruction misses (upgrade misses)
   mGETXSM_D: 0 # GETX S->M Data misses (upgrade misses)
   PUTS: 95706 # Clean evictions (from lower level)
   PUTX: 16682 # Dirty evictions (from lower level)
   INV: 0 # Invalidates (from upper level)
   INVX: 0 # Downgrades (from upper level)
   FWD: 0 # Forwards (from upper level)
   latGETnl: 5390640 # GET request latency on next level
   latGETnet: 0 # GET request latency on network to next level
 mem: # Memory controller stats
  mem-0: # Memory controller stats
   rd: 14994 # Read requests
   wr: 2040 # Write requests
   rdlat: 2255871 # Total latency experienced by read requests
   wrlat: 290890 # Total latency experienced by write requests
   rdhits: 3076 # Read row hits
   wrhits: 0 # Write row hits
   mlh: # latency histogram for memory requests
    0: 0
    1: 0
    2: 0
    3: 0
    4: 0
    5: 0
    6: 0
    7: 0
    8: 0
    9: 0
    10: 0
    11: 1
    12: 0
    13: 7188
    14: 3532
    15: 889
    16: 129
    17: 1004
    18: 1005
    19: 847
    20: 165
    21: 6
    22: 9
    23: 8
    24: 3
    25: 4
    26: 9
    27: 8
    28: 4
    29: 7
    30: 7
    31: 12
    32: 7
    33: 12
    34: 10
    35: 14
    36: 10
    37: 13
    38: 11
    39: 6
    40: 5
    41: 13
    42: 6
    43: 8
    44: 4
    45: 3
    46: 2
    47: 1
    48: 9
    49: 8
    50: 4
    51: 2
    52: 5
    53: 4
    54: 0
    55: 0
    56: 0
    57: 0
    58: 0
    59: 0
    60: 0
    61: 0
    62: 0
    63: 0
    64: 0
    65: 0
    66: 0
    67: 0
    68: 0
    69: 0
    70: 0
    71: 0
    72: 0
    73: 0
    74: 0
    75: 0
    76: 0
    77: 0
    78: 0
    79: 0
    80: 0
    81: 0
    82: 0
    83: 0
    84: 0
    85: 0
    86: 0
    87: 0
    88: 0
    89: 0
    90: 0
    91: 0
    92: 0
    93: 0
    94: 0
    95: 0
    96: 0
    97: 0
    98: 0
    99: 0
  mem-1: # Memory controller stats
   rd: 14964 # Read requests
   wr: 2038 # Write requests
   rdlat: 2243369 # Total latency experienced by read requests
   wrlat: 292114 # Total latency experienced by write requests
   rdhits: 3075 # Read row hits
   wrhits: 0 # Write row hits
   mlh: # latency histogram for memory requests
    0: 0
    1: 0
    2: 0
    3: 0
    4: 0
    5: 0
    6: 0
    7: 0
    8: 0
    9: 0
    10: 0
    11: 0
    12: 0
    13: 7182
    14: 3511
    15: 909
    16: 119
    17: 1010
    18: 1010
    19: 857
    20: 159
    21: 7
    22: 9
    23: 6
    24: 7
    25: 6
    26: 5
    27: 9
    28: 7
    29: 6
    30: 9
    31: 9
    32: 9
    33: 7
    34: 6
    35: 5
    36: 12
    37: 12
    38: 11
    39: 11
    40: 9
    41: 9
    42: 8
    43: 6
    44: 4
    45: 2
    46: 0
    47: 3
    48: 5
    49: 3
    50: 3
    51: 0
    52: 2
    53: 0
    54: 0
    55: 0
    56: 0
    57: 0
    58: 0
    59: 0
    60: 0
    61: 0
    62: 0
    63: 0
    64: 0
    65: 0
    66: 0
    67: 0
    68: 0
    69: 0
    70: 0
    71: 0
    72: 0
    73: 0
    74: 0
    75: 0
    76: 0
    77: 0
    78: 0
    79: 0
    80: 0
    81: 0
    82: 0
    83: 0
    84: 0
    85: 0
    86: 0
    87: 0
    88: 0
    89: 0
    90: 0
    91: 0
    92: 0
    93: 0
    94: 0
    95: 0
    96: 0
    97: 0
    98: 0
    99: 0
  mem-2: # Memory controller stats
   rd: 14956 # Read requests
   wr: 2045 # Write requests
   rdlat: 2246200 # Total latency experienced by read requests
   wrlat: 291229 # Total latency experienced by write requests
   rdhits: 3076 # Read row hits
   wrhits: 0 # Write row hits
   mlh: # latency histogram for memory requests
    0: 0
    1: 0
    2: 0
    3: 0
    4: 0
    5: 0
    6: 0
    7: 0
    8: 0
    9: 0
    10: 0
    11: 0
    12: 0
    13: 7149
    14: 3507
    15: 922
    16: 105
    17: 1011
    18: 1008
    19: 867
    20: 155
    21: 9
    22: 10
    23: 12
    24: 11
    25: 10
    26: 12
    27: 9
    28: 8
    29: 7
    30: 7
    31: 4
    32: 2
    33: 7
    34: 6
    35: 14
    36: 7
    37: 10
    38: 11
    39: 9
    40: 17
    41: 17
    42: 9
    43: 5
    44: 2
    45: 1
    46: 0
    47: 1
    48: 5
    49: 4
    50: 3
    51: 0
    52: 2
    53: 1
    54: 0
    55: 0
    56: 0
    57: 0
    58: 0
    59: 0
    60: 0
    61: 0
    62: 0
    63: 0
    64: 0
    65: 0
    66: 0
    67: 0
    68: 0
    69: 0
    70: 0
    71: 0
    72: 0
    73: 0
    74: 0
    75: 0
    76: 0
    77: 0
    78: 0
    79: 0
    80: 0
    81: 0
    82: 0
    83: 0
    84: 0
    85: 0
    86: 0
    87: 0
    88: 0
    89: 0
    90: 0
    91: 0
    92: 0
    93: 0
    94: 0
    95: 0
    96: 0
    97: 0
    98: 0
    99: 0
  mem-3: # Memory controller stats
   rd: 14961 # Read requests
   wr: 2038 # Write requests
   rdlat: 2246582 # Total latency experienced by read requests
   wrlat: 293382 # Total latency experienced by write requests
   rdhits: 3070 # Read row hits
   wrhits: 0 # Write row hits
   mlh: # latency histogram for memory requests
    0: 0
    1: 0
    2: 0
    3: 0
    4: 0
    5: 0
    6: 0
    7: 0
    8: 0
    9: 0
    10: 0
    11: 1
    12: 0
    13: 7180
    14: 3508
    15: 908
    16: 113
    17: 1006
    18: 1007
    19: 854
    20: 162
    21: 7
    22: 7
    23: 9
    24: 9
    25: 5
    26: 5
    27: 11
    28: 8
    29: 10
    30: 7
    31: 7
    32: 9
    33: 12
    34: 9
    35: 10
    36: 10
    37: 7
    38: 8
    39: 6
    40: 7
    41: 15
    42: 8
    43: 6
    44: 2
    45: 1
    46: 1
    47: 0
    48: 4
    49: 7
    50: 6
    51: 2
    52: 4
    53: 3
    54: 0
    55: 0
    56: 0
    57: 0
    58: 0
    59: 0
    60: 0
    61: 0
    62: 0
    63: 0
    64: 0
    65: 0
    66: 0
    67: 0
    68: 0
    69: 0
    70: 0
    71: 0
    72: 0
    73: 0
    74: 0
    75: 0
    76: 0
    77: 0
    78: 0
    79: 0
    80: 0
    81: 0
    82: 0
    83: 0
    84: 0
    85: 0
    86: 0
    87: 0
    88: 0
    89: 0
    90: 0
    91: 0
    92: 0
    93: 0
    94: 0
    95: 0
    96: 0
    97: 0
    98: 0
    99: 0
 sched: # Scheduler stats
  thCr: 9 # Threads created
  thFn: 9 # Threads finished
  schedEvs: 41 # Schedule events
  waitEvs: 39 # Wait events
  handoffEvs: 29 # Handoff events
  sleepEvs: 0 # Sleep events
  idlePhases: 0 # Phases with no thread active
  idlePeriods: 0 # Periods with no thread active
  occHist: # Occupancy histogram
   0: 0
   1: 297498
  rqSzHist: # Run queue size histogram
   0: 3149
   1: 0
   2: 5569
   3: 8781
   4: 2828
   5: 9991
   6: 9991
   7: 257189
   8: 0
   9: 0
   10: 0
   11: 0
   12: 0
   13: 0
   14: 0
   15: 0
   16: 0
 procCycles: # Per-process unhalted core cycles
  0: 2974982363
  1: 0
  2: 0
  3: 0
  4: 0
  5: 0
  6: 0
  7: 0
  8: 0
  9: 0
  10: 0
  11: 0
  12: 0
  13: 0
  14: 0
  15: 0
  16: 0
  17: 0
  18: 0
  19: 0
  20: 0
  21: 0
  22: 0
  23: 0
  24: 0
  25: 0
  26: 0
  27: 0
  28: 0
  29: 0
  30: 0
  31: 0
  32: 0
  33: 0
  34: 0
  35: 0
  36: 0
  37: 0
  38: 0
  39: 0
  40: 0
  41: 0
  42: 0
  43: 0
  44: 0
  45: 0
  46: 0
  47: 0
  48: 0
  49: 0
  50: 0
  51: 0
  52: 0
  53: 0
  54: 0
  55: 0
  56: 0
  57: 0
  58: 0
  59: 0
  60: 0
  61: 0
  62: 0
  63: 0
 procInstrs: # Per-process instructions
  0: 4062699744
  1: 0
  2: 0
  3: 0
  4: 0
  5: 0
  6: 0
  7: 0
  8: 0
  9: 0
  10: 0
  11: 0
  12: 0
  13: 0
  14: 0
  15: 0
  16: 0
  17: 0
  18: 0
  19: 0
  20: 0
  21: 0
  22: 0
  23: 0
  24: 0
  25: 0
  26: 0
  27: 0
  28: 0
  29: 0
  30: 0
  31: 0
  32: 0
  33: 0
  34: 0
  35: 0
  36: 0
  37: 0
  38: 0
  39: 0
  40: 0
  41: 0
  42: 0
  43: 0
  44: 0
  45: 0
  46: 0
  47: 0
  48: 0
  49: 0
  50: 0
  51: 0
  52: 0
  53: 0
  54: 0
  55: 0
  56: 0
  57: 0
  58: 0
  59: 0
  60: 0
  61: 0
  62: 0
  63: 0
 heartbeats: # Per-process heartbeats
  0: 0
  1: 0
  2: 0
  3: 0
  4: 0
  5: 0
  6: 0
  7: 0
  8: 0
  9: 0
  10: 0
  11: 0
  12: 0
  13: 0
  14: 0
  15: 0
  16: 0
  17: 0
  18: 0
  19: 0
  20: 0
  21: 0
  22: 0
  23: 0
  24: 0
  25: 0
  26: 0
  27: 0
  28: 0
  29: 0
  30: 0
  31: 0
  32: 0
  33: 0
  34: 0
  35: 0
  36: 0
  37: 0
  38: 0
  39: 0
  40: 0
  41: 0
  42: 0
  43: 0
  44: 0
  45: 0
  46: 0
  47: 0
  48: 0
  49: 0
  50: 0
  51: 0
  52: 0
  53: 0
  54: 0
  55: 0
  56: 0
  57: 0
  58: 0
  59: 0
  60: 0
  61: 0
  62: 0
  63: 0
===
