# zsim stats
===
root: # Stats
 contention: # Contention simulation stats
  domain-0: # Domain stats
   time: 1760043295 # Weave simulation time
 time: # Simulator time breakdown
  init: 606814788444
  bound: 13275697873
  weave: 2056310842
  ff: 0
 trigger: 20000 # Reason for this stats dump
 phase: 18108 # Simulated phases
 westmere: # Core stats
  westmere-0: # Core stats
   cycles: 181081979 # Simulated unhalted cycles
   cCycles: 46234931 # Cycles due to contention stalls
   instrs: 100001405 # Simulated instructions
   uops: 117226834 # Retired micro-ops
   bbls: 8769606 # Basic blocks
   approxInstrs: 737961 # Instrs with approx uop decoding
   mispredBranches: 70860 # Mispredicted branches
   condBranches: 8611091 # conditional branches
   fetchStalls: 18446744073705504940 # Fetch stalls
   decodeStalls: 4587264 # Decode stalls
   issueStalls: 788556 # Issue stalls
 l1i: # Cache stats
  l1i-0: # Filter cache stats
   fhGETS: 11615992 # Filtered GETS hits
   fhGETX: 0 # Filtered GETX hits
   hGETS: 1572 # GETS hits
   hGETX: 0 # GETX hits
   mGETS: 1549 # GETS misses
   mGETS_I: 1549 # GETS Instruction misses
   mGETS_D: 0 # GETS data misses
   mGETXIM: 0 # GETX I->M misses
   mGETXIM_I: 0 # GETX I->M Instruction misses
   mGETXIM_D: 0 # GETX I->M Data misses
   mGETXSM: 0 # GETX S->M misses (upgrade misses)
   mGETXSM_I: 0 # GETX S->M Instruction misses (upgrade misses)
   mGETXSM_D: 0 # GETX S->M Data misses (upgrade misses)
   PUTS: 0 # Clean evictions (from lower level)
   PUTX: 0 # Dirty evictions (from lower level)
   INV: 1351 # Invalidates (from upper level)
   INVX: 0 # Downgrades (from upper level)
   FWD: 0 # Forwards (from upper level)
   latGETnl: 206468 # GET request latency on next level
   latGETnet: 0 # GET request latency on network to next level
 l1d: # Cache stats
  l1d-0: # Filter cache stats
   fhGETS: 22379337 # Filtered GETS hits
   fhGETX: 6179605 # Filtered GETX hits
   hGETS: 8761640 # GETS hits
   hGETX: 4027404 # GETX hits
   mGETS: 2149671 # GETS misses
   mGETS_I: 0 # GETS Instruction misses
   mGETS_D: 2149671 # GETS data misses
   mGETXIM: 751926 # GETX I->M misses
   mGETXIM_I: 0 # GETX I->M Instruction misses
   mGETXIM_D: 751926 # GETX I->M Data misses
   mGETXSM: 0 # GETX S->M misses (upgrade misses)
   mGETXSM_I: 0 # GETX S->M Instruction misses (upgrade misses)
   mGETXSM_D: 0 # GETX S->M Data misses (upgrade misses)
   PUTS: 0 # Clean evictions (from lower level)
   PUTX: 0 # Dirty evictions (from lower level)
   INV: 804 # Invalidates (from upper level)
   INVX: 0 # Downgrades (from upper level)
   FWD: 0 # Forwards (from upper level)
   latGETnl: 326369076 # GET request latency on next level
   latGETnet: 0 # GET request latency on network to next level
 l2: # Cache stats
  l2-0: # Cache stats
   hGETS: 396912 # GETS hits
   hGETX: 110538 # GETX hits
   mGETS: 1754308 # GETS misses
   mGETS_I: 1540 # GETS Instruction misses
   mGETS_D: 1752768 # GETS data misses
   mGETXIM: 641388 # GETX I->M misses
   mGETXIM_I: 0 # GETX I->M Instruction misses
   mGETXIM_D: 641388 # GETX I->M Data misses
   mGETXSM: 0 # GETX S->M misses (upgrade misses)
   mGETXSM_I: 0 # GETX S->M Instruction misses (upgrade misses)
   mGETXSM_D: 0 # GETX S->M Data misses (upgrade misses)
   PUTS: 1903785 # Clean evictions (from lower level)
   PUTX: 996111 # Dirty evictions (from lower level)
   INV: 97785 # Invalidates (from upper level)
   INVX: 0 # Downgrades (from upper level)
   FWD: 0 # Forwards (from upper level)
   latGETnl: 291737792 # GET request latency on next level
   latGETnet: 0 # GET request latency on network to next level
 l3: # Cache stats
  l3-0: # Cache stats
   hGETS: 3480 # GETS hits
   hGETX: 2488 # GETX hits
   mGETS: 1750828 # GETS misses
   mGETS_I: 0 # GETS Instruction misses
   mGETS_D: 0 # GETS data misses
   mGETXIM: 638900 # GETX I->M misses
   mGETXIM_I: 0 # GETX I->M Instruction misses
   mGETXIM_D: 0 # GETX I->M Data misses
   mGETXSM: 0 # GETX S->M misses (upgrade misses)
   mGETXSM_I: 0 # GETX S->M Instruction misses (upgrade misses)
   mGETXSM_D: 0 # GETX S->M Data misses (upgrade misses)
   PUTS: 1475488 # Clean evictions (from lower level)
   PUTX: 806039 # Dirty evictions (from lower level)
   INV: 0 # Invalidates (from upper level)
   INVX: 0 # Downgrades (from upper level)
   FWD: 0 # Forwards (from upper level)
   latGETnl: 215075520 # GET request latency on next level
   latGETnet: 0 # GET request latency on network to next level
 mem: # Memory controller stats
  mem-0: # Memory controller stats
   rd: 597433 # Read requests
   wr: 210277 # Write requests
   rdlat: 88295799 # Total latency experienced by read requests
   wrlat: 33744933 # Total latency experienced by write requests
   rdhits: 276 # Read row hits
   wrhits: 679 # Write row hits
   mlh: # latency histogram for memory requests
    0: 0
    1: 0
    2: 0
    3: 0
    4: 0
    5: 0
    6: 0
    7: 0
    8: 0
    9: 0
    10: 0
    11: 6
    12: 0
    13: 360960
    14: 97187
    15: 55405
    16: 9243
    17: 20172
    18: 12373
    19: 5812
    20: 539
    21: 387
    22: 622
    23: 4622
    24: 9493
    25: 8476
    26: 1408
    27: 2497
    28: 416
    29: 371
    30: 314
    31: 305
    32: 387
    33: 361
    34: 475
    35: 1897
    36: 457
    37: 337
    38: 344
    39: 322
    40: 313
    41: 361
    42: 309
    43: 227
    44: 132
    45: 89
    46: 63
    47: 126
    48: 155
    49: 127
    50: 76
    51: 55
    52: 33
    53: 31
    54: 39
    55: 26
    56: 7
    57: 1
    58: 15
    59: 29
    60: 8
    61: 6
    62: 3
    63: 4
    64: 2
    65: 2
    66: 0
    67: 1
    68: 1
    69: 1
    70: 1
    71: 1
    72: 0
    73: 0
    74: 0
    75: 0
    76: 1
    77: 0
    78: 0
    79: 0
    80: 0
    81: 0
    82: 0
    83: 0
    84: 0
    85: 0
    86: 0
    87: 0
    88: 0
    89: 0
    90: 0
    91: 0
    92: 0
    93: 0
    94: 0
    95: 0
    96: 0
    97: 0
    98: 0
    99: 0
  mem-1: # Memory controller stats
   rd: 597392 # Read requests
   wr: 210165 # Write requests
   rdlat: 88366034 # Total latency experienced by read requests
   wrlat: 33870227 # Total latency experienced by write requests
   rdhits: 259 # Read row hits
   wrhits: 757 # Write row hits
   mlh: # latency histogram for memory requests
    0: 0
    1: 0
    2: 0
    3: 0
    4: 0
    5: 0
    6: 0
    7: 0
    8: 0
    9: 0
    10: 0
    11: 2
    12: 1
    13: 361007
    14: 96677
    15: 55349
    16: 9256
    17: 20232
    18: 12405
    19: 6032
    20: 552
    21: 377
    22: 554
    23: 4419
    24: 9565
    25: 8507
    26: 1407
    27: 2510
    28: 426
    29: 368
    30: 349
    31: 317
    32: 377
    33: 382
    34: 511
    35: 1889
    36: 485
    37: 373
    38: 363
    39: 353
    40: 348
    41: 392
    42: 325
    43: 210
    44: 140
    45: 85
    46: 61
    47: 115
    48: 175
    49: 124
    50: 94
    51: 54
    52: 49
    53: 39
    54: 32
    55: 12
    56: 4
    57: 4
    58: 18
    59: 33
    60: 7
    61: 8
    62: 6
    63: 3
    64: 5
    65: 0
    66: 1
    67: 0
    68: 0
    69: 1
    70: 2
    71: 0
    72: 0
    73: 0
    74: 0
    75: 0
    76: 0
    77: 0
    78: 0
    79: 0
    80: 0
    81: 0
    82: 0
    83: 0
    84: 0
    85: 0
    86: 0
    87: 0
    88: 0
    89: 0
    90: 0
    91: 0
    92: 0
    93: 0
    94: 0
    95: 0
    96: 0
    97: 0
    98: 0
    99: 0
  mem-2: # Memory controller stats
   rd: 597430 # Read requests
   wr: 210261 # Write requests
   rdlat: 88379587 # Total latency experienced by read requests
   wrlat: 33779497 # Total latency experienced by write requests
   rdhits: 265 # Read row hits
   wrhits: 727 # Write row hits
   mlh: # latency histogram for memory requests
    0: 0
    1: 0
    2: 0
    3: 0
    4: 0
    5: 0
    6: 0
    7: 0
    8: 0
    9: 0
    10: 0
    11: 5
    12: 0
    13: 360115
    14: 96999
    15: 55419
    16: 9286
    17: 20106
    18: 12438
    19: 6026
    20: 781
    21: 558
    22: 787
    23: 4596
    24: 9542
    25: 8533
    26: 1472
    27: 2526
    28: 382
    29: 337
    30: 290
    31: 307
    32: 394
    33: 407
    34: 499
    35: 1861
    36: 493
    37: 334
    38: 349
    39: 346
    40: 349
    41: 380
    42: 322
    43: 242
    44: 131
    45: 74
    46: 62
    47: 100
    48: 161
    49: 100
    50: 65
    51: 63
    52: 41
    53: 25
    54: 28
    55: 20
    56: 3
    57: 2
    58: 13
    59: 30
    60: 8
    61: 6
    62: 7
    63: 3
    64: 3
    65: 0
    66: 0
    67: 0
    68: 0
    69: 1
    70: 1
    71: 1
    72: 0
    73: 0
    74: 0
    75: 0
    76: 1
    77: 0
    78: 0
    79: 0
    80: 0
    81: 0
    82: 0
    83: 0
    84: 0
    85: 0
    86: 0
    87: 0
    88: 0
    89: 0
    90: 0
    91: 0
    92: 0
    93: 0
    94: 0
    95: 0
    96: 0
    97: 0
    98: 0
    99: 0
  mem-3: # Memory controller stats
   rd: 597443 # Read requests
   wr: 210252 # Write requests
   rdlat: 88327555 # Total latency experienced by read requests
   wrlat: 33793342 # Total latency experienced by write requests
   rdhits: 272 # Read row hits
   wrhits: 757 # Write row hits
   mlh: # latency histogram for memory requests
    0: 0
    1: 0
    2: 0
    3: 0
    4: 0
    5: 0
    6: 0
    7: 0
    8: 0
    9: 0
    10: 0
    11: 3
    12: 2
    13: 360745
    14: 96997
    15: 55478
    16: 9165
    17: 20243
    18: 12471
    19: 5945
    20: 639
    21: 339
    22: 586
    23: 4478
    24: 9559
    25: 8508
    26: 1443
    27: 2506
    28: 389
    29: 384
    30: 322
    31: 334
    32: 394
    33: 360
    34: 489
    35: 1888
    36: 504
    37: 368
    38: 357
    39: 364
    40: 361
    41: 370
    42: 332
    43: 205
    44: 110
    45: 79
    46: 46
    47: 82
    48: 154
    49: 113
    50: 78
    51: 56
    52: 47
    53: 34
    54: 21
    55: 9
    56: 8
    57: 8
    58: 18
    59: 15
    60: 12
    61: 7
    62: 2
    63: 3
    64: 2
    65: 3
    66: 0
    67: 1
    68: 0
    69: 4
    70: 2
    71: 1
    72: 0
    73: 0
    74: 0
    75: 0
    76: 0
    77: 0
    78: 0
    79: 0
    80: 0
    81: 0
    82: 0
    83: 0
    84: 0
    85: 0
    86: 0
    87: 0
    88: 0
    89: 0
    90: 0
    91: 0
    92: 0
    93: 0
    94: 0
    95: 0
    96: 0
    97: 0
    98: 0
    99: 0
 sched: # Scheduler stats
  thCr: 1 # Threads created
  thFn: 1 # Threads finished
  schedEvs: 1 # Schedule events
  waitEvs: 0 # Wait events
  handoffEvs: 0 # Handoff events
  sleepEvs: 0 # Sleep events
  idlePhases: 0 # Phases with no thread active
  idlePeriods: 0 # Periods with no thread active
  occHist: # Occupancy histogram
   0: 0
   1: 18108
  rqSzHist: # Run queue size histogram
   0: 18108
   1: 0
   2: 0
   3: 0
   4: 0
   5: 0
   6: 0
   7: 0
   8: 0
   9: 0
   10: 0
   11: 0
   12: 0
   13: 0
   14: 0
   15: 0
   16: 0
 procCycles: # Per-process unhalted core cycles
  0: 181081979
  1: 0
  2: 0
  3: 0
  4: 0
  5: 0
  6: 0
  7: 0
  8: 0
  9: 0
  10: 0
  11: 0
  12: 0
  13: 0
  14: 0
  15: 0
  16: 0
  17: 0
  18: 0
  19: 0
  20: 0
  21: 0
  22: 0
  23: 0
  24: 0
  25: 0
  26: 0
  27: 0
  28: 0
  29: 0
  30: 0
  31: 0
  32: 0
  33: 0
  34: 0
  35: 0
  36: 0
  37: 0
  38: 0
  39: 0
  40: 0
  41: 0
  42: 0
  43: 0
  44: 0
  45: 0
  46: 0
  47: 0
  48: 0
  49: 0
  50: 0
  51: 0
  52: 0
  53: 0
  54: 0
  55: 0
  56: 0
  57: 0
  58: 0
  59: 0
  60: 0
  61: 0
  62: 0
  63: 0
 procInstrs: # Per-process instructions
  0: 100001405
  1: 0
  2: 0
  3: 0
  4: 0
  5: 0
  6: 0
  7: 0
  8: 0
  9: 0
  10: 0
  11: 0
  12: 0
  13: 0
  14: 0
  15: 0
  16: 0
  17: 0
  18: 0
  19: 0
  20: 0
  21: 0
  22: 0
  23: 0
  24: 0
  25: 0
  26: 0
  27: 0
  28: 0
  29: 0
  30: 0
  31: 0
  32: 0
  33: 0
  34: 0
  35: 0
  36: 0
  37: 0
  38: 0
  39: 0
  40: 0
  41: 0
  42: 0
  43: 0
  44: 0
  45: 0
  46: 0
  47: 0
  48: 0
  49: 0
  50: 0
  51: 0
  52: 0
  53: 0
  54: 0
  55: 0
  56: 0
  57: 0
  58: 0
  59: 0
  60: 0
  61: 0
  62: 0
  63: 0
 heartbeats: # Per-process heartbeats
  0: 0
  1: 0
  2: 0
  3: 0
  4: 0
  5: 0
  6: 0
  7: 0
  8: 0
  9: 0
  10: 0
  11: 0
  12: 0
  13: 0
  14: 0
  15: 0
  16: 0
  17: 0
  18: 0
  19: 0
  20: 0
  21: 0
  22: 0
  23: 0
  24: 0
  25: 0
  26: 0
  27: 0
  28: 0
  29: 0
  30: 0
  31: 0
  32: 0
  33: 0
  34: 0
  35: 0
  36: 0
  37: 0
  38: 0
  39: 0
  40: 0
  41: 0
  42: 0
  43: 0
  44: 0
  45: 0
  46: 0
  47: 0
  48: 0
  49: 0
  50: 0
  51: 0
  52: 0
  53: 0
  54: 0
  55: 0
  56: 0
  57: 0
  58: 0
  59: 0
  60: 0
  61: 0
  62: 0
  63: 0
===
