# zsim stats
===
root: # Stats
 contention: # Contention simulation stats
  domain-0: # Domain stats
   time: 1119764888 # Weave simulation time
 time: # Simulator time breakdown
  init: 1020971385267
  bound: 9255733078
  weave: 1312400796
  ff: 0
 trigger: 20000 # Reason for this stats dump
 phase: 13782 # Simulated phases
 westmere: # Core stats
  westmere-0: # Core stats
   cycles: 137821798 # Simulated unhalted cycles
   cCycles: 27328227 # Cycles due to contention stalls
   instrs: 100005408 # Simulated instructions
   uops: 109268504 # Retired micro-ops
   bbls: 5331568 # Basic blocks
   approxInstrs: 0 # Instrs with approx uop decoding
   mispredBranches: 78 # Mispredicted branches
   condBranches: 4635045 # conditional branches
   fetchStalls: 18446744073702001502 # Fetch stalls
   decodeStalls: 13846934 # Decode stalls
   issueStalls: 791478 # Issue stalls
 l1i: # Cache stats
  l1i-0: # Filter cache stats
   fhGETS: 8142012 # Filtered GETS hits
   fhGETX: 0 # Filtered GETX hits
   hGETS: 1611093 # GETS hits
   hGETX: 0 # GETX hits
   mGETS: 167025 # GETS misses
   mGETS_I: 167025 # GETS Instruction misses
   mGETS_D: 0 # GETS data misses
   mGETXIM: 0 # GETX I->M misses
   mGETXIM_I: 0 # GETX I->M Instruction misses
   mGETXIM_D: 0 # GETX I->M Data misses
   mGETXSM: 0 # GETX S->M misses (upgrade misses)
   mGETXSM_I: 0 # GETX S->M Instruction misses (upgrade misses)
   mGETXSM_D: 0 # GETX S->M Data misses (upgrade misses)
   PUTS: 0 # Clean evictions (from lower level)
   PUTX: 0 # Dirty evictions (from lower level)
   INV: 166992 # Invalidates (from upper level)
   INVX: 0 # Downgrades (from upper level)
   FWD: 0 # Forwards (from upper level)
   latGETnl: 7549228 # GET request latency on next level
   latGETnet: 0 # GET request latency on network to next level
 l1d: # Cache stats
  l1d-0: # Filter cache stats
   fhGETS: 24590071 # Filtered GETS hits
   fhGETX: 6192606 # Filtered GETX hits
   hGETS: 198602 # GETS hits
   hGETX: 658274 # GETX hits
   mGETS: 1517832 # GETS misses
   mGETS_I: 0 # GETS Instruction misses
   mGETS_D: 1517832 # GETS data misses
   mGETXIM: 85940 # GETX I->M misses
   mGETXIM_I: 0 # GETX I->M Instruction misses
   mGETXIM_D: 85940 # GETX I->M Data misses
   mGETXSM: 0 # GETX S->M misses (upgrade misses)
   mGETXSM_I: 0 # GETX S->M Instruction misses (upgrade misses)
   mGETXSM_D: 0 # GETX S->M Data misses (upgrade misses)
   PUTS: 0 # Clean evictions (from lower level)
   PUTX: 0 # Dirty evictions (from lower level)
   INV: 1603658 # Invalidates (from upper level)
   INVX: 0 # Downgrades (from upper level)
   FWD: 0 # Forwards (from upper level)
   latGETnl: 205308388 # GET request latency on next level
   latGETnet: 0 # GET request latency on network to next level
 l2: # Cache stats
  l2-0: # Cache stats
   hGETS: 1 # GETS hits
   hGETX: 0 # GETX hits
   mGETS: 1684856 # GETS misses
   mGETS_I: 167024 # GETS Instruction misses
   mGETS_D: 1517832 # GETS data misses
   mGETXIM: 85940 # GETX I->M misses
   mGETXIM_I: 0 # GETX I->M Instruction misses
   mGETXIM_D: 85940 # GETX I->M Data misses
   mGETXSM: 0 # GETX S->M misses (upgrade misses)
   mGETXSM_I: 0 # GETX S->M Instruction misses (upgrade misses)
   mGETXSM_D: 0 # GETX S->M Data misses (upgrade misses)
   PUTS: 19 # Clean evictions (from lower level)
   PUTX: 0 # Dirty evictions (from lower level)
   INV: 440 # Invalidates (from upper level)
   INVX: 0 # Downgrades (from upper level)
   FWD: 0 # Forwards (from upper level)
   latGETnl: 191608052 # GET request latency on next level
   latGETnet: 0 # GET request latency on network to next level
 l3: # Cache stats
  l3-0: # Cache stats
   hGETS: 226899 # GETS hits
   hGETX: 44535 # GETX hits
   mGETS: 1457957 # GETS misses
   mGETS_I: 0 # GETS Instruction misses
   mGETS_D: 0 # GETS data misses
   mGETXIM: 41405 # GETX I->M misses
   mGETXIM_I: 0 # GETX I->M Instruction misses
   mGETXIM_D: 0 # GETX I->M Data misses
   mGETXSM: 0 # GETX S->M misses (upgrade misses)
   mGETXSM_I: 0 # GETX S->M Instruction misses (upgrade misses)
   mGETXSM_D: 0 # GETX S->M Data misses (upgrade misses)
   PUTS: 1081792 # Clean evictions (from lower level)
   PUTX: 688436 # Dirty evictions (from lower level)
   INV: 0 # Invalidates (from upper level)
   INVX: 0 # Downgrades (from upper level)
   FWD: 0 # Forwards (from upper level)
   latGETnl: 134942580 # GET request latency on next level
   latGETnet: 0 # GET request latency on network to next level
 mem: # Memory controller stats
  mem-0: # Memory controller stats
   rd: 446183 # Read requests
   wr: 171647 # Write requests
   rdlat: 60509868 # Total latency experienced by read requests
   wrlat: 30179433 # Total latency experienced by write requests
   rdhits: 2458 # Read row hits
   wrhits: 10677 # Write row hits
   mlh: # latency histogram for memory requests
    0: 0
    1: 0
    2: 0
    3: 0
    4: 0
    5: 0
    6: 0
    7: 0
    8: 0
    9: 0
    10: 0
    11: 0
    12: 0
    13: 416056
    14: 12162
    15: 4232
    16: 1742
    17: 944
    18: 637
    19: 620
    20: 931
    21: 512
    22: 794
    23: 1308
    24: 921
    25: 604
    26: 183
    27: 298
    28: 293
    29: 276
    30: 224
    31: 258
    32: 348
    33: 310
    34: 308
    35: 247
    36: 264
    37: 235
    38: 248
    39: 225
    40: 266
    41: 236
    42: 222
    43: 99
    44: 34
    45: 56
    46: 44
    47: 21
    48: 8
    49: 5
    50: 4
    51: 2
    52: 1
    53: 3
    54: 1
    55: 1
    56: 0
    57: 0
    58: 0
    59: 0
    60: 0
    61: 0
    62: 0
    63: 0
    64: 0
    65: 0
    66: 0
    67: 0
    68: 0
    69: 0
    70: 0
    71: 0
    72: 0
    73: 0
    74: 0
    75: 0
    76: 0
    77: 0
    78: 0
    79: 0
    80: 0
    81: 0
    82: 0
    83: 0
    84: 0
    85: 0
    86: 0
    87: 0
    88: 0
    89: 0
    90: 0
    91: 0
    92: 0
    93: 0
    94: 0
    95: 0
    96: 0
    97: 0
    98: 0
    99: 0
  mem-1: # Memory controller stats
   rd: 295357 # Read requests
   wr: 172259 # Write requests
   rdlat: 41027506 # Total latency experienced by read requests
   wrlat: 29573950 # Total latency experienced by write requests
   rdhits: 2642 # Read row hits
   wrhits: 8969 # Write row hits
   mlh: # latency histogram for memory requests
    0: 0
    1: 0
    2: 0
    3: 0
    4: 0
    5: 0
    6: 0
    7: 0
    8: 0
    9: 0
    10: 0
    11: 0
    12: 1
    13: 257856
    14: 11964
    15: 6253
    16: 3552
    17: 1167
    18: 1134
    19: 885
    20: 1574
    21: 1814
    22: 1714
    23: 1438
    24: 2041
    25: 754
    26: 137
    27: 196
    28: 197
    29: 212
    30: 179
    31: 188
    32: 189
    33: 185
    34: 195
    35: 171
    36: 168
    37: 151
    38: 152
    39: 142
    40: 156
    41: 148
    42: 151
    43: 77
    44: 53
    45: 32
    46: 36
    47: 39
    48: 32
    49: 6
    50: 2
    51: 6
    52: 2
    53: 1
    54: 2
    55: 1
    56: 2
    57: 0
    58: 1
    59: 0
    60: 1
    61: 0
    62: 0
    63: 0
    64: 0
    65: 0
    66: 0
    67: 0
    68: 0
    69: 0
    70: 0
    71: 0
    72: 0
    73: 0
    74: 0
    75: 0
    76: 0
    77: 0
    78: 0
    79: 0
    80: 0
    81: 0
    82: 0
    83: 0
    84: 0
    85: 0
    86: 0
    87: 0
    88: 0
    89: 0
    90: 0
    91: 0
    92: 0
    93: 0
    94: 0
    95: 0
    96: 0
    97: 0
    98: 0
    99: 0
  mem-2: # Memory controller stats
   rd: 311648 # Read requests
   wr: 112665 # Write requests
   rdlat: 41840366 # Total latency experienced by read requests
   wrlat: 16518790 # Total latency experienced by write requests
   rdhits: 2385 # Read row hits
   wrhits: 401 # Write row hits
   mlh: # latency histogram for memory requests
    0: 0
    1: 0
    2: 0
    3: 0
    4: 0
    5: 0
    6: 0
    7: 0
    8: 0
    9: 0
    10: 0
    11: 0
    12: 1
    13: 302573
    14: 2791
    15: 1256
    16: 283
    17: 95
    18: 117
    19: 155
    20: 158
    21: 239
    22: 187
    23: 277
    24: 283
    25: 152
    26: 197
    27: 175
    28: 171
    29: 188
    30: 161
    31: 192
    32: 190
    33: 180
    34: 210
    35: 179
    36: 170
    37: 158
    38: 175
    39: 158
    40: 149
    41: 155
    42: 182
    43: 52
    44: 15
    45: 10
    46: 5
    47: 5
    48: 3
    49: 0
    50: 1
    51: 0
    52: 0
    53: 0
    54: 0
    55: 0
    56: 0
    57: 0
    58: 0
    59: 0
    60: 0
    61: 0
    62: 0
    63: 0
    64: 0
    65: 0
    66: 0
    67: 0
    68: 0
    69: 0
    70: 0
    71: 0
    72: 0
    73: 0
    74: 0
    75: 0
    76: 0
    77: 0
    78: 0
    79: 0
    80: 0
    81: 0
    82: 0
    83: 0
    84: 0
    85: 0
    86: 0
    87: 0
    88: 0
    89: 0
    90: 0
    91: 0
    92: 0
    93: 0
    94: 0
    95: 0
    96: 0
    97: 0
    98: 0
    99: 0
  mem-3: # Memory controller stats
   rd: 446150 # Read requests
   wr: 171725 # Write requests
   rdlat: 60808658 # Total latency experienced by read requests
   wrlat: 30276541 # Total latency experienced by write requests
   rdhits: 2410 # Read row hits
   wrhits: 11032 # Write row hits
   mlh: # latency histogram for memory requests
    0: 0
    1: 0
    2: 0
    3: 0
    4: 0
    5: 0
    6: 0
    7: 0
    8: 0
    9: 0
    10: 0
    11: 0
    12: 0
    13: 418610
    14: 7459
    15: 5813
    16: 2087
    17: 958
    18: 917
    19: 724
    20: 706
    21: 959
    22: 795
    23: 934
    24: 997
    25: 411
    26: 276
    27: 296
    28: 310
    29: 291
    30: 291
    31: 258
    32: 293
    33: 253
    34: 240
    35: 246
    36: 258
    37: 261
    38: 238
    39: 242
    40: 191
    41: 235
    42: 233
    43: 114
    44: 57
    45: 35
    46: 68
    47: 62
    48: 11
    49: 6
    50: 3
    51: 0
    52: 8
    53: 3
    54: 1
    55: 0
    56: 0
    57: 0
    58: 0
    59: 0
    60: 0
    61: 0
    62: 0
    63: 0
    64: 0
    65: 0
    66: 0
    67: 0
    68: 0
    69: 0
    70: 0
    71: 0
    72: 0
    73: 0
    74: 0
    75: 0
    76: 0
    77: 0
    78: 0
    79: 0
    80: 0
    81: 0
    82: 0
    83: 0
    84: 0
    85: 0
    86: 0
    87: 0
    88: 0
    89: 0
    90: 0
    91: 0
    92: 0
    93: 0
    94: 0
    95: 0
    96: 0
    97: 0
    98: 0
    99: 0
 sched: # Scheduler stats
  thCr: 1 # Threads created
  thFn: 1 # Threads finished
  schedEvs: 1 # Schedule events
  waitEvs: 0 # Wait events
  handoffEvs: 0 # Handoff events
  sleepEvs: 0 # Sleep events
  idlePhases: 0 # Phases with no thread active
  idlePeriods: 0 # Periods with no thread active
  occHist: # Occupancy histogram
   0: 0
   1: 13782
  rqSzHist: # Run queue size histogram
   0: 13782
   1: 0
   2: 0
   3: 0
   4: 0
   5: 0
   6: 0
   7: 0
   8: 0
   9: 0
   10: 0
   11: 0
   12: 0
   13: 0
   14: 0
   15: 0
   16: 0
 procCycles: # Per-process unhalted core cycles
  0: 137821798
  1: 0
  2: 0
  3: 0
  4: 0
  5: 0
  6: 0
  7: 0
  8: 0
  9: 0
  10: 0
  11: 0
  12: 0
  13: 0
  14: 0
  15: 0
  16: 0
  17: 0
  18: 0
  19: 0
  20: 0
  21: 0
  22: 0
  23: 0
  24: 0
  25: 0
  26: 0
  27: 0
  28: 0
  29: 0
  30: 0
  31: 0
  32: 0
  33: 0
  34: 0
  35: 0
  36: 0
  37: 0
  38: 0
  39: 0
  40: 0
  41: 0
  42: 0
  43: 0
  44: 0
  45: 0
  46: 0
  47: 0
  48: 0
  49: 0
  50: 0
  51: 0
  52: 0
  53: 0
  54: 0
  55: 0
  56: 0
  57: 0
  58: 0
  59: 0
  60: 0
  61: 0
  62: 0
  63: 0
 procInstrs: # Per-process instructions
  0: 100005408
  1: 0
  2: 0
  3: 0
  4: 0
  5: 0
  6: 0
  7: 0
  8: 0
  9: 0
  10: 0
  11: 0
  12: 0
  13: 0
  14: 0
  15: 0
  16: 0
  17: 0
  18: 0
  19: 0
  20: 0
  21: 0
  22: 0
  23: 0
  24: 0
  25: 0
  26: 0
  27: 0
  28: 0
  29: 0
  30: 0
  31: 0
  32: 0
  33: 0
  34: 0
  35: 0
  36: 0
  37: 0
  38: 0
  39: 0
  40: 0
  41: 0
  42: 0
  43: 0
  44: 0
  45: 0
  46: 0
  47: 0
  48: 0
  49: 0
  50: 0
  51: 0
  52: 0
  53: 0
  54: 0
  55: 0
  56: 0
  57: 0
  58: 0
  59: 0
  60: 0
  61: 0
  62: 0
  63: 0
 heartbeats: # Per-process heartbeats
  0: 0
  1: 0
  2: 0
  3: 0
  4: 0
  5: 0
  6: 0
  7: 0
  8: 0
  9: 0
  10: 0
  11: 0
  12: 0
  13: 0
  14: 0
  15: 0
  16: 0
  17: 0
  18: 0
  19: 0
  20: 0
  21: 0
  22: 0
  23: 0
  24: 0
  25: 0
  26: 0
  27: 0
  28: 0
  29: 0
  30: 0
  31: 0
  32: 0
  33: 0
  34: 0
  35: 0
  36: 0
  37: 0
  38: 0
  39: 0
  40: 0
  41: 0
  42: 0
  43: 0
  44: 0
  45: 0
  46: 0
  47: 0
  48: 0
  49: 0
  50: 0
  51: 0
  52: 0
  53: 0
  54: 0
  55: 0
  56: 0
  57: 0
  58: 0
  59: 0
  60: 0
  61: 0
  62: 0
  63: 0
===
