# zsim stats
===
root: # Stats
 contention: # Contention simulation stats
  domain-0: # Domain stats
   time: 845596365 # Weave simulation time
 time: # Simulator time breakdown
  init: 2581351856875
  bound: 13269388522
  weave: 1513564311
  ff: 0
 trigger: 20000 # Reason for this stats dump
 phase: 9837 # Simulated phases
 westmere: # Core stats
  westmere-0: # Core stats
   cycles: 98370759 # Simulated unhalted cycles
   cCycles: 6518521 # Cycles due to contention stalls
   instrs: 100008035 # Simulated instructions
   uops: 117746137 # Retired micro-ops
   bbls: 29667498 # Basic blocks
   approxInstrs: 315859 # Instrs with approx uop decoding
   mispredBranches: 244856 # Mispredicted branches
   condBranches: 22035362 # conditional branches
   fetchStalls: 18446744073672013201 # Fetch stalls
   decodeStalls: 69167420 # Decode stalls
   issueStalls: 3750870 # Issue stalls
 l1i: # Cache stats
  l1i-0: # Filter cache stats
   fhGETS: 25025879 # Filtered GETS hits
   fhGETX: 0 # Filtered GETX hits
   hGETS: 2930678 # GETS hits
   hGETX: 0 # GETX hits
   mGETS: 2845405 # GETS misses
   mGETS_I: 2845405 # GETS Instruction misses
   mGETS_D: 0 # GETS data misses
   mGETXIM: 0 # GETX I->M misses
   mGETXIM_I: 0 # GETX I->M Instruction misses
   mGETXIM_D: 0 # GETX I->M Data misses
   mGETXSM: 0 # GETX S->M misses (upgrade misses)
   mGETXSM_I: 0 # GETX S->M Instruction misses (upgrade misses)
   mGETXSM_D: 0 # GETX S->M Data misses (upgrade misses)
   PUTS: 0 # Clean evictions (from lower level)
   PUTX: 0 # Dirty evictions (from lower level)
   INV: 338 # Invalidates (from upper level)
   INVX: 0 # Downgrades (from upper level)
   FWD: 0 # Forwards (from upper level)
   latGETnl: 36286788 # GET request latency on next level
   latGETnet: 0 # GET request latency on network to next level
 l1d: # Cache stats
  l1d-0: # Filter cache stats
   fhGETS: 24391329 # Filtered GETS hits
   fhGETX: 8938377 # Filtered GETX hits
   hGETS: 4174036 # GETS hits
   hGETX: 1822187 # GETX hits
   mGETS: 2597941 # GETS misses
   mGETS_I: 0 # GETS Instruction misses
   mGETS_D: 2597941 # GETS data misses
   mGETXIM: 267014 # GETX I->M misses
   mGETXIM_I: 0 # GETX I->M Instruction misses
   mGETXIM_D: 267014 # GETX I->M Data misses
   mGETXSM: 0 # GETX S->M misses (upgrade misses)
   mGETXSM_I: 0 # GETX S->M Instruction misses (upgrade misses)
   mGETXSM_D: 0 # GETX S->M Data misses (upgrade misses)
   PUTS: 0 # Clean evictions (from lower level)
   PUTX: 0 # Dirty evictions (from lower level)
   INV: 371 # Invalidates (from upper level)
   INVX: 0 # Downgrades (from upper level)
   FWD: 0 # Forwards (from upper level)
   latGETnl: 74957922 # GET request latency on next level
   latGETnet: 0 # GET request latency on network to next level
 l2: # Cache stats
  l2-0: # Cache stats
   hGETS: 5224894 # GETS hits
   hGETX: 88881 # GETX hits
   mGETS: 218452 # GETS misses
   mGETS_I: 21654 # GETS Instruction misses
   mGETS_D: 196798 # GETS data misses
   mGETXIM: 178133 # GETX I->M misses
   mGETXIM_I: 0 # GETX I->M Instruction misses
   mGETXIM_D: 178133 # GETX I->M Data misses
   mGETXSM: 0 # GETX S->M misses (upgrade misses)
   mGETXSM_I: 0 # GETX S->M Instruction misses (upgrade misses)
   mGETXSM_D: 0 # GETX S->M Data misses (upgrade misses)
   PUTS: 5198566 # Clean evictions (from lower level)
   PUTX: 510701 # Dirty evictions (from lower level)
   INV: 4265 # Invalidates (from upper level)
   INVX: 0 # Downgrades (from upper level)
   FWD: 0 # Forwards (from upper level)
   latGETnl: 42720390 # GET request latency on next level
   latGETnet: 0 # GET request latency on network to next level
 l3: # Cache stats
  l3-0: # Cache stats
   hGETS: 52685 # GETS hits
   hGETX: 10237 # GETX hits
   mGETS: 165767 # GETS misses
   mGETS_I: 0 # GETS Instruction misses
   mGETS_D: 0 # GETS data misses
   mGETXIM: 167896 # GETX I->M misses
   mGETXIM_I: 0 # GETX I->M Instruction misses
   mGETXIM_D: 0 # GETX I->M Data misses
   mGETXSM: 0 # GETX S->M misses (upgrade misses)
   mGETXSM_I: 0 # GETX S->M Instruction misses (upgrade misses)
   mGETXSM_D: 0 # GETX S->M Data misses (upgrade misses)
   PUTS: 120356 # Clean evictions (from lower level)
   PUTX: 267871 # Dirty evictions (from lower level)
   INV: 0 # Invalidates (from upper level)
   INVX: 0 # Downgrades (from upper level)
   FWD: 0 # Forwards (from upper level)
   latGETnl: 30029670 # GET request latency on next level
   latGETnet: 0 # GET request latency on network to next level
 mem: # Memory controller stats
  mem-0: # Memory controller stats
   rd: 83153 # Read requests
   wr: 60770 # Write requests
   rdlat: 11269863 # Total latency experienced by read requests
   wrlat: 9310454 # Total latency experienced by write requests
   rdhits: 150 # Read row hits
   wrhits: 101 # Write row hits
   mlh: # latency histogram for memory requests
    0: 0
    1: 0
    2: 0
    3: 0
    4: 0
    5: 0
    6: 0
    7: 0
    8: 0
    9: 0
    10: 0
    11: 4
    12: 16
    13: 76570
    14: 2547
    15: 1509
    16: 980
    17: 90
    18: 64
    19: 50
    20: 74
    21: 65
    22: 72
    23: 74
    24: 109
    25: 94
    26: 33
    27: 28
    28: 33
    29: 38
    30: 46
    31: 49
    32: 43
    33: 45
    34: 54
    35: 48
    36: 67
    37: 49
    38: 56
    39: 42
    40: 56
    41: 46
    42: 44
    43: 25
    44: 7
    45: 5
    46: 4
    47: 8
    48: 4
    49: 3
    50: 1
    51: 0
    52: 1
    53: 0
    54: 0
    55: 0
    56: 0
    57: 0
    58: 0
    59: 0
    60: 0
    61: 0
    62: 0
    63: 0
    64: 0
    65: 0
    66: 0
    67: 0
    68: 0
    69: 0
    70: 0
    71: 0
    72: 0
    73: 0
    74: 0
    75: 0
    76: 0
    77: 0
    78: 0
    79: 0
    80: 0
    81: 0
    82: 0
    83: 0
    84: 0
    85: 0
    86: 0
    87: 0
    88: 0
    89: 0
    90: 0
    91: 0
    92: 0
    93: 0
    94: 0
    95: 0
    96: 0
    97: 0
    98: 0
    99: 0
  mem-1: # Memory controller stats
   rd: 82931 # Read requests
   wr: 60849 # Write requests
   rdlat: 11214744 # Total latency experienced by read requests
   wrlat: 9328439 # Total latency experienced by write requests
   rdhits: 107 # Read row hits
   wrhits: 70 # Write row hits
   mlh: # latency histogram for memory requests
    0: 0
    1: 0
    2: 0
    3: 0
    4: 0
    5: 0
    6: 0
    7: 0
    8: 0
    9: 0
    10: 0
    11: 3
    12: 8
    13: 76615
    14: 2517
    15: 1421
    16: 952
    17: 91
    18: 53
    19: 58
    20: 69
    21: 71
    22: 61
    23: 65
    24: 101
    25: 69
    26: 23
    27: 32
    28: 34
    29: 34
    30: 43
    31: 47
    32: 54
    33: 52
    34: 55
    35: 49
    36: 56
    37: 44
    38: 47
    39: 44
    40: 35
    41: 49
    42: 33
    43: 16
    44: 6
    45: 3
    46: 8
    47: 7
    48: 6
    49: 0
    50: 0
    51: 0
    52: 0
    53: 0
    54: 0
    55: 0
    56: 0
    57: 0
    58: 0
    59: 0
    60: 0
    61: 0
    62: 0
    63: 0
    64: 0
    65: 0
    66: 0
    67: 0
    68: 0
    69: 0
    70: 0
    71: 0
    72: 0
    73: 0
    74: 0
    75: 0
    76: 0
    77: 0
    78: 0
    79: 0
    80: 0
    81: 0
    82: 0
    83: 0
    84: 0
    85: 0
    86: 0
    87: 0
    88: 0
    89: 0
    90: 0
    91: 0
    92: 0
    93: 0
    94: 0
    95: 0
    96: 0
    97: 0
    98: 0
    99: 0
  mem-2: # Memory controller stats
   rd: 83786 # Read requests
   wr: 61033 # Write requests
   rdlat: 11330466 # Total latency experienced by read requests
   wrlat: 9339119 # Total latency experienced by write requests
   rdhits: 90 # Read row hits
   wrhits: 93 # Write row hits
   mlh: # latency histogram for memory requests
    0: 0
    1: 0
    2: 0
    3: 0
    4: 0
    5: 0
    6: 0
    7: 0
    8: 0
    9: 0
    10: 0
    11: 4
    12: 11
    13: 77619
    14: 2478
    15: 1345
    16: 945
    17: 64
    18: 49
    19: 41
    20: 67
    21: 66
    22: 34
    23: 66
    24: 95
    25: 88
    26: 35
    27: 23
    28: 36
    29: 40
    30: 39
    31: 45
    32: 53
    33: 45
    34: 56
    35: 46
    36: 47
    37: 48
    38: 57
    39: 58
    40: 51
    41: 50
    42: 41
    43: 19
    44: 7
    45: 5
    46: 4
    47: 4
    48: 4
    49: 0
    50: 0
    51: 1
    52: 0
    53: 0
    54: 0
    55: 0
    56: 0
    57: 0
    58: 0
    59: 0
    60: 0
    61: 0
    62: 0
    63: 0
    64: 0
    65: 0
    66: 0
    67: 0
    68: 0
    69: 0
    70: 0
    71: 0
    72: 0
    73: 0
    74: 0
    75: 0
    76: 0
    77: 0
    78: 0
    79: 0
    80: 0
    81: 0
    82: 0
    83: 0
    84: 0
    85: 0
    86: 0
    87: 0
    88: 0
    89: 0
    90: 0
    91: 0
    92: 0
    93: 0
    94: 0
    95: 0
    96: 0
    97: 0
    98: 0
    99: 0
  mem-3: # Memory controller stats
   rd: 83793 # Read requests
   wr: 61107 # Write requests
   rdlat: 11349484 # Total latency experienced by read requests
   wrlat: 9361984 # Total latency experienced by write requests
   rdhits: 190 # Read row hits
   wrhits: 79 # Write row hits
   mlh: # latency histogram for memory requests
    0: 0
    1: 0
    2: 0
    3: 0
    4: 0
    5: 0
    6: 0
    7: 0
    8: 0
    9: 0
    10: 0
    11: 10
    12: 3
    13: 77203
    14: 2614
    15: 1505
    16: 978
    17: 94
    18: 61
    19: 73
    20: 74
    21: 56
    22: 46
    23: 75
    24: 81
    25: 72
    26: 38
    27: 36
    28: 37
    29: 46
    30: 43
    31: 41
    32: 37
    33: 39
    34: 60
    35: 43
    36: 52
    37: 56
    38: 61
    39: 56
    40: 45
    41: 53
    42: 47
    43: 22
    44: 12
    45: 6
    46: 3
    47: 5
    48: 7
    49: 3
    50: 0
    51: 0
    52: 0
    53: 0
    54: 0
    55: 0
    56: 0
    57: 0
    58: 0
    59: 0
    60: 0
    61: 0
    62: 0
    63: 0
    64: 0
    65: 0
    66: 0
    67: 0
    68: 0
    69: 0
    70: 0
    71: 0
    72: 0
    73: 0
    74: 0
    75: 0
    76: 0
    77: 0
    78: 0
    79: 0
    80: 0
    81: 0
    82: 0
    83: 0
    84: 0
    85: 0
    86: 0
    87: 0
    88: 0
    89: 0
    90: 0
    91: 0
    92: 0
    93: 0
    94: 0
    95: 0
    96: 0
    97: 0
    98: 0
    99: 0
 sched: # Scheduler stats
  thCr: 1 # Threads created
  thFn: 1 # Threads finished
  schedEvs: 1 # Schedule events
  waitEvs: 0 # Wait events
  handoffEvs: 0 # Handoff events
  sleepEvs: 0 # Sleep events
  idlePhases: 0 # Phases with no thread active
  idlePeriods: 0 # Periods with no thread active
  occHist: # Occupancy histogram
   0: 0
   1: 9837
  rqSzHist: # Run queue size histogram
   0: 9837
   1: 0
   2: 0
   3: 0
   4: 0
   5: 0
   6: 0
   7: 0
   8: 0
   9: 0
   10: 0
   11: 0
   12: 0
   13: 0
   14: 0
   15: 0
   16: 0
 procCycles: # Per-process unhalted core cycles
  0: 98370759
  1: 0
  2: 0
  3: 0
  4: 0
  5: 0
  6: 0
  7: 0
  8: 0
  9: 0
  10: 0
  11: 0
  12: 0
  13: 0
  14: 0
  15: 0
  16: 0
  17: 0
  18: 0
  19: 0
  20: 0
  21: 0
  22: 0
  23: 0
  24: 0
  25: 0
  26: 0
  27: 0
  28: 0
  29: 0
  30: 0
  31: 0
  32: 0
  33: 0
  34: 0
  35: 0
  36: 0
  37: 0
  38: 0
  39: 0
  40: 0
  41: 0
  42: 0
  43: 0
  44: 0
  45: 0
  46: 0
  47: 0
  48: 0
  49: 0
  50: 0
  51: 0
  52: 0
  53: 0
  54: 0
  55: 0
  56: 0
  57: 0
  58: 0
  59: 0
  60: 0
  61: 0
  62: 0
  63: 0
 procInstrs: # Per-process instructions
  0: 100008035
  1: 0
  2: 0
  3: 0
  4: 0
  5: 0
  6: 0
  7: 0
  8: 0
  9: 0
  10: 0
  11: 0
  12: 0
  13: 0
  14: 0
  15: 0
  16: 0
  17: 0
  18: 0
  19: 0
  20: 0
  21: 0
  22: 0
  23: 0
  24: 0
  25: 0
  26: 0
  27: 0
  28: 0
  29: 0
  30: 0
  31: 0
  32: 0
  33: 0
  34: 0
  35: 0
  36: 0
  37: 0
  38: 0
  39: 0
  40: 0
  41: 0
  42: 0
  43: 0
  44: 0
  45: 0
  46: 0
  47: 0
  48: 0
  49: 0
  50: 0
  51: 0
  52: 0
  53: 0
  54: 0
  55: 0
  56: 0
  57: 0
  58: 0
  59: 0
  60: 0
  61: 0
  62: 0
  63: 0
 heartbeats: # Per-process heartbeats
  0: 0
  1: 0
  2: 0
  3: 0
  4: 0
  5: 0
  6: 0
  7: 0
  8: 0
  9: 0
  10: 0
  11: 0
  12: 0
  13: 0
  14: 0
  15: 0
  16: 0
  17: 0
  18: 0
  19: 0
  20: 0
  21: 0
  22: 0
  23: 0
  24: 0
  25: 0
  26: 0
  27: 0
  28: 0
  29: 0
  30: 0
  31: 0
  32: 0
  33: 0
  34: 0
  35: 0
  36: 0
  37: 0
  38: 0
  39: 0
  40: 0
  41: 0
  42: 0
  43: 0
  44: 0
  45: 0
  46: 0
  47: 0
  48: 0
  49: 0
  50: 0
  51: 0
  52: 0
  53: 0
  54: 0
  55: 0
  56: 0
  57: 0
  58: 0
  59: 0
  60: 0
  61: 0
  62: 0
  63: 0
===
