# zsim stats
===
root: # Stats
 contention: # Contention simulation stats
  domain-0: # Domain stats
   time: 712277049 # Weave simulation time
 time: # Simulator time breakdown
  init: 2788596149
  bound: 298261049141
  weave: 5599852736
  ff: 10945126
 trigger: 20000 # Reason for this stats dump
 phase: 298962 # Simulated phases
 westmere: # Core stats
  westmere-0: # Core stats
   cycles: 2989622102 # Simulated unhalted cycles
   cCycles: 2953459 # Cycles due to contention stalls
   instrs: 4062699389 # Simulated instructions
   uops: 4975437032 # Retired micro-ops
   bbls: 390852115 # Basic blocks
   approxInstrs: 53336305 # Instrs with approx uop decoding
   mispredBranches: 1934398 # Mispredicted branches
   condBranches: 244662517 # conditional branches
   fetchStalls: 18446744073639309263 # Fetch stalls
   decodeStalls: 98295858 # Decode stalls
   issueStalls: 29588631 # Issue stalls
 l1i: # Cache stats
  l1i-0: # Filter cache stats
   fhGETS: 224863213 # Filtered GETS hits
   fhGETX: 0 # Filtered GETX hits
   hGETS: 335147672 # GETS hits
   hGETX: 0 # GETX hits
   mGETS: 465 # GETS misses
   mGETS_I: 465 # GETS Instruction misses
   mGETS_D: 0 # GETS data misses
   mGETXIM: 0 # GETX I->M misses
   mGETXIM_I: 0 # GETX I->M Instruction misses
   mGETXIM_D: 0 # GETX I->M Data misses
   mGETXSM: 0 # GETX S->M misses (upgrade misses)
   mGETXSM_I: 0 # GETX S->M Instruction misses (upgrade misses)
   mGETXSM_D: 0 # GETX S->M Data misses (upgrade misses)
   PUTS: 0 # Clean evictions (from lower level)
   PUTX: 0 # Dirty evictions (from lower level)
   INV: 142 # Invalidates (from upper level)
   INVX: 0 # Downgrades (from upper level)
   FWD: 0 # Forwards (from upper level)
   latGETnl: 57224 # GET request latency on next level
   latGETnet: 0 # GET request latency on network to next level
 l1d: # Cache stats
  l1d-0: # Filter cache stats
   fhGETS: 734440823 # Filtered GETS hits
   fhGETX: 310566942 # Filtered GETX hits
   hGETS: 112387759 # GETS hits
   hGETX: 18630563 # GETX hits
   mGETS: 6129603 # GETS misses
   mGETS_I: 0 # GETS Instruction misses
   mGETS_D: 6129603 # GETS data misses
   mGETXIM: 410698 # GETX I->M misses
   mGETXIM_I: 0 # GETX I->M Instruction misses
   mGETXIM_D: 410698 # GETX I->M Data misses
   mGETXSM: 0 # GETX S->M misses (upgrade misses)
   mGETXSM_I: 0 # GETX S->M Instruction misses (upgrade misses)
   mGETXSM_D: 0 # GETX S->M Data misses (upgrade misses)
   PUTS: 0 # Clean evictions (from lower level)
   PUTX: 0 # Dirty evictions (from lower level)
   INV: 112 # Invalidates (from upper level)
   INVX: 0 # Downgrades (from upper level)
   FWD: 0 # Forwards (from upper level)
   latGETnl: 100845778 # GET request latency on next level
   latGETnet: 0 # GET request latency on network to next level
 l2: # Cache stats
  l2-0: # Cache stats
   hGETS: 5847621 # GETS hits
   hGETX: 362740 # GETX hits
   mGETS: 282447 # GETS misses
   mGETS_I: 427 # GETS Instruction misses
   mGETS_D: 282020 # GETS data misses
   mGETXIM: 47958 # GETX I->M misses
   mGETXIM_I: 0 # GETX I->M Instruction misses
   mGETXIM_D: 47958 # GETX I->M Data misses
   mGETXSM: 0 # GETX S->M misses (upgrade misses)
   mGETXSM_I: 0 # GETX S->M Instruction misses (upgrade misses)
   mGETXSM_D: 0 # GETX S->M Data misses (upgrade misses)
   PUTS: 6129337 # Clean evictions (from lower level)
   PUTX: 410791 # Dirty evictions (from lower level)
   INV: 684 # Invalidates (from upper level)
   INVX: 0 # Downgrades (from upper level)
   FWD: 0 # Forwards (from upper level)
   latGETnl: 22413810 # GET request latency on next level
   latGETnet: 0 # GET request latency on network to next level
 l3: # Cache stats
  l3-0: # Cache stats
   hGETS: 169806 # GETS hits
   hGETX: 29034 # GETX hits
   mGETS: 112641 # GETS misses
   mGETS_I: 0 # GETS Instruction misses
   mGETS_D: 0 # GETS data misses
   mGETXIM: 18924 # GETX I->M misses
   mGETXIM_I: 0 # GETX I->M Instruction misses
   mGETXIM_D: 0 # GETX I->M Data misses
   mGETXSM: 0 # GETX S->M misses (upgrade misses)
   mGETXSM_I: 0 # GETX S->M Instruction misses (upgrade misses)
   mGETXSM_D: 0 # GETX S->M Data misses (upgrade misses)
   PUTS: 278170 # Clean evictions (from lower level)
   PUTX: 47457 # Dirty evictions (from lower level)
   INV: 0 # Invalidates (from upper level)
   INVX: 0 # Downgrades (from upper level)
   FWD: 0 # Forwards (from upper level)
   latGETnl: 11840850 # GET request latency on next level
   latGETnet: 0 # GET request latency on network to next level
 mem: # Memory controller stats
  mem-0: # Memory controller stats
   rd: 32921 # Read requests
   wr: 4508 # Write requests
   rdlat: 5354257 # Total latency experienced by read requests
   wrlat: 720219 # Total latency experienced by write requests
   rdhits: 13873 # Read row hits
   wrhits: 20 # Write row hits
   mlh: # latency histogram for memory requests
    0: 0
    1: 0
    2: 0
    3: 0
    4: 0
    5: 0
    6: 0
    7: 0
    8: 0
    9: 0
    10: 0
    11: 1
    12: 0
    13: 9531
    14: 4639
    15: 4118
    16: 478
    17: 4536
    18: 4537
    19: 3871
    20: 689
    21: 16
    22: 15
    23: 18
    24: 16
    25: 15
    26: 13
    27: 17
    28: 18
    29: 20
    30: 23
    31: 14
    32: 24
    33: 23
    34: 20
    35: 26
    36: 19
    37: 28
    38: 19
    39: 20
    40: 23
    41: 26
    42: 24
    43: 12
    44: 14
    45: 12
    46: 6
    47: 4
    48: 10
    49: 9
    50: 8
    51: 3
    52: 4
    53: 2
    54: 0
    55: 0
    56: 0
    57: 0
    58: 0
    59: 0
    60: 0
    61: 0
    62: 0
    63: 0
    64: 0
    65: 0
    66: 0
    67: 0
    68: 0
    69: 0
    70: 0
    71: 0
    72: 0
    73: 0
    74: 0
    75: 0
    76: 0
    77: 0
    78: 0
    79: 0
    80: 0
    81: 0
    82: 0
    83: 0
    84: 0
    85: 0
    86: 0
    87: 0
    88: 0
    89: 0
    90: 0
    91: 0
    92: 0
    93: 0
    94: 0
    95: 0
    96: 0
    97: 0
    98: 0
    99: 0
  mem-1: # Memory controller stats
   rd: 32869 # Read requests
   wr: 4463 # Write requests
   rdlat: 5340763 # Total latency experienced by read requests
   wrlat: 709891 # Total latency experienced by write requests
   rdhits: 13866 # Read row hits
   wrhits: 14 # Write row hits
   mlh: # latency histogram for memory requests
    0: 0
    1: 0
    2: 0
    3: 0
    4: 0
    5: 0
    6: 0
    7: 0
    8: 0
    9: 0
    10: 0
    11: 0
    12: 0
    13: 9508
    14: 4619
    15: 4068
    16: 522
    17: 4535
    18: 4533
    19: 3822
    20: 744
    21: 17
    22: 26
    23: 17
    24: 27
    25: 18
    26: 24
    27: 21
    28: 25
    29: 18
    30: 20
    31: 25
    32: 19
    33: 20
    34: 18
    35: 20
    36: 19
    37: 17
    38: 22
    39: 18
    40: 13
    41: 17
    42: 16
    43: 10
    44: 5
    45: 9
    46: 7
    47: 5
    48: 12
    49: 15
    50: 11
    51: 3
    52: 4
    53: 0
    54: 0
    55: 0
    56: 0
    57: 0
    58: 0
    59: 0
    60: 0
    61: 0
    62: 0
    63: 0
    64: 0
    65: 0
    66: 0
    67: 0
    68: 0
    69: 0
    70: 0
    71: 0
    72: 0
    73: 0
    74: 0
    75: 0
    76: 0
    77: 0
    78: 0
    79: 0
    80: 0
    81: 0
    82: 0
    83: 0
    84: 0
    85: 0
    86: 0
    87: 0
    88: 0
    89: 0
    90: 0
    91: 0
    92: 0
    93: 0
    94: 0
    95: 0
    96: 0
    97: 0
    98: 0
    99: 0
  mem-2: # Memory controller stats
   rd: 32877 # Read requests
   wr: 4468 # Write requests
   rdlat: 5351158 # Total latency experienced by read requests
   wrlat: 710660 # Total latency experienced by write requests
   rdhits: 13867 # Read row hits
   wrhits: 17 # Write row hits
   mlh: # latency histogram for memory requests
    0: 0
    1: 0
    2: 0
    3: 0
    4: 0
    5: 0
    6: 0
    7: 0
    8: 0
    9: 0
    10: 0
    11: 0
    12: 0
    13: 9511
    14: 4617
    15: 4096
    16: 612
    17: 4528
    18: 4489
    19: 3774
    20: 691
    21: 28
    22: 23
    23: 18
    24: 18
    25: 28
    26: 21
    27: 17
    28: 24
    29: 20
    30: 19
    31: 21
    32: 22
    33: 15
    34: 20
    35: 14
    36: 16
    37: 15
    38: 17
    39: 14
    40: 15
    41: 14
    42: 26
    43: 18
    44: 13
    45: 12
    46: 10
    47: 7
    48: 24
    49: 20
    50: 11
    51: 8
    52: 7
    53: 4
    54: 0
    55: 0
    56: 0
    57: 0
    58: 0
    59: 0
    60: 0
    61: 0
    62: 0
    63: 0
    64: 0
    65: 0
    66: 0
    67: 0
    68: 0
    69: 0
    70: 0
    71: 0
    72: 0
    73: 0
    74: 0
    75: 0
    76: 0
    77: 0
    78: 0
    79: 0
    80: 0
    81: 0
    82: 0
    83: 0
    84: 0
    85: 0
    86: 0
    87: 0
    88: 0
    89: 0
    90: 0
    91: 0
    92: 0
    93: 0
    94: 0
    95: 0
    96: 0
    97: 0
    98: 0
    99: 0
  mem-3: # Memory controller stats
   rd: 32878 # Read requests
   wr: 4450 # Write requests
   rdlat: 5362767 # Total latency experienced by read requests
   wrlat: 711453 # Total latency experienced by write requests
   rdhits: 13870 # Read row hits
   wrhits: 19 # Write row hits
   mlh: # latency histogram for memory requests
    0: 0
    1: 0
    2: 0
    3: 0
    4: 0
    5: 0
    6: 0
    7: 0
    8: 0
    9: 0
    10: 0
    11: 1
    12: 0
    13: 9492
    14: 4622
    15: 4136
    16: 503
    17: 4519
    18: 4506
    19: 3871
    20: 644
    21: 18
    22: 16
    23: 12
    24: 20
    25: 20
    26: 21
    27: 17
    28: 18
    29: 16
    30: 21
    31: 24
    32: 15
    33: 25
    34: 24
    35: 28
    36: 24
    37: 19
    38: 30
    39: 21
    40: 27
    41: 19
    42: 28
    43: 14
    44: 16
    45: 13
    46: 9
    47: 7
    48: 15
    49: 18
    50: 12
    51: 8
    52: 6
    53: 3
    54: 0
    55: 0
    56: 0
    57: 0
    58: 0
    59: 0
    60: 0
    61: 0
    62: 0
    63: 0
    64: 0
    65: 0
    66: 0
    67: 0
    68: 0
    69: 0
    70: 0
    71: 0
    72: 0
    73: 0
    74: 0
    75: 0
    76: 0
    77: 0
    78: 0
    79: 0
    80: 0
    81: 0
    82: 0
    83: 0
    84: 0
    85: 0
    86: 0
    87: 0
    88: 0
    89: 0
    90: 0
    91: 0
    92: 0
    93: 0
    94: 0
    95: 0
    96: 0
    97: 0
    98: 0
    99: 0
 sched: # Scheduler stats
  thCr: 9 # Threads created
  thFn: 9 # Threads finished
  schedEvs: 41 # Schedule events
  waitEvs: 39 # Wait events
  handoffEvs: 29 # Handoff events
  sleepEvs: 0 # Sleep events
  idlePhases: 0 # Phases with no thread active
  idlePeriods: 0 # Periods with no thread active
  occHist: # Occupancy histogram
   0: 0
   1: 298962
  rqSzHist: # Run queue size histogram
   0: 4232
   1: 1
   2: 5256
   3: 9474
   4: 2644
   5: 9999
   6: 9999
   7: 257357
   8: 0
   9: 0
   10: 0
   11: 0
   12: 0
   13: 0
   14: 0
   15: 0
   16: 0
 procCycles: # Per-process unhalted core cycles
  0: 2989622102
  1: 0
  2: 0
  3: 0
  4: 0
  5: 0
  6: 0
  7: 0
  8: 0
  9: 0
  10: 0
  11: 0
  12: 0
  13: 0
  14: 0
  15: 0
  16: 0
  17: 0
  18: 0
  19: 0
  20: 0
  21: 0
  22: 0
  23: 0
  24: 0
  25: 0
  26: 0
  27: 0
  28: 0
  29: 0
  30: 0
  31: 0
  32: 0
  33: 0
  34: 0
  35: 0
  36: 0
  37: 0
  38: 0
  39: 0
  40: 0
  41: 0
  42: 0
  43: 0
  44: 0
  45: 0
  46: 0
  47: 0
  48: 0
  49: 0
  50: 0
  51: 0
  52: 0
  53: 0
  54: 0
  55: 0
  56: 0
  57: 0
  58: 0
  59: 0
  60: 0
  61: 0
  62: 0
  63: 0
 procInstrs: # Per-process instructions
  0: 4062699389
  1: 0
  2: 0
  3: 0
  4: 0
  5: 0
  6: 0
  7: 0
  8: 0
  9: 0
  10: 0
  11: 0
  12: 0
  13: 0
  14: 0
  15: 0
  16: 0
  17: 0
  18: 0
  19: 0
  20: 0
  21: 0
  22: 0
  23: 0
  24: 0
  25: 0
  26: 0
  27: 0
  28: 0
  29: 0
  30: 0
  31: 0
  32: 0
  33: 0
  34: 0
  35: 0
  36: 0
  37: 0
  38: 0
  39: 0
  40: 0
  41: 0
  42: 0
  43: 0
  44: 0
  45: 0
  46: 0
  47: 0
  48: 0
  49: 0
  50: 0
  51: 0
  52: 0
  53: 0
  54: 0
  55: 0
  56: 0
  57: 0
  58: 0
  59: 0
  60: 0
  61: 0
  62: 0
  63: 0
 heartbeats: # Per-process heartbeats
  0: 0
  1: 0
  2: 0
  3: 0
  4: 0
  5: 0
  6: 0
  7: 0
  8: 0
  9: 0
  10: 0
  11: 0
  12: 0
  13: 0
  14: 0
  15: 0
  16: 0
  17: 0
  18: 0
  19: 0
  20: 0
  21: 0
  22: 0
  23: 0
  24: 0
  25: 0
  26: 0
  27: 0
  28: 0
  29: 0
  30: 0
  31: 0
  32: 0
  33: 0
  34: 0
  35: 0
  36: 0
  37: 0
  38: 0
  39: 0
  40: 0
  41: 0
  42: 0
  43: 0
  44: 0
  45: 0
  46: 0
  47: 0
  48: 0
  49: 0
  50: 0
  51: 0
  52: 0
  53: 0
  54: 0
  55: 0
  56: 0
  57: 0
  58: 0
  59: 0
  60: 0
  61: 0
  62: 0
  63: 0
===
