# zsim stats
===
root: # Stats
 contention: # Contention simulation stats
  domain-0: # Domain stats
   time: 2431899511 # Weave simulation time
 time: # Simulator time breakdown
  init: 2232518063523
  bound: 16498611405
  weave: 2872685756
  ff: 0
 trigger: 20000 # Reason for this stats dump
 phase: 41585 # Simulated phases
 westmere: # Core stats
  westmere-0: # Core stats
   cycles: 415851921 # Simulated unhalted cycles
   cCycles: 80337395 # Cycles due to contention stalls
   instrs: 100001875 # Simulated instructions
   uops: 110832408 # Retired micro-ops
   bbls: 22620847 # Basic blocks
   approxInstrs: 154678 # Instrs with approx uop decoding
   mispredBranches: 2026252 # Mispredicted branches
   condBranches: 18804813 # conditional branches
   fetchStalls: 18446744073427859723 # Fetch stalls
   decodeStalls: 314923759 # Decode stalls
   issueStalls: 2893709 # Issue stalls
 l1i: # Cache stats
  l1i-0: # Filter cache stats
   fhGETS: 19165974 # Filtered GETS hits
   fhGETX: 0 # Filtered GETX hits
   hGETS: 7809957 # GETS hits
   hGETX: 0 # GETX hits
   mGETS: 3959126 # GETS misses
   mGETS_I: 3959126 # GETS Instruction misses
   mGETS_D: 0 # GETS data misses
   mGETXIM: 0 # GETX I->M misses
   mGETXIM_I: 0 # GETX I->M Instruction misses
   mGETXIM_D: 0 # GETX I->M Data misses
   mGETXSM: 0 # GETX S->M misses (upgrade misses)
   mGETXSM_I: 0 # GETX S->M Instruction misses (upgrade misses)
   mGETXSM_D: 0 # GETX S->M Data misses (upgrade misses)
   PUTS: 0 # Clean evictions (from lower level)
   PUTX: 0 # Dirty evictions (from lower level)
   INV: 69124 # Invalidates (from upper level)
   INVX: 0 # Downgrades (from upper level)
   FWD: 0 # Forwards (from upper level)
   latGETnl: 316212834 # GET request latency on next level
   latGETnet: 0 # GET request latency on network to next level
 l1d: # Cache stats
  l1d-0: # Filter cache stats
   fhGETS: 21709198 # Filtered GETS hits
   fhGETX: 7612558 # Filtered GETX hits
   hGETS: 1120397 # GETS hits
   hGETX: 827511 # GETX hits
   mGETS: 1532593 # GETS misses
   mGETS_I: 0 # GETS Instruction misses
   mGETS_D: 1532593 # GETS data misses
   mGETXIM: 336083 # GETX I->M misses
   mGETXIM_I: 0 # GETX I->M Instruction misses
   mGETXIM_D: 336083 # GETX I->M Data misses
   mGETXSM: 0 # GETX S->M misses (upgrade misses)
   mGETXSM_I: 0 # GETX S->M Instruction misses (upgrade misses)
   mGETXSM_D: 0 # GETX S->M Data misses (upgrade misses)
   PUTS: 0 # Clean evictions (from lower level)
   PUTX: 0 # Dirty evictions (from lower level)
   INV: 1868565 # Invalidates (from upper level)
   INVX: 0 # Downgrades (from upper level)
   FWD: 0 # Forwards (from upper level)
   latGETnl: 250402584 # GET request latency on next level
   latGETnet: 0 # GET request latency on network to next level
 l2: # Cache stats
  l2-0: # Cache stats
   hGETS: 1756625 # GETS hits
   hGETX: 0 # GETX hits
   mGETS: 3735094 # GETS misses
   mGETS_I: 2202501 # GETS Instruction misses
   mGETS_D: 1532593 # GETS data misses
   mGETXIM: 336083 # GETX I->M misses
   mGETXIM_I: 0 # GETX I->M Instruction misses
   mGETXIM_D: 336083 # GETX I->M Data misses
   mGETXSM: 0 # GETX S->M misses (upgrade misses)
   mGETXSM_I: 0 # GETX S->M Instruction misses (upgrade misses)
   mGETXSM_D: 0 # GETX S->M Data misses (upgrade misses)
   PUTS: 3889970 # Clean evictions (from lower level)
   PUTX: 0 # Dirty evictions (from lower level)
   INV: 4070778 # Invalidates (from upper level)
   INVX: 0 # Downgrades (from upper level)
   FWD: 0 # Forwards (from upper level)
   latGETnl: 496681794 # GET request latency on next level
   latGETnet: 0 # GET request latency on network to next level
 l3: # Cache stats
  l3-0: # Cache stats
   hGETS: 20 # GETS hits
   hGETX: 0 # GETX hits
   mGETS: 3735074 # GETS misses
   mGETS_I: 0 # GETS Instruction misses
   mGETS_D: 0 # GETS data misses
   mGETXIM: 336083 # GETX I->M misses
   mGETXIM_I: 0 # GETX I->M Instruction misses
   mGETXIM_D: 0 # GETX I->M Data misses
   mGETXSM: 0 # GETX S->M misses (upgrade misses)
   mGETXSM_I: 0 # GETX S->M Instruction misses (upgrade misses)
   mGETXSM_D: 0 # GETX S->M Data misses (upgrade misses)
   PUTS: 143 # Clean evictions (from lower level)
   PUTX: 0 # Dirty evictions (from lower level)
   INV: 0 # Invalidates (from upper level)
   INVX: 0 # Downgrades (from upper level)
   FWD: 0 # Forwards (from upper level)
   latGETnl: 366404130 # GET request latency on next level
   latGETnet: 0 # GET request latency on network to next level
 mem: # Memory controller stats
  mem-0: # Memory controller stats
   rd: 975264 # Read requests
   wr: 150084 # Write requests
   rdlat: 131597916 # Total latency experienced by read requests
   wrlat: 21314188 # Total latency experienced by write requests
   rdhits: 13565 # Read row hits
   wrhits: 132 # Write row hits
   mlh: # latency histogram for memory requests
    0: 0
    1: 0
    2: 0
    3: 0
    4: 0
    5: 0
    6: 0
    7: 0
    8: 0
    9: 0
    10: 0
    11: 710
    12: 1375
    13: 901947
    14: 47505
    15: 5045
    16: 1659
    17: 846
    18: 824
    19: 1299
    20: 1199
    21: 1182
    22: 409
    23: 501
    24: 704
    25: 571
    26: 456
    27: 479
    28: 547
    29: 543
    30: 570
    31: 583
    32: 560
    33: 538
    34: 630
    35: 557
    36: 536
    37: 510
    38: 516
    39: 552
    40: 491
    41: 506
    42: 481
    43: 230
    44: 52
    45: 32
    46: 24
    47: 47
    48: 37
    49: 5
    50: 3
    51: 0
    52: 1
    53: 1
    54: 1
    55: 0
    56: 0
    57: 0
    58: 0
    59: 0
    60: 0
    61: 0
    62: 0
    63: 0
    64: 0
    65: 0
    66: 0
    67: 0
    68: 0
    69: 0
    70: 0
    71: 0
    72: 0
    73: 0
    74: 0
    75: 0
    76: 0
    77: 0
    78: 0
    79: 0
    80: 0
    81: 0
    82: 0
    83: 0
    84: 0
    85: 0
    86: 0
    87: 0
    88: 0
    89: 0
    90: 0
    91: 0
    92: 0
    93: 0
    94: 0
    95: 0
    96: 0
    97: 0
    98: 0
    99: 0
  mem-1: # Memory controller stats
   rd: 1052046 # Read requests
   wr: 179594 # Write requests
   rdlat: 142485746 # Total latency experienced by read requests
   wrlat: 25590828 # Total latency experienced by write requests
   rdhits: 8311 # Read row hits
   wrhits: 297 # Write row hits
   mlh: # latency histogram for memory requests
    0: 0
    1: 0
    2: 0
    3: 0
    4: 0
    5: 0
    6: 0
    7: 0
    8: 0
    9: 0
    10: 0
    11: 610
    12: 563
    13: 946859
    14: 72286
    15: 10904
    16: 2630
    17: 1208
    18: 670
    19: 586
    20: 705
    21: 740
    22: 432
    23: 613
    24: 1513
    25: 1347
    26: 441
    27: 509
    28: 548
    29: 559
    30: 719
    31: 575
    32: 601
    33: 578
    34: 674
    35: 649
    36: 607
    37: 589
    38: 556
    39: 586
    40: 535
    41: 569
    42: 541
    43: 228
    44: 61
    45: 48
    46: 41
    47: 60
    48: 73
    49: 12
    50: 7
    51: 5
    52: 2
    53: 4
    54: 2
    55: 1
    56: 0
    57: 0
    58: 0
    59: 0
    60: 0
    61: 0
    62: 0
    63: 0
    64: 0
    65: 0
    66: 0
    67: 0
    68: 0
    69: 0
    70: 0
    71: 0
    72: 0
    73: 0
    74: 0
    75: 0
    76: 0
    77: 0
    78: 0
    79: 0
    80: 0
    81: 0
    82: 0
    83: 0
    84: 0
    85: 0
    86: 0
    87: 0
    88: 0
    89: 0
    90: 0
    91: 0
    92: 0
    93: 0
    94: 0
    95: 0
    96: 0
    97: 0
    98: 0
    99: 0
  mem-2: # Memory controller stats
   rd: 1031486 # Read requests
   wr: 184780 # Write requests
   rdlat: 139688183 # Total latency experienced by read requests
   wrlat: 26439418 # Total latency experienced by write requests
   rdhits: 4806 # Read row hits
   wrhits: 565 # Write row hits
   mlh: # latency histogram for memory requests
    0: 0
    1: 0
    2: 0
    3: 0
    4: 0
    5: 0
    6: 0
    7: 0
    8: 0
    9: 0
    10: 0
    11: 504
    12: 780
    13: 927528
    14: 73691
    15: 9116
    16: 2422
    17: 757
    18: 680
    19: 686
    20: 835
    21: 1000
    22: 419
    23: 594
    24: 1333
    25: 840
    26: 503
    27: 541
    28: 598
    29: 625
    30: 668
    31: 607
    32: 586
    33: 587
    34: 623
    35: 631
    36: 563
    37: 546
    38: 538
    39: 551
    40: 560
    41: 527
    42: 529
    43: 243
    44: 70
    45: 34
    46: 34
    47: 64
    48: 58
    49: 8
    50: 2
    51: 2
    52: 2
    53: 1
    54: 0
    55: 0
    56: 0
    57: 0
    58: 0
    59: 0
    60: 0
    61: 0
    62: 0
    63: 0
    64: 0
    65: 0
    66: 0
    67: 0
    68: 0
    69: 0
    70: 0
    71: 0
    72: 0
    73: 0
    74: 0
    75: 0
    76: 0
    77: 0
    78: 0
    79: 0
    80: 0
    81: 0
    82: 0
    83: 0
    84: 0
    85: 0
    86: 0
    87: 0
    88: 0
    89: 0
    90: 0
    91: 0
    92: 0
    93: 0
    94: 0
    95: 0
    96: 0
    97: 0
    98: 0
    99: 0
  mem-3: # Memory controller stats
   rd: 1012333 # Read requests
   wr: 168898 # Write requests
   rdlat: 136704114 # Total latency experienced by read requests
   wrlat: 24155893 # Total latency experienced by write requests
   rdhits: 7173 # Read row hits
   wrhits: 192 # Write row hits
   mlh: # latency histogram for memory requests
    0: 0
    1: 0
    2: 0
    3: 0
    4: 0
    5: 0
    6: 0
    7: 0
    8: 0
    9: 0
    10: 0
    11: 658
    12: 510
    13: 935758
    14: 50745
    15: 5304
    16: 2020
    17: 954
    18: 838
    19: 765
    20: 956
    21: 1108
    22: 612
    23: 596
    24: 870
    25: 746
    26: 458
    27: 489
    28: 551
    29: 586
    30: 669
    31: 591
    32: 545
    33: 587
    34: 601
    35: 646
    36: 559
    37: 508
    38: 568
    39: 516
    40: 533
    41: 500
    42: 526
    43: 219
    44: 47
    45: 36
    46: 43
    47: 60
    48: 39
    49: 7
    50: 2
    51: 4
    52: 2
    53: 0
    54: 1
    55: 0
    56: 0
    57: 0
    58: 0
    59: 0
    60: 0
    61: 0
    62: 0
    63: 0
    64: 0
    65: 0
    66: 0
    67: 0
    68: 0
    69: 0
    70: 0
    71: 0
    72: 0
    73: 0
    74: 0
    75: 0
    76: 0
    77: 0
    78: 0
    79: 0
    80: 0
    81: 0
    82: 0
    83: 0
    84: 0
    85: 0
    86: 0
    87: 0
    88: 0
    89: 0
    90: 0
    91: 0
    92: 0
    93: 0
    94: 0
    95: 0
    96: 0
    97: 0
    98: 0
    99: 0
 sched: # Scheduler stats
  thCr: 1 # Threads created
  thFn: 1 # Threads finished
  schedEvs: 1 # Schedule events
  waitEvs: 0 # Wait events
  handoffEvs: 0 # Handoff events
  sleepEvs: 0 # Sleep events
  idlePhases: 0 # Phases with no thread active
  idlePeriods: 0 # Periods with no thread active
  occHist: # Occupancy histogram
   0: 0
   1: 41585
  rqSzHist: # Run queue size histogram
   0: 41585
   1: 0
   2: 0
   3: 0
   4: 0
   5: 0
   6: 0
   7: 0
   8: 0
   9: 0
   10: 0
   11: 0
   12: 0
   13: 0
   14: 0
   15: 0
   16: 0
 procCycles: # Per-process unhalted core cycles
  0: 415851921
  1: 0
  2: 0
  3: 0
  4: 0
  5: 0
  6: 0
  7: 0
  8: 0
  9: 0
  10: 0
  11: 0
  12: 0
  13: 0
  14: 0
  15: 0
  16: 0
  17: 0
  18: 0
  19: 0
  20: 0
  21: 0
  22: 0
  23: 0
  24: 0
  25: 0
  26: 0
  27: 0
  28: 0
  29: 0
  30: 0
  31: 0
  32: 0
  33: 0
  34: 0
  35: 0
  36: 0
  37: 0
  38: 0
  39: 0
  40: 0
  41: 0
  42: 0
  43: 0
  44: 0
  45: 0
  46: 0
  47: 0
  48: 0
  49: 0
  50: 0
  51: 0
  52: 0
  53: 0
  54: 0
  55: 0
  56: 0
  57: 0
  58: 0
  59: 0
  60: 0
  61: 0
  62: 0
  63: 0
 procInstrs: # Per-process instructions
  0: 100001875
  1: 0
  2: 0
  3: 0
  4: 0
  5: 0
  6: 0
  7: 0
  8: 0
  9: 0
  10: 0
  11: 0
  12: 0
  13: 0
  14: 0
  15: 0
  16: 0
  17: 0
  18: 0
  19: 0
  20: 0
  21: 0
  22: 0
  23: 0
  24: 0
  25: 0
  26: 0
  27: 0
  28: 0
  29: 0
  30: 0
  31: 0
  32: 0
  33: 0
  34: 0
  35: 0
  36: 0
  37: 0
  38: 0
  39: 0
  40: 0
  41: 0
  42: 0
  43: 0
  44: 0
  45: 0
  46: 0
  47: 0
  48: 0
  49: 0
  50: 0
  51: 0
  52: 0
  53: 0
  54: 0
  55: 0
  56: 0
  57: 0
  58: 0
  59: 0
  60: 0
  61: 0
  62: 0
  63: 0
 heartbeats: # Per-process heartbeats
  0: 0
  1: 0
  2: 0
  3: 0
  4: 0
  5: 0
  6: 0
  7: 0
  8: 0
  9: 0
  10: 0
  11: 0
  12: 0
  13: 0
  14: 0
  15: 0
  16: 0
  17: 0
  18: 0
  19: 0
  20: 0
  21: 0
  22: 0
  23: 0
  24: 0
  25: 0
  26: 0
  27: 0
  28: 0
  29: 0
  30: 0
  31: 0
  32: 0
  33: 0
  34: 0
  35: 0
  36: 0
  37: 0
  38: 0
  39: 0
  40: 0
  41: 0
  42: 0
  43: 0
  44: 0
  45: 0
  46: 0
  47: 0
  48: 0
  49: 0
  50: 0
  51: 0
  52: 0
  53: 0
  54: 0
  55: 0
  56: 0
  57: 0
  58: 0
  59: 0
  60: 0
  61: 0
  62: 0
  63: 0
===
