# zsim stats
===
root: # Stats
 contention: # Contention simulation stats
  domain-0: # Domain stats
   time: 7992971886 # Weave simulation time
 time: # Simulator time breakdown
  init: 373619593767
  bound: 36433499663
  weave: 8891782570
  ff: 0
 trigger: 20000 # Reason for this stats dump
 phase: 73269 # Simulated phases
 westmere: # Core stats
  westmere-0: # Core stats
   cycles: 732692712 # Simulated unhalted cycles
   cCycles: 161436295 # Cycles due to contention stalls
   instrs: 100000719 # Simulated instructions
   uops: 101912606 # Retired micro-ops
   bbls: 27652723 # Basic blocks
   approxInstrs: 22402 # Instrs with approx uop decoding
   mispredBranches: 1591210 # Mispredicted branches
   condBranches: 25800989 # conditional branches
   fetchStalls: 18446744073382445834 # Fetch stalls
   decodeStalls: 280388438 # Decode stalls
   issueStalls: 2786186 # Issue stalls
 l1i: # Cache stats
  l1i-0: # Filter cache stats
   fhGETS: 35270696 # Filtered GETS hits
   fhGETX: 0 # Filtered GETX hits
   hGETS: 186109 # GETS hits
   hGETX: 0 # GETX hits
   mGETS: 2706 # GETS misses
   mGETS_I: 2706 # GETS Instruction misses
   mGETS_D: 0 # GETS data misses
   mGETXIM: 0 # GETX I->M misses
   mGETXIM_I: 0 # GETX I->M Instruction misses
   mGETXIM_D: 0 # GETX I->M Data misses
   mGETXSM: 0 # GETX S->M misses (upgrade misses)
   mGETXSM_I: 0 # GETX S->M Instruction misses (upgrade misses)
   mGETXSM_D: 0 # GETX S->M Data misses (upgrade misses)
   PUTS: 0 # Clean evictions (from lower level)
   PUTX: 0 # Dirty evictions (from lower level)
   INV: 2670 # Invalidates (from upper level)
   INVX: 0 # Downgrades (from upper level)
   FWD: 0 # Forwards (from upper level)
   latGETnl: 362604 # GET request latency on next level
   latGETnet: 0 # GET request latency on network to next level
 l1d: # Cache stats
  l1d-0: # Filter cache stats
   fhGETS: 21520692 # Filtered GETS hits
   fhGETX: 2197646 # Filtered GETX hits
   hGETS: 2218085 # GETS hits
   hGETX: 3282505 # GETX hits
   mGETS: 12837972 # GETS misses
   mGETS_I: 0 # GETS Instruction misses
   mGETS_D: 12837972 # GETS data misses
   mGETXIM: 310994 # GETX I->M misses
   mGETXIM_I: 0 # GETX I->M Instruction misses
   mGETXIM_D: 310994 # GETX I->M Data misses
   mGETXSM: 0 # GETX S->M misses (upgrade misses)
   mGETXSM_I: 0 # GETX S->M Instruction misses (upgrade misses)
   mGETXSM_D: 0 # GETX S->M Data misses (upgrade misses)
   PUTS: 0 # Clean evictions (from lower level)
   PUTX: 0 # Dirty evictions (from lower level)
   INV: 2310 # Invalidates (from upper level)
   INVX: 0 # Downgrades (from upper level)
   FWD: 0 # Forwards (from upper level)
   latGETnl: 1343286210 # GET request latency on next level
   latGETnet: 0 # GET request latency on network to next level
 l2: # Cache stats
  l2-0: # Cache stats
   hGETS: 2822851 # GETS hits
   hGETX: 138526 # GETX hits
   mGETS: 10017827 # GETS misses
   mGETS_I: 2706 # GETS Instruction misses
   mGETS_D: 10015121 # GETS data misses
   mGETXIM: 172468 # GETX I->M misses
   mGETXIM_I: 0 # GETX I->M Instruction misses
   mGETXIM_D: 172468 # GETX I->M Data misses
   mGETXSM: 0 # GETX S->M misses (upgrade misses)
   mGETXSM_I: 0 # GETX S->M Instruction misses (upgrade misses)
   mGETXSM_D: 0 # GETX S->M Data misses (upgrade misses)
   PUTS: 9811951 # Clean evictions (from lower level)
   PUTX: 3334449 # Dirty evictions (from lower level)
   INV: 51611 # Invalidates (from upper level)
   INVX: 0 # Downgrades (from upper level)
   FWD: 0 # Forwards (from upper level)
   latGETnl: 1185828750 # GET request latency on next level
   latGETnet: 0 # GET request latency on network to next level
 l3: # Cache stats
  l3-0: # Cache stats
   hGETS: 624170 # GETS hits
   hGETX: 13466 # GETX hits
   mGETS: 9393657 # GETS misses
   mGETS_I: 0 # GETS Instruction misses
   mGETS_D: 0 # GETS data misses
   mGETXIM: 159002 # GETX I->M misses
   mGETXIM_I: 0 # GETX I->M Instruction misses
   mGETXIM_D: 0 # GETX I->M Data misses
   mGETXSM: 0 # GETX S->M misses (upgrade misses)
   mGETXSM_I: 0 # GETX S->M Instruction misses (upgrade misses)
   mGETXSM_D: 0 # GETX S->M Data misses (upgrade misses)
   PUTS: 7384391 # Clean evictions (from lower level)
   PUTX: 2750197 # Dirty evictions (from lower level)
   INV: 0 # Invalidates (from upper level)
   INVX: 0 # Downgrades (from upper level)
   FWD: 0 # Forwards (from upper level)
   latGETnl: 859739310 # GET request latency on next level
   latGETnet: 0 # GET request latency on network to next level
 mem: # Memory controller stats
  mem-0: # Memory controller stats
   rd: 2382679 # Read requests
   wr: 680771 # Write requests
   rdlat: 324445759 # Total latency experienced by read requests
   wrlat: 99282419 # Total latency experienced by write requests
   rdhits: 6090 # Read row hits
   wrhits: 2273 # Write row hits
   mlh: # latency histogram for memory requests
    0: 0
    1: 0
    2: 0
    3: 0
    4: 0
    5: 0
    6: 0
    7: 0
    8: 0
    9: 0
    10: 0
    11: 875
    12: 1098
    13: 2091970
    14: 172707
    15: 57193
    16: 13507
    17: 3872
    18: 1509
    19: 1786
    20: 1809
    21: 2162
    22: 1283
    23: 2101
    24: 4207
    25: 2617
    26: 674
    27: 726
    28: 853
    29: 1282
    30: 1597
    31: 1382
    32: 1388
    33: 1583
    34: 1727
    35: 1564
    36: 1465
    37: 1341
    38: 1393
    39: 1374
    40: 1307
    41: 1307
    42: 1239
    43: 560
    44: 222
    45: 165
    46: 167
    47: 320
    48: 206
    49: 69
    50: 27
    51: 18
    52: 8
    53: 9
    54: 5
    55: 1
    56: 1
    57: 2
    58: 1
    59: 0
    60: 0
    61: 0
    62: 0
    63: 0
    64: 0
    65: 0
    66: 0
    67: 0
    68: 0
    69: 0
    70: 0
    71: 0
    72: 0
    73: 0
    74: 0
    75: 0
    76: 0
    77: 0
    78: 0
    79: 0
    80: 0
    81: 0
    82: 0
    83: 0
    84: 0
    85: 0
    86: 0
    87: 0
    88: 0
    89: 0
    90: 0
    91: 0
    92: 0
    93: 0
    94: 0
    95: 0
    96: 0
    97: 0
    98: 0
    99: 0
  mem-1: # Memory controller stats
   rd: 2383483 # Read requests
   wr: 680609 # Write requests
   rdlat: 324564884 # Total latency experienced by read requests
   wrlat: 99055973 # Total latency experienced by write requests
   rdhits: 5986 # Read row hits
   wrhits: 2236 # Write row hits
   mlh: # latency histogram for memory requests
    0: 0
    1: 0
    2: 0
    3: 0
    4: 0
    5: 0
    6: 0
    7: 0
    8: 0
    9: 0
    10: 0
    11: 901
    12: 1210
    13: 2092145
    14: 172619
    15: 57472
    16: 13660
    17: 4102
    18: 1507
    19: 1713
    20: 1889
    21: 2194
    22: 1306
    23: 2185
    24: 4019
    25: 2643
    26: 633
    27: 680
    28: 840
    29: 1249
    30: 1695
    31: 1383
    32: 1441
    33: 1637
    34: 1662
    35: 1552
    36: 1416
    37: 1325
    38: 1398
    39: 1266
    40: 1281
    41: 1270
    42: 1337
    43: 643
    44: 237
    45: 171
    46: 198
    47: 305
    48: 172
    49: 56
    50: 25
    51: 20
    52: 8
    53: 7
    54: 5
    55: 3
    56: 1
    57: 0
    58: 1
    59: 1
    60: 0
    61: 0
    62: 0
    63: 0
    64: 0
    65: 0
    66: 0
    67: 0
    68: 0
    69: 0
    70: 0
    71: 0
    72: 0
    73: 0
    74: 0
    75: 0
    76: 0
    77: 0
    78: 0
    79: 0
    80: 0
    81: 0
    82: 0
    83: 0
    84: 0
    85: 0
    86: 0
    87: 0
    88: 0
    89: 0
    90: 0
    91: 0
    92: 0
    93: 0
    94: 0
    95: 0
    96: 0
    97: 0
    98: 0
    99: 0
  mem-2: # Memory controller stats
   rd: 2400817 # Read requests
   wr: 680484 # Write requests
   rdlat: 327070826 # Total latency experienced by read requests
   wrlat: 99322461 # Total latency experienced by write requests
   rdhits: 6441 # Read row hits
   wrhits: 2269 # Write row hits
   mlh: # latency histogram for memory requests
    0: 0
    1: 0
    2: 0
    3: 0
    4: 0
    5: 0
    6: 0
    7: 0
    8: 0
    9: 0
    10: 0
    11: 877
    12: 1473
    13: 2101615
    14: 178605
    15: 59221
    16: 12928
    17: 3421
    18: 1569
    19: 1887
    20: 1869
    21: 2259
    22: 1256
    23: 2378
    24: 4226
    25: 2907
    26: 664
    27: 712
    28: 844
    29: 1229
    30: 1616
    31: 1364
    32: 1491
    33: 1643
    34: 1704
    35: 1629
    36: 1466
    37: 1398
    38: 1432
    39: 1284
    40: 1345
    41: 1363
    42: 1341
    43: 628
    44: 237
    45: 173
    46: 171
    47: 297
    48: 161
    49: 63
    50: 21
    51: 18
    52: 8
    53: 6
    54: 9
    55: 3
    56: 2
    57: 1
    58: 0
    59: 2
    60: 1
    61: 0
    62: 0
    63: 0
    64: 0
    65: 0
    66: 0
    67: 0
    68: 0
    69: 0
    70: 0
    71: 0
    72: 0
    73: 0
    74: 0
    75: 0
    76: 0
    77: 0
    78: 0
    79: 0
    80: 0
    81: 0
    82: 0
    83: 0
    84: 0
    85: 0
    86: 0
    87: 0
    88: 0
    89: 0
    90: 0
    91: 0
    92: 0
    93: 0
    94: 0
    95: 0
    96: 0
    97: 0
    98: 0
    99: 0
  mem-3: # Memory controller stats
   rd: 2385621 # Read requests
   wr: 679960 # Write requests
   rdlat: 324951418 # Total latency experienced by read requests
   wrlat: 99146408 # Total latency experienced by write requests
   rdhits: 6586 # Read row hits
   wrhits: 2305 # Write row hits
   mlh: # latency histogram for memory requests
    0: 0
    1: 0
    2: 0
    3: 0
    4: 0
    5: 0
    6: 0
    7: 0
    8: 0
    9: 0
    10: 0
    11: 952
    12: 1336
    13: 2092088
    14: 172987
    15: 58102
    16: 14197
    17: 3559
    18: 1639
    19: 1827
    20: 1955
    21: 2208
    22: 1341
    23: 2241
    24: 4450
    25: 2559
    26: 649
    27: 751
    28: 842
    29: 1279
    30: 1663
    31: 1369
    32: 1434
    33: 1629
    34: 1725
    35: 1674
    36: 1484
    37: 1393
    38: 1375
    39: 1333
    40: 1337
    41: 1256
    42: 1242
    43: 587
    44: 238
    45: 187
    46: 167
    47: 291
    48: 173
    49: 44
    50: 20
    51: 15
    52: 9
    53: 6
    54: 4
    55: 1
    56: 2
    57: 0
    58: 1
    59: 0
    60: 0
    61: 0
    62: 0
    63: 0
    64: 0
    65: 0
    66: 0
    67: 0
    68: 0
    69: 0
    70: 0
    71: 0
    72: 0
    73: 0
    74: 0
    75: 0
    76: 0
    77: 0
    78: 0
    79: 0
    80: 0
    81: 0
    82: 0
    83: 0
    84: 0
    85: 0
    86: 0
    87: 0
    88: 0
    89: 0
    90: 0
    91: 0
    92: 0
    93: 0
    94: 0
    95: 0
    96: 0
    97: 0
    98: 0
    99: 0
 sched: # Scheduler stats
  thCr: 1 # Threads created
  thFn: 1 # Threads finished
  schedEvs: 1 # Schedule events
  waitEvs: 0 # Wait events
  handoffEvs: 0 # Handoff events
  sleepEvs: 0 # Sleep events
  idlePhases: 0 # Phases with no thread active
  idlePeriods: 0 # Periods with no thread active
  occHist: # Occupancy histogram
   0: 0
   1: 73269
  rqSzHist: # Run queue size histogram
   0: 73269
   1: 0
   2: 0
   3: 0
   4: 0
   5: 0
   6: 0
   7: 0
   8: 0
   9: 0
   10: 0
   11: 0
   12: 0
   13: 0
   14: 0
   15: 0
   16: 0
 procCycles: # Per-process unhalted core cycles
  0: 732692712
  1: 0
  2: 0
  3: 0
  4: 0
  5: 0
  6: 0
  7: 0
  8: 0
  9: 0
  10: 0
  11: 0
  12: 0
  13: 0
  14: 0
  15: 0
  16: 0
  17: 0
  18: 0
  19: 0
  20: 0
  21: 0
  22: 0
  23: 0
  24: 0
  25: 0
  26: 0
  27: 0
  28: 0
  29: 0
  30: 0
  31: 0
  32: 0
  33: 0
  34: 0
  35: 0
  36: 0
  37: 0
  38: 0
  39: 0
  40: 0
  41: 0
  42: 0
  43: 0
  44: 0
  45: 0
  46: 0
  47: 0
  48: 0
  49: 0
  50: 0
  51: 0
  52: 0
  53: 0
  54: 0
  55: 0
  56: 0
  57: 0
  58: 0
  59: 0
  60: 0
  61: 0
  62: 0
  63: 0
 procInstrs: # Per-process instructions
  0: 100000719
  1: 0
  2: 0
  3: 0
  4: 0
  5: 0
  6: 0
  7: 0
  8: 0
  9: 0
  10: 0
  11: 0
  12: 0
  13: 0
  14: 0
  15: 0
  16: 0
  17: 0
  18: 0
  19: 0
  20: 0
  21: 0
  22: 0
  23: 0
  24: 0
  25: 0
  26: 0
  27: 0
  28: 0
  29: 0
  30: 0
  31: 0
  32: 0
  33: 0
  34: 0
  35: 0
  36: 0
  37: 0
  38: 0
  39: 0
  40: 0
  41: 0
  42: 0
  43: 0
  44: 0
  45: 0
  46: 0
  47: 0
  48: 0
  49: 0
  50: 0
  51: 0
  52: 0
  53: 0
  54: 0
  55: 0
  56: 0
  57: 0
  58: 0
  59: 0
  60: 0
  61: 0
  62: 0
  63: 0
 heartbeats: # Per-process heartbeats
  0: 0
  1: 0
  2: 0
  3: 0
  4: 0
  5: 0
  6: 0
  7: 0
  8: 0
  9: 0
  10: 0
  11: 0
  12: 0
  13: 0
  14: 0
  15: 0
  16: 0
  17: 0
  18: 0
  19: 0
  20: 0
  21: 0
  22: 0
  23: 0
  24: 0
  25: 0
  26: 0
  27: 0
  28: 0
  29: 0
  30: 0
  31: 0
  32: 0
  33: 0
  34: 0
  35: 0
  36: 0
  37: 0
  38: 0
  39: 0
  40: 0
  41: 0
  42: 0
  43: 0
  44: 0
  45: 0
  46: 0
  47: 0
  48: 0
  49: 0
  50: 0
  51: 0
  52: 0
  53: 0
  54: 0
  55: 0
  56: 0
  57: 0
  58: 0
  59: 0
  60: 0
  61: 0
  62: 0
  63: 0
===
