[H] Starting zsim, built Wed Dec  6 08:40:48 CST 2023 (rev no git repo)
[H] Creating global segment, 1024 MBs
[H] Global segment shmid = 11665409
[H] Deadlock detection ON
[S 0] Started instance
[S 0] Started RR scheduler, quantum=10000 phases
[S 0] mem-0: domain 0, 4 ranks/ch 8 banks/rank, tech DDR3-1333-CL10, boundLat 90 rd / 40 wr
[S 0] mem-0: Address mapping rank:col:bank row 63:15 col 12:3 rank 14:13 bank 2:0
[S 0] mem-1: domain 0, 4 ranks/ch 8 banks/rank, tech DDR3-1333-CL10, boundLat 90 rd / 40 wr
[S 0] mem-1: Address mapping rank:col:bank row 63:15 col 12:3 rank 14:13 bank 2:0
[S 0] mem-2: domain 0, 4 ranks/ch 8 banks/rank, tech DDR3-1333-CL10, boundLat 90 rd / 40 wr
[S 0] mem-2: Address mapping rank:col:bank row 63:15 col 12:3 rank 14:13 bank 2:0
[S 0] mem-3: domain 0, 4 ranks/ch 8 banks/rank, tech DDR3-1333-CL10, boundLat 90 rd / 40 wr
[S 0] mem-3: Address mapping rank:col:bank row 63:15 col 12:3 rank 14:13 bank 2:0
[S 0] Hierarchy: [ l1i-0 l1d-0 ] -> l2-0
[S 0] Hierarchy: [ l2-0 ] -> l3-0
[S 0] Initialized system
[S 0] HDF5 backend: Opening ./outputs/EMISSARY/bodytrack_8c_simlarge/zsim.h5
[S 0] HDF5 backend: Created table, 5896 bytes/record, 178 records/write
[S 0] HDF5 backend: Opening ./outputs/EMISSARY/bodytrack_8c_simlarge/zsim-ev.h5
[S 0] HDF5 backend: Created table, 5896 bytes/record, 23 records/write
[S 0] HDF5 backend: Opening ./outputs/EMISSARY/bodytrack_8c_simlarge/zsim-cmp.h5
[S 0] HDF5 backend: Created table, 3352 bytes/record, 1 records/write
[S 0] Initialization complete
[H] Attached to global heap
[S 0] Started process, PID 90251
[S 0] procMask: 0x0
[S 0] [0] Adjusting clocks, domain 0, de-ffwd 0
[S 0] vDSO info initialized
[S 0] FF thread 0 starting
[S 0] FF control Thread TID 90261
[S 0] Started contention simulation thread 0
[S 0] Started scheduler watchdog thread
PARSEC Benchmark Suite Version 2.1
[HOOKS] PARSEC Hooks Version 1.2
Threading with Posix Threads
Number of threads : 8
[S 0] FF thread 4 starting
[S 0] FF thread 5 starting
[S 0] FF thread 6 starting
[S 0] FF thread 7 starting
[S 0] FF thread 8 starting
[S 0] FF thread 9 starting
[S 0] FF thread 10 starting
[S 0] FF thread 11 starting
[S 0] FF thread 12 starting
[S 0] Shadow/NOP thread 12 finished
Using dataset : /home/grads/v/varunsahni/Nishank/csce_project/EMISSARY/benchmarks/parsec-2.1/inputs/bodytrack/sequenceB_4/
4000 particles with 5 annealing layers

[HOOKS] Entering ROI
[S 0] ROI_BEGIN, exiting fast-forward
[S 0] [0] Adjusting clocks, domain 0, de-ffwd 1
[S 0] Thread 0 starting
[ZSIM-HOOKS] ROI begin
Processing frame 0
[S 0] Thread 9 starting
[S 0] WARN: Futex wake matching failed (0/1) (external/ff waiters?)
[S 0] Detected possible stall due to fake leaves (1 current)
[S 0]  [0/0] futex (202) @ 0x4859fa
[S 0] Blacklisting from future fake leaves: [0] futex @ 0x4859fa | arg0 0x834d50 arg1 0x80
[S 0] Thread 8 starting
[S 0] WARN: Futex wake matching failed (0/1) (external/ff waiters?)
[S 0] WARN: waitUntilQueued for pid 0 tid 8 timed out
[S 0] Thread 5 starting
[S 0] WARN: Futex wake matching failed (0/1) (external/ff waiters?)
[S 0] WARN: waitUntilQueued for pid 0 tid 5 timed out
[S 0] Thread 10 starting
[S 0] WARN: Futex wake matching failed (0/1) (external/ff waiters?)
[S 0] Thread 4 starting
[S 0] WARN: Futex wake matching failed (0/1) (external/ff waiters?)
[S 0] WARN: waitUntilQueued for pid 0 tid 4 timed out
[S 0] Thread 11 starting
[S 0] WARN: Futex wake matching failed (0/1) (external/ff waiters?)
[S 0] WARN: waitUntilQueued for pid 0 tid 11 timed out
[S 0] Thread 6 starting
[H] WARN: Stalled for 20 secs so far
[S 0] WARN: Futex wake matching failed (0/1) (external/ff waiters?)
[S 0] WARN: waitUntilQueued for pid 0 tid 6 timed out
[S 0] Thread 7 starting
[S 0] WARN: Futex wake matching failed (0/1) (external/ff waiters?)
[H] WARN: Stalled for 30 secs so far
[S 0] WARN: waitUntilQueued for pid 0 tid 7 timed out
[S 0] WARN: waitUntilQueued for pid 0 tid 4 timed out
[S 0] WARN: waitUntilQueued for pid 0 tid 5 timed out
[S 0] WARN: waitUntilQueued for pid 0 tid 6 timed out
[S 0] WARN: waitUntilQueued for pid 0 tid 11 timed out
[S 0] WARN: waitUntilQueued for pid 0 tid 8 timed out
[H] WARN: Stalled for 20 secs so far
[S 0] WARN: waitUntilQueued for pid 0 tid 9 timed out
[S 0] WARN: waitUntilQueued for pid 0 tid 10 timed out
[S 0] WARN: waitUntilQueued for pid 0 tid 9 timed out
[S 0] WARN: waitUntilQueued for pid 0 tid 7 timed out
[S 0] WARN: waitUntilQueued for pid 0 tid 8 timed out
[S 0] WARN: waitUntilQueued for pid 0 tid 4 timed out
[S 0] WARN: waitUntilQueued for pid 0 tid 6 timed out
[H] WARN: Stalled for 20 secs so far
[S 0] WARN: waitUntilQueued for pid 0 tid 11 timed out
[S 0] WARN: waitUntilQueued for pid 0 tid 5 timed out
[S 0] Detected possible stall due to fake leaves (1 current)
[S 0]  [0/5] futex (202) @ 0x485452
[S 0] Blacklisting from future fake leaves: [0] futex @ 0x485452 | arg0 0x7fffffffd0ac arg1 0x80
[H] WARN: Stalled for 30 secs so far
[S 0] WARN: waitUntilQueued for pid 0 tid 9 timed out
[S 0] WARN: waitUntilQueued for pid 0 tid 6 timed out
[S 0] WARN: waitUntilQueued for pid 0 tid 8 timed out
[H] WARN: Stalled for 40 secs so far
[S 0] WARN: waitUntilQueued for pid 0 tid 7 timed out
[S 0] WARN: waitUntilQueued for pid 0 tid 0 timed out
[S 0] Detected possible stall due to fake leaves (1 current)
[S 0]  [0/0] futex (202) @ 0x485f7a
[S 0] Blacklisting from future fake leaves: [0] futex @ 0x485f7a | arg0 0x834d54 arg1 0x80
[S 0] WARN: waitUntilQueued for pid 0 tid 4 timed out
[S 0] WARN: waitUntilQueued for pid 0 tid 11 timed out
[S 0] WARN: waitUntilQueued for pid 0 tid 9 timed out
[S 0] WARN: waitUntilQueued for pid 0 tid 6 timed out
[S 0] WARN: waitUntilQueued for pid 0 tid 8 timed out
[H] WARN: Stalled for 20 secs so far
[S 0] WARN: waitUntilQueued for pid 0 tid 5 timed out
[S 0] WARN: waitUntilQueued for pid 0 tid 0 timed out
[H] WARN: Stalled for 30 secs so far
[S 0] WARN: waitUntilQueued for pid 0 tid 7 timed out
[S 0] Time slice ended, context-switched 1 threads, runQueue size 6, available 0
[S 0]  State:   7r
[S 0] Time slice ended, context-switched 1 threads, runQueue size 6, available 0
[S 0]  State:  10r
[S 0] Time slice ended, context-switched 1 threads, runQueue size 6, available 0
[S 0]  State:   4r
[S 0] WARN: waitUntilQueued for pid 0 tid 8 timed out
[S 0] WARN: waitUntilQueued for pid 0 tid 9 timed out
[S 0] WARN: waitUntilQueued for pid 0 tid 11 timed out
[S 0] WARN: waitUntilQueued for pid 0 tid 6 timed out
[S 0] WARN: waitUntilQueued for pid 0 tid 11 timed out
[S 0] WARN: waitUntilQueued for pid 0 tid 5 timed out
[S 0] WARN: waitUntilQueued for pid 0 tid 8 timed out
[S 0] WARN: waitUntilQueued for pid 0 tid 7 timed out
[S 0] WARN: waitUntilQueued for pid 0 tid 9 timed out
[H] WARN: Stalled for 20 secs so far
[S 0] WARN: waitUntilQueued for pid 0 tid 10 timed out
[S 0] WARN: waitUntilQueued for pid 0 tid 9 timed out
[S 0] WARN: waitUntilQueued for pid 0 tid 0 timed out
[S 0] WARN: waitUntilQueued for pid 0 tid 4 timed out
[S 0] WARN: waitUntilQueued for pid 0 tid 5 timed out
[S 0] WARN: waitUntilQueued for pid 0 tid 7 timed out
[S 0] WARN: waitUntilQueued for pid 0 tid 6 timed out
[S 0] WARN: waitUntilQueued for pid 0 tid 11 timed out
[S 0] WARN: waitUntilQueued for pid 0 tid 8 timed out
[S 0] WARN: waitUntilQueued for pid 0 tid 10 timed out
[S 0] WARN: waitUntilQueued for pid 0 tid 9 timed out
[S 0] WARN: waitUntilQueued for pid 0 tid 0 timed out
[S 0] WARN: waitUntilQueued for pid 0 tid 4 timed out
[S 0] WARN: waitUntilQueued for pid 0 tid 5 timed out
[S 0] WARN: waitUntilQueued for pid 0 tid 7 timed out
[S 0] WARN: waitUntilQueued for pid 0 tid 6 timed out
[S 0] WARN: waitUntilQueued for pid 0 tid 10 timed out
[H] WARN: Stalled for 20 secs so far
[S 0] WARN: waitUntilQueued for pid 0 tid 8 timed out
[S 0] WARN: waitUntilQueued for pid 0 tid 9 timed out
[S 0] WARN: waitUntilQueued for pid 0 tid 4 timed out
[S 0] WARN: waitUntilQueued for pid 0 tid 8 timed out
[S 0] WARN: waitUntilQueued for pid 0 tid 6 timed out
[S 0] WARN: waitUntilQueued for pid 0 tid 7 timed out
[S 0] WARN: waitUntilQueued for pid 0 tid 5 timed out
[H] WARN: Stalled for 20 secs so far
[S 0] WARN: waitUntilQueued for pid 0 tid 10 timed out
[S 0] WARN: waitUntilQueued for pid 0 tid 5 timed out
[S 0] WARN: waitUntilQueued for pid 0 tid 0 timed out
[H] WARN: Stalled for 30 secs so far
[S 0] WARN: waitUntilQueued for pid 0 tid 4 timed out
[S 0] WARN: waitUntilQueued for pid 0 tid 8 timed out
[S 0] WARN: waitUntilQueued for pid 0 tid 11 timed out
[S 0] WARN: waitUntilQueued for pid 0 tid 7 timed out
[S 0] WARN: waitUntilQueued for pid 0 tid 6 timed out
[S 0] WARN: waitUntilQueued for pid 0 tid 10 timed out
[S 0] WARN: waitUntilQueued for pid 0 tid 5 timed out
[S 0] Time slice ended, context-switched 1 threads, runQueue size 7, available 0
[S 0]  State:   5r
[S 0] Time slice ended, context-switched 1 threads, runQueue size 6, available 0
[S 0]  State:  10r
[S 0] Time slice ended, context-switched 1 threads, runQueue size 6, available 0
[S 0]  State:  11r
[S 0] WARN: waitUntilQueued for pid 0 tid 9 timed out
[S 0] WARN: waitUntilQueued for pid 0 tid 8 timed out
[S 0] WARN: waitUntilQueued for pid 0 tid 7 timed out
[S 0] WARN: waitUntilQueued for pid 0 tid 6 timed out
[S 0] WARN: waitUntilQueued for pid 0 tid 11 timed out
[S 0] WARN: waitUntilQueued for pid 0 tid 10 timed out
[S 0] WARN: waitUntilQueued for pid 0 tid 9 timed out
[S 0] WARN: waitUntilQueued for pid 0 tid 4 timed out
[S 0] WARN: waitUntilQueued for pid 0 tid 5 timed out
[S 0] WARN: waitUntilQueued for pid 0 tid 7 timed out
[H] WARN: Stalled for 20 secs so far
[S 0] WARN: waitUntilQueued for pid 0 tid 6 timed out
[S 0] WARN: waitUntilQueued for pid 0 tid 8 timed out
[S 0] Time slice ended, context-switched 1 threads, runQueue size 5, available 0
[S 0]  State:   0r
[S 0] WARN: waitUntilQueued for pid 0 tid 7 timed out
[S 0] WARN: waitUntilQueued for pid 0 tid 11 timed out
[S 0] WARN: waitUntilQueued for pid 0 tid 5 timed out
[S 0] WARN: waitUntilQueued for pid 0 tid 4 timed out
[S 0] WARN: waitUntilQueued for pid 0 tid 10 timed out
[S 0] WARN: waitUntilQueued for pid 0 tid 7 timed out
[S 0] WARN: waitUntilQueued for pid 0 tid 11 timed out
[S 0] WARN: waitUntilQueued for pid 0 tid 5 timed out
[S 0] WARN: waitUntilQueued for pid 0 tid 4 timed out
[H] WARN: Stalled for 20 secs so far
[S 0] WARN: waitUntilQueued for pid 0 tid 8 timed out
[S 0] WARN: waitUntilQueued for pid 0 tid 6 timed out
[S 0] WARN: waitUntilQueued for pid 0 tid 10 timed out
[S 0] WARN: waitUntilQueued for pid 0 tid 4 timed out
[S 0] WARN: waitUntilQueued for pid 0 tid 6 timed out
[S 0] WARN: waitUntilQueued for pid 0 tid 9 timed out
[S 0] WARN: waitUntilQueued for pid 0 tid 5 timed out
[S 0] WARN: waitUntilQueued for pid 0 tid 8 timed out
[S 0] WARN: waitUntilQueued for pid 0 tid 11 timed out
[H] WARN: Stalled for 20 secs so far
[S 0] WARN: waitUntilQueued for pid 0 tid 7 timed out
[S 0] WARN: waitUntilQueued for pid 0 tid 11 timed out
[S 0] WARN: waitUntilQueued for pid 0 tid 4 timed out
[H] WARN: Stalled for 30 secs so far
[S 0] WARN: waitUntilQueued for pid 0 tid 8 timed out
[S 0] WARN: waitUntilQueued for pid 0 tid 9 timed out
[H] WARN: Stalled for 40 secs so far
[S 0] WARN: waitUntilQueued for pid 0 tid 5 timed out
[S 0] WARN: waitUntilQueued for pid 0 tid 10 timed out
[H] WARN: Stalled for 50 secs so far
[S 0] WARN: waitUntilQueued for pid 0 tid 6 timed out
[S 0] WARN: waitUntilQueued for pid 0 tid 10 timed out
[S 0] WARN: waitUntilQueued for pid 0 tid 8 timed out
[S 0] WARN: waitUntilQueued for pid 0 tid 4 timed out
[S 0] WARN: waitUntilQueued for pid 0 tid 5 timed out
[S 0] WARN: waitUntilQueued for pid 0 tid 7 timed out
[S 0] WARN: waitUntilQueued for pid 0 tid 11 timed out
[H] WARN: Stalled for 20 secs so far
[S 0] WARN: waitUntilQueued for pid 0 tid 9 timed out
[S 0] WARN: waitUntilQueued for pid 0 tid 6 timed out
[S 0] WARN: waitUntilQueued for pid 0 tid 10 timed out
[S 0] Time slice ended, context-switched 1 threads, runQueue size 7, available 0
[S 0]  State:  10r
[S 0] Time slice ended, context-switched 1 threads, runQueue size 6, available 0
[S 0]  State:   9r
[S 0] Time slice ended, context-switched 1 threads, runQueue size 6, available 0
[S 0]  State:   7r
[S 0] WARN: waitUntilQueued for pid 0 tid 8 timed out
[S 0] WARN: waitUntilQueued for pid 0 tid 11 timed out
[S 0] WARN: waitUntilQueued for pid 0 tid 5 timed out
[S 0] WARN: waitUntilQueued for pid 0 tid 5 timed out
[S 0] WARN: waitUntilQueued for pid 0 tid 11 timed out
[S 0] WARN: waitUntilQueued for pid 0 tid 10 timed out
[S 0] WARN: waitUntilQueued for pid 0 tid 4 timed out
[H] WARN: Stalled for 20 secs so far
[S 0] WARN: waitUntilQueued for pid 0 tid 9 timed out
[S 0] WARN: waitUntilQueued for pid 0 tid 6 timed out
[H] WARN: Stalled for 30 secs so far
[S 0] WARN: waitUntilQueued for pid 0 tid 8 timed out
[S 0] WARN: waitUntilQueued for pid 0 tid 6 timed out
[S 0] WARN: waitUntilQueued for pid 0 tid 11 timed out
[S 0] WARN: waitUntilQueued for pid 0 tid 5 timed out
[S 0] WARN: waitUntilQueued for pid 0 tid 10 timed out
[S 0] WARN: waitUntilQueued for pid 0 tid 7 timed out
[S 0] WARN: waitUntilQueued for pid 0 tid 4 timed out
[S 0] WARN: waitUntilQueued for pid 0 tid 9 timed out
[S 0] WARN: waitUntilQueued for pid 0 tid 8 timed out
[S 0] WARN: waitUntilQueued for pid 0 tid 6 timed out
[H] WARN: Stalled for 20 secs so far
[S 0] WARN: waitUntilQueued for pid 0 tid 11 timed out
[S 0] WARN: waitUntilQueued for pid 0 tid 5 timed out
[H] WARN: Stalled for 30 secs so far
[S 0] WARN: waitUntilQueued for pid 0 tid 10 timed out
[S 0] WARN: waitUntilQueued for pid 0 tid 9 timed out
[S 0] WARN: waitUntilQueued for pid 0 tid 7 timed out
[S 0] WARN: waitUntilQueued for pid 0 tid 6 timed out
[S 0] WARN: waitUntilQueued for pid 0 tid 8 timed out
[S 0] WARN: waitUntilQueued for pid 0 tid 11 timed out
[H] WARN: Stalled for 20 secs so far
[S 0] WARN: waitUntilQueued for pid 0 tid 5 timed out
[S 0] WARN: waitUntilQueued for pid 0 tid 4 timed out
[S 0] WARN: waitUntilQueued for pid 0 tid 5 timed out
[H] WARN: Stalled for 30 secs so far
[S 0] WARN: waitUntilQueued for pid 0 tid 8 timed out
[S 0] WARN: waitUntilQueued for pid 0 tid 7 timed out
[H] WARN: Stalled for 40 secs so far
[S 0] WARN: waitUntilQueued for pid 0 tid 10 timed out
[S 0] WARN: waitUntilQueued for pid 0 tid 11 timed out
[H] WARN: Stalled for 50 secs so far
[S 0] WARN: waitUntilQueued for pid 0 tid 9 timed out
[S 0] WARN: waitUntilQueued for pid 0 tid 6 timed out
[S 0] WARN: waitUntilQueued for pid 0 tid 9 timed out
[S 0] WARN: waitUntilQueued for pid 0 tid 4 timed out
[S 0] WARN: waitUntilQueued for pid 0 tid 8 timed out
[S 0] WARN: waitUntilQueued for pid 0 tid 7 timed out
[S 0] WARN: waitUntilQueued for pid 0 tid 5 timed out
[H] WARN: Stalled for 20 secs so far
[S 0] WARN: waitUntilQueued for pid 0 tid 10 timed out
[S 0] WARN: waitUntilQueued for pid 0 tid 11 timed out
[S 0] WARN: waitUntilQueued for pid 0 tid 6 timed out
[H] WARN: Stalled for 30 secs so far
[S 0] WARN: waitUntilQueued for pid 0 tid 9 timed out
[S 0] Time slice ended, context-switched 1 threads, runQueue size 7, available 0
[S 0]  State:   9r
[S 0] Time slice ended, context-switched 1 threads, runQueue size 6, available 0
[S 0]  State:   4r
[S 0] Time slice ended, context-switched 1 threads, runQueue size 6, available 0
[S 0]  State:   6r
[S 0] Time slice ended, context-switched 1 threads, runQueue size 6, available 0
[S 0]  State:   5r
[S 0] WARN: waitUntilQueued for pid 0 tid 8 timed out
[S 0] WARN: waitUntilQueued for pid 0 tid 10 timed out
[S 0] WARN: waitUntilQueued for pid 0 tid 7 timed out
[S 0] WARN: waitUntilQueued for pid 0 tid 8 timed out
[S 0] WARN: waitUntilQueued for pid 0 tid 11 timed out
[S 0] WARN: waitUntilQueued for pid 0 tid 10 timed out
[S 0] WARN: waitUntilQueued for pid 0 tid 9 timed out
[S 0] WARN: waitUntilQueued for pid 0 tid 6 timed out
[S 0] WARN: waitUntilQueued for pid 0 tid 4 timed out
[H] WARN: Stalled for 20 secs so far
[S 0] WARN: waitUntilQueued for pid 0 tid 7 timed out
[S 0] WARN: waitUntilQueued for pid 0 tid 4 timed out
[H] WARN: Stalled for 30 secs so far
[S 0] WARN: waitUntilQueued for pid 0 tid 9 timed out
[S 0] WARN: waitUntilQueued for pid 0 tid 6 timed out
[H] WARN: Stalled for 40 secs so far
[S 0] WARN: waitUntilQueued for pid 0 tid 5 timed out
[S 0] WARN: waitUntilQueued for pid 0 tid 10 timed out
[S 0] WARN: waitUntilQueued for pid 0 tid 11 timed out
[S 0] WARN: waitUntilQueued for pid 0 tid 8 timed out
[S 0] WARN: waitUntilQueued for pid 0 tid 4 timed out
[S 0] WARN: waitUntilQueued for pid 0 tid 9 timed out
[S 0] WARN: waitUntilQueued for pid 0 tid 6 timed out
[S 0] WARN: waitUntilQueued for pid 0 tid 5 timed out
[S 0] WARN: waitUntilQueued for pid 0 tid 10 timed out
[H] WARN: Stalled for 20 secs so far
[S 0] WARN: waitUntilQueued for pid 0 tid 11 timed out
[S 0] WARN: waitUntilQueued for pid 0 tid 0 timed out
[S 0] WARN: waitUntilQueued for pid 0 tid 8 timed out
[S 0] WARN: waitUntilQueued for pid 0 tid 10 timed out
[S 0] WARN: waitUntilQueued for pid 0 tid 5 timed out
[S 0] WARN: waitUntilQueued for pid 0 tid 9 timed out
[S 0] WARN: waitUntilQueued for pid 0 tid 4 timed out
[S 0] WARN: waitUntilQueued for pid 0 tid 6 timed out
[S 0] WARN: waitUntilQueued for pid 0 tid 7 timed out
[S 0] WARN: waitUntilQueued for pid 0 tid 8 timed out
[S 0] WARN: waitUntilQueued for pid 0 tid 11 timed out
[H] WARN: Stalled for 20 secs so far
[S 0] WARN: waitUntilQueued for pid 0 tid 10 timed out
[S 0] WARN: waitUntilQueued for pid 0 tid 5 timed out
[S 0] WARN: waitUntilQueued for pid 0 tid 4 timed out
[H] WARN: Stalled for 30 secs so far
[S 0] WARN: waitUntilQueued for pid 0 tid 9 timed out
[S 0] WARN: waitUntilQueued for pid 0 tid 4 timed out
[S 0] WARN: waitUntilQueued for pid 0 tid 11 timed out
[S 0] WARN: waitUntilQueued for pid 0 tid 7 timed out
[S 0] WARN: waitUntilQueued for pid 0 tid 6 timed out
[S 0] WARN: waitUntilQueued for pid 0 tid 10 timed out
[S 0] WARN: waitUntilQueued for pid 0 tid 8 timed out
[H] WARN: Stalled for 20 secs so far
[S 0] WARN: waitUntilQueued for pid 0 tid 5 timed out
[S 0] WARN: waitUntilQueued for pid 0 tid 9 timed out
[H] WARN: Stalled for 30 secs so far
[S 0] WARN: waitUntilQueued for pid 0 tid 4 timed out
[S 0] Time slice ended, context-switched 1 threads, runQueue size 7, available 0
[S 0]  State:   4r
[S 0] Time slice ended, context-switched 1 threads, runQueue size 6, available 0
[S 0]  State:  10r
[S 0] Time slice ended, context-switched 1 threads, runQueue size 6, available 0
[S 0]  State:  11r
[S 0] WARN: waitUntilQueued for pid 0 tid 9 timed out
[S 0] WARN: waitUntilQueued for pid 0 tid 6 timed out
[S 0] WARN: waitUntilQueued for pid 0 tid 5 timed out
[S 0] WARN: waitUntilQueued for pid 0 tid 8 timed out
[S 0] WARN: waitUntilQueued for pid 0 tid 4 timed out
[S 0] WARN: waitUntilQueued for pid 0 tid 8 timed out
[S 0] WARN: waitUntilQueued for pid 0 tid 7 timed out
[S 0] WARN: waitUntilQueued for pid 0 tid 6 timed out
[S 0] WARN: waitUntilQueued for pid 0 tid 10 timed out
[S 0] WARN: waitUntilQueued for pid 0 tid 9 timed out
[S 0] WARN: waitUntilQueued for pid 0 tid 5 timed out
[S 0] WARN: waitUntilQueued for pid 0 tid 11 timed out
[S 0] WARN: waitUntilQueued for pid 0 tid 7 timed out
[S 0] WARN: waitUntilQueued for pid 0 tid 4 timed out
[S 0] Time slice ended, context-switched 1 threads, runQueue size 6, available 0
[S 0]  State:   0r
[S 0] WARN: waitUntilQueued for pid 0 tid 10 timed out
[S 0] WARN: waitUntilQueued for pid 0 tid 6 timed out
[S 0] WARN: waitUntilQueued for pid 0 tid 9 timed out
[S 0] WARN: waitUntilQueued for pid 0 tid 5 timed out
[S 0] WARN: waitUntilQueued for pid 0 tid 11 timed out
[S 0] WARN: waitUntilQueued for pid 0 tid 7 timed out
Processing frame 1
[S 0] WARN: waitUntilQueued for pid 0 tid 10 timed out
[S 0] WARN: waitUntilQueued for pid 0 tid 4 timed out
[S 0] WARN: waitUntilQueued for pid 0 tid 6 timed out
[S 0] WARN: waitUntilQueued for pid 0 tid 9 timed out
[S 0] WARN: waitUntilQueued for pid 0 tid 5 timed out
[S 0] WARN: waitUntilQueued for pid 0 tid 11 timed out
[H] WARN: Stalled for 20 secs so far
[S 0] WARN: waitUntilQueued for pid 0 tid 7 timed out
[S 0] WARN: waitUntilQueued for pid 0 tid 10 timed out
[S 0] WARN: waitUntilQueued for pid 0 tid 4 timed out
[S 0] WARN: waitUntilQueued for pid 0 tid 8 timed out
[S 0] WARN: waitUntilQueued for pid 0 tid 5 timed out
[S 0] WARN: waitUntilQueued for pid 0 tid 6 timed out
[S 0] WARN: waitUntilQueued for pid 0 tid 9 timed out
[H] WARN: Stalled for 20 secs so far
[S 0] WARN: waitUntilQueued for pid 0 tid 6 timed out
[S 0] WARN: waitUntilQueued for pid 0 tid 7 timed out
[S 0] WARN: waitUntilQueued for pid 0 tid 11 timed out
[H] WARN: Stalled for 30 secs so far
[S 0] WARN: waitUntilQueued for pid 0 tid 5 timed out
[S 0] WARN: waitUntilQueued for pid 0 tid 4 timed out
[H] WARN: Stalled for 40 secs so far
[S 0] WARN: waitUntilQueued for pid 0 tid 10 timed out
[S 0] WARN: waitUntilQueued for pid 0 tid 8 timed out
[H] WARN: Stalled for 50 secs so far
[S 0] WARN: waitUntilQueued for pid 0 tid 10 timed out
[S 0] WARN: waitUntilQueued for pid 0 tid 11 timed out
[S 0] WARN: waitUntilQueued for pid 0 tid 9 timed out
[S 0] WARN: waitUntilQueued for pid 0 tid 7 timed out
[S 0] WARN: waitUntilQueued for pid 0 tid 4 timed out
[S 0] WARN: waitUntilQueued for pid 0 tid 5 timed out
[S 0] WARN: waitUntilQueued for pid 0 tid 8 timed out
[S 0] WARN: waitUntilQueued for pid 0 tid 10 timed out
[S 0] WARN: waitUntilQueued for pid 0 tid 0 timed out
[S 0] WARN: waitUntilQueued for pid 0 tid 4 timed out
[S 0] WARN: waitUntilQueued for pid 0 tid 6 timed out
[S 0] WARN: waitUntilQueued for pid 0 tid 8 timed out
[S 0] WARN: waitUntilQueued for pid 0 tid 11 timed out
[S 0] WARN: waitUntilQueued for pid 0 tid 9 timed out
[H] WARN: Stalled for 20 secs so far
[S 0] WARN: waitUntilQueued for pid 0 tid 5 timed out
[S 0] WARN: waitUntilQueued for pid 0 tid 7 timed out
[H] WARN: Stalled for 30 secs so far
[S 0] WARN: waitUntilQueued for pid 0 tid 5 timed out
[S 0] WARN: waitUntilQueued for pid 0 tid 10 timed out
[S 0] WARN: waitUntilQueued for pid 0 tid 6 timed out
[H] WARN: Stalled for 40 secs so far
[S 0] WARN: waitUntilQueued for pid 0 tid 9 timed out
[S 0] WARN: waitUntilQueued for pid 0 tid 11 timed out
[H] WARN: Stalled for 50 secs so far
[S 0] WARN: waitUntilQueued for pid 0 tid 4 timed out
[S 0] WARN: waitUntilQueued for pid 0 tid 8 timed out
[S 0] WARN: waitUntilQueued for pid 0 tid 4 timed out
[S 0] WARN: waitUntilQueued for pid 0 tid 0 timed out
[S 0] WARN: waitUntilQueued for pid 0 tid 11 timed out
[S 0] WARN: waitUntilQueued for pid 0 tid 7 timed out
[S 0] WARN: waitUntilQueued for pid 0 tid 9 timed out
[S 0] WARN: waitUntilQueued for pid 0 tid 5 timed out
[S 0] WARN: waitUntilQueued for pid 0 tid 10 timed out
[H] WARN: Stalled for 20 secs so far
[S 0] WARN: waitUntilQueued for pid 0 tid 8 timed out
[S 0] WARN: waitUntilQueued for pid 0 tid 4 timed out
[S 0] WARN: waitUntilQueued for pid 0 tid 0 timed out
[S 0] WARN: waitUntilQueued for pid 0 tid 11 timed out
[S 0] WARN: waitUntilQueued for pid 0 tid 5 timed out
[S 0] WARN: waitUntilQueued for pid 0 tid 6 timed out
[S 0] WARN: waitUntilQueued for pid 0 tid 8 timed out
[H] WARN: Stalled for 20 secs so far
[S 0] WARN: waitUntilQueued for pid 0 tid 10 timed out
[S 0] WARN: waitUntilQueued for pid 0 tid 9 timed out
[S 0] WARN: waitUntilQueued for pid 0 tid 4 timed out
[S 0] WARN: waitUntilQueued for pid 0 tid 11 timed out
[S 0] WARN: waitUntilQueued for pid 0 tid 8 timed out
[S 0] WARN: waitUntilQueued for pid 0 tid 10 timed out
[S 0] WARN: waitUntilQueued for pid 0 tid 9 timed out
[H] WARN: Stalled for 20 secs so far
[S 0] WARN: waitUntilQueued for pid 0 tid 5 timed out
[S 0] WARN: waitUntilQueued for pid 0 tid 6 timed out
[H] WARN: Stalled for 30 secs so far
[S 0] WARN: waitUntilQueued for pid 0 tid 5 timed out
[S 0] WARN: waitUntilQueued for pid 0 tid 11 timed out
[S 0] WARN: waitUntilQueued for pid 0 tid 4 timed out
[H] WARN: Stalled for 40 secs so far
[S 0] WARN: waitUntilQueued for pid 0 tid 8 timed out
[S 0] WARN: waitUntilQueued for pid 0 tid 9 timed out
[H] WARN: Stalled for 50 secs so far
[S 0] WARN: waitUntilQueued for pid 0 tid 10 timed out
[S 0] WARN: waitUntilQueued for pid 0 tid 7 timed out
[S 0] WARN: waitUntilQueued for pid 0 tid 6 timed out
[S 0] WARN: waitUntilQueued for pid 0 tid 5 timed out
[S 0] WARN: waitUntilQueued for pid 0 tid 11 timed out
[S 0] WARN: waitUntilQueued for pid 0 tid 4 timed out
[S 0] WARN: waitUntilQueued for pid 0 tid 8 timed out
[H] WARN: Stalled for 20 secs so far
[S 0] WARN: waitUntilQueued for pid 0 tid 9 timed out
[S 0] WARN: waitUntilQueued for pid 0 tid 10 timed out
[H] WARN: Stalled for 30 secs so far
[S 0] WARN: waitUntilQueued for pid 0 tid 7 timed out
[S 0] WARN: waitUntilQueued for pid 0 tid 6 timed out
[S 0] WARN: waitUntilQueued for pid 0 tid 8 timed out
[S 0] WARN: waitUntilQueued for pid 0 tid 11 timed out
[S 0] WARN: waitUntilQueued for pid 0 tid 9 timed out
[S 0] WARN: waitUntilQueued for pid 0 tid 5 timed out
[S 0] WARN: waitUntilQueued for pid 0 tid 4 timed out
[S 0] WARN: waitUntilQueued for pid 0 tid 5 timed out
[S 0] WARN: waitUntilQueued for pid 0 tid 10 timed out
[S 0] WARN: waitUntilQueued for pid 0 tid 9 timed out
[H] WARN: Stalled for 20 secs so far
[S 0] WARN: waitUntilQueued for pid 0 tid 6 timed out
[S 0] WARN: waitUntilQueued for pid 0 tid 11 timed out
[H] WARN: Stalled for 30 secs so far
[S 0] WARN: waitUntilQueued for pid 0 tid 8 timed out
[S 0] WARN: waitUntilQueued for pid 0 tid 7 timed out
[H] WARN: Stalled for 40 secs so far
[S 0] WARN: waitUntilQueued for pid 0 tid 8 timed out
[S 0] WARN: waitUntilQueued for pid 0 tid 10 timed out
[S 0] WARN: waitUntilQueued for pid 0 tid 5 timed out
[S 0] WARN: waitUntilQueued for pid 0 tid 11 timed out
[S 0] WARN: waitUntilQueued for pid 0 tid 9 timed out
[S 0] WARN: waitUntilQueued for pid 0 tid 4 timed out
[S 0] WARN: waitUntilQueued for pid 0 tid 7 timed out
[S 0] WARN: waitUntilQueued for pid 0 tid 8 timed out
[S 0] WARN: waitUntilQueued for pid 0 tid 10 timed out
[S 0] WARN: waitUntilQueued for pid 0 tid 0 timed out
[S 0] WARN: waitUntilQueued for pid 0 tid 9 timed out
[S 0] WARN: waitUntilQueued for pid 0 tid 5 timed out
[S 0] WARN: waitUntilQueued for pid 0 tid 11 timed out
[S 0] WARN: waitUntilQueued for pid 0 tid 7 timed out
[S 0] WARN: waitUntilQueued for pid 0 tid 4 timed out
[S 0] WARN: waitUntilQueued for pid 0 tid 6 timed out
[H] WARN: Stalled for 20 secs so far
[S 0] WARN: waitUntilQueued for pid 0 tid 4 timed out
[S 0] WARN: waitUntilQueued for pid 0 tid 10 timed out
[S 0] WARN: waitUntilQueued for pid 0 tid 8 timed out
[H] WARN: Stalled for 30 secs so far
[S 0] WARN: waitUntilQueued for pid 0 tid 11 timed out
[S 0] WARN: waitUntilQueued for pid 0 tid 9 timed out
[H] WARN: Stalled for 40 secs so far
[S 0] WARN: waitUntilQueued for pid 0 tid 5 timed out
[S 0] WARN: waitUntilQueued for pid 0 tid 7 timed out
[H] WARN: Stalled for 50 secs so far
[S 0] WARN: waitUntilQueued for pid 0 tid 5 timed out
[S 0] WARN: waitUntilQueued for pid 0 tid 4 timed out
[S 0] WARN: waitUntilQueued for pid 0 tid 11 timed out
[S 0] WARN: waitUntilQueued for pid 0 tid 8 timed out
[S 0] WARN: waitUntilQueued for pid 0 tid 9 timed out
[S 0] WARN: waitUntilQueued for pid 0 tid 10 timed out
[S 0] WARN: waitUntilQueued for pid 0 tid 7 timed out
[S 0] WARN: waitUntilQueued for pid 0 tid 5 timed out
[S 0] WARN: waitUntilQueued for pid 0 tid 0 timed out
[S 0] WARN: waitUntilQueued for pid 0 tid 4 timed out
[S 0] WARN: waitUntilQueued for pid 0 tid 10 timed out
[S 0] WARN: waitUntilQueued for pid 0 tid 6 timed out
[S 0] WARN: waitUntilQueued for pid 0 tid 11 timed out
[S 0] WARN: waitUntilQueued for pid 0 tid 7 timed out
[H] WARN: Stalled for 20 secs so far
[S 0] WARN: waitUntilQueued for pid 0 tid 9 timed out
[S 0] WARN: waitUntilQueued for pid 0 tid 5 timed out
[S 0] WARN: waitUntilQueued for pid 0 tid 6 timed out
[S 0] WARN: waitUntilQueued for pid 0 tid 11 timed out
[S 0] WARN: waitUntilQueued for pid 0 tid 4 timed out
[S 0] WARN: waitUntilQueued for pid 0 tid 7 timed out
[S 0] WARN: waitUntilQueued for pid 0 tid 9 timed out
[H] WARN: Stalled for 20 secs so far
[S 0] WARN: waitUntilQueued for pid 0 tid 10 timed out
[S 0] WARN: waitUntilQueued for pid 0 tid 9 timed out
[S 0] WARN: waitUntilQueued for pid 0 tid 6 timed out
[S 0] WARN: waitUntilQueued for pid 0 tid 7 timed out
[S 0] WARN: waitUntilQueued for pid 0 tid 4 timed out
[S 0] WARN: waitUntilQueued for pid 0 tid 5 timed out
[S 0] WARN: waitUntilQueued for pid 0 tid 11 timed out
[H] WARN: Stalled for 20 secs so far
[S 0] WARN: waitUntilQueued for pid 0 tid 8 timed out
[S 0] WARN: waitUntilQueued for pid 0 tid 10 timed out
[H] WARN: Stalled for 30 secs so far
[S 0] WARN: waitUntilQueued for pid 0 tid 9 timed out
[S 0] WARN: waitUntilQueued for pid 0 tid 0 timed out
[S 0] WARN: waitUntilQueued for pid 0 tid 7 timed out
[S 0] WARN: waitUntilQueued for pid 0 tid 4 timed out
[S 0] WARN: waitUntilQueued for pid 0 tid 10 timed out
[S 0] WARN: waitUntilQueued for pid 0 tid 11 timed out
[S 0] WARN: waitUntilQueued for pid 0 tid 5 timed out
[H] WARN: Stalled for 20 secs so far
[S 0] WARN: waitUntilQueued for pid 0 tid 8 timed out
[S 0] WARN: waitUntilQueued for pid 0 tid 6 timed out
[H] WARN: Stalled for 30 secs so far
[S 0] WARN: waitUntilQueued for pid 0 tid 8 timed out
[S 0] WARN: waitUntilQueued for pid 0 tid 9 timed out
[S 0] WARN: waitUntilQueued for pid 0 tid 4 timed out
[S 0] WARN: waitUntilQueued for pid 0 tid 11 timed out
[S 0] WARN: waitUntilQueued for pid 0 tid 5 timed out
[S 0] WARN: waitUntilQueued for pid 0 tid 10 timed out
[S 0] WARN: waitUntilQueued for pid 0 tid 5 timed out
[H] WARN: Stalled for 20 secs so far
[S 0] WARN: waitUntilQueued for pid 0 tid 6 timed out
[S 0] WARN: waitUntilQueued for pid 0 tid 4 timed out
[S 0] WARN: waitUntilQueued for pid 0 tid 8 timed out
[H] WARN: Stalled for 30 secs so far
[S 0] WARN: waitUntilQueued for pid 0 tid 7 timed out
[S 0] WARN: waitUntilQueued for pid 0 tid 11 timed out
[H] WARN: Stalled for 40 secs so far
[S 0] WARN: waitUntilQueued for pid 0 tid 9 timed out
[S 0] WARN: waitUntilQueued for pid 0 tid 10 timed out
[S 0] WARN: waitUntilQueued for pid 0 tid 6 timed out
[S 0] WARN: waitUntilQueued for pid 0 tid 4 timed out
[S 0] WARN: waitUntilQueued for pid 0 tid 5 timed out
[S 0] WARN: waitUntilQueued for pid 0 tid 8 timed out
[S 0] WARN: waitUntilQueued for pid 0 tid 7 timed out
[S 0] WARN: waitUntilQueued for pid 0 tid 11 timed out
[S 0] WARN: waitUntilQueued for pid 0 tid 10 timed out
[S 0] WARN: waitUntilQueued for pid 0 tid 11 timed out
[S 0] WARN: waitUntilQueued for pid 0 tid 7 timed out
[S 0] WARN: waitUntilQueued for pid 0 tid 8 timed out
[S 0] WARN: waitUntilQueued for pid 0 tid 4 timed out
[S 0] WARN: waitUntilQueued for pid 0 tid 5 timed out
[S 0] WARN: waitUntilQueued for pid 0 tid 4 timed out
[S 0] WARN: waitUntilQueued for pid 0 tid 6 timed out
[H] WARN: Stalled for 20 secs so far
[S 0] WARN: waitUntilQueued for pid 0 tid 8 timed out
[S 0] WARN: waitUntilQueued for pid 0 tid 9 timed out
[H] WARN: Stalled for 30 secs so far
[S 0] WARN: waitUntilQueued for pid 0 tid 10 timed out
[S 0] WARN: waitUntilQueued for pid 0 tid 11 timed out
[S 0] WARN: waitUntilQueued for pid 0 tid 7 timed out
[H] WARN: Stalled for 40 secs so far
[S 0] WARN: waitUntilQueued for pid 0 tid 11 timed out
[S 0] WARN: waitUntilQueued for pid 0 tid 4 timed out
[S 0] WARN: waitUntilQueued for pid 0 tid 9 timed out
[S 0] WARN: waitUntilQueued for pid 0 tid 5 timed out
[S 0] WARN: waitUntilQueued for pid 0 tid 10 timed out
[S 0] WARN: waitUntilQueued for pid 0 tid 8 timed out
[S 0] WARN: waitUntilQueued for pid 0 tid 6 timed out
[S 0] WARN: waitUntilQueued for pid 0 tid 7 timed out
[S 0] WARN: waitUntilQueued for pid 0 tid 11 timed out
[S 0] Time slice ended, context-switched 1 threads, runQueue size 7, available 0
[S 0]  State:  11r
[S 0] WARN: waitUntilQueued for pid 0 tid 4 timed out
[S 0] WARN: waitUntilQueued for pid 0 tid 7 timed out
[S 0] WARN: waitUntilQueued for pid 0 tid 5 timed out
[S 0] WARN: waitUntilQueued for pid 0 tid 9 timed out
[S 0] WARN: waitUntilQueued for pid 0 tid 8 timed out
[H] WARN: Stalled for 20 secs so far
[S 0] WARN: waitUntilQueued for pid 0 tid 10 timed out
[S 0] WARN: waitUntilQueued for pid 0 tid 9 timed out
[S 0] WARN: waitUntilQueued for pid 0 tid 4 timed out
[S 0] WARN: waitUntilQueued for pid 0 tid 10 timed out
[S 0] WARN: waitUntilQueued for pid 0 tid 7 timed out
[S 0] WARN: waitUntilQueued for pid 0 tid 8 timed out
[S 0] WARN: waitUntilQueued for pid 0 tid 5 timed out
[H] WARN: Stalled for 20 secs so far
[S 0] WARN: waitUntilQueued for pid 0 tid 6 timed out
[S 0] WARN: waitUntilQueued for pid 0 tid 5 timed out
[S 0] WARN: waitUntilQueued for pid 0 tid 10 timed out
[S 0] WARN: waitUntilQueued for pid 0 tid 9 timed out
[S 0] WARN: waitUntilQueued for pid 0 tid 11 timed out
[S 0] WARN: waitUntilQueued for pid 0 tid 7 timed out
[S 0] WARN: waitUntilQueued for pid 0 tid 8 timed out
[H] WARN: Stalled for 20 secs so far
[S 0] WARN: waitUntilQueued for pid 0 tid 4 timed out
[S 0] WARN: waitUntilQueued for pid 0 tid 6 timed out
[S 0] WARN: waitUntilQueued for pid 0 tid 5 timed out
[S 0] WARN: waitUntilQueued for pid 0 tid 0 timed out
[S 0] WARN: waitUntilQueued for pid 0 tid 10 timed out
[S 0] WARN: waitUntilQueued for pid 0 tid 9 timed out
[S 0] WARN: waitUntilQueued for pid 0 tid 11 timed out
[S 0] WARN: waitUntilQueued for pid 0 tid 6 timed out
[S 0] WARN: waitUntilQueued for pid 0 tid 8 timed out
[H] WARN: Stalled for 20 secs so far
[S 0] WARN: waitUntilQueued for pid 0 tid 4 timed out
[S 0] WARN: waitUntilQueued for pid 0 tid 7 timed out
[H] WARN: Stalled for 30 secs so far
[S 0] WARN: waitUntilQueued for pid 0 tid 4 timed out
[S 0] WARN: waitUntilQueued for pid 0 tid 10 timed out
[H] WARN: Stalled for 40 secs so far
[S 0] WARN: waitUntilQueued for pid 0 tid 5 timed out
[S 0] WARN: waitUntilQueued for pid 0 tid 8 timed out
[S 0] WARN: waitUntilQueued for pid 0 tid 6 timed out
[H] WARN: Stalled for 50 secs so far
[S 0] WARN: waitUntilQueued for pid 0 tid 11 timed out
[S 0] WARN: waitUntilQueued for pid 0 tid 9 timed out
[S 0] WARN: waitUntilQueued for pid 0 tid 11 timed out
[S 0] WARN: waitUntilQueued for pid 0 tid 10 timed out
[S 0] WARN: waitUntilQueued for pid 0 tid 6 timed out
[S 0] WARN: waitUntilQueued for pid 0 tid 4 timed out
[S 0] WARN: waitUntilQueued for pid 0 tid 8 timed out
[S 0] WARN: waitUntilQueued for pid 0 tid 5 timed out
[S 0] WARN: waitUntilQueued for pid 0 tid 7 timed out
[S 0] WARN: waitUntilQueued for pid 0 tid 9 timed out
[S 0] WARN: waitUntilQueued for pid 0 tid 11 timed out
[H] WARN: Stalled for 20 secs so far
[S 0] WARN: waitUntilQueued for pid 0 tid 10 timed out
[S 0] WARN: waitUntilQueued for pid 0 tid 4 timed out
[S 0] WARN: waitUntilQueued for pid 0 tid 8 timed out
[S 0] WARN: waitUntilQueued for pid 0 tid 0 timed out
[S 0] WARN: waitUntilQueued for pid 0 tid 7 timed out
[S 0] WARN: waitUntilQueued for pid 0 tid 10 timed out
[S 0] WARN: waitUntilQueued for pid 0 tid 5 timed out
[S 0] WARN: waitUntilQueued for pid 0 tid 11 timed out
[S 0] WARN: waitUntilQueued for pid 0 tid 4 timed out
[H] WARN: Stalled for 20 secs so far
[S 0] WARN: waitUntilQueued for pid 0 tid 6 timed out
[S 0] WARN: waitUntilQueued for pid 0 tid 9 timed out
[S 0] WARN: waitUntilQueued for pid 0 tid 6 timed out
[H] WARN: Stalled for 30 secs so far
[S 0] WARN: waitUntilQueued for pid 0 tid 10 timed out
[S 0] WARN: waitUntilQueued for pid 0 tid 4 timed out
[H] WARN: Stalled for 40 secs so far
[S 0] WARN: waitUntilQueued for pid 0 tid 8 timed out
[S 0] WARN: waitUntilQueued for pid 0 tid 7 timed out
[H] WARN: Stalled for 50 secs so far
[S 0] WARN: waitUntilQueued for pid 0 tid 5 timed out
[S 0] WARN: waitUntilQueued for pid 0 tid 11 timed out
[S 0] WARN: waitUntilQueued for pid 0 tid 5 timed out
[H] WARN: Stalled for 60 secs so far
[S 0] WARN: waitUntilQueued for pid 0 tid 6 timed out
[S 0] WARN: waitUntilQueued for pid 0 tid 8 timed out
[S 0] WARN: waitUntilQueued for pid 0 tid 4 timed out
[S 0] WARN: waitUntilQueued for pid 0 tid 7 timed out
[S 0] WARN: waitUntilQueued for pid 0 tid 9 timed out
[S 0] WARN: waitUntilQueued for pid 0 tid 10 timed out
[S 0] WARN: waitUntilQueued for pid 0 tid 11 timed out
[H] WARN: Stalled for 20 secs so far
[S 0] WARN: waitUntilQueued for pid 0 tid 5 timed out
[S 0] WARN: waitUntilQueued for pid 0 tid 6 timed out
[S 0] WARN: waitUntilQueued for pid 0 tid 0 timed out
[S 0] WARN: waitUntilQueued for pid 0 tid 4 timed out
[S 0] WARN: waitUntilQueued for pid 0 tid 9 timed out
[S 0] WARN: waitUntilQueued for pid 0 tid 10 timed out
[S 0] WARN: waitUntilQueued for pid 0 tid 11 timed out
[H] WARN: Stalled for 20 secs so far
[S 0] WARN: waitUntilQueued for pid 0 tid 5 timed out
[S 0] WARN: waitUntilQueued for pid 0 tid 7 timed out
[H] WARN: Stalled for 30 secs so far
[S 0] WARN: waitUntilQueued for pid 0 tid 8 timed out
[S 0] WARN: waitUntilQueued for pid 0 tid 7 timed out
[H] WARN: Stalled for 40 secs so far
[S 0] WARN: waitUntilQueued for pid 0 tid 6 timed out
[S 0] WARN: waitUntilQueued for pid 0 tid 9 timed out
[S 0] WARN: waitUntilQueued for pid 0 tid 10 timed out
[H] WARN: Stalled for 50 secs so far
[S 0] WARN: waitUntilQueued for pid 0 tid 5 timed out
[S 0] WARN: waitUntilQueued for pid 0 tid 4 timed out
[H] WARN: Stalled for 60 secs so far
[S 0] WARN: waitUntilQueued for pid 0 tid 11 timed out
[S 0] WARN: waitUntilQueued for pid 0 tid 4 timed out
[H] WARN: Stalled for 70 secs so far
[S 0] WARN: waitUntilQueued for pid 0 tid 7 timed out
[S 0] WARN: waitUntilQueued for pid 0 tid 10 timed out
[S 0] WARN: waitUntilQueued for pid 0 tid 5 timed out
[S 0] WARN: waitUntilQueued for pid 0 tid 8 timed out
[S 0] WARN: waitUntilQueued for pid 0 tid 9 timed out
[S 0] WARN: waitUntilQueued for pid 0 tid 6 timed out
[S 0] WARN: waitUntilQueued for pid 0 tid 11 timed out
[H] WARN: Stalled for 20 secs so far
[S 0] WARN: waitUntilQueued for pid 0 tid 4 timed out
[S 0] WARN: waitUntilQueued for pid 0 tid 7 timed out
[H] WARN: Stalled for 30 secs so far
[S 0] WARN: waitUntilQueued for pid 0 tid 10 timed out
[S 0] WARN: waitUntilQueued for pid 0 tid 0 timed out
[S 0] WARN: waitUntilQueued for pid 0 tid 8 timed out
[S 0] WARN: waitUntilQueued for pid 0 tid 4 timed out
[S 0] WARN: waitUntilQueued for pid 0 tid 7 timed out
[S 0] WARN: waitUntilQueued for pid 0 tid 11 timed out
[S 0] WARN: waitUntilQueued for pid 0 tid 9 timed out
[S 0] WARN: waitUntilQueued for pid 0 tid 5 timed out
[S 0] WARN: waitUntilQueued for pid 0 tid 6 timed out
[S 0] WARN: waitUntilQueued for pid 0 tid 10 timed out
[S 0] WARN: waitUntilQueued for pid 0 tid 9 timed out
[S 0] WARN: waitUntilQueued for pid 0 tid 4 timed out
[H] WARN: Stalled for 20 secs so far
[S 0] WARN: waitUntilQueued for pid 0 tid 7 timed out
[S 0] WARN: waitUntilQueued for pid 0 tid 8 timed out
[H] WARN: Stalled for 30 secs so far
[S 0] WARN: waitUntilQueued for pid 0 tid 11 timed out
[S 0] WARN: waitUntilQueued for pid 0 tid 8 timed out
[H] WARN: Stalled for 40 secs so far
[S 0] WARN: waitUntilQueued for pid 0 tid 6 timed out
[S 0] WARN: waitUntilQueued for pid 0 tid 5 timed out
[S 0] WARN: waitUntilQueued for pid 0 tid 4 timed out
[H] WARN: Stalled for 50 secs so far
[S 0] WARN: waitUntilQueued for pid 0 tid 7 timed out
[S 0] WARN: waitUntilQueued for pid 0 tid 10 timed out
[H] WARN: Stalled for 60 secs so far
[S 0] WARN: waitUntilQueued for pid 0 tid 9 timed out
[S 0] WARN: waitUntilQueued for pid 0 tid 11 timed out
[S 0] WARN: waitUntilQueued for pid 0 tid 8 timed out
[S 0] WARN: waitUntilQueued for pid 0 tid 6 timed out
[S 0] WARN: waitUntilQueued for pid 0 tid 4 timed out
[S 0] WARN: waitUntilQueued for pid 0 tid 7 timed out
[S 0] WARN: waitUntilQueued for pid 0 tid 5 timed out
[H] WARN: Stalled for 20 secs so far
[S 0] WARN: waitUntilQueued for pid 0 tid 10 timed out
[S 0] WARN: waitUntilQueued for pid 0 tid 9 timed out
[S 0] Time slice ended, context-switched 1 threads, runQueue size 6, available 0
[S 0]  State:   9r
[S 0] Time slice ended, context-switched 1 threads, runQueue size 6, available 0
[S 0]  State:  11r
[S 0] Time slice ended, context-switched 1 threads, runQueue size 6, available 0
[S 0]  State:   6r
[S 0] WARN: waitUntilQueued for pid 0 tid 7 timed out
[S 0] WARN: waitUntilQueued for pid 0 tid 8 timed out
[S 0] WARN: waitUntilQueued for pid 0 tid 4 timed out
[S 0] WARN: waitUntilQueued for pid 0 tid 5 timed out
[S 0] WARN: waitUntilQueued for pid 0 tid 4 timed out
[S 0] WARN: waitUntilQueued for pid 0 tid 9 timed out
[S 0] WARN: waitUntilQueued for pid 0 tid 11 timed out
[S 0] WARN: waitUntilQueued for pid 0 tid 10 timed out
[H] WARN: Stalled for 20 secs so far
[S 0] WARN: waitUntilQueued for pid 0 tid 7 timed out
[S 0] WARN: waitUntilQueued for pid 0 tid 8 timed out
[H] WARN: Stalled for 30 secs so far
[S 0] WARN: waitUntilQueued for pid 0 tid 7 timed out
[S 0] WARN: waitUntilQueued for pid 0 tid 5 timed out
[H] WARN: Stalled for 40 secs so far
[S 0] WARN: waitUntilQueued for pid 0 tid 4 timed out
[S 0] WARN: waitUntilQueued for pid 0 tid 6 timed out
[S 0] WARN: waitUntilQueued for pid 0 tid 9 timed out
[S 0] WARN: waitUntilQueued for pid 0 tid 10 timed out
[S 0] WARN: waitUntilQueued for pid 0 tid 11 timed out
[S 0] WARN: waitUntilQueued for pid 0 tid 8 timed out
[S 0] WARN: waitUntilQueued for pid 0 tid 7 timed out
[H] WARN: Stalled for 20 secs so far
[S 0] WARN: waitUntilQueued for pid 0 tid 5 timed out
[S 0] WARN: waitUntilQueued for pid 0 tid 6 timed out
[S 0] Time slice ended, context-switched 1 threads, runQueue size 7, available 0
[S 0]  State:   6r
[S 0] WARN: waitUntilQueued for pid 0 tid 8 timed out
[S 0] WARN: waitUntilQueued for pid 0 tid 10 timed out
[S 0] WARN: waitUntilQueued for pid 0 tid 4 timed out
[S 0] WARN: waitUntilQueued for pid 0 tid 11 timed out
[S 0] WARN: waitUntilQueued for pid 0 tid 7 timed out
[H] WARN: Stalled for 20 secs so far
[S 0] WARN: waitUntilQueued for pid 0 tid 5 timed out
[S 0] WARN: waitUntilQueued for pid 0 tid 10 timed out
[S 0] WARN: waitUntilQueued for pid 0 tid 9 timed out
[S 0] WARN: waitUntilQueued for pid 0 tid 4 timed out
[S 0] WARN: waitUntilQueued for pid 0 tid 7 timed out
[S 0] WARN: waitUntilQueued for pid 0 tid 5 timed out
[S 0] WARN: waitUntilQueued for pid 0 tid 8 timed out
[H] WARN: Stalled for 20 secs so far
[S 0] WARN: waitUntilQueued for pid 0 tid 11 timed out
[S 0] WARN: waitUntilQueued for pid 0 tid 8 timed out
[H] WARN: Stalled for 30 secs so far
[S 0] WARN: waitUntilQueued for pid 0 tid 4 timed out
[S 0] WARN: waitUntilQueued for pid 0 tid 5 timed out
[H] WARN: Stalled for 40 secs so far
[S 0] WARN: waitUntilQueued for pid 0 tid 7 timed out
[S 0] WARN: waitUntilQueued for pid 0 tid 0 timed out
[S 0] WARN: waitUntilQueued for pid 0 tid 9 timed out
[S 0] WARN: waitUntilQueued for pid 0 tid 10 timed out
[S 0] WARN: waitUntilQueued for pid 0 tid 11 timed out
[S 0] WARN: waitUntilQueued for pid 0 tid 8 timed out
[S 0] WARN: waitUntilQueued for pid 0 tid 4 timed out
[H] WARN: Stalled for 20 secs so far
[S 0] WARN: waitUntilQueued for pid 0 tid 5 timed out
[S 0] WARN: waitUntilQueued for pid 0 tid 7 timed out
[S 0] Time slice ended, context-switched 1 threads, runQueue size 7, available 0
[S 0]  State:   7r
[S 0] Time slice ended, context-switched 1 threads, runQueue size 6, available 0
[S 0]  State:   6r
[S 0] Time slice ended, context-switched 1 threads, runQueue size 6, available 0
[S 0]  State:   5r
[S 0] WARN: waitUntilQueued for pid 0 tid 10 timed out
[S 0] WARN: waitUntilQueued for pid 0 tid 8 timed out
[S 0] WARN: waitUntilQueued for pid 0 tid 4 timed out
[S 0] WARN: waitUntilQueued for pid 0 tid 11 timed out
[S 0] WARN: waitUntilQueued for pid 0 tid 9 timed out
[S 0] WARN: waitUntilQueued for pid 0 tid 4 timed out
[S 0] WARN: waitUntilQueued for pid 0 tid 11 timed out
[S 0] WARN: waitUntilQueued for pid 0 tid 7 timed out
[S 0] WARN: waitUntilQueued for pid 0 tid 6 timed out
[S 0] WARN: waitUntilQueued for pid 0 tid 10 timed out
[H] WARN: Stalled for 20 secs so far
[S 0] WARN: waitUntilQueued for pid 0 tid 8 timed out
[S 0] WARN: waitUntilQueued for pid 0 tid 10 timed out
[S 0] WARN: waitUntilQueued for pid 0 tid 9 timed out
[H] WARN: Stalled for 30 secs so far
[S 0] WARN: waitUntilQueued for pid 0 tid 7 timed out
[S 0] WARN: waitUntilQueued for pid 0 tid 11 timed out
[H] WARN: Stalled for 40 secs so far
[S 0] WARN: waitUntilQueued for pid 0 tid 5 timed out
[S 0] WARN: waitUntilQueued for pid 0 tid 6 timed out
[H] WARN: Stalled for 50 secs so far
[S 0] WARN: waitUntilQueued for pid 0 tid 4 timed out
[S 0] WARN: waitUntilQueued for pid 0 tid 8 timed out
[S 0] WARN: waitUntilQueued for pid 0 tid 10 timed out
[S 0] WARN: waitUntilQueued for pid 0 tid 9 timed out
[S 0] WARN: waitUntilQueued for pid 0 tid 7 timed out
[S 0] WARN: waitUntilQueued for pid 0 tid 11 timed out
[S 0] WARN: waitUntilQueued for pid 0 tid 6 timed out
[H] WARN: Stalled for 20 secs so far
[S 0] WARN: waitUntilQueued for pid 0 tid 5 timed out
[S 0] WARN: waitUntilQueued for pid 0 tid 4 timed out
[S 0] WARN: waitUntilQueued for pid 0 tid 8 timed out
[S 0] WARN: waitUntilQueued for pid 0 tid 10 timed out
[S 0] WARN: waitUntilQueued for pid 0 tid 11 timed out
[S 0] WARN: waitUntilQueued for pid 0 tid 7 timed out
[H] WARN: Stalled for 20 secs so far
[S 0] WARN: waitUntilQueued for pid 0 tid 5 timed out
[S 0] WARN: waitUntilQueued for pid 0 tid 6 timed out
[S 0] WARN: waitUntilQueued for pid 0 tid 9 timed out
[S 0] WARN: waitUntilQueued for pid 0 tid 6 timed out
[S 0] WARN: waitUntilQueued for pid 0 tid 10 timed out
[S 0] WARN: waitUntilQueued for pid 0 tid 7 timed out
[S 0] WARN: waitUntilQueued for pid 0 tid 8 timed out
[H] WARN: Stalled for 20 secs so far
[S 0] WARN: waitUntilQueued for pid 0 tid 4 timed out
[S 0] WARN: waitUntilQueued for pid 0 tid 5 timed out
[S 0] WARN: waitUntilQueued for pid 0 tid 11 timed out
[H] WARN: Stalled for 30 secs so far
[S 0] WARN: waitUntilQueued for pid 0 tid 5 timed out
[S 0] WARN: waitUntilQueued for pid 0 tid 9 timed out
[H] WARN: Stalled for 40 secs so far
[S 0] WARN: waitUntilQueued for pid 0 tid 7 timed out
[S 0] WARN: waitUntilQueued for pid 0 tid 8 timed out
[H] WARN: Stalled for 50 secs so far
[S 0] WARN: waitUntilQueued for pid 0 tid 0 timed out
[S 0] WARN: waitUntilQueued for pid 0 tid 10 timed out
[S 0] WARN: waitUntilQueued for pid 0 tid 6 timed out
[S 0] WARN: waitUntilQueued for pid 0 tid 11 timed out
[S 0] WARN: waitUntilQueued for pid 0 tid 5 timed out
[S 0] WARN: waitUntilQueued for pid 0 tid 9 timed out
[S 0] WARN: waitUntilQueued for pid 0 tid 7 timed out
[H] WARN: Stalled for 20 secs so far
[S 0] WARN: waitUntilQueued for pid 0 tid 8 timed out
[S 0] Time slice ended, context-switched 1 threads, runQueue size 7, available 0
[S 0]  State:   8r
[S 0] Time slice ended, context-switched 1 threads, runQueue size 6, available 0
[S 0]  State:  10r
[S 0] Time slice ended, context-switched 1 threads, runQueue size 6, available 0
[S 0]  State:  11r
[S 0] WARN: waitUntilQueued for pid 0 tid 7 timed out
[S 0] WARN: waitUntilQueued for pid 0 tid 9 timed out
[S 0] WARN: waitUntilQueued for pid 0 tid 5 timed out
[S 0] WARN: waitUntilQueued for pid 0 tid 6 timed out
[S 0] WARN: waitUntilQueued for pid 0 tid 4 timed out
[S 0] WARN: waitUntilQueued for pid 0 tid 9 timed out
[S 0] WARN: waitUntilQueued for pid 0 tid 10 timed out
[S 0] WARN: waitUntilQueued for pid 0 tid 8 timed out
[S 0] WARN: waitUntilQueued for pid 0 tid 5 timed out
[H] WARN: Stalled for 20 secs so far
[S 0] WARN: waitUntilQueued for pid 0 tid 6 timed out
[S 0] WARN: waitUntilQueued for pid 0 tid 7 timed out
[H] WARN: Stalled for 30 secs so far
[S 0] WARN: waitUntilQueued for pid 0 tid 6 timed out
[S 0] WARN: waitUntilQueued for pid 0 tid 11 timed out
[S 0] Time slice ended, context-switched 1 threads, runQueue size 6, available 0
[S 0]  State:   0r
[S 0] WARN: waitUntilQueued for pid 0 tid 10 timed out
[S 0] WARN: waitUntilQueued for pid 0 tid 4 timed out
[S 0] WARN: waitUntilQueued for pid 0 tid 8 timed out
[S 0] WARN: waitUntilQueued for pid 0 tid 5 timed out
[S 0] WARN: waitUntilQueued for pid 0 tid 7 timed out
[H] WARN: Stalled for 20 secs so far
[S 0] WARN: waitUntilQueued for pid 0 tid 6 timed out
[S 0] WARN: waitUntilQueued for pid 0 tid 10 timed out
[S 0] WARN: waitUntilQueued for pid 0 tid 4 timed out
[S 0] WARN: waitUntilQueued for pid 0 tid 8 timed out
[S 0] WARN: waitUntilQueued for pid 0 tid 11 timed out
[S 0] WARN: waitUntilQueued for pid 0 tid 5 timed out
[S 0] WARN: waitUntilQueued for pid 0 tid 7 timed out
[H] WARN: Stalled for 20 secs so far
[S 0] WARN: waitUntilQueued for pid 0 tid 6 timed out
[S 0] WARN: waitUntilQueued for pid 0 tid 4 timed out
[S 0] WARN: waitUntilQueued for pid 0 tid 8 timed out
[S 0] WARN: waitUntilQueued for pid 0 tid 7 timed out
[S 0] WARN: waitUntilQueued for pid 0 tid 9 timed out
[S 0] WARN: waitUntilQueued for pid 0 tid 10 timed out
[S 0] WARN: waitUntilQueued for pid 0 tid 11 timed out
[H] WARN: Stalled for 20 secs so far
[S 0] WARN: waitUntilQueued for pid 0 tid 5 timed out
[S 0] WARN: waitUntilQueued for pid 0 tid 11 timed out
[S 0] WARN: waitUntilQueued for pid 0 tid 4 timed out
[S 0] WARN: waitUntilQueued for pid 0 tid 7 timed out
[S 0] WARN: waitUntilQueued for pid 0 tid 10 timed out
[S 0] WARN: waitUntilQueued for pid 0 tid 8 timed out
[S 0] WARN: waitUntilQueued for pid 0 tid 9 timed out
[H] WARN: Stalled for 20 secs so far
[S 0] WARN: waitUntilQueued for pid 0 tid 6 timed out
[S 0] WARN: waitUntilQueued for pid 0 tid 9 timed out
[H] WARN: Stalled for 30 secs so far
[S 0] WARN: waitUntilQueued for pid 0 tid 0 timed out
[S 0] WARN: waitUntilQueued for pid 0 tid 10 timed out
[H] WARN: Stalled for 40 secs so far
[S 0] WARN: waitUntilQueued for pid 0 tid 4 timed out
[S 0] WARN: waitUntilQueued for pid 0 tid 5 timed out
[S 0] WARN: waitUntilQueued for pid 0 tid 11 timed out
[H] WARN: Stalled for 50 secs so far
[S 0] WARN: waitUntilQueued for pid 0 tid 7 timed out
[S 0] WARN: waitUntilQueued for pid 0 tid 8 timed out
[S 0] WARN: waitUntilQueued for pid 0 tid 6 timed out
[S 0] WARN: waitUntilQueued for pid 0 tid 9 timed out
[S 0] Time slice ended, context-switched 1 threads, runQueue size 7, available 0
[S 0]  State:   9r
[S 0] Max total (aggregate) instructions reached (5000004908)
[S 0] Termination condition met, exiting
[S 0] Caught termination condition on join, exiting
[S 0] Caught termination condition on join, exiting
[S 0] Caught termination condition on join, exiting
[S 0] Caught termination condition on join, exiting
[S 0] Terminating scheduler watchdog thread
[S 0] Caught termination condition on join, exiting
[S 0] Caught termination condition on join, exiting
[S 0] Termination condition met, exiting
[S 0] Dumping termination stats
[H] Child 90251 done
[H] All children done, exiting
