# zsim stats
===
root: # Stats
 contention: # Contention simulation stats
  domain-0: # Domain stats
   time: 6056589282 # Weave simulation time
 time: # Simulator time breakdown
  init: 3076138807
  bound: 1255518077189
  weave: 10983516463
  ff: 0
 trigger: 20000 # Reason for this stats dump
 phase: 361135 # Simulated phases
 westmere: # Core stats
  westmere-0: # Core stats
   cycles: 3611350425 # Simulated unhalted cycles
   cCycles: 125907621 # Cycles due to contention stalls
   instrs: 5000006141 # Simulated instructions
   uops: 5260260470 # Retired micro-ops
   bbls: 726460059 # Basic blocks
   approxInstrs: 360 # Instrs with approx uop decoding
   mispredBranches: 31767334 # Mispredicted branches
   condBranches: 701265862 # conditional branches
   fetchStalls: 18446744072967665901 # Fetch stalls
   decodeStalls: 2281141120 # Decode stalls
   issueStalls: 39006316 # Issue stalls
 l1i: # Cache stats
  l1i-0: # Filter cache stats
   fhGETS: 936449164 # Filtered GETS hits
   fhGETX: 0 # Filtered GETX hits
   hGETS: 65052511 # GETS hits
   hGETX: 0 # GETX hits
   mGETS: 4826 # GETS misses
   mGETS_I: 4826 # GETS Instruction misses
   mGETS_D: 0 # GETS data misses
   mGETXIM: 0 # GETX I->M misses
   mGETXIM_I: 0 # GETX I->M Instruction misses
   mGETXIM_D: 0 # GETX I->M Data misses
   mGETXSM: 0 # GETX S->M misses (upgrade misses)
   mGETXSM_I: 0 # GETX S->M Instruction misses (upgrade misses)
   mGETXSM_D: 0 # GETX S->M Data misses (upgrade misses)
   PUTS: 0 # Clean evictions (from lower level)
   PUTX: 0 # Dirty evictions (from lower level)
   INV: 4505 # Invalidates (from upper level)
   INVX: 0 # Downgrades (from upper level)
   FWD: 0 # Forwards (from upper level)
   latGETnl: 636012 # GET request latency on next level
   latGETnet: 0 # GET request latency on network to next level
 l1d: # Cache stats
  l1d-0: # Filter cache stats
   fhGETS: 1157336795 # Filtered GETS hits
   fhGETX: 186468583 # Filtered GETX hits
   hGETS: 160271103 # GETS hits
   hGETX: 37446917 # GETX hits
   mGETS: 7350973 # GETS misses
   mGETS_I: 0 # GETS Instruction misses
   mGETS_D: 7350973 # GETS data misses
   mGETXIM: 1411596 # GETX I->M misses
   mGETXIM_I: 0 # GETX I->M Instruction misses
   mGETXIM_D: 1411596 # GETX I->M Data misses
   mGETXSM: 0 # GETX S->M misses (upgrade misses)
   mGETXSM_I: 0 # GETX S->M Instruction misses (upgrade misses)
   mGETXSM_D: 0 # GETX S->M Data misses (upgrade misses)
   PUTS: 0 # Clean evictions (from lower level)
   PUTX: 0 # Dirty evictions (from lower level)
   INV: 813 # Invalidates (from upper level)
   INVX: 0 # Downgrades (from upper level)
   FWD: 0 # Forwards (from upper level)
   latGETnl: 753699190 # GET request latency on next level
   latGETnet: 0 # GET request latency on network to next level
 l2: # Cache stats
  l2-0: # Cache stats
   hGETS: 2991353 # GETS hits
   hGETX: 11561 # GETX hits
   mGETS: 4364446 # GETS misses
   mGETS_I: 4740 # GETS Instruction misses
   mGETS_D: 4359706 # GETS data misses
   mGETXIM: 1400035 # GETX I->M misses
   mGETXIM_I: 0 # GETX I->M Instruction misses
   mGETXIM_D: 1400035 # GETX I->M Data misses
   mGETXSM: 0 # GETX S->M misses (upgrade misses)
   mGETXSM_I: 0 # GETX S->M Instruction misses (upgrade misses)
   mGETXSM_D: 0 # GETX S->M Data misses (upgrade misses)
   PUTS: 4835852 # Clean evictions (from lower level)
   PUTX: 3925876 # Dirty evictions (from lower level)
   INV: 54237 # Invalidates (from upper level)
   INVX: 0 # Downgrades (from upper level)
   FWD: 0 # Forwards (from upper level)
   latGETnl: 649126462 # GET request latency on next level
   latGETnet: 0 # GET request latency on network to next level
 l3: # Cache stats
  l3-0: # Cache stats
   hGETS: 581398 # GETS hits
   hGETX: 20160 # GETX hits
   mGETS: 3783048 # GETS misses
   mGETS_I: 0 # GETS Instruction misses
   mGETS_D: 0 # GETS data misses
   mGETXIM: 1379875 # GETX I->M misses
   mGETXIM_I: 0 # GETX I->M Instruction misses
   mGETXIM_D: 0 # GETX I->M Data misses
   mGETXSM: 0 # GETX S->M misses (upgrade misses)
   mGETXSM_I: 0 # GETX S->M Instruction misses (upgrade misses)
   mGETXSM_D: 0 # GETX S->M Data misses (upgrade misses)
   PUTS: 2912406 # Clean evictions (from lower level)
   PUTX: 2793747 # Dirty evictions (from lower level)
   INV: 0 # Invalidates (from upper level)
   INVX: 0 # Downgrades (from upper level)
   FWD: 0 # Forwards (from upper level)
   latGETnl: 464663070 # GET request latency on next level
   latGETnet: 0 # GET request latency on network to next level
 mem: # Memory controller stats
  mem-0: # Memory controller stats
   rd: 1296514 # Read requests
   wr: 649971 # Write requests
   rdlat: 174615277 # Total latency experienced by read requests
   wrlat: 95520298 # Total latency experienced by write requests
   rdhits: 29 # Read row hits
   wrhits: 1985 # Write row hits
   mlh: # latency histogram for memory requests
    0: 0
    1: 0
    2: 0
    3: 0
    4: 0
    5: 0
    6: 0
    7: 0
    8: 0
    9: 0
    10: 0
    11: 0
    12: 5
    13: 1233830
    14: 26805
    15: 11744
    16: 4559
    17: 668
    18: 502
    19: 572
    20: 664
    21: 628
    22: 724
    23: 956
    24: 1133
    25: 862
    26: 616
    27: 635
    28: 688
    29: 670
    30: 823
    31: 691
    32: 768
    33: 817
    34: 977
    35: 856
    36: 738
    37: 673
    38: 651
    39: 741
    40: 667
    41: 660
    42: 699
    43: 260
    44: 41
    45: 44
    46: 71
    47: 51
    48: 12
    49: 2
    50: 4
    51: 4
    52: 2
    53: 0
    54: 1
    55: 0
    56: 0
    57: 0
    58: 0
    59: 0
    60: 0
    61: 0
    62: 0
    63: 0
    64: 0
    65: 0
    66: 0
    67: 0
    68: 0
    69: 0
    70: 0
    71: 0
    72: 0
    73: 0
    74: 0
    75: 0
    76: 0
    77: 0
    78: 0
    79: 0
    80: 0
    81: 0
    82: 0
    83: 0
    84: 0
    85: 0
    86: 0
    87: 0
    88: 0
    89: 0
    90: 0
    91: 0
    92: 0
    93: 0
    94: 0
    95: 0
    96: 0
    97: 0
    98: 0
    99: 0
  mem-1: # Memory controller stats
   rd: 1286305 # Read requests
   wr: 648704 # Write requests
   rdlat: 173137024 # Total latency experienced by read requests
   wrlat: 94994510 # Total latency experienced by write requests
   rdhits: 22 # Read row hits
   wrhits: 2023 # Write row hits
   mlh: # latency histogram for memory requests
    0: 0
    1: 0
    2: 0
    3: 0
    4: 0
    5: 0
    6: 0
    7: 0
    8: 0
    9: 0
    10: 0
    11: 2
    12: 4
    13: 1226754
    14: 25191
    15: 11054
    16: 4349
    17: 560
    18: 489
    19: 625
    20: 717
    21: 626
    22: 680
    23: 863
    24: 1022
    25: 788
    26: 560
    27: 525
    28: 689
    29: 684
    30: 840
    31: 683
    32: 741
    33: 777
    34: 1010
    35: 764
    36: 742
    37: 686
    38: 674
    39: 726
    40: 673
    41: 648
    42: 647
    43: 263
    44: 41
    45: 58
    46: 62
    47: 49
    48: 28
    49: 3
    50: 3
    51: 1
    52: 2
    53: 0
    54: 1
    55: 1
    56: 0
    57: 0
    58: 0
    59: 0
    60: 0
    61: 0
    62: 0
    63: 0
    64: 0
    65: 0
    66: 0
    67: 0
    68: 0
    69: 0
    70: 0
    71: 0
    72: 0
    73: 0
    74: 0
    75: 0
    76: 0
    77: 0
    78: 0
    79: 0
    80: 0
    81: 0
    82: 0
    83: 0
    84: 0
    85: 0
    86: 0
    87: 0
    88: 0
    89: 0
    90: 0
    91: 0
    92: 0
    93: 0
    94: 0
    95: 0
    96: 0
    97: 0
    98: 0
    99: 0
  mem-2: # Memory controller stats
   rd: 1292809 # Read requests
   wr: 647361 # Write requests
   rdlat: 173971467 # Total latency experienced by read requests
   wrlat: 95010500 # Total latency experienced by write requests
   rdhits: 41 # Read row hits
   wrhits: 2056 # Write row hits
   mlh: # latency histogram for memory requests
    0: 0
    1: 0
    2: 0
    3: 0
    4: 0
    5: 0
    6: 0
    7: 0
    8: 0
    9: 0
    10: 0
    11: 2
    12: 13
    13: 1234691
    14: 23749
    15: 10302
    16: 5114
    17: 613
    18: 513
    19: 607
    20: 699
    21: 582
    22: 712
    23: 958
    24: 962
    25: 721
    26: 601
    27: 589
    28: 706
    29: 664
    30: 765
    31: 712
    32: 726
    33: 805
    34: 990
    35: 782
    36: 707
    37: 668
    38: 660
    39: 782
    40: 621
    41: 656
    42: 673
    43: 243
    44: 23
    45: 57
    46: 65
    47: 47
    48: 19
    49: 4
    50: 2
    51: 0
    52: 2
    53: 1
    54: 1
    55: 0
    56: 0
    57: 0
    58: 0
    59: 0
    60: 0
    61: 0
    62: 0
    63: 0
    64: 0
    65: 0
    66: 0
    67: 0
    68: 0
    69: 0
    70: 0
    71: 0
    72: 0
    73: 0
    74: 0
    75: 0
    76: 0
    77: 0
    78: 0
    79: 0
    80: 0
    81: 0
    82: 0
    83: 0
    84: 0
    85: 0
    86: 0
    87: 0
    88: 0
    89: 0
    90: 0
    91: 0
    92: 0
    93: 0
    94: 0
    95: 0
    96: 0
    97: 0
    98: 0
    99: 0
  mem-3: # Memory controller stats
   rd: 1287295 # Read requests
   wr: 648760 # Write requests
   rdlat: 173313027 # Total latency experienced by read requests
   wrlat: 95253987 # Total latency experienced by write requests
   rdhits: 22 # Read row hits
   wrhits: 1900 # Write row hits
   mlh: # latency histogram for memory requests
    0: 0
    1: 0
    2: 0
    3: 0
    4: 0
    5: 0
    6: 0
    7: 0
    8: 0
    9: 0
    10: 0
    11: 4
    12: 8
    13: 1225433
    14: 26603
    15: 11295
    16: 4847
    17: 603
    18: 563
    19: 586
    20: 699
    21: 612
    22: 745
    23: 911
    24: 993
    25: 732
    26: 609
    27: 586
    28: 713
    29: 661
    30: 887
    31: 721
    32: 741
    33: 799
    34: 970
    35: 826
    36: 734
    37: 654
    38: 658
    39: 701
    40: 597
    41: 664
    42: 628
    43: 304
    44: 28
    45: 46
    46: 64
    47: 43
    48: 19
    49: 2
    50: 2
    51: 2
    52: 1
    53: 1
    54: 0
    55: 0
    56: 0
    57: 0
    58: 0
    59: 0
    60: 0
    61: 0
    62: 0
    63: 0
    64: 0
    65: 0
    66: 0
    67: 0
    68: 0
    69: 0
    70: 0
    71: 0
    72: 0
    73: 0
    74: 0
    75: 0
    76: 0
    77: 0
    78: 0
    79: 0
    80: 0
    81: 0
    82: 0
    83: 0
    84: 0
    85: 0
    86: 0
    87: 0
    88: 0
    89: 0
    90: 0
    91: 0
    92: 0
    93: 0
    94: 0
    95: 0
    96: 0
    97: 0
    98: 0
    99: 0
 sched: # Scheduler stats
  thCr: 9 # Threads created
  thFn: 0 # Threads finished
  schedEvs: 300 # Schedule events
  waitEvs: 299 # Wait events
  handoffEvs: 36 # Handoff events
  sleepEvs: 0 # Sleep events
  idlePhases: 0 # Phases with no thread active
  idlePeriods: 0 # Periods with no thread active
  occHist: # Occupancy histogram
   0: 0
   1: 361135
  rqSzHist: # Run queue size histogram
   0: 4658
   1: 13683
   2: 21374
   3: 73492
   4: 113105
   5: 134702
   6: 61
   7: 60
   8: 0
   9: 0
   10: 0
   11: 0
   12: 0
   13: 0
   14: 0
   15: 0
   16: 0
 procCycles: # Per-process unhalted core cycles
  0: 3611350425
  1: 0
  2: 0
  3: 0
  4: 0
  5: 0
  6: 0
  7: 0
  8: 0
  9: 0
  10: 0
  11: 0
  12: 0
  13: 0
  14: 0
  15: 0
  16: 0
  17: 0
  18: 0
  19: 0
  20: 0
  21: 0
  22: 0
  23: 0
  24: 0
  25: 0
  26: 0
  27: 0
  28: 0
  29: 0
  30: 0
  31: 0
  32: 0
  33: 0
  34: 0
  35: 0
  36: 0
  37: 0
  38: 0
  39: 0
  40: 0
  41: 0
  42: 0
  43: 0
  44: 0
  45: 0
  46: 0
  47: 0
  48: 0
  49: 0
  50: 0
  51: 0
  52: 0
  53: 0
  54: 0
  55: 0
  56: 0
  57: 0
  58: 0
  59: 0
  60: 0
  61: 0
  62: 0
  63: 0
 procInstrs: # Per-process instructions
  0: 5000006141
  1: 0
  2: 0
  3: 0
  4: 0
  5: 0
  6: 0
  7: 0
  8: 0
  9: 0
  10: 0
  11: 0
  12: 0
  13: 0
  14: 0
  15: 0
  16: 0
  17: 0
  18: 0
  19: 0
  20: 0
  21: 0
  22: 0
  23: 0
  24: 0
  25: 0
  26: 0
  27: 0
  28: 0
  29: 0
  30: 0
  31: 0
  32: 0
  33: 0
  34: 0
  35: 0
  36: 0
  37: 0
  38: 0
  39: 0
  40: 0
  41: 0
  42: 0
  43: 0
  44: 0
  45: 0
  46: 0
  47: 0
  48: 0
  49: 0
  50: 0
  51: 0
  52: 0
  53: 0
  54: 0
  55: 0
  56: 0
  57: 0
  58: 0
  59: 0
  60: 0
  61: 0
  62: 0
  63: 0
 heartbeats: # Per-process heartbeats
  0: 0
  1: 0
  2: 0
  3: 0
  4: 0
  5: 0
  6: 0
  7: 0
  8: 0
  9: 0
  10: 0
  11: 0
  12: 0
  13: 0
  14: 0
  15: 0
  16: 0
  17: 0
  18: 0
  19: 0
  20: 0
  21: 0
  22: 0
  23: 0
  24: 0
  25: 0
  26: 0
  27: 0
  28: 0
  29: 0
  30: 0
  31: 0
  32: 0
  33: 0
  34: 0
  35: 0
  36: 0
  37: 0
  38: 0
  39: 0
  40: 0
  41: 0
  42: 0
  43: 0
  44: 0
  45: 0
  46: 0
  47: 0
  48: 0
  49: 0
  50: 0
  51: 0
  52: 0
  53: 0
  54: 0
  55: 0
  56: 0
  57: 0
  58: 0
  59: 0
  60: 0
  61: 0
  62: 0
  63: 0
===
