# zsim stats
===
root: # Stats
 contention: # Contention simulation stats
  domain-0: # Domain stats
   time: 1459378880 # Weave simulation time
 time: # Simulator time breakdown
  init: 3375830059
  bound: 3528325516145
  weave: 7948146407
  ff: 0
 trigger: 20000 # Reason for this stats dump
 phase: 301470 # Simulated phases
 westmere: # Core stats
  westmere-0: # Core stats
   cycles: 3014700005 # Simulated unhalted cycles
   cCycles: 13904019 # Cycles due to contention stalls
   instrs: 5000016755 # Simulated instructions
   uops: 5633878012 # Retired micro-ops
   bbls: 513915946 # Basic blocks
   approxInstrs: 24884551 # Instrs with approx uop decoding
   mispredBranches: 6147911 # Mispredicted branches
   condBranches: 430250587 # conditional branches
   fetchStalls: 18446744073427834867 # Fetch stalls
   decodeStalls: 562975073 # Decode stalls
   issueStalls: 59779935 # Issue stalls
 l1i: # Cache stats
  l1i-0: # Filter cache stats
   fhGETS: 662958662 # Filtered GETS hits
   fhGETX: 0 # Filtered GETX hits
   hGETS: 30256780 # GETS hits
   hGETX: 0 # GETX hits
   mGETS: 9520997 # GETS misses
   mGETS_I: 9520997 # GETS Instruction misses
   mGETS_D: 0 # GETS data misses
   mGETXIM: 0 # GETX I->M misses
   mGETXIM_I: 0 # GETX I->M Instruction misses
   mGETXIM_D: 0 # GETX I->M Data misses
   mGETXSM: 0 # GETX S->M misses (upgrade misses)
   mGETXSM_I: 0 # GETX S->M Instruction misses (upgrade misses)
   mGETXSM_D: 0 # GETX S->M Data misses (upgrade misses)
   PUTS: 0 # Clean evictions (from lower level)
   PUTX: 0 # Dirty evictions (from lower level)
   INV: 1419 # Invalidates (from upper level)
   INVX: 0 # Downgrades (from upper level)
   FWD: 0 # Forwards (from upper level)
   latGETnl: 115623726 # GET request latency on next level
   latGETnet: 0 # GET request latency on network to next level
 l1d: # Cache stats
  l1d-0: # Filter cache stats
   fhGETS: 880293810 # Filtered GETS hits
   fhGETX: 265945406 # Filtered GETX hits
   hGETS: 28987974 # GETS hits
   hGETX: 9096080 # GETX hits
   mGETS: 43040352 # GETS misses
   mGETS_I: 0 # GETS Instruction misses
   mGETS_D: 43040352 # GETS data misses
   mGETXIM: 1857661 # GETX I->M misses
   mGETXIM_I: 0 # GETX I->M Instruction misses
   mGETXIM_D: 1857661 # GETX I->M Data misses
   mGETXSM: 0 # GETX S->M misses (upgrade misses)
   mGETXSM_I: 0 # GETX S->M Instruction misses (upgrade misses)
   mGETXSM_D: 0 # GETX S->M Data misses (upgrade misses)
   PUTS: 0 # Clean evictions (from lower level)
   PUTX: 0 # Dirty evictions (from lower level)
   INV: 36 # Invalidates (from upper level)
   INVX: 0 # Downgrades (from upper level)
   FWD: 0 # Forwards (from upper level)
   latGETnl: 616024634 # GET request latency on next level
   latGETnet: 0 # GET request latency on network to next level
 l2: # Cache stats
  l2-0: # Cache stats
   hGETS: 52015692 # GETS hits
   hGETX: 1547558 # GETX hits
   mGETS: 545657 # GETS misses
   mGETS_I: 12321 # GETS Instruction misses
   mGETS_D: 533336 # GETS data misses
   mGETXIM: 310103 # GETX I->M misses
   mGETXIM_I: 0 # GETX I->M Instruction misses
   mGETXIM_D: 310103 # GETX I->M Data misses
   mGETXSM: 0 # GETX S->M misses (upgrade misses)
   mGETXSM_I: 0 # GETX S->M Instruction misses (upgrade misses)
   mGETXSM_D: 0 # GETX S->M Data misses (upgrade misses)
   PUTS: 52012492 # Clean evictions (from lower level)
   PUTX: 2403527 # Dirty evictions (from lower level)
   INV: 12939 # Invalidates (from upper level)
   INVX: 0 # Downgrades (from upper level)
   FWD: 0 # Forwards (from upper level)
   latGETnl: 78620240 # GET request latency on next level
   latGETnet: 0 # GET request latency on network to next level
 l3: # Cache stats
  l3-0: # Cache stats
   hGETS: 183454 # GETS hits
   hGETX: 103018 # GETX hits
   mGETS: 362203 # GETS misses
   mGETS_I: 0 # GETS Instruction misses
   mGETS_D: 0 # GETS data misses
   mGETXIM: 207085 # GETX I->M misses
   mGETXIM_I: 0 # GETX I->M Instruction misses
   mGETXIM_D: 0 # GETX I->M Data misses
   mGETXSM: 0 # GETX S->M misses (upgrade misses)
   mGETXSM_I: 0 # GETX S->M Instruction misses (upgrade misses)
   mGETXSM_D: 0 # GETX S->M Data misses (upgrade misses)
   PUTS: 310911 # Clean evictions (from lower level)
   PUTX: 515542 # Dirty evictions (from lower level)
   INV: 0 # Invalidates (from upper level)
   INVX: 0 # Downgrades (from upper level)
   FWD: 0 # Forwards (from upper level)
   latGETnl: 51235920 # GET request latency on next level
   latGETnet: 0 # GET request latency on network to next level
 mem: # Memory controller stats
  mem-0: # Memory controller stats
   rd: 142068 # Read requests
   wr: 102476 # Write requests
   rdlat: 19212856 # Total latency experienced by read requests
   wrlat: 15109440 # Total latency experienced by write requests
   rdhits: 122 # Read row hits
   wrhits: 591 # Write row hits
   mlh: # latency histogram for memory requests
    0: 0
    1: 0
    2: 0
    3: 0
    4: 0
    5: 0
    6: 0
    7: 0
    8: 0
    9: 0
    10: 0
    11: 19
    12: 75
    13: 133227
    14: 3105
    15: 1950
    16: 894
    17: 142
    18: 100
    19: 194
    20: 177
    21: 134
    22: 165
    23: 147
    24: 146
    25: 112
    26: 63
    27: 80
    28: 81
    29: 96
    30: 80
    31: 80
    32: 75
    33: 94
    34: 98
    35: 80
    36: 95
    37: 95
    38: 72
    39: 87
    40: 69
    41: 75
    42: 80
    43: 34
    44: 14
    45: 9
    46: 8
    47: 4
    48: 8
    49: 0
    50: 0
    51: 3
    52: 1
    53: 0
    54: 0
    55: 0
    56: 0
    57: 0
    58: 0
    59: 0
    60: 0
    61: 0
    62: 0
    63: 0
    64: 0
    65: 0
    66: 0
    67: 0
    68: 0
    69: 0
    70: 0
    71: 0
    72: 0
    73: 0
    74: 0
    75: 0
    76: 0
    77: 0
    78: 0
    79: 0
    80: 0
    81: 0
    82: 0
    83: 0
    84: 0
    85: 0
    86: 0
    87: 0
    88: 0
    89: 0
    90: 0
    91: 0
    92: 0
    93: 0
    94: 0
    95: 0
    96: 0
    97: 0
    98: 0
    99: 0
  mem-1: # Memory controller stats
   rd: 142386 # Read requests
   wr: 102540 # Write requests
   rdlat: 19263222 # Total latency experienced by read requests
   wrlat: 15052682 # Total latency experienced by write requests
   rdhits: 14 # Read row hits
   wrhits: 685 # Write row hits
   mlh: # latency histogram for memory requests
    0: 0
    1: 0
    2: 0
    3: 0
    4: 0
    5: 0
    6: 0
    7: 0
    8: 0
    9: 0
    10: 0
    11: 3
    12: 5
    13: 133329
    14: 3564
    15: 1786
    16: 858
    17: 120
    18: 95
    19: 155
    20: 187
    21: 182
    22: 171
    23: 156
    24: 147
    25: 100
    26: 60
    27: 75
    28: 73
    29: 103
    30: 91
    31: 76
    32: 93
    33: 99
    34: 94
    35: 84
    36: 95
    37: 90
    38: 99
    39: 74
    40: 86
    41: 73
    42: 85
    43: 29
    44: 8
    45: 10
    46: 11
    47: 9
    48: 8
    49: 0
    50: 0
    51: 2
    52: 1
    53: 0
    54: 0
    55: 0
    56: 0
    57: 0
    58: 0
    59: 0
    60: 0
    61: 0
    62: 0
    63: 0
    64: 0
    65: 0
    66: 0
    67: 0
    68: 0
    69: 0
    70: 0
    71: 0
    72: 0
    73: 0
    74: 0
    75: 0
    76: 0
    77: 0
    78: 0
    79: 0
    80: 0
    81: 0
    82: 0
    83: 0
    84: 0
    85: 0
    86: 0
    87: 0
    88: 0
    89: 0
    90: 0
    91: 0
    92: 0
    93: 0
    94: 0
    95: 0
    96: 0
    97: 0
    98: 0
    99: 0
  mem-2: # Memory controller stats
   rd: 142273 # Read requests
   wr: 102491 # Write requests
   rdlat: 19240505 # Total latency experienced by read requests
   wrlat: 15090252 # Total latency experienced by write requests
   rdhits: 125 # Read row hits
   wrhits: 641 # Write row hits
   mlh: # latency histogram for memory requests
    0: 0
    1: 0
    2: 0
    3: 0
    4: 0
    5: 0
    6: 0
    7: 0
    8: 0
    9: 0
    10: 0
    11: 14
    12: 30
    13: 133192
    14: 3190
    15: 2218
    16: 986
    17: 105
    18: 110
    19: 184
    20: 163
    21: 117
    22: 144
    23: 130
    24: 119
    25: 110
    26: 68
    27: 64
    28: 64
    29: 103
    30: 88
    31: 77
    32: 77
    33: 90
    34: 79
    35: 70
    36: 90
    37: 92
    38: 75
    39: 74
    40: 96
    41: 88
    42: 87
    43: 21
    44: 10
    45: 16
    46: 11
    47: 7
    48: 6
    49: 0
    50: 2
    51: 0
    52: 0
    53: 0
    54: 1
    55: 1
    56: 0
    57: 0
    58: 0
    59: 0
    60: 0
    61: 1
    62: 2
    63: 1
    64: 0
    65: 0
    66: 0
    67: 0
    68: 0
    69: 0
    70: 0
    71: 0
    72: 0
    73: 0
    74: 0
    75: 0
    76: 0
    77: 0
    78: 0
    79: 0
    80: 0
    81: 0
    82: 0
    83: 0
    84: 0
    85: 0
    86: 0
    87: 0
    88: 0
    89: 0
    90: 0
    91: 0
    92: 0
    93: 0
    94: 0
    95: 0
    96: 0
    97: 0
    98: 0
    99: 0
  mem-3: # Memory controller stats
   rd: 142561 # Read requests
   wr: 102432 # Write requests
   rdlat: 19263526 # Total latency experienced by read requests
   wrlat: 15103680 # Total latency experienced by write requests
   rdhits: 178 # Read row hits
   wrhits: 637 # Write row hits
   mlh: # latency histogram for memory requests
    0: 0
    1: 0
    2: 0
    3: 0
    4: 0
    5: 0
    6: 0
    7: 0
    8: 0
    9: 0
    10: 0
    11: 37
    12: 58
    13: 133461
    14: 3684
    15: 1759
    16: 916
    17: 96
    18: 88
    19: 139
    20: 198
    21: 154
    22: 135
    23: 148
    24: 127
    25: 89
    26: 67
    27: 67
    28: 67
    29: 88
    30: 96
    31: 83
    32: 92
    33: 90
    34: 96
    35: 73
    36: 97
    37: 79
    38: 97
    39: 81
    40: 75
    41: 76
    42: 71
    43: 30
    44: 13
    45: 8
    46: 13
    47: 3
    48: 5
    49: 5
    50: 0
    51: 0
    52: 0
    53: 0
    54: 0
    55: 0
    56: 0
    57: 0
    58: 0
    59: 0
    60: 0
    61: 0
    62: 0
    63: 0
    64: 0
    65: 0
    66: 0
    67: 0
    68: 0
    69: 0
    70: 0
    71: 0
    72: 0
    73: 0
    74: 0
    75: 0
    76: 0
    77: 0
    78: 0
    79: 0
    80: 0
    81: 0
    82: 0
    83: 0
    84: 0
    85: 0
    86: 0
    87: 0
    88: 0
    89: 0
    90: 0
    91: 0
    92: 0
    93: 0
    94: 0
    95: 0
    96: 0
    97: 0
    98: 0
    99: 0
 sched: # Scheduler stats
  thCr: 9 # Threads created
  thFn: 0 # Threads finished
  schedEvs: 856 # Schedule events
  waitEvs: 855 # Wait events
  handoffEvs: 30 # Handoff events
  sleepEvs: 0 # Sleep events
  idlePhases: 0 # Phases with no thread active
  idlePeriods: 0 # Periods with no thread active
  occHist: # Occupancy histogram
   0: 0
   1: 301470
  rqSzHist: # Run queue size histogram
   0: 255
   1: 1590
   2: 125
   3: 242
   4: 28
   5: 25
   6: 929
   7: 248970
   8: 49306
   9: 0
   10: 0
   11: 0
   12: 0
   13: 0
   14: 0
   15: 0
   16: 0
 procCycles: # Per-process unhalted core cycles
  0: 3014700005
  1: 0
  2: 0
  3: 0
  4: 0
  5: 0
  6: 0
  7: 0
  8: 0
  9: 0
  10: 0
  11: 0
  12: 0
  13: 0
  14: 0
  15: 0
  16: 0
  17: 0
  18: 0
  19: 0
  20: 0
  21: 0
  22: 0
  23: 0
  24: 0
  25: 0
  26: 0
  27: 0
  28: 0
  29: 0
  30: 0
  31: 0
  32: 0
  33: 0
  34: 0
  35: 0
  36: 0
  37: 0
  38: 0
  39: 0
  40: 0
  41: 0
  42: 0
  43: 0
  44: 0
  45: 0
  46: 0
  47: 0
  48: 0
  49: 0
  50: 0
  51: 0
  52: 0
  53: 0
  54: 0
  55: 0
  56: 0
  57: 0
  58: 0
  59: 0
  60: 0
  61: 0
  62: 0
  63: 0
 procInstrs: # Per-process instructions
  0: 5000016755
  1: 0
  2: 0
  3: 0
  4: 0
  5: 0
  6: 0
  7: 0
  8: 0
  9: 0
  10: 0
  11: 0
  12: 0
  13: 0
  14: 0
  15: 0
  16: 0
  17: 0
  18: 0
  19: 0
  20: 0
  21: 0
  22: 0
  23: 0
  24: 0
  25: 0
  26: 0
  27: 0
  28: 0
  29: 0
  30: 0
  31: 0
  32: 0
  33: 0
  34: 0
  35: 0
  36: 0
  37: 0
  38: 0
  39: 0
  40: 0
  41: 0
  42: 0
  43: 0
  44: 0
  45: 0
  46: 0
  47: 0
  48: 0
  49: 0
  50: 0
  51: 0
  52: 0
  53: 0
  54: 0
  55: 0
  56: 0
  57: 0
  58: 0
  59: 0
  60: 0
  61: 0
  62: 0
  63: 0
 heartbeats: # Per-process heartbeats
  0: 0
  1: 0
  2: 0
  3: 0
  4: 0
  5: 0
  6: 0
  7: 0
  8: 0
  9: 0
  10: 0
  11: 0
  12: 0
  13: 0
  14: 0
  15: 0
  16: 0
  17: 0
  18: 0
  19: 0
  20: 0
  21: 0
  22: 0
  23: 0
  24: 0
  25: 0
  26: 0
  27: 0
  28: 0
  29: 0
  30: 0
  31: 0
  32: 0
  33: 0
  34: 0
  35: 0
  36: 0
  37: 0
  38: 0
  39: 0
  40: 0
  41: 0
  42: 0
  43: 0
  44: 0
  45: 0
  46: 0
  47: 0
  48: 0
  49: 0
  50: 0
  51: 0
  52: 0
  53: 0
  54: 0
  55: 0
  56: 0
  57: 0
  58: 0
  59: 0
  60: 0
  61: 0
  62: 0
  63: 0
===
