# zsim stats
===
root: # Stats
 contention: # Contention simulation stats
  domain-0: # Domain stats
   time: 672810760 # Weave simulation time
 time: # Simulator time breakdown
  init: 2823498427
  bound: 294535629473
  weave: 5266079820
  ff: 2091822875
 trigger: 20000 # Reason for this stats dump
 phase: 298962 # Simulated phases
 westmere: # Core stats
  westmere-0: # Core stats
   cycles: 2989628996 # Simulated unhalted cycles
   cCycles: 2957853 # Cycles due to contention stalls
   instrs: 4062699706 # Simulated instructions
   uops: 4975437475 # Retired micro-ops
   bbls: 390852196 # Basic blocks
   approxInstrs: 53336307 # Instrs with approx uop decoding
   mispredBranches: 1934411 # Mispredicted branches
   condBranches: 244662575 # conditional branches
   fetchStalls: 18446744073639305520 # Fetch stalls
   decodeStalls: 98299395 # Decode stalls
   issueStalls: 29588809 # Issue stalls
 l1i: # Cache stats
  l1i-0: # Filter cache stats
   fhGETS: 224863295 # Filtered GETS hits
   fhGETX: 0 # Filtered GETX hits
   hGETS: 335147659 # GETS hits
   hGETX: 0 # GETX hits
   mGETS: 502 # GETS misses
   mGETS_I: 502 # GETS Instruction misses
   mGETS_D: 0 # GETS data misses
   mGETXIM: 0 # GETX I->M misses
   mGETXIM_I: 0 # GETX I->M Instruction misses
   mGETXIM_D: 0 # GETX I->M Data misses
   mGETXSM: 0 # GETX S->M misses (upgrade misses)
   mGETXSM_I: 0 # GETX S->M Instruction misses (upgrade misses)
   mGETXSM_D: 0 # GETX S->M Data misses (upgrade misses)
   PUTS: 0 # Clean evictions (from lower level)
   PUTX: 0 # Dirty evictions (from lower level)
   INV: 142 # Invalidates (from upper level)
   INVX: 0 # Downgrades (from upper level)
   FWD: 0 # Forwards (from upper level)
   latGETnl: 62060 # GET request latency on next level
   latGETnet: 0 # GET request latency on network to next level
 l1d: # Cache stats
  l1d-0: # Filter cache stats
   fhGETS: 734440870 # Filtered GETS hits
   fhGETX: 310567009 # Filtered GETX hits
   hGETS: 112387786 # GETS hits
   hGETX: 18630582 # GETX hits
   mGETS: 6129597 # GETS misses
   mGETS_I: 0 # GETS Instruction misses
   mGETS_D: 6129597 # GETS data misses
   mGETXIM: 410699 # GETX I->M misses
   mGETXIM_I: 0 # GETX I->M Instruction misses
   mGETXIM_D: 410699 # GETX I->M Data misses
   mGETXSM: 0 # GETX S->M misses (upgrade misses)
   mGETXSM_I: 0 # GETX S->M Instruction misses (upgrade misses)
   mGETXSM_D: 0 # GETX S->M Data misses (upgrade misses)
   PUTS: 0 # Clean evictions (from lower level)
   PUTX: 0 # Dirty evictions (from lower level)
   INV: 115 # Invalidates (from upper level)
   INVX: 0 # Downgrades (from upper level)
   FWD: 0 # Forwards (from upper level)
   latGETnl: 100841868 # GET request latency on next level
   latGETnet: 0 # GET request latency on network to next level
 l2: # Cache stats
  l2-0: # Cache stats
   hGETS: 5847736 # GETS hits
   hGETX: 362761 # GETX hits
   mGETS: 282363 # GETS misses
   mGETS_I: 463 # GETS Instruction misses
   mGETS_D: 281900 # GETS data misses
   mGETXIM: 47938 # GETX I->M misses
   mGETXIM_I: 0 # GETX I->M Instruction misses
   mGETXIM_D: 47938 # GETX I->M Data misses
   mGETXSM: 0 # GETX S->M misses (upgrade misses)
   mGETXSM_I: 0 # GETX S->M Instruction misses (upgrade misses)
   mGETXSM_D: 0 # GETX S->M Data misses (upgrade misses)
   PUTS: 6129364 # Clean evictions (from lower level)
   PUTX: 410793 # Dirty evictions (from lower level)
   INV: 685 # Invalidates (from upper level)
   INVX: 0 # Downgrades (from upper level)
   FWD: 0 # Forwards (from upper level)
   latGETnl: 22414352 # GET request latency on next level
   latGETnet: 0 # GET request latency on network to next level
 l3: # Cache stats
  l3-0: # Cache stats
   hGETS: 169679 # GETS hits
   hGETX: 29014 # GETX hits
   mGETS: 112684 # GETS misses
   mGETS_I: 0 # GETS Instruction misses
   mGETS_D: 0 # GETS data misses
   mGETXIM: 18924 # GETX I->M misses
   mGETXIM_I: 0 # GETX I->M Instruction misses
   mGETXIM_D: 0 # GETX I->M Data misses
   mGETXSM: 0 # GETX S->M misses (upgrade misses)
   mGETXSM_I: 0 # GETX S->M Instruction misses (upgrade misses)
   mGETXSM_D: 0 # GETX S->M Data misses (upgrade misses)
   PUTS: 278073 # Clean evictions (from lower level)
   PUTX: 47447 # Dirty evictions (from lower level)
   INV: 0 # Invalidates (from upper level)
   INVX: 0 # Downgrades (from upper level)
   FWD: 0 # Forwards (from upper level)
   latGETnl: 11844720 # GET request latency on next level
   latGETnet: 0 # GET request latency on network to next level
 mem: # Memory controller stats
  mem-0: # Memory controller stats
   rd: 32913 # Read requests
   wr: 4506 # Write requests
   rdlat: 5354665 # Total latency experienced by read requests
   wrlat: 721387 # Total latency experienced by write requests
   rdhits: 13868 # Read row hits
   wrhits: 20 # Write row hits
   mlh: # latency histogram for memory requests
    0: 0
    1: 0
    2: 0
    3: 0
    4: 0
    5: 0
    6: 0
    7: 0
    8: 0
    9: 0
    10: 0
    11: 1
    12: 0
    13: 9527
    14: 4637
    15: 4117
    16: 479
    17: 4532
    18: 4530
    19: 3851
    20: 699
    21: 14
    22: 13
    23: 18
    24: 18
    25: 19
    26: 18
    27: 18
    28: 21
    29: 23
    30: 26
    31: 15
    32: 28
    33: 25
    34: 21
    35: 23
    36: 25
    37: 29
    38: 19
    39: 19
    40: 20
    41: 25
    42: 20
    43: 11
    44: 11
    45: 11
    46: 5
    47: 3
    48: 11
    49: 11
    50: 12
    51: 2
    52: 4
    53: 2
    54: 0
    55: 0
    56: 0
    57: 0
    58: 0
    59: 0
    60: 0
    61: 0
    62: 0
    63: 0
    64: 0
    65: 0
    66: 0
    67: 0
    68: 0
    69: 0
    70: 0
    71: 0
    72: 0
    73: 0
    74: 0
    75: 0
    76: 0
    77: 0
    78: 0
    79: 0
    80: 0
    81: 0
    82: 0
    83: 0
    84: 0
    85: 0
    86: 0
    87: 0
    88: 0
    89: 0
    90: 0
    91: 0
    92: 0
    93: 0
    94: 0
    95: 0
    96: 0
    97: 0
    98: 0
    99: 0
  mem-1: # Memory controller stats
   rd: 32863 # Read requests
   wr: 4463 # Write requests
   rdlat: 5348626 # Total latency experienced by read requests
   wrlat: 710359 # Total latency experienced by write requests
   rdhits: 13860 # Read row hits
   wrhits: 14 # Write row hits
   mlh: # latency histogram for memory requests
    0: 0
    1: 0
    2: 0
    3: 0
    4: 0
    5: 0
    6: 0
    7: 0
    8: 0
    9: 0
    10: 0
    11: 0
    12: 0
    13: 9504
    14: 4614
    15: 4077
    16: 511
    17: 4528
    18: 4530
    19: 3818
    20: 741
    21: 16
    22: 24
    23: 17
    24: 25
    25: 19
    26: 21
    27: 18
    28: 24
    29: 16
    30: 19
    31: 24
    32: 19
    33: 19
    34: 20
    35: 20
    36: 21
    37: 18
    38: 24
    39: 22
    40: 17
    41: 18
    42: 17
    43: 13
    44: 6
    45: 9
    46: 6
    47: 5
    48: 13
    49: 20
    50: 15
    51: 5
    52: 8
    53: 2
    54: 0
    55: 0
    56: 0
    57: 0
    58: 0
    59: 0
    60: 0
    61: 0
    62: 0
    63: 0
    64: 0
    65: 0
    66: 0
    67: 0
    68: 0
    69: 0
    70: 0
    71: 0
    72: 0
    73: 0
    74: 0
    75: 0
    76: 0
    77: 0
    78: 0
    79: 0
    80: 0
    81: 0
    82: 0
    83: 0
    84: 0
    85: 0
    86: 0
    87: 0
    88: 0
    89: 0
    90: 0
    91: 0
    92: 0
    93: 0
    94: 0
    95: 0
    96: 0
    97: 0
    98: 0
    99: 0
  mem-2: # Memory controller stats
   rd: 32871 # Read requests
   wr: 4467 # Write requests
   rdlat: 5349917 # Total latency experienced by read requests
   wrlat: 710974 # Total latency experienced by write requests
   rdhits: 13871 # Read row hits
   wrhits: 17 # Write row hits
   mlh: # latency histogram for memory requests
    0: 0
    1: 0
    2: 0
    3: 0
    4: 0
    5: 0
    6: 0
    7: 0
    8: 0
    9: 0
    10: 0
    11: 0
    12: 0
    13: 9500
    14: 4616
    15: 4110
    16: 599
    17: 4529
    18: 4491
    19: 3785
    20: 686
    21: 26
    22: 21
    23: 19
    24: 19
    25: 28
    26: 19
    27: 20
    28: 22
    29: 19
    30: 18
    31: 22
    32: 21
    33: 15
    34: 23
    35: 20
    36: 12
    37: 17
    38: 17
    39: 15
    40: 12
    41: 14
    42: 23
    43: 16
    44: 13
    45: 13
    46: 11
    47: 9
    48: 22
    49: 21
    50: 11
    51: 6
    52: 7
    53: 4
    54: 0
    55: 0
    56: 0
    57: 0
    58: 0
    59: 0
    60: 0
    61: 0
    62: 0
    63: 0
    64: 0
    65: 0
    66: 0
    67: 0
    68: 0
    69: 0
    70: 0
    71: 0
    72: 0
    73: 0
    74: 0
    75: 0
    76: 0
    77: 0
    78: 0
    79: 0
    80: 0
    81: 0
    82: 0
    83: 0
    84: 0
    85: 0
    86: 0
    87: 0
    88: 0
    89: 0
    90: 0
    91: 0
    92: 0
    93: 0
    94: 0
    95: 0
    96: 0
    97: 0
    98: 0
    99: 0
  mem-3: # Memory controller stats
   rd: 32871 # Read requests
   wr: 4448 # Write requests
   rdlat: 5365530 # Total latency experienced by read requests
   wrlat: 710862 # Total latency experienced by write requests
   rdhits: 13871 # Read row hits
   wrhits: 19 # Write row hits
   mlh: # latency histogram for memory requests
    0: 0
    1: 0
    2: 0
    3: 0
    4: 0
    5: 0
    6: 0
    7: 0
    8: 0
    9: 0
    10: 0
    11: 1
    12: 0
    13: 9480
    14: 4617
    15: 4132
    16: 502
    17: 4515
    18: 4505
    19: 3857
    20: 654
    21: 19
    22: 14
    23: 13
    24: 23
    25: 19
    26: 21
    27: 22
    28: 17
    29: 18
    30: 26
    31: 26
    32: 20
    33: 23
    34: 24
    35: 29
    36: 24
    37: 21
    38: 28
    39: 25
    40: 27
    41: 19
    42: 28
    43: 16
    44: 16
    45: 12
    46: 10
    47: 7
    48: 15
    49: 17
    50: 11
    51: 9
    52: 6
    53: 3
    54: 0
    55: 0
    56: 0
    57: 0
    58: 0
    59: 0
    60: 0
    61: 0
    62: 0
    63: 0
    64: 0
    65: 0
    66: 0
    67: 0
    68: 0
    69: 0
    70: 0
    71: 0
    72: 0
    73: 0
    74: 0
    75: 0
    76: 0
    77: 0
    78: 0
    79: 0
    80: 0
    81: 0
    82: 0
    83: 0
    84: 0
    85: 0
    86: 0
    87: 0
    88: 0
    89: 0
    90: 0
    91: 0
    92: 0
    93: 0
    94: 0
    95: 0
    96: 0
    97: 0
    98: 0
    99: 0
 sched: # Scheduler stats
  thCr: 9 # Threads created
  thFn: 9 # Threads finished
  schedEvs: 41 # Schedule events
  waitEvs: 39 # Wait events
  handoffEvs: 29 # Handoff events
  sleepEvs: 0 # Sleep events
  idlePhases: 0 # Phases with no thread active
  idlePeriods: 0 # Periods with no thread active
  occHist: # Occupancy histogram
   0: 0
   1: 298962
  rqSzHist: # Run queue size histogram
   0: 4232
   1: 1
   2: 5255
   3: 9475
   4: 2644
   5: 9999
   6: 9999
   7: 257357
   8: 0
   9: 0
   10: 0
   11: 0
   12: 0
   13: 0
   14: 0
   15: 0
   16: 0
 procCycles: # Per-process unhalted core cycles
  0: 2989628996
  1: 0
  2: 0
  3: 0
  4: 0
  5: 0
  6: 0
  7: 0
  8: 0
  9: 0
  10: 0
  11: 0
  12: 0
  13: 0
  14: 0
  15: 0
  16: 0
  17: 0
  18: 0
  19: 0
  20: 0
  21: 0
  22: 0
  23: 0
  24: 0
  25: 0
  26: 0
  27: 0
  28: 0
  29: 0
  30: 0
  31: 0
  32: 0
  33: 0
  34: 0
  35: 0
  36: 0
  37: 0
  38: 0
  39: 0
  40: 0
  41: 0
  42: 0
  43: 0
  44: 0
  45: 0
  46: 0
  47: 0
  48: 0
  49: 0
  50: 0
  51: 0
  52: 0
  53: 0
  54: 0
  55: 0
  56: 0
  57: 0
  58: 0
  59: 0
  60: 0
  61: 0
  62: 0
  63: 0
 procInstrs: # Per-process instructions
  0: 4062699706
  1: 0
  2: 0
  3: 0
  4: 0
  5: 0
  6: 0
  7: 0
  8: 0
  9: 0
  10: 0
  11: 0
  12: 0
  13: 0
  14: 0
  15: 0
  16: 0
  17: 0
  18: 0
  19: 0
  20: 0
  21: 0
  22: 0
  23: 0
  24: 0
  25: 0
  26: 0
  27: 0
  28: 0
  29: 0
  30: 0
  31: 0
  32: 0
  33: 0
  34: 0
  35: 0
  36: 0
  37: 0
  38: 0
  39: 0
  40: 0
  41: 0
  42: 0
  43: 0
  44: 0
  45: 0
  46: 0
  47: 0
  48: 0
  49: 0
  50: 0
  51: 0
  52: 0
  53: 0
  54: 0
  55: 0
  56: 0
  57: 0
  58: 0
  59: 0
  60: 0
  61: 0
  62: 0
  63: 0
 heartbeats: # Per-process heartbeats
  0: 0
  1: 0
  2: 0
  3: 0
  4: 0
  5: 0
  6: 0
  7: 0
  8: 0
  9: 0
  10: 0
  11: 0
  12: 0
  13: 0
  14: 0
  15: 0
  16: 0
  17: 0
  18: 0
  19: 0
  20: 0
  21: 0
  22: 0
  23: 0
  24: 0
  25: 0
  26: 0
  27: 0
  28: 0
  29: 0
  30: 0
  31: 0
  32: 0
  33: 0
  34: 0
  35: 0
  36: 0
  37: 0
  38: 0
  39: 0
  40: 0
  41: 0
  42: 0
  43: 0
  44: 0
  45: 0
  46: 0
  47: 0
  48: 0
  49: 0
  50: 0
  51: 0
  52: 0
  53: 0
  54: 0
  55: 0
  56: 0
  57: 0
  58: 0
  59: 0
  60: 0
  61: 0
  62: 0
  63: 0
===
