# zsim stats
===
root: # Stats
 contention: # Contention simulation stats
  domain-0: # Domain stats
   time: 41449220199 # Weave simulation time
 time: # Simulator time breakdown
  init: 2871855143
  bound: 3440856856535
  weave: 53365467467
  ff: 0
 trigger: 20000 # Reason for this stats dump
 phase: 992127 # Simulated phases
 westmere: # Core stats
  westmere-0: # Core stats
   cycles: 9921271108 # Simulated unhalted cycles
   cCycles: 1268990104 # Cycles due to contention stalls
   instrs: 5000000298 # Simulated instructions
   uops: 5633906075 # Retired micro-ops
   bbls: 513864088 # Basic blocks
   approxInstrs: 24876945 # Instrs with approx uop decoding
   mispredBranches: 6152829 # Mispredicted branches
   condBranches: 430221969 # conditional branches
   fetchStalls: 18446744068741857645 # Fetch stalls
   decodeStalls: 5342406875 # Decode stalls
   issueStalls: 118832183 # Issue stalls
 l1i: # Cache stats
  l1i-0: # Filter cache stats
   fhGETS: 319627086 # Filtered GETS hits
   fhGETX: 0 # Filtered GETX hits
   hGETS: 274850695 # GETS hits
   hGETX: 0 # GETX hits
   mGETS: 98737287 # GETS misses
   mGETS_I: 98737287 # GETS Instruction misses
   mGETS_D: 0 # GETS data misses
   mGETXIM: 0 # GETX I->M misses
   mGETXIM_I: 0 # GETX I->M Instruction misses
   mGETXIM_D: 0 # GETX I->M Data misses
   mGETXSM: 0 # GETX S->M misses (upgrade misses)
   mGETXSM_I: 0 # GETX S->M Instruction misses (upgrade misses)
   mGETXSM_D: 0 # GETX S->M Data misses (upgrade misses)
   PUTS: 0 # Clean evictions (from lower level)
   PUTX: 0 # Dirty evictions (from lower level)
   INV: 8895455 # Invalidates (from upper level)
   INVX: 0 # Downgrades (from upper level)
   FWD: 0 # Forwards (from upper level)
   latGETnl: 4996720678 # GET request latency on next level
   latGETnet: 0 # GET request latency on network to next level
 l1d: # Cache stats
  l1d-0: # Filter cache stats
   fhGETS: 868880888 # Filtered GETS hits
   fhGETX: 264648370 # Filtered GETX hits
   hGETS: 22713656 # GETS hits
   hGETX: 9185294 # GETX hits
   mGETS: 60729494 # GETS misses
   mGETS_I: 0 # GETS Instruction misses
   mGETS_D: 60729494 # GETS data misses
   mGETXIM: 3098787 # GETX I->M misses
   mGETXIM_I: 0 # GETX I->M Instruction misses
   mGETXIM_D: 3098787 # GETX I->M Data misses
   mGETXSM: 0 # GETX S->M misses (upgrade misses)
   mGETXSM_I: 0 # GETX S->M Instruction misses (upgrade misses)
   mGETXSM_D: 0 # GETX S->M Data misses (upgrade misses)
   PUTS: 0 # Clean evictions (from lower level)
   PUTX: 0 # Dirty evictions (from lower level)
   INV: 63827992 # Invalidates (from upper level)
   INVX: 0 # Downgrades (from upper level)
   FWD: 0 # Forwards (from upper level)
   latGETnl: 7519161674 # GET request latency on next level
   latGETnet: 0 # GET request latency on network to next level
 l2: # Cache stats
  l2-0: # Cache stats
   hGETS: 33715700 # GETS hits
   hGETX: 0 # GETX hits
   mGETS: 125751081 # GETS misses
   mGETS_I: 65021597 # GETS Instruction misses
   mGETS_D: 60729484 # GETS data misses
   mGETXIM: 3098787 # GETX I->M misses
   mGETXIM_I: 0 # GETX I->M Instruction misses
   mGETXIM_D: 3098787 # GETX I->M Data misses
   mGETXSM: 0 # GETX S->M misses (upgrade misses)
   mGETXSM_I: 0 # GETX S->M Instruction misses (upgrade misses)
   mGETXSM_D: 0 # GETX S->M Data misses (upgrade misses)
   PUTS: 89841827 # Clean evictions (from lower level)
   PUTX: 176 # Dirty evictions (from lower level)
   INV: 110041 # Invalidates (from upper level)
   INVX: 0 # Downgrades (from upper level)
   FWD: 0 # Forwards (from upper level)
   latGETnl: 10565095536 # GET request latency on next level
   latGETnet: 0 # GET request latency on network to next level
 l3: # Cache stats
  l3-0: # Cache stats
   hGETS: 56969022 # GETS hits
   hGETX: 304182 # GETX hits
   mGETS: 68782059 # GETS misses
   mGETS_I: 0 # GETS Instruction misses
   mGETS_D: 0 # GETS data misses
   mGETXIM: 2794605 # GETX I->M misses
   mGETXIM_I: 0 # GETX I->M Instruction misses
   mGETXIM_D: 0 # GETX I->M Data misses
   mGETXSM: 0 # GETX S->M misses (upgrade misses)
   mGETXSM_I: 0 # GETX S->M Instruction misses (upgrade misses)
   mGETXSM_D: 0 # GETX S->M Data misses (upgrade misses)
   PUTS: 123681713 # Clean evictions (from lower level)
   PUTX: 5057986 # Dirty evictions (from lower level)
   INV: 0 # Invalidates (from upper level)
   INVX: 0 # Downgrades (from upper level)
   FWD: 0 # Forwards (from upper level)
   latGETnl: 6441899760 # GET request latency on next level
   latGETnet: 0 # GET request latency on network to next level
 mem: # Memory controller stats
  mem-0: # Memory controller stats
   rd: 18612988 # Read requests
   wr: 846605 # Write requests
   rdlat: 2509894531 # Total latency experienced by read requests
   wrlat: 126330370 # Total latency experienced by write requests
   rdhits: 2621 # Read row hits
   wrhits: 1258 # Write row hits
   mlh: # latency histogram for memory requests
    0: 0
    1: 0
    2: 0
    3: 0
    4: 0
    5: 0
    6: 0
    7: 0
    8: 0
    9: 1
    10: 4
    11: 118
    12: 477
    13: 17057387
    14: 1214749
    15: 60060
    16: 16750
    17: 7833
    18: 10583
    19: 8627
    20: 7278
    21: 8838
    22: 6749
    23: 7576
    24: 13295
    25: 9615
    26: 8643
    27: 9969
    28: 9658
    29: 11276
    30: 10416
    31: 10706
    32: 10678
    33: 10246
    34: 10317
    35: 10267
    36: 10254
    37: 10476
    38: 10240
    39: 9962
    40: 10076
    41: 10459
    42: 10239
    43: 4197
    44: 1429
    45: 1081
    46: 1124
    47: 306
    48: 937
    49: 39
    50: 21
    51: 8
    52: 11
    53: 2
    54: 6
    55: 2
    56: 0
    57: 2
    58: 0
    59: 0
    60: 0
    61: 0
    62: 0
    63: 0
    64: 0
    65: 0
    66: 0
    67: 1
    68: 0
    69: 0
    70: 0
    71: 0
    72: 0
    73: 0
    74: 0
    75: 0
    76: 0
    77: 0
    78: 0
    79: 0
    80: 0
    81: 0
    82: 0
    83: 0
    84: 0
    85: 0
    86: 0
    87: 0
    88: 0
    89: 0
    90: 0
    91: 0
    92: 0
    93: 0
    94: 0
    95: 0
    96: 0
    97: 0
    98: 0
    99: 0
  mem-1: # Memory controller stats
   rd: 16785607 # Read requests
   wr: 824960 # Write requests
   rdlat: 2264405712 # Total latency experienced by read requests
   wrlat: 122168152 # Total latency experienced by write requests
   rdhits: 1479 # Read row hits
   wrhits: 965 # Write row hits
   mlh: # latency histogram for memory requests
    0: 0
    1: 0
    2: 0
    3: 0
    4: 0
    5: 0
    6: 0
    7: 0
    8: 0
    9: 0
    10: 0
    11: 176
    12: 312
    13: 15286483
    14: 1212789
    15: 24502
    16: 20569
    17: 8660
    18: 11100
    19: 8952
    20: 7518
    21: 9962
    22: 7519
    23: 7483
    24: 8116
    25: 7994
    26: 7950
    27: 8718
    28: 8479
    29: 10087
    30: 9814
    31: 9858
    32: 9497
    33: 8815
    34: 9049
    35: 9171
    36: 9312
    37: 9237
    38: 9131
    39: 9084
    40: 9208
    41: 9297
    42: 9225
    43: 3692
    44: 1213
    45: 852
    46: 644
    47: 195
    48: 907
    49: 18
    50: 7
    51: 8
    52: 2
    53: 2
    54: 0
    55: 0
    56: 0
    57: 0
    58: 0
    59: 0
    60: 0
    61: 0
    62: 0
    63: 0
    64: 0
    65: 0
    66: 0
    67: 0
    68: 0
    69: 0
    70: 0
    71: 0
    72: 0
    73: 0
    74: 0
    75: 0
    76: 0
    77: 0
    78: 0
    79: 0
    80: 0
    81: 0
    82: 0
    83: 0
    84: 0
    85: 0
    86: 0
    87: 0
    88: 0
    89: 0
    90: 0
    91: 0
    92: 0
    93: 0
    94: 0
    95: 0
    96: 0
    97: 0
    98: 0
    99: 0
  mem-2: # Memory controller stats
   rd: 18864653 # Read requests
   wr: 834962 # Write requests
   rdlat: 2548155148 # Total latency experienced by read requests
   wrlat: 123208309 # Total latency experienced by write requests
   rdhits: 8977 # Read row hits
   wrhits: 1355 # Write row hits
   mlh: # latency histogram for memory requests
    0: 0
    1: 0
    2: 0
    3: 0
    4: 0
    5: 0
    6: 0
    7: 0
    8: 0
    9: 3
    10: 0
    11: 64
    12: 468
    13: 17153891
    14: 1284228
    15: 123109
    16: 18331
    17: 7965
    18: 10605
    19: 8611
    20: 7019
    21: 8873
    22: 6794
    23: 7290
    24: 31761
    25: 8702
    26: 8647
    27: 9865
    28: 9718
    29: 11268
    30: 11167
    31: 11046
    32: 10932
    33: 10481
    34: 10621
    35: 10522
    36: 10536
    37: 10577
    38: 10327
    39: 10205
    40: 10225
    41: 10438
    42: 10361
    43: 4305
    44: 1573
    45: 1180
    46: 1219
    47: 435
    48: 1018
    49: 125
    50: 33
    51: 34
    52: 25
    53: 18
    54: 24
    55: 1
    56: 1
    57: 0
    58: 0
    59: 11
    60: 0
    61: 1
    62: 0
    63: 0
    64: 0
    65: 0
    66: 0
    67: 0
    68: 0
    69: 0
    70: 0
    71: 0
    72: 0
    73: 0
    74: 0
    75: 0
    76: 0
    77: 0
    78: 0
    79: 0
    80: 0
    81: 0
    82: 0
    83: 0
    84: 0
    85: 0
    86: 0
    87: 0
    88: 0
    89: 0
    90: 0
    91: 0
    92: 0
    93: 0
    94: 0
    95: 0
    96: 0
    97: 0
    98: 0
    99: 0
  mem-3: # Memory controller stats
   rd: 17313412 # Read requests
   wr: 847755 # Write requests
   rdlat: 2338043912 # Total latency experienced by read requests
   wrlat: 126355414 # Total latency experienced by write requests
   rdhits: 4656 # Read row hits
   wrhits: 930 # Write row hits
   mlh: # latency histogram for memory requests
    0: 0
    1: 0
    2: 0
    3: 0
    4: 0
    5: 0
    6: 0
    7: 0
    8: 0
    9: 0
    10: 0
    11: 100
    12: 340
    13: 15705514
    14: 1225755
    15: 89369
    16: 38021
    17: 12882
    18: 12244
    19: 9624
    20: 7552
    21: 10001
    22: 7523
    23: 7767
    24: 8064
    25: 8386
    26: 8314
    27: 8898
    28: 8853
    29: 10668
    30: 10504
    31: 9799
    32: 9860
    33: 9347
    34: 9640
    35: 9530
    36: 9629
    37: 9572
    38: 9504
    39: 9299
    40: 9350
    41: 9713
    42: 9588
    43: 3897
    44: 1261
    45: 955
    46: 672
    47: 294
    48: 988
    49: 95
    50: 24
    51: 12
    52: 1
    53: 2
    54: 1
    55: 0
    56: 0
    57: 0
    58: 0
    59: 0
    60: 0
    61: 0
    62: 0
    63: 0
    64: 0
    65: 0
    66: 0
    67: 0
    68: 0
    69: 0
    70: 0
    71: 0
    72: 0
    73: 0
    74: 0
    75: 0
    76: 0
    77: 0
    78: 0
    79: 0
    80: 0
    81: 0
    82: 0
    83: 0
    84: 0
    85: 0
    86: 0
    87: 0
    88: 0
    89: 0
    90: 0
    91: 0
    92: 0
    93: 0
    94: 0
    95: 0
    96: 0
    97: 0
    98: 0
    99: 0
 sched: # Scheduler stats
  thCr: 9 # Threads created
  thFn: 0 # Threads finished
  schedEvs: 904 # Schedule events
  waitEvs: 903 # Wait events
  handoffEvs: 99 # Handoff events
  sleepEvs: 0 # Sleep events
  idlePhases: 0 # Phases with no thread active
  idlePeriods: 0 # Periods with no thread active
  occHist: # Occupancy histogram
   0: 0
   1: 992127
  rqSzHist: # Run queue size histogram
   0: 620
   1: 539
   2: 400
   3: 626
   4: 702
   5: 654
   6: 467
   7: 927144
   8: 60975
   9: 0
   10: 0
   11: 0
   12: 0
   13: 0
   14: 0
   15: 0
   16: 0
 procCycles: # Per-process unhalted core cycles
  0: 9921271108
  1: 0
  2: 0
  3: 0
  4: 0
  5: 0
  6: 0
  7: 0
  8: 0
  9: 0
  10: 0
  11: 0
  12: 0
  13: 0
  14: 0
  15: 0
  16: 0
  17: 0
  18: 0
  19: 0
  20: 0
  21: 0
  22: 0
  23: 0
  24: 0
  25: 0
  26: 0
  27: 0
  28: 0
  29: 0
  30: 0
  31: 0
  32: 0
  33: 0
  34: 0
  35: 0
  36: 0
  37: 0
  38: 0
  39: 0
  40: 0
  41: 0
  42: 0
  43: 0
  44: 0
  45: 0
  46: 0
  47: 0
  48: 0
  49: 0
  50: 0
  51: 0
  52: 0
  53: 0
  54: 0
  55: 0
  56: 0
  57: 0
  58: 0
  59: 0
  60: 0
  61: 0
  62: 0
  63: 0
 procInstrs: # Per-process instructions
  0: 5000000298
  1: 0
  2: 0
  3: 0
  4: 0
  5: 0
  6: 0
  7: 0
  8: 0
  9: 0
  10: 0
  11: 0
  12: 0
  13: 0
  14: 0
  15: 0
  16: 0
  17: 0
  18: 0
  19: 0
  20: 0
  21: 0
  22: 0
  23: 0
  24: 0
  25: 0
  26: 0
  27: 0
  28: 0
  29: 0
  30: 0
  31: 0
  32: 0
  33: 0
  34: 0
  35: 0
  36: 0
  37: 0
  38: 0
  39: 0
  40: 0
  41: 0
  42: 0
  43: 0
  44: 0
  45: 0
  46: 0
  47: 0
  48: 0
  49: 0
  50: 0
  51: 0
  52: 0
  53: 0
  54: 0
  55: 0
  56: 0
  57: 0
  58: 0
  59: 0
  60: 0
  61: 0
  62: 0
  63: 0
 heartbeats: # Per-process heartbeats
  0: 0
  1: 0
  2: 0
  3: 0
  4: 0
  5: 0
  6: 0
  7: 0
  8: 0
  9: 0
  10: 0
  11: 0
  12: 0
  13: 0
  14: 0
  15: 0
  16: 0
  17: 0
  18: 0
  19: 0
  20: 0
  21: 0
  22: 0
  23: 0
  24: 0
  25: 0
  26: 0
  27: 0
  28: 0
  29: 0
  30: 0
  31: 0
  32: 0
  33: 0
  34: 0
  35: 0
  36: 0
  37: 0
  38: 0
  39: 0
  40: 0
  41: 0
  42: 0
  43: 0
  44: 0
  45: 0
  46: 0
  47: 0
  48: 0
  49: 0
  50: 0
  51: 0
  52: 0
  53: 0
  54: 0
  55: 0
  56: 0
  57: 0
  58: 0
  59: 0
  60: 0
  61: 0
  62: 0
  63: 0
===
